# lattice-best-path --lm-scale=10 --word-symbol-table=exp/tri1/graph/words.txt "ark:gunzip -c exp/tri1/decode/lat.*.gz|" ark,t:exp/tri1/decode/scoring/10.tra 
# Started at Mon Apr 25 20:44:30 CDT 2022
#
lattice-best-path --lm-scale=10 --word-symbol-table=exp/tri1/graph/words.txt 'ark:gunzip -c exp/tri1/decode/lat.*.gz|' ark,t:exp/tri1/decode/scoring/10.tra 
LOG (lattice-best-path[5.5.1017~3-12a20]:main():lattice-best-path.cc:99) For utterance sess15_down_0, best cost 91.1552 + 9580.25 = 9671.41 over 59 frames.
sess15_down_0 down 
LOG (lattice-best-path[5.5.1017~3-12a20]:main():lattice-best-path.cc:99) For utterance sess15_down_1, best cost 92.5073 + 10194.3 = 10286.8 over 63 frames.
sess15_down_1 down 
LOG (lattice-best-path[5.5.1017~3-12a20]:main():lattice-best-path.cc:99) For utterance sess15_down_2, best cost 90.0263 + 9761.79 = 9851.82 over 60 frames.
sess15_down_2 down 
LOG (lattice-best-path[5.5.1017~3-12a20]:main():lattice-best-path.cc:99) For utterance sess15_down_3, best cost 93.8328 + 10259.9 = 10353.8 over 63 frames.
sess15_down_3 down 
LOG (lattice-best-path[5.5.1017~3-12a20]:main():lattice-best-path.cc:99) For utterance sess15_down_4, best cost 88.5082 + 8589.66 = 8678.17 over 54 frames.
sess15_down_4 down 
LOG (lattice-best-path[5.5.1017~3-12a20]:main():lattice-best-path.cc:99) For utterance sess15_eight_0, best cost 88.9741 + 7683.14 = 7772.11 over 50 frames.
sess15_eight_0 nine 
LOG (lattice-best-path[5.5.1017~3-12a20]:main():lattice-best-path.cc:99) For utterance sess15_eight_1, best cost 90.3566 + 8887.49 = 8977.84 over 56 frames.
sess15_eight_1 nine 
LOG (lattice-best-path[5.5.1017~3-12a20]:main():lattice-best-path.cc:99) For utterance sess15_eight_2, best cost 83.0423 + 7792.97 = 7876.01 over 50 frames.
sess15_eight_2 eight 
LOG (lattice-best-path[5.5.1017~3-12a20]:main():lattice-best-path.cc:99) For utterance sess15_eight_3, best cost 83.1167 + 8731.84 = 8814.96 over 56 frames.
sess15_eight_3 eight 
LOG (lattice-best-path[5.5.1017~3-12a20]:main():lattice-best-path.cc:99) For utterance sess15_eight_4, best cost 91.1901 + 8734.24 = 8825.43 over 55 frames.
sess15_eight_4 right 
LOG (lattice-best-path[5.5.1017~3-12a20]:main():lattice-best-path.cc:99) For utterance sess15_five_0, best cost 82.9408 + 8440.99 = 8523.93 over 53 frames.
sess15_five_0 five 
LOG (lattice-best-path[5.5.1017~3-12a20]:main():lattice-best-path.cc:99) For utterance sess15_five_1, best cost 88.9358 + 10877.4 = 10966.4 over 66 frames.
sess15_five_1 five 
LOG (lattice-best-path[5.5.1017~3-12a20]:main():lattice-best-path.cc:99) For utterance sess15_five_2, best cost 86.2409 + 8376.66 = 8462.9 over 53 frames.
sess15_five_2 five 
LOG (lattice-best-path[5.5.1017~3-12a20]:main():lattice-best-path.cc:99) For utterance sess15_five_3, best cost 87.628 + 8857.95 = 8945.58 over 57 frames.
sess15_five_3 five 
LOG (lattice-best-path[5.5.1017~3-12a20]:main():lattice-best-path.cc:99) For utterance sess15_five_4, best cost 78.9909 + 9377.43 = 9456.42 over 54 frames.
sess15_five_4 five 
LOG (lattice-best-path[5.5.1017~3-12a20]:main():lattice-best-path.cc:99) For utterance sess15_four_0, best cost 89.3851 + 9134.54 = 9223.92 over 57 frames.
sess15_four_0 four 
LOG (lattice-best-path[5.5.1017~3-12a20]:main():lattice-best-path.cc:99) For utterance sess15_four_1, best cost 86.9202 + 9330.18 = 9417.1 over 56 frames.
sess15_four_1 three 
LOG (lattice-best-path[5.5.1017~3-12a20]:main():lattice-best-path.cc:99) For utterance sess15_four_2, best cost 82.907 + 8454.57 = 8537.47 over 52 frames.
sess15_four_2 four 
LOG (lattice-best-path[5.5.1017~3-12a20]:main():lattice-best-path.cc:99) For utterance sess15_four_3, best cost 89.176 + 9090.96 = 9180.14 over 57 frames.
sess15_four_3 four 
LOG (lattice-best-path[5.5.1017~3-12a20]:main():lattice-best-path.cc:99) For utterance sess15_four_4, best cost 86.8974 + 9973.56 = 10060.5 over 64 frames.
sess15_four_4 four 
LOG (lattice-best-path[5.5.1017~3-12a20]:main():lattice-best-path.cc:99) For utterance sess15_left_0, best cost 79.0834 + 7852.4 = 7931.48 over 49 frames.
sess15_left_0 left 
LOG (lattice-best-path[5.5.1017~3-12a20]:main():lattice-best-path.cc:99) For utterance sess15_left_1, best cost 88.9963 + 9155.75 = 9244.74 over 59 frames.
sess15_left_1 left 
LOG (lattice-best-path[5.5.1017~3-12a20]:main():lattice-best-path.cc:99) For utterance sess15_left_2, best cost 85.6979 + 8924.62 = 9010.31 over 55 frames.
sess15_left_2 left 
LOG (lattice-best-path[5.5.1017~3-12a20]:main():lattice-best-path.cc:99) For utterance sess15_left_3, best cost 84.8859 + 7499.61 = 7584.49 over 48 frames.
sess15_left_3 left 
LOG (lattice-best-path[5.5.1017~3-12a20]:main():lattice-best-path.cc:99) For utterance sess15_left_4, best cost 88.072 + 9001.99 = 9090.06 over 57 frames.
sess15_left_4 left 
LOG (lattice-best-path[5.5.1017~3-12a20]:main():lattice-best-path.cc:99) For utterance sess15_nine_0, best cost 91.9183 + 8403.42 = 8495.34 over 57 frames.
sess15_nine_0 nine 
LOG (lattice-best-path[5.5.1017~3-12a20]:main():lattice-best-path.cc:99) For utterance sess15_nine_1, best cost 88.1808 + 7832.61 = 7920.79 over 51 frames.
sess15_nine_1 nine 
LOG (lattice-best-path[5.5.1017~3-12a20]:main():lattice-best-path.cc:99) For utterance sess15_nine_2, best cost 91.2426 + 8711.6 = 8802.84 over 55 frames.
sess15_nine_2 nine 
LOG (lattice-best-path[5.5.1017~3-12a20]:main():lattice-best-path.cc:99) For utterance sess15_nine_3, best cost 84.5303 + 8385.59 = 8470.12 over 53 frames.
sess15_nine_3 eight 
LOG (lattice-best-path[5.5.1017~3-12a20]:main():lattice-best-path.cc:99) For utterance sess15_nine_4, best cost 86.8249 + 8303.78 = 8390.6 over 56 frames.
sess15_nine_4 nine 
LOG (lattice-best-path[5.5.1017~3-12a20]:main():lattice-best-path.cc:99) For utterance sess15_one_0, best cost 81.1687 + 9289.77 = 9370.94 over 57 frames.
sess15_one_0 one 
LOG (lattice-best-path[5.5.1017~3-12a20]:main():lattice-best-path.cc:99) For utterance sess15_one_1, best cost 86.3433 + 8813.29 = 8899.63 over 55 frames.
sess15_one_1 one 
LOG (lattice-best-path[5.5.1017~3-12a20]:main():lattice-best-path.cc:99) For utterance sess15_one_2, best cost 89.6518 + 10746.4 = 10836.1 over 68 frames.
sess15_one_2 one 
LOG (lattice-best-path[5.5.1017~3-12a20]:main():lattice-best-path.cc:99) For utterance sess15_one_3, best cost 79.6496 + 8779.51 = 8859.16 over 53 frames.
sess15_one_3 one 
LOG (lattice-best-path[5.5.1017~3-12a20]:main():lattice-best-path.cc:99) For utterance sess15_one_4, best cost 84.1801 + 9407.25 = 9491.42 over 60 frames.
sess15_one_4 one 
LOG (lattice-best-path[5.5.1017~3-12a20]:main():lattice-best-path.cc:99) For utterance sess15_right_0, best cost 77.3249 + 9237.74 = 9315.07 over 55 frames.
sess15_right_0 right 
LOG (lattice-best-path[5.5.1017~3-12a20]:main():lattice-best-path.cc:99) For utterance sess15_right_1, best cost 88.1017 + 9662.8 = 9750.91 over 59 frames.
sess15_right_1 three 
LOG (lattice-best-path[5.5.1017~3-12a20]:main():lattice-best-path.cc:99) For utterance sess15_right_2, best cost 82.9701 + 9153.38 = 9236.35 over 57 frames.
sess15_right_2 right 
LOG (lattice-best-path[5.5.1017~3-12a20]:main():lattice-best-path.cc:99) For utterance sess15_right_3, best cost 87.4202 + 10209.3 = 10296.7 over 63 frames.
sess15_right_3 right 
LOG (lattice-best-path[5.5.1017~3-12a20]:main():lattice-best-path.cc:99) For utterance sess15_right_4, best cost 88.6457 + 10206.9 = 10295.5 over 61 frames.
sess15_right_4 right 
LOG (lattice-best-path[5.5.1017~3-12a20]:main():lattice-best-path.cc:99) For utterance sess15_seven_0, best cost 100.102 + 9378.41 = 9478.51 over 58 frames.
sess15_seven_0 seven 
LOG (lattice-best-path[5.5.1017~3-12a20]:main():lattice-best-path.cc:99) For utterance sess15_seven_1, best cost 96.6643 + 8380.79 = 8477.45 over 53 frames.
sess15_seven_1 seven 
LOG (lattice-best-path[5.5.1017~3-12a20]:main():lattice-best-path.cc:99) For utterance sess15_seven_2, best cost 87.2946 + 7866.78 = 7954.07 over 51 frames.
sess15_seven_2 seven 
LOG (lattice-best-path[5.5.1017~3-12a20]:main():lattice-best-path.cc:99) For utterance sess15_seven_3, best cost 90.8402 + 8897.29 = 8988.13 over 55 frames.
sess15_seven_3 seven 
LOG (lattice-best-path[5.5.1017~3-12a20]:main():lattice-best-path.cc:99) For utterance sess15_seven_4, best cost 87.4065 + 9540.37 = 9627.78 over 59 frames.
sess15_seven_4 seven 
LOG (lattice-best-path[5.5.1017~3-12a20]:main():lattice-best-path.cc:99) For utterance sess15_six_0, best cost 86.3299 + 8557.58 = 8643.91 over 52 frames.
sess15_six_0 six 
LOG (lattice-best-path[5.5.1017~3-12a20]:main():lattice-best-path.cc:99) For utterance sess15_six_1, best cost 84.5663 + 8786.64 = 8871.21 over 53 frames.
sess15_six_1 six 
LOG (lattice-best-path[5.5.1017~3-12a20]:main():lattice-best-path.cc:99) For utterance sess15_six_2, best cost 83.8496 + 9266.9 = 9350.75 over 57 frames.
sess15_six_2 six 
LOG (lattice-best-path[5.5.1017~3-12a20]:main():lattice-best-path.cc:99) For utterance sess15_six_3, best cost 87.0784 + 8475.72 = 8562.8 over 53 frames.
sess15_six_3 six 
LOG (lattice-best-path[5.5.1017~3-12a20]:main():lattice-best-path.cc:99) For utterance sess15_six_4, best cost 91.6168 + 10465.5 = 10557.1 over 62 frames.
sess15_six_4 zero 
LOG (lattice-best-path[5.5.1017~3-12a20]:main():lattice-best-path.cc:99) For utterance sess15_three_0, best cost 87.9028 + 8897.44 = 8985.34 over 53 frames.
sess15_three_0 three 
LOG (lattice-best-path[5.5.1017~3-12a20]:main():lattice-best-path.cc:99) For utterance sess15_three_1, best cost 87.7533 + 9044.81 = 9132.56 over 55 frames.
sess15_three_1 three 
LOG (lattice-best-path[5.5.1017~3-12a20]:main():lattice-best-path.cc:99) For utterance sess15_three_2, best cost 87.6284 + 9769.56 = 9857.19 over 59 frames.
sess15_three_2 three 
LOG (lattice-best-path[5.5.1017~3-12a20]:main():lattice-best-path.cc:99) For utterance sess15_three_3, best cost 89.1732 + 9668.96 = 9758.14 over 60 frames.
sess15_three_3 three 
LOG (lattice-best-path[5.5.1017~3-12a20]:main():lattice-best-path.cc:99) For utterance sess15_three_4, best cost 86.6117 + 8884.24 = 8970.85 over 56 frames.
sess15_three_4 three 
LOG (lattice-best-path[5.5.1017~3-12a20]:main():lattice-best-path.cc:99) For utterance sess15_two_0, best cost 123.647 + 9779.02 = 9902.67 over 57 frames.
sess15_two_0 two eight 
LOG (lattice-best-path[5.5.1017~3-12a20]:main():lattice-best-path.cc:99) For utterance sess15_two_1, best cost 81.767 + 9206.49 = 9288.26 over 57 frames.
sess15_two_1 two 
LOG (lattice-best-path[5.5.1017~3-12a20]:main():lattice-best-path.cc:99) For utterance sess15_two_2, best cost 75.67 + 9737.43 = 9813.1 over 59 frames.
sess15_two_2 two 
LOG (lattice-best-path[5.5.1017~3-12a20]:main():lattice-best-path.cc:99) For utterance sess15_two_3, best cost 82.1651 + 8622.84 = 8705 over 53 frames.
sess15_two_3 two 
LOG (lattice-best-path[5.5.1017~3-12a20]:main():lattice-best-path.cc:99) For utterance sess15_two_4, best cost 85.0103 + 8667 = 8752.01 over 55 frames.
sess15_two_4 two 
LOG (lattice-best-path[5.5.1017~3-12a20]:main():lattice-best-path.cc:99) For utterance sess15_up_0, best cost 79.8088 + 7598.29 = 7678.1 over 46 frames.
sess15_up_0 up 
LOG (lattice-best-path[5.5.1017~3-12a20]:main():lattice-best-path.cc:99) For utterance sess15_up_1, best cost 79.8433 + 8015.08 = 8094.93 over 47 frames.
sess15_up_1 up 
LOG (lattice-best-path[5.5.1017~3-12a20]:main():lattice-best-path.cc:99) For utterance sess15_up_2, best cost 81.8568 + 8460.04 = 8541.89 over 51 frames.
sess15_up_2 up 
LOG (lattice-best-path[5.5.1017~3-12a20]:main():lattice-best-path.cc:99) For utterance sess15_up_3, best cost 80.5765 + 8214.72 = 8295.3 over 50 frames.
sess15_up_3 up 
LOG (lattice-best-path[5.5.1017~3-12a20]:main():lattice-best-path.cc:99) For utterance sess15_up_4, best cost 82.752 + 8989.47 = 9072.22 over 56 frames.
sess15_up_4 up 
LOG (lattice-best-path[5.5.1017~3-12a20]:main():lattice-best-path.cc:99) For utterance sess15_zero_0, best cost 91.8206 + 9939.14 = 10031 over 61 frames.
sess15_zero_0 zero 
LOG (lattice-best-path[5.5.1017~3-12a20]:main():lattice-best-path.cc:99) For utterance sess15_zero_1, best cost 90.9094 + 10476.7 = 10567.6 over 64 frames.
sess15_zero_1 zero 
LOG (lattice-best-path[5.5.1017~3-12a20]:main():lattice-best-path.cc:99) For utterance sess15_zero_2, best cost 95.4657 + 10989.7 = 11085.2 over 66 frames.
sess15_zero_2 zero 
LOG (lattice-best-path[5.5.1017~3-12a20]:main():lattice-best-path.cc:99) For utterance sess15_zero_3, best cost 91.6987 + 8936.41 = 9028.11 over 56 frames.
sess15_zero_3 zero 
LOG (lattice-best-path[5.5.1017~3-12a20]:main():lattice-best-path.cc:99) For utterance sess15_zero_4, best cost 95.8921 + 9631.49 = 9727.39 over 59 frames.
sess15_zero_4 zero 
LOG (lattice-best-path[5.5.1017~3-12a20]:main():lattice-best-path.cc:124) Overall cost per frame is 162.849 = 1.55521 [graph] + 161.294 [acoustic] over 3936 frames.
LOG (lattice-best-path[5.5.1017~3-12a20]:main():lattice-best-path.cc:128) Done 70 lattices, failed for 0
# Accounting: time=0 threads=1
# Ended (code 0) at Mon Apr 25 20:44:30 CDT 2022, elapsed time 0 seconds
