# lattice-best-path --lm-scale=4 --word-symbol-table=exp/tri1/graph/words.txt "ark:gunzip -c exp/tri1/decode/lat.*.gz|" ark,t:exp/tri1/decode/scoring/4.tra 
# Started at Fri Apr 22 16:26:25 CDT 2022
#
lattice-best-path --lm-scale=4 --word-symbol-table=exp/tri1/graph/words.txt 'ark:gunzip -c exp/tri1/decode/lat.*.gz|' ark,t:exp/tri1/decode/scoring/4.tra 
LOG (lattice-best-path[5.5.1013~6-d787]:main():lattice-best-path.cc:99) For utterance sess5_down_0, best cost 33.2332 + 8024.85 = 8058.08 over 49 frames.
sess5_down_0 down 
LOG (lattice-best-path[5.5.1013~6-d787]:main():lattice-best-path.cc:99) For utterance sess5_down_1, best cost 38.29 + 10469.5 = 10507.8 over 64 frames.
sess5_down_1 down 
LOG (lattice-best-path[5.5.1013~6-d787]:main():lattice-best-path.cc:99) For utterance sess5_down_2, best cost 36.2714 + 8432.78 = 8469.05 over 52 frames.
sess5_down_2 down 
LOG (lattice-best-path[5.5.1013~6-d787]:main():lattice-best-path.cc:99) For utterance sess5_down_3, best cost 34.6429 + 8826.37 = 8861.01 over 54 frames.
sess5_down_3 down 
LOG (lattice-best-path[5.5.1013~6-d787]:main():lattice-best-path.cc:99) For utterance sess5_down_4, best cost 33.8555 + 8456.2 = 8490.05 over 51 frames.
sess5_down_4 down 
LOG (lattice-best-path[5.5.1013~6-d787]:main():lattice-best-path.cc:99) For utterance sess5_eight_0, best cost 34.817 + 8713.53 = 8748.35 over 52 frames.
sess5_eight_0 eight 
LOG (lattice-best-path[5.5.1013~6-d787]:main():lattice-best-path.cc:99) For utterance sess5_eight_1, best cost 34.4069 + 8689.06 = 8723.47 over 54 frames.
sess5_eight_1 eight 
LOG (lattice-best-path[5.5.1013~6-d787]:main():lattice-best-path.cc:99) For utterance sess5_eight_2, best cost 32.7352 + 7702.89 = 7735.62 over 47 frames.
sess5_eight_2 eight 
LOG (lattice-best-path[5.5.1013~6-d787]:main():lattice-best-path.cc:99) For utterance sess5_eight_3, best cost 31.202 + 7750.58 = 7781.78 over 47 frames.
sess5_eight_3 eight 
LOG (lattice-best-path[5.5.1013~6-d787]:main():lattice-best-path.cc:99) For utterance sess5_eight_4, best cost 35.5121 + 9174.71 = 9210.23 over 59 frames.
sess5_eight_4 eight 
LOG (lattice-best-path[5.5.1013~6-d787]:main():lattice-best-path.cc:99) For utterance sess5_five_0, best cost 33.7827 + 8826.37 = 8860.15 over 53 frames.
sess5_five_0 five 
LOG (lattice-best-path[5.5.1013~6-d787]:main():lattice-best-path.cc:99) For utterance sess5_five_1, best cost 34.1124 + 9876.03 = 9910.14 over 60 frames.
sess5_five_1 five 
LOG (lattice-best-path[5.5.1013~6-d787]:main():lattice-best-path.cc:99) For utterance sess5_five_2, best cost 53.3959 + 9331.39 = 9384.79 over 55 frames.
sess5_five_2 five eight 
LOG (lattice-best-path[5.5.1013~6-d787]:main():lattice-best-path.cc:99) For utterance sess5_five_3, best cost 33.1781 + 8230.99 = 8264.16 over 51 frames.
sess5_five_3 five 
LOG (lattice-best-path[5.5.1013~6-d787]:main():lattice-best-path.cc:99) For utterance sess5_five_4, best cost 34.6725 + 9723.54 = 9758.21 over 60 frames.
sess5_five_4 five 
LOG (lattice-best-path[5.5.1013~6-d787]:main():lattice-best-path.cc:99) For utterance sess5_four_0, best cost 35.0191 + 8715.75 = 8750.77 over 54 frames.
sess5_four_0 four 
LOG (lattice-best-path[5.5.1013~6-d787]:main():lattice-best-path.cc:99) For utterance sess5_four_1, best cost 34.753 + 11933.9 = 11968.7 over 74 frames.
sess5_four_1 four 
LOG (lattice-best-path[5.5.1013~6-d787]:main():lattice-best-path.cc:99) For utterance sess5_four_2, best cost 34.8062 + 9776.08 = 9810.89 over 60 frames.
sess5_four_2 four 
LOG (lattice-best-path[5.5.1013~6-d787]:main():lattice-best-path.cc:99) For utterance sess5_four_3, best cost 36.6842 + 10425.5 = 10462.1 over 64 frames.
sess5_four_3 four 
LOG (lattice-best-path[5.5.1013~6-d787]:main():lattice-best-path.cc:99) For utterance sess5_four_4, best cost 34.5272 + 10044.5 = 10079 over 61 frames.
sess5_four_4 four 
LOG (lattice-best-path[5.5.1013~6-d787]:main():lattice-best-path.cc:99) For utterance sess5_left_0, best cost 34.8318 + 8587.67 = 8622.51 over 52 frames.
sess5_left_0 left 
LOG (lattice-best-path[5.5.1013~6-d787]:main():lattice-best-path.cc:99) For utterance sess5_left_1, best cost 35.9898 + 8734.69 = 8770.68 over 55 frames.
sess5_left_1 left 
LOG (lattice-best-path[5.5.1013~6-d787]:main():lattice-best-path.cc:99) For utterance sess5_left_2, best cost 34.2293 + 9443.03 = 9477.26 over 57 frames.
sess5_left_2 left 
LOG (lattice-best-path[5.5.1013~6-d787]:main():lattice-best-path.cc:99) For utterance sess5_left_3, best cost 34.1276 + 7995.62 = 8029.75 over 52 frames.
sess5_left_3 left 
LOG (lattice-best-path[5.5.1013~6-d787]:main():lattice-best-path.cc:99) For utterance sess5_left_4, best cost 36.1617 + 8962.97 = 8999.13 over 57 frames.
sess5_left_4 left 
LOG (lattice-best-path[5.5.1013~6-d787]:main():lattice-best-path.cc:99) For utterance sess5_nine_0, best cost 34.7524 + 8849.14 = 8883.89 over 54 frames.
sess5_nine_0 nine 
LOG (lattice-best-path[5.5.1013~6-d787]:main():lattice-best-path.cc:99) For utterance sess5_nine_1, best cost 33.8806 + 8403.3 = 8437.18 over 53 frames.
sess5_nine_1 nine 
LOG (lattice-best-path[5.5.1013~6-d787]:main():lattice-best-path.cc:99) For utterance sess5_nine_2, best cost 32.6638 + 8078.33 = 8110.99 over 51 frames.
sess5_nine_2 eight 
LOG (lattice-best-path[5.5.1013~6-d787]:main():lattice-best-path.cc:99) For utterance sess5_nine_3, best cost 35.5642 + 9734.23 = 9769.8 over 59 frames.
sess5_nine_3 nine 
LOG (lattice-best-path[5.5.1013~6-d787]:main():lattice-best-path.cc:99) For utterance sess5_nine_4, best cost 32.9536 + 9173.44 = 9206.39 over 56 frames.
sess5_nine_4 nine 
LOG (lattice-best-path[5.5.1013~6-d787]:main():lattice-best-path.cc:99) For utterance sess5_one_0, best cost 35.7789 + 8409.86 = 8445.64 over 54 frames.
sess5_one_0 one 
LOG (lattice-best-path[5.5.1013~6-d787]:main():lattice-best-path.cc:99) For utterance sess5_one_1, best cost 33.3481 + 8914.44 = 8947.79 over 53 frames.
sess5_one_1 one 
LOG (lattice-best-path[5.5.1013~6-d787]:main():lattice-best-path.cc:99) For utterance sess5_one_2, best cost 34.1227 + 8896.77 = 8930.89 over 55 frames.
sess5_one_2 right 
LOG (lattice-best-path[5.5.1013~6-d787]:main():lattice-best-path.cc:99) For utterance sess5_one_3, best cost 32.6172 + 8777.98 = 8810.59 over 52 frames.
sess5_one_3 one 
LOG (lattice-best-path[5.5.1013~6-d787]:main():lattice-best-path.cc:99) For utterance sess5_one_4, best cost 33.1536 + 8953.56 = 8986.71 over 54 frames.
sess5_one_4 one 
LOG (lattice-best-path[5.5.1013~6-d787]:main():lattice-best-path.cc:99) For utterance sess5_right_0, best cost 35.811 + 9918.87 = 9954.68 over 63 frames.
sess5_right_0 one 
LOG (lattice-best-path[5.5.1013~6-d787]:main():lattice-best-path.cc:99) For utterance sess5_right_1, best cost 34.4955 + 8870.19 = 8904.69 over 55 frames.
sess5_right_1 right 
LOG (lattice-best-path[5.5.1013~6-d787]:main():lattice-best-path.cc:99) For utterance sess5_right_2, best cost 34.5666 + 8573.23 = 8607.79 over 51 frames.
sess5_right_2 right 
LOG (lattice-best-path[5.5.1013~6-d787]:main():lattice-best-path.cc:99) For utterance sess5_right_3, best cost 35.471 + 9885.36 = 9920.83 over 62 frames.
sess5_right_3 right 
LOG (lattice-best-path[5.5.1013~6-d787]:main():lattice-best-path.cc:99) For utterance sess5_right_4, best cost 35.3834 + 9671.58 = 9706.97 over 61 frames.
sess5_right_4 right 
LOG (lattice-best-path[5.5.1013~6-d787]:main():lattice-best-path.cc:99) For utterance sess5_seven_0, best cost 35.0431 + 8605.57 = 8640.61 over 53 frames.
sess5_seven_0 seven 
LOG (lattice-best-path[5.5.1013~6-d787]:main():lattice-best-path.cc:99) For utterance sess5_seven_1, best cost 37.3469 + 9384.11 = 9421.46 over 60 frames.
sess5_seven_1 seven 
LOG (lattice-best-path[5.5.1013~6-d787]:main():lattice-best-path.cc:99) For utterance sess5_seven_2, best cost 35.2223 + 8650.83 = 8686.06 over 57 frames.
sess5_seven_2 seven 
LOG (lattice-best-path[5.5.1013~6-d787]:main():lattice-best-path.cc:99) For utterance sess5_seven_3, best cost 13.1731 + 4867.26 = 4880.44 over 26 frames.
sess5_seven_3 
LOG (lattice-best-path[5.5.1013~6-d787]:main():lattice-best-path.cc:99) For utterance sess5_seven_4, best cost 37.5197 + 8813.81 = 8851.33 over 55 frames.
sess5_seven_4 seven 
LOG (lattice-best-path[5.5.1013~6-d787]:main():lattice-best-path.cc:99) For utterance sess5_six_0, best cost 34.4168 + 8315.16 = 8349.58 over 50 frames.
sess5_six_0 six 
LOG (lattice-best-path[5.5.1013~6-d787]:main():lattice-best-path.cc:99) For utterance sess5_six_1, best cost 35.6829 + 8874.41 = 8910.09 over 55 frames.
sess5_six_1 six 
LOG (lattice-best-path[5.5.1013~6-d787]:main():lattice-best-path.cc:99) For utterance sess5_six_2, best cost 33.4054 + 7646.93 = 7680.34 over 45 frames.
sess5_six_2 six 
LOG (lattice-best-path[5.5.1013~6-d787]:main():lattice-best-path.cc:99) For utterance sess5_six_3, best cost 34.3662 + 8567.21 = 8601.57 over 51 frames.
sess5_six_3 six 
LOG (lattice-best-path[5.5.1013~6-d787]:main():lattice-best-path.cc:99) For utterance sess5_six_4, best cost 35.2918 + 10032.7 = 10068 over 60 frames.
sess5_six_4 six 
LOG (lattice-best-path[5.5.1013~6-d787]:main():lattice-best-path.cc:99) For utterance sess5_three_0, best cost 36.1493 + 9419.44 = 9455.59 over 58 frames.
sess5_three_0 three 
LOG (lattice-best-path[5.5.1013~6-d787]:main():lattice-best-path.cc:99) For utterance sess5_three_1, best cost 33.9772 + 8211.91 = 8245.89 over 50 frames.
sess5_three_1 three 
LOG (lattice-best-path[5.5.1013~6-d787]:main():lattice-best-path.cc:99) For utterance sess5_three_2, best cost 34.0858 + 10460.5 = 10494.6 over 61 frames.
sess5_three_2 three 
LOG (lattice-best-path[5.5.1013~6-d787]:main():lattice-best-path.cc:99) For utterance sess5_three_3, best cost 35.9856 + 10028.9 = 10064.9 over 61 frames.
sess5_three_3 three 
LOG (lattice-best-path[5.5.1013~6-d787]:main():lattice-best-path.cc:99) For utterance sess5_three_4, best cost 36.8055 + 10626.2 = 10663 over 65 frames.
sess5_three_4 three 
LOG (lattice-best-path[5.5.1013~6-d787]:main():lattice-best-path.cc:99) For utterance sess5_two_0, best cost 29.9109 + 8867.56 = 8897.47 over 54 frames.
sess5_two_0 two 
LOG (lattice-best-path[5.5.1013~6-d787]:main():lattice-best-path.cc:99) For utterance sess5_two_1, best cost 39.231 + 10259.1 = 10298.3 over 63 frames.
sess5_two_1 zero 
LOG (lattice-best-path[5.5.1013~6-d787]:main():lattice-best-path.cc:99) For utterance sess5_two_2, best cost 29.492 + 9538.96 = 9568.45 over 59 frames.
sess5_two_2 two 
LOG (lattice-best-path[5.5.1013~6-d787]:main():lattice-best-path.cc:99) For utterance sess5_two_3, best cost 29.1542 + 7270.13 = 7299.28 over 45 frames.
sess5_two_3 two 
LOG (lattice-best-path[5.5.1013~6-d787]:main():lattice-best-path.cc:99) For utterance sess5_two_4, best cost 30.5983 + 9389.36 = 9419.96 over 57 frames.
sess5_two_4 two 
LOG (lattice-best-path[5.5.1013~6-d787]:main():lattice-best-path.cc:99) For utterance sess5_up_0, best cost 33.2983 + 8191.51 = 8224.81 over 49 frames.
sess5_up_0 up 
LOG (lattice-best-path[5.5.1013~6-d787]:main():lattice-best-path.cc:99) For utterance sess5_up_1, best cost 50.6961 + 8195.5 = 8246.19 over 50 frames.
sess5_up_1 up eight 
LOG (lattice-best-path[5.5.1013~6-d787]:main():lattice-best-path.cc:99) For utterance sess5_up_2, best cost 30.8399 + 8549.07 = 8579.91 over 52 frames.
sess5_up_2 up 
LOG (lattice-best-path[5.5.1013~6-d787]:main():lattice-best-path.cc:99) For utterance sess5_up_3, best cost 30.4292 + 8667.51 = 8697.94 over 51 frames.
sess5_up_3 up 
LOG (lattice-best-path[5.5.1013~6-d787]:main():lattice-best-path.cc:99) For utterance sess5_up_4, best cost 31.1309 + 7695.62 = 7726.75 over 47 frames.
sess5_up_4 up 
LOG (lattice-best-path[5.5.1013~6-d787]:main():lattice-best-path.cc:99) For utterance sess5_zero_0, best cost 33.6284 + 8007.07 = 8040.7 over 47 frames.
sess5_zero_0 zero 
LOG (lattice-best-path[5.5.1013~6-d787]:main():lattice-best-path.cc:99) For utterance sess5_zero_1, best cost 37.5974 + 10717.4 = 10755 over 63 frames.
sess5_zero_1 zero 
LOG (lattice-best-path[5.5.1013~6-d787]:main():lattice-best-path.cc:99) For utterance sess5_zero_2, best cost 37.9953 + 10312.1 = 10350.1 over 62 frames.
sess5_zero_2 zero 
LOG (lattice-best-path[5.5.1013~6-d787]:main():lattice-best-path.cc:99) For utterance sess5_zero_3, best cost 35.579 + 9198.08 = 9233.65 over 55 frames.
sess5_zero_3 zero 
LOG (lattice-best-path[5.5.1013~6-d787]:main():lattice-best-path.cc:99) For utterance sess5_zero_4, best cost 34.6994 + 10297.5 = 10332.2 over 61 frames.
sess5_zero_4 zero 
LOG (lattice-best-path[5.5.1013~6-d787]:main():lattice-best-path.cc:124) Overall cost per frame is 164.21 = 0.629398 [graph] + 163.58 [acoustic] over 3849 frames.
LOG (lattice-best-path[5.5.1013~6-d787]:main():lattice-best-path.cc:128) Done 70 lattices, failed for 0
# Accounting: time=0 threads=1
# Ended (code 0) at Fri Apr 22 16:26:25 CDT 2022, elapsed time 0 seconds
