# lattice-best-path --lm-scale=9 --word-symbol-table=exp/tri1/graph/words.txt "ark:gunzip -c exp/tri1/decode/lat.*.gz|" ark,t:exp/tri1/decode/scoring/9.tra 
# Started at Sat Apr 23 12:40:40 CDT 2022
#
lattice-best-path --lm-scale=9 --word-symbol-table=exp/tri1/graph/words.txt 'ark:gunzip -c exp/tri1/decode/lat.*.gz|' ark,t:exp/tri1/decode/scoring/9.tra 
LOG (lattice-best-path[5.5.1017~3-12a20]:main():lattice-best-path.cc:99) For utterance sess10_down_0, best cost 81.4453 + 9497.71 = 9579.15 over 62 frames.
sess10_down_0 down 
LOG (lattice-best-path[5.5.1017~3-12a20]:main():lattice-best-path.cc:99) For utterance sess10_down_1, best cost 84.0101 + 9904.84 = 9988.85 over 64 frames.
sess10_down_1 down 
LOG (lattice-best-path[5.5.1017~3-12a20]:main():lattice-best-path.cc:99) For utterance sess10_down_2, best cost 77.8622 + 10269.7 = 10347.5 over 65 frames.
sess10_down_2 down 
LOG (lattice-best-path[5.5.1017~3-12a20]:main():lattice-best-path.cc:99) For utterance sess10_down_3, best cost 80.4748 + 9136.53 = 9217 over 59 frames.
sess10_down_3 down 
LOG (lattice-best-path[5.5.1017~3-12a20]:main():lattice-best-path.cc:99) For utterance sess10_down_4, best cost 77.6668 + 8712.48 = 8790.15 over 55 frames.
sess10_down_4 down 
LOG (lattice-best-path[5.5.1017~3-12a20]:main():lattice-best-path.cc:99) For utterance sess10_eight_0, best cost 73.4123 + 7952.72 = 8026.13 over 53 frames.
sess10_eight_0 left 
LOG (lattice-best-path[5.5.1017~3-12a20]:main():lattice-best-path.cc:99) For utterance sess10_eight_1, best cost 71.1296 + 8825.68 = 8896.81 over 58 frames.
sess10_eight_1 eight 
LOG (lattice-best-path[5.5.1017~3-12a20]:main():lattice-best-path.cc:99) For utterance sess10_eight_2, best cost 73.8923 + 7409.49 = 7483.38 over 49 frames.
sess10_eight_2 eight 
LOG (lattice-best-path[5.5.1017~3-12a20]:main():lattice-best-path.cc:99) For utterance sess10_eight_3, best cost 70.3908 + 10205.8 = 10276.2 over 69 frames.
sess10_eight_3 eight 
LOG (lattice-best-path[5.5.1017~3-12a20]:main():lattice-best-path.cc:99) For utterance sess10_eight_4, best cost 73.9794 + 8755.46 = 8829.44 over 58 frames.
sess10_eight_4 eight 
LOG (lattice-best-path[5.5.1017~3-12a20]:main():lattice-best-path.cc:99) For utterance sess10_five_0, best cost 80.8024 + 10184 = 10264.8 over 68 frames.
sess10_five_0 five 
LOG (lattice-best-path[5.5.1017~3-12a20]:main():lattice-best-path.cc:99) For utterance sess10_five_1, best cost 79.0363 + 9636.21 = 9715.24 over 63 frames.
sess10_five_1 five 
LOG (lattice-best-path[5.5.1017~3-12a20]:main():lattice-best-path.cc:99) For utterance sess10_five_2, best cost 79.5595 + 9576.37 = 9655.93 over 65 frames.
sess10_five_2 five 
LOG (lattice-best-path[5.5.1017~3-12a20]:main():lattice-best-path.cc:99) For utterance sess10_five_3, best cost 79.1779 + 9207.29 = 9286.46 over 59 frames.
sess10_five_3 five 
LOG (lattice-best-path[5.5.1017~3-12a20]:main():lattice-best-path.cc:99) For utterance sess10_five_4, best cost 75.9991 + 9147.59 = 9223.58 over 62 frames.
sess10_five_4 five 
LOG (lattice-best-path[5.5.1017~3-12a20]:main():lattice-best-path.cc:99) For utterance sess10_four_0, best cost 76.5311 + 10052.3 = 10128.8 over 65 frames.
sess10_four_0 four 
LOG (lattice-best-path[5.5.1017~3-12a20]:main():lattice-best-path.cc:99) For utterance sess10_four_1, best cost 78.4266 + 9955.18 = 10033.6 over 65 frames.
sess10_four_1 four 
LOG (lattice-best-path[5.5.1017~3-12a20]:main():lattice-best-path.cc:99) For utterance sess10_four_2, best cost 118.097 + 9996.7 = 10114.8 over 63 frames.
sess10_four_2 four two 
LOG (lattice-best-path[5.5.1017~3-12a20]:main():lattice-best-path.cc:99) For utterance sess10_four_3, best cost 74.123 + 9468.48 = 9542.6 over 61 frames.
sess10_four_3 four 
LOG (lattice-best-path[5.5.1017~3-12a20]:main():lattice-best-path.cc:99) For utterance sess10_four_4, best cost 76.6853 + 9241.88 = 9318.57 over 60 frames.
sess10_four_4 four 
LOG (lattice-best-path[5.5.1017~3-12a20]:main():lattice-best-path.cc:99) For utterance sess10_left_0, best cost 73.5784 + 8658.75 = 8732.33 over 55 frames.
sess10_left_0 left 
LOG (lattice-best-path[5.5.1017~3-12a20]:main():lattice-best-path.cc:99) For utterance sess10_left_1, best cost 76.8319 + 9735.98 = 9812.81 over 63 frames.
sess10_left_1 left 
LOG (lattice-best-path[5.5.1017~3-12a20]:main():lattice-best-path.cc:99) For utterance sess10_left_2, best cost 83.4804 + 9549.14 = 9632.62 over 60 frames.
sess10_left_2 seven 
LOG (lattice-best-path[5.5.1017~3-12a20]:main():lattice-best-path.cc:99) For utterance sess10_left_3, best cost 78.0928 + 9626.38 = 9704.47 over 64 frames.
sess10_left_3 left 
LOG (lattice-best-path[5.5.1017~3-12a20]:main():lattice-best-path.cc:99) For utterance sess10_left_4, best cost 75.5381 + 10208.3 = 10283.9 over 66 frames.
sess10_left_4 left 
LOG (lattice-best-path[5.5.1017~3-12a20]:main():lattice-best-path.cc:99) For utterance sess10_nine_0, best cost 75.9568 + 10025.4 = 10101.4 over 66 frames.
sess10_nine_0 nine 
LOG (lattice-best-path[5.5.1017~3-12a20]:main():lattice-best-path.cc:99) For utterance sess10_nine_1, best cost 75.5401 + 9443.47 = 9519.01 over 63 frames.
sess10_nine_1 nine 
LOG (lattice-best-path[5.5.1017~3-12a20]:main():lattice-best-path.cc:99) For utterance sess10_nine_2, best cost 74.311 + 8347.92 = 8422.24 over 58 frames.
sess10_nine_2 nine 
LOG (lattice-best-path[5.5.1017~3-12a20]:main():lattice-best-path.cc:99) For utterance sess10_nine_3, best cost 74.5155 + 8985.41 = 9059.93 over 62 frames.
sess10_nine_3 nine 
LOG (lattice-best-path[5.5.1017~3-12a20]:main():lattice-best-path.cc:99) For utterance sess10_nine_4, best cost 70.7523 + 7754.45 = 7825.2 over 49 frames.
sess10_nine_4 nine 
LOG (lattice-best-path[5.5.1017~3-12a20]:main():lattice-best-path.cc:99) For utterance sess10_one_0, best cost 76.985 + 10039.3 = 10116.3 over 65 frames.
sess10_one_0 one 
LOG (lattice-best-path[5.5.1017~3-12a20]:main():lattice-best-path.cc:99) For utterance sess10_one_1, best cost 75.8092 + 9297.1 = 9372.91 over 59 frames.
sess10_one_1 one 
LOG (lattice-best-path[5.5.1017~3-12a20]:main():lattice-best-path.cc:99) For utterance sess10_one_2, best cost 71.4816 + 8642.7 = 8714.18 over 57 frames.
sess10_one_2 one 
LOG (lattice-best-path[5.5.1017~3-12a20]:main():lattice-best-path.cc:99) For utterance sess10_one_3, best cost 78.7522 + 10865.4 = 10944.2 over 70 frames.
sess10_one_3 right 
LOG (lattice-best-path[5.5.1017~3-12a20]:main():lattice-best-path.cc:99) For utterance sess10_one_4, best cost 72.3458 + 10136.5 = 10208.9 over 66 frames.
sess10_one_4 one 
LOG (lattice-best-path[5.5.1017~3-12a20]:main():lattice-best-path.cc:99) For utterance sess10_right_0, best cost 74.3134 + 9407.33 = 9481.64 over 62 frames.
sess10_right_0 right 
LOG (lattice-best-path[5.5.1017~3-12a20]:main():lattice-best-path.cc:99) For utterance sess10_right_1, best cost 76.0738 + 10217.4 = 10293.5 over 67 frames.
sess10_right_1 right 
LOG (lattice-best-path[5.5.1017~3-12a20]:main():lattice-best-path.cc:99) For utterance sess10_right_2, best cost 77.0236 + 10403.7 = 10480.7 over 67 frames.
sess10_right_2 right 
LOG (lattice-best-path[5.5.1017~3-12a20]:main():lattice-best-path.cc:99) For utterance sess10_right_3, best cost 82.6706 + 9865.07 = 9947.74 over 63 frames.
sess10_right_3 right 
LOG (lattice-best-path[5.5.1017~3-12a20]:main():lattice-best-path.cc:99) For utterance sess10_right_4, best cost 71.2478 + 8799.52 = 8870.77 over 56 frames.
sess10_right_4 right 
LOG (lattice-best-path[5.5.1017~3-12a20]:main():lattice-best-path.cc:99) For utterance sess10_seven_0, best cost 83.4096 + 8409.8 = 8493.21 over 59 frames.
sess10_seven_0 seven 
LOG (lattice-best-path[5.5.1017~3-12a20]:main():lattice-best-path.cc:99) For utterance sess10_seven_1, best cost 85.316 + 9148.59 = 9233.91 over 59 frames.
sess10_seven_1 seven 
LOG (lattice-best-path[5.5.1017~3-12a20]:main():lattice-best-path.cc:99) For utterance sess10_seven_2, best cost 82.1003 + 9027.02 = 9109.12 over 60 frames.
sess10_seven_2 seven 
LOG (lattice-best-path[5.5.1017~3-12a20]:main():lattice-best-path.cc:99) For utterance sess10_seven_3, best cost 80.8049 + 9589.04 = 9669.84 over 61 frames.
sess10_seven_3 seven 
LOG (lattice-best-path[5.5.1017~3-12a20]:main():lattice-best-path.cc:99) For utterance sess10_seven_4, best cost 81.664 + 9186.62 = 9268.28 over 61 frames.
sess10_seven_4 seven 
LOG (lattice-best-path[5.5.1017~3-12a20]:main():lattice-best-path.cc:99) For utterance sess10_six_0, best cost 73.4045 + 9597.72 = 9671.12 over 64 frames.
sess10_six_0 six 
LOG (lattice-best-path[5.5.1017~3-12a20]:main():lattice-best-path.cc:99) For utterance sess10_six_1, best cost 78.8253 + 9129.83 = 9208.66 over 60 frames.
sess10_six_1 six 
LOG (lattice-best-path[5.5.1017~3-12a20]:main():lattice-best-path.cc:99) For utterance sess10_six_2, best cost 77.584 + 9355.88 = 9433.46 over 62 frames.
sess10_six_2 six 
LOG (lattice-best-path[5.5.1017~3-12a20]:main():lattice-best-path.cc:99) For utterance sess10_six_3, best cost 77.6359 + 10777.6 = 10855.2 over 72 frames.
sess10_six_3 six 
LOG (lattice-best-path[5.5.1017~3-12a20]:main():lattice-best-path.cc:99) For utterance sess10_six_4, best cost 77.6827 + 9730.31 = 9807.99 over 64 frames.
sess10_six_4 six 
LOG (lattice-best-path[5.5.1017~3-12a20]:main():lattice-best-path.cc:99) For utterance sess10_three_0, best cost 76.2456 + 9993.14 = 10069.4 over 65 frames.
sess10_three_0 three 
LOG (lattice-best-path[5.5.1017~3-12a20]:main():lattice-best-path.cc:99) For utterance sess10_three_1, best cost 117.944 + 10005.4 = 10123.4 over 63 frames.
sess10_three_1 three nine 
LOG (lattice-best-path[5.5.1017~3-12a20]:main():lattice-best-path.cc:99) For utterance sess10_three_2, best cost 76.0095 + 9805.68 = 9881.69 over 61 frames.
sess10_three_2 three 
LOG (lattice-best-path[5.5.1017~3-12a20]:main():lattice-best-path.cc:99) For utterance sess10_three_3, best cost 78.916 + 9705.08 = 9783.99 over 61 frames.
sess10_three_3 three 
LOG (lattice-best-path[5.5.1017~3-12a20]:main():lattice-best-path.cc:99) For utterance sess10_three_4, best cost 75.0512 + 9558.07 = 9633.12 over 61 frames.
sess10_three_4 three 
LOG (lattice-best-path[5.5.1017~3-12a20]:main():lattice-best-path.cc:99) For utterance sess10_two_0, best cost 68.4877 + 8812.42 = 8880.91 over 56 frames.
sess10_two_0 two 
LOG (lattice-best-path[5.5.1017~3-12a20]:main():lattice-best-path.cc:99) For utterance sess10_two_1, best cost 69.8726 + 7166.07 = 7235.94 over 47 frames.
sess10_two_1 two 
LOG (lattice-best-path[5.5.1017~3-12a20]:main():lattice-best-path.cc:99) For utterance sess10_two_2, best cost 113.989 + 8727.09 = 8841.08 over 56 frames.
sess10_two_2 two two 
LOG (lattice-best-path[5.5.1017~3-12a20]:main():lattice-best-path.cc:99) For utterance sess10_two_3, best cost 73.367 + 9551.41 = 9624.78 over 61 frames.
sess10_two_3 two 
LOG (lattice-best-path[5.5.1017~3-12a20]:main():lattice-best-path.cc:99) For utterance sess10_two_4, best cost 67.7756 + 9139.71 = 9207.49 over 60 frames.
sess10_two_4 two 
LOG (lattice-best-path[5.5.1017~3-12a20]:main():lattice-best-path.cc:99) For utterance sess10_up_0, best cost 114.039 + 8466.77 = 8580.81 over 56 frames.
sess10_up_0 up right 
LOG (lattice-best-path[5.5.1017~3-12a20]:main():lattice-best-path.cc:99) For utterance sess10_up_1, best cost 75.275 + 8634.17 = 8709.44 over 55 frames.
sess10_up_1 up 
LOG (lattice-best-path[5.5.1017~3-12a20]:main():lattice-best-path.cc:99) For utterance sess10_up_2, best cost 78.1902 + 9375.34 = 9453.54 over 64 frames.
sess10_up_2 up 
LOG (lattice-best-path[5.5.1017~3-12a20]:main():lattice-best-path.cc:99) For utterance sess10_up_3, best cost 75.2331 + 8057.57 = 8132.8 over 53 frames.
sess10_up_3 up 
LOG (lattice-best-path[5.5.1017~3-12a20]:main():lattice-best-path.cc:99) For utterance sess10_up_4, best cost 114.755 + 8854.25 = 8969.01 over 59 frames.
sess10_up_4 up right 
LOG (lattice-best-path[5.5.1017~3-12a20]:main():lattice-best-path.cc:99) For utterance sess10_zero_0, best cost 81.8817 + 9532.27 = 9614.15 over 61 frames.
sess10_zero_0 zero 
LOG (lattice-best-path[5.5.1017~3-12a20]:main():lattice-best-path.cc:99) For utterance sess10_zero_1, best cost 78.8714 + 9727.01 = 9805.88 over 63 frames.
sess10_zero_1 zero 
LOG (lattice-best-path[5.5.1017~3-12a20]:main():lattice-best-path.cc:99) For utterance sess10_zero_2, best cost 81.4713 + 8565.77 = 8647.24 over 53 frames.
sess10_zero_2 zero 
LOG (lattice-best-path[5.5.1017~3-12a20]:main():lattice-best-path.cc:99) For utterance sess10_zero_3, best cost 82.7296 + 8833.35 = 8916.08 over 58 frames.
sess10_zero_3 zero 
LOG (lattice-best-path[5.5.1017~3-12a20]:main():lattice-best-path.cc:99) For utterance sess10_zero_4, best cost 78.2086 + 9180 = 9258.21 over 57 frames.
sess10_zero_4 zero 
LOG (lattice-best-path[5.5.1017~3-12a20]:main():lattice-best-path.cc:124) Overall cost per frame is 154.8 = 1.31078 [graph] + 153.489 [acoustic] over 4253 frames.
LOG (lattice-best-path[5.5.1017~3-12a20]:main():lattice-best-path.cc:128) Done 70 lattices, failed for 0
# Accounting: time=0 threads=1
# Ended (code 0) at Sat Apr 23 12:40:40 CDT 2022, elapsed time 0 seconds
