# lattice-best-path --lm-scale=5 --word-symbol-table=exp/tri1/graph/words.txt "ark:gunzip -c exp/tri1/decode/lat.*.gz|" ark,t:exp/tri1/decode/scoring/5.tra 
# Started at Mon Apr 25 20:44:30 CDT 2022
#
lattice-best-path --lm-scale=5 --word-symbol-table=exp/tri1/graph/words.txt 'ark:gunzip -c exp/tri1/decode/lat.*.gz|' ark,t:exp/tri1/decode/scoring/5.tra 
LOG (lattice-best-path[5.5.1017~3-12a20]:main():lattice-best-path.cc:99) For utterance sess15_down_0, best cost 45.5776 + 9580.25 = 9625.83 over 59 frames.
sess15_down_0 down 
LOG (lattice-best-path[5.5.1017~3-12a20]:main():lattice-best-path.cc:99) For utterance sess15_down_1, best cost 46.2537 + 10194.3 = 10240.6 over 63 frames.
sess15_down_1 down 
LOG (lattice-best-path[5.5.1017~3-12a20]:main():lattice-best-path.cc:99) For utterance sess15_down_2, best cost 45.0132 + 9761.79 = 9806.81 over 60 frames.
sess15_down_2 down 
LOG (lattice-best-path[5.5.1017~3-12a20]:main():lattice-best-path.cc:99) For utterance sess15_down_3, best cost 46.9164 + 10259.9 = 10306.9 over 63 frames.
sess15_down_3 down 
LOG (lattice-best-path[5.5.1017~3-12a20]:main():lattice-best-path.cc:99) For utterance sess15_down_4, best cost 44.2541 + 8589.66 = 8633.92 over 54 frames.
sess15_down_4 down 
LOG (lattice-best-path[5.5.1017~3-12a20]:main():lattice-best-path.cc:99) For utterance sess15_eight_0, best cost 44.487 + 7683.14 = 7727.62 over 50 frames.
sess15_eight_0 nine 
LOG (lattice-best-path[5.5.1017~3-12a20]:main():lattice-best-path.cc:99) For utterance sess15_eight_1, best cost 45.1783 + 8887.49 = 8932.67 over 56 frames.
sess15_eight_1 nine 
LOG (lattice-best-path[5.5.1017~3-12a20]:main():lattice-best-path.cc:99) For utterance sess15_eight_2, best cost 41.5211 + 7792.97 = 7834.49 over 50 frames.
sess15_eight_2 eight 
LOG (lattice-best-path[5.5.1017~3-12a20]:main():lattice-best-path.cc:99) For utterance sess15_eight_3, best cost 41.5584 + 8731.84 = 8773.4 over 56 frames.
sess15_eight_3 eight 
LOG (lattice-best-path[5.5.1017~3-12a20]:main():lattice-best-path.cc:99) For utterance sess15_eight_4, best cost 45.5951 + 8734.24 = 8779.83 over 55 frames.
sess15_eight_4 right 
LOG (lattice-best-path[5.5.1017~3-12a20]:main():lattice-best-path.cc:99) For utterance sess15_five_0, best cost 41.4704 + 8440.99 = 8482.46 over 53 frames.
sess15_five_0 five 
LOG (lattice-best-path[5.5.1017~3-12a20]:main():lattice-best-path.cc:99) For utterance sess15_five_1, best cost 44.4679 + 10877.4 = 10921.9 over 66 frames.
sess15_five_1 five 
LOG (lattice-best-path[5.5.1017~3-12a20]:main():lattice-best-path.cc:99) For utterance sess15_five_2, best cost 43.1205 + 8376.66 = 8419.78 over 53 frames.
sess15_five_2 five 
LOG (lattice-best-path[5.5.1017~3-12a20]:main():lattice-best-path.cc:99) For utterance sess15_five_3, best cost 43.814 + 8857.95 = 8901.76 over 57 frames.
sess15_five_3 five 
LOG (lattice-best-path[5.5.1017~3-12a20]:main():lattice-best-path.cc:99) For utterance sess15_five_4, best cost 39.4954 + 9377.43 = 9416.93 over 54 frames.
sess15_five_4 five 
LOG (lattice-best-path[5.5.1017~3-12a20]:main():lattice-best-path.cc:99) For utterance sess15_four_0, best cost 44.6925 + 9134.54 = 9179.23 over 57 frames.
sess15_four_0 four 
LOG (lattice-best-path[5.5.1017~3-12a20]:main():lattice-best-path.cc:99) For utterance sess15_four_1, best cost 43.4601 + 9330.18 = 9373.64 over 56 frames.
sess15_four_1 three 
LOG (lattice-best-path[5.5.1017~3-12a20]:main():lattice-best-path.cc:99) For utterance sess15_four_2, best cost 41.4535 + 8454.57 = 8496.02 over 52 frames.
sess15_four_2 four 
LOG (lattice-best-path[5.5.1017~3-12a20]:main():lattice-best-path.cc:99) For utterance sess15_four_3, best cost 44.588 + 9090.96 = 9135.55 over 57 frames.
sess15_four_3 four 
LOG (lattice-best-path[5.5.1017~3-12a20]:main():lattice-best-path.cc:99) For utterance sess15_four_4, best cost 43.4487 + 9973.56 = 10017 over 64 frames.
sess15_four_4 four 
LOG (lattice-best-path[5.5.1017~3-12a20]:main():lattice-best-path.cc:99) For utterance sess15_left_0, best cost 39.5417 + 7852.4 = 7891.94 over 49 frames.
sess15_left_0 left 
LOG (lattice-best-path[5.5.1017~3-12a20]:main():lattice-best-path.cc:99) For utterance sess15_left_1, best cost 44.4982 + 9155.75 = 9200.24 over 59 frames.
sess15_left_1 left 
LOG (lattice-best-path[5.5.1017~3-12a20]:main():lattice-best-path.cc:99) For utterance sess15_left_2, best cost 42.849 + 8924.62 = 8967.46 over 55 frames.
sess15_left_2 left 
LOG (lattice-best-path[5.5.1017~3-12a20]:main():lattice-best-path.cc:99) For utterance sess15_left_3, best cost 42.443 + 7499.61 = 7542.05 over 48 frames.
sess15_left_3 left 
LOG (lattice-best-path[5.5.1017~3-12a20]:main():lattice-best-path.cc:99) For utterance sess15_left_4, best cost 44.036 + 9001.99 = 9046.02 over 57 frames.
sess15_left_4 left 
LOG (lattice-best-path[5.5.1017~3-12a20]:main():lattice-best-path.cc:99) For utterance sess15_nine_0, best cost 45.9591 + 8403.42 = 8449.38 over 57 frames.
sess15_nine_0 nine 
LOG (lattice-best-path[5.5.1017~3-12a20]:main():lattice-best-path.cc:99) For utterance sess15_nine_1, best cost 44.0904 + 7832.61 = 7876.7 over 51 frames.
sess15_nine_1 nine 
LOG (lattice-best-path[5.5.1017~3-12a20]:main():lattice-best-path.cc:99) For utterance sess15_nine_2, best cost 45.6213 + 8711.6 = 8757.22 over 55 frames.
sess15_nine_2 nine 
LOG (lattice-best-path[5.5.1017~3-12a20]:main():lattice-best-path.cc:99) For utterance sess15_nine_3, best cost 42.2651 + 8385.59 = 8427.86 over 53 frames.
sess15_nine_3 eight 
LOG (lattice-best-path[5.5.1017~3-12a20]:main():lattice-best-path.cc:99) For utterance sess15_nine_4, best cost 43.4125 + 8303.78 = 8347.19 over 56 frames.
sess15_nine_4 nine 
LOG (lattice-best-path[5.5.1017~3-12a20]:main():lattice-best-path.cc:99) For utterance sess15_one_0, best cost 40.5843 + 9289.77 = 9330.35 over 57 frames.
sess15_one_0 one 
LOG (lattice-best-path[5.5.1017~3-12a20]:main():lattice-best-path.cc:99) For utterance sess15_one_1, best cost 43.1716 + 8813.29 = 8856.46 over 55 frames.
sess15_one_1 one 
LOG (lattice-best-path[5.5.1017~3-12a20]:main():lattice-best-path.cc:99) For utterance sess15_one_2, best cost 44.8259 + 10746.4 = 10791.2 over 68 frames.
sess15_one_2 one 
LOG (lattice-best-path[5.5.1017~3-12a20]:main():lattice-best-path.cc:99) For utterance sess15_one_3, best cost 39.8248 + 8779.51 = 8819.34 over 53 frames.
sess15_one_3 one 
LOG (lattice-best-path[5.5.1017~3-12a20]:main():lattice-best-path.cc:99) For utterance sess15_one_4, best cost 42.0901 + 9407.25 = 9449.33 over 60 frames.
sess15_one_4 one 
LOG (lattice-best-path[5.5.1017~3-12a20]:main():lattice-best-path.cc:99) For utterance sess15_right_0, best cost 38.6625 + 9237.74 = 9276.4 over 55 frames.
sess15_right_0 right 
LOG (lattice-best-path[5.5.1017~3-12a20]:main():lattice-best-path.cc:99) For utterance sess15_right_1, best cost 44.0509 + 9662.8 = 9706.86 over 59 frames.
sess15_right_1 three 
LOG (lattice-best-path[5.5.1017~3-12a20]:main():lattice-best-path.cc:99) For utterance sess15_right_2, best cost 41.4851 + 9153.38 = 9194.87 over 57 frames.
sess15_right_2 right 
LOG (lattice-best-path[5.5.1017~3-12a20]:main():lattice-best-path.cc:99) For utterance sess15_right_3, best cost 43.7101 + 10209.3 = 10253 over 63 frames.
sess15_right_3 right 
LOG (lattice-best-path[5.5.1017~3-12a20]:main():lattice-best-path.cc:99) For utterance sess15_right_4, best cost 44.3228 + 10206.9 = 10251.2 over 61 frames.
sess15_right_4 right 
LOG (lattice-best-path[5.5.1017~3-12a20]:main():lattice-best-path.cc:99) For utterance sess15_seven_0, best cost 50.0511 + 9378.41 = 9428.46 over 58 frames.
sess15_seven_0 seven 
LOG (lattice-best-path[5.5.1017~3-12a20]:main():lattice-best-path.cc:99) For utterance sess15_seven_1, best cost 48.3321 + 8380.79 = 8429.12 over 53 frames.
sess15_seven_1 seven 
LOG (lattice-best-path[5.5.1017~3-12a20]:main():lattice-best-path.cc:99) For utterance sess15_seven_2, best cost 43.6473 + 7866.78 = 7910.42 over 51 frames.
sess15_seven_2 seven 
LOG (lattice-best-path[5.5.1017~3-12a20]:main():lattice-best-path.cc:99) For utterance sess15_seven_3, best cost 45.4201 + 8897.29 = 8942.71 over 55 frames.
sess15_seven_3 seven 
LOG (lattice-best-path[5.5.1017~3-12a20]:main():lattice-best-path.cc:99) For utterance sess15_seven_4, best cost 43.7033 + 9540.37 = 9584.08 over 59 frames.
sess15_seven_4 seven 
LOG (lattice-best-path[5.5.1017~3-12a20]:main():lattice-best-path.cc:99) For utterance sess15_six_0, best cost 43.165 + 8557.58 = 8600.74 over 52 frames.
sess15_six_0 six 
LOG (lattice-best-path[5.5.1017~3-12a20]:main():lattice-best-path.cc:99) For utterance sess15_six_1, best cost 42.2831 + 8786.64 = 8828.93 over 53 frames.
sess15_six_1 six 
LOG (lattice-best-path[5.5.1017~3-12a20]:main():lattice-best-path.cc:99) For utterance sess15_six_2, best cost 41.9248 + 9266.9 = 9308.83 over 57 frames.
sess15_six_2 six 
LOG (lattice-best-path[5.5.1017~3-12a20]:main():lattice-best-path.cc:99) For utterance sess15_six_3, best cost 43.5392 + 8475.72 = 8519.26 over 53 frames.
sess15_six_3 six 
LOG (lattice-best-path[5.5.1017~3-12a20]:main():lattice-best-path.cc:99) For utterance sess15_six_4, best cost 64.4347 + 10435.9 = 10500.4 over 62 frames.
sess15_six_4 eight right 
LOG (lattice-best-path[5.5.1017~3-12a20]:main():lattice-best-path.cc:99) For utterance sess15_three_0, best cost 43.9514 + 8897.44 = 8941.39 over 53 frames.
sess15_three_0 three 
LOG (lattice-best-path[5.5.1017~3-12a20]:main():lattice-best-path.cc:99) For utterance sess15_three_1, best cost 43.8766 + 9044.81 = 9088.68 over 55 frames.
sess15_three_1 three 
LOG (lattice-best-path[5.5.1017~3-12a20]:main():lattice-best-path.cc:99) For utterance sess15_three_2, best cost 43.8142 + 9769.56 = 9813.38 over 59 frames.
sess15_three_2 three 
LOG (lattice-best-path[5.5.1017~3-12a20]:main():lattice-best-path.cc:99) For utterance sess15_three_3, best cost 44.5866 + 9668.96 = 9713.55 over 60 frames.
sess15_three_3 three 
LOG (lattice-best-path[5.5.1017~3-12a20]:main():lattice-best-path.cc:99) For utterance sess15_three_4, best cost 43.3058 + 8884.24 = 8927.55 over 56 frames.
sess15_three_4 three 
LOG (lattice-best-path[5.5.1017~3-12a20]:main():lattice-best-path.cc:99) For utterance sess15_two_0, best cost 61.8233 + 9779.02 = 9840.84 over 57 frames.
sess15_two_0 two eight 
LOG (lattice-best-path[5.5.1017~3-12a20]:main():lattice-best-path.cc:99) For utterance sess15_two_1, best cost 40.8835 + 9206.49 = 9247.38 over 57 frames.
sess15_two_1 two 
LOG (lattice-best-path[5.5.1017~3-12a20]:main():lattice-best-path.cc:99) For utterance sess15_two_2, best cost 37.835 + 9737.43 = 9775.26 over 59 frames.
sess15_two_2 two 
LOG (lattice-best-path[5.5.1017~3-12a20]:main():lattice-best-path.cc:99) For utterance sess15_two_3, best cost 41.0825 + 8622.84 = 8663.92 over 53 frames.
sess15_two_3 two 
LOG (lattice-best-path[5.5.1017~3-12a20]:main():lattice-best-path.cc:99) For utterance sess15_two_4, best cost 42.5052 + 8667 = 8709.51 over 55 frames.
sess15_two_4 two 
LOG (lattice-best-path[5.5.1017~3-12a20]:main():lattice-best-path.cc:99) For utterance sess15_up_0, best cost 39.9044 + 7598.29 = 7638.19 over 46 frames.
sess15_up_0 up 
LOG (lattice-best-path[5.5.1017~3-12a20]:main():lattice-best-path.cc:99) For utterance sess15_up_1, best cost 39.9216 + 8015.08 = 8055.01 over 47 frames.
sess15_up_1 up 
LOG (lattice-best-path[5.5.1017~3-12a20]:main():lattice-best-path.cc:99) For utterance sess15_up_2, best cost 40.9284 + 8460.04 = 8500.97 over 51 frames.
sess15_up_2 up 
LOG (lattice-best-path[5.5.1017~3-12a20]:main():lattice-best-path.cc:99) For utterance sess15_up_3, best cost 40.2882 + 8214.72 = 8255.01 over 50 frames.
sess15_up_3 up 
LOG (lattice-best-path[5.5.1017~3-12a20]:main():lattice-best-path.cc:99) For utterance sess15_up_4, best cost 41.376 + 8989.47 = 9030.85 over 56 frames.
sess15_up_4 up 
LOG (lattice-best-path[5.5.1017~3-12a20]:main():lattice-best-path.cc:99) For utterance sess15_zero_0, best cost 45.9103 + 9939.14 = 9985.05 over 61 frames.
sess15_zero_0 zero 
LOG (lattice-best-path[5.5.1017~3-12a20]:main():lattice-best-path.cc:99) For utterance sess15_zero_1, best cost 45.4547 + 10476.7 = 10522.2 over 64 frames.
sess15_zero_1 zero 
LOG (lattice-best-path[5.5.1017~3-12a20]:main():lattice-best-path.cc:99) For utterance sess15_zero_2, best cost 47.7328 + 10989.7 = 11037.4 over 66 frames.
sess15_zero_2 zero 
LOG (lattice-best-path[5.5.1017~3-12a20]:main():lattice-best-path.cc:99) For utterance sess15_zero_3, best cost 45.8494 + 8936.41 = 8982.26 over 56 frames.
sess15_zero_3 zero 
LOG (lattice-best-path[5.5.1017~3-12a20]:main():lattice-best-path.cc:99) For utterance sess15_zero_4, best cost 47.946 + 9631.49 = 9679.44 over 59 frames.
sess15_zero_4 zero 
LOG (lattice-best-path[5.5.1017~3-12a20]:main():lattice-best-path.cc:124) Overall cost per frame is 162.069 = 0.782339 [graph] + 161.286 [acoustic] over 3936 frames.
LOG (lattice-best-path[5.5.1017~3-12a20]:main():lattice-best-path.cc:128) Done 70 lattices, failed for 0
# Accounting: time=0 threads=1
# Ended (code 0) at Mon Apr 25 20:44:30 CDT 2022, elapsed time 0 seconds
