# lattice-best-path --lm-scale=12 --word-symbol-table=exp/tri1/graph/words.txt "ark:gunzip -c exp/tri1/decode/lat.*.gz|" ark,t:exp/tri1/decode/scoring/12.tra 
# Started at Sat Apr 23 12:40:40 CDT 2022
#
lattice-best-path --lm-scale=12 --word-symbol-table=exp/tri1/graph/words.txt 'ark:gunzip -c exp/tri1/decode/lat.*.gz|' ark,t:exp/tri1/decode/scoring/12.tra 
LOG (lattice-best-path[5.5.1017~3-12a20]:main():lattice-best-path.cc:99) For utterance sess10_down_0, best cost 108.594 + 9497.71 = 9606.3 over 62 frames.
sess10_down_0 down 
LOG (lattice-best-path[5.5.1017~3-12a20]:main():lattice-best-path.cc:99) For utterance sess10_down_1, best cost 112.014 + 9904.84 = 10016.9 over 64 frames.
sess10_down_1 down 
LOG (lattice-best-path[5.5.1017~3-12a20]:main():lattice-best-path.cc:99) For utterance sess10_down_2, best cost 103.816 + 10269.7 = 10373.5 over 65 frames.
sess10_down_2 down 
LOG (lattice-best-path[5.5.1017~3-12a20]:main():lattice-best-path.cc:99) For utterance sess10_down_3, best cost 107.3 + 9136.53 = 9243.83 over 59 frames.
sess10_down_3 down 
LOG (lattice-best-path[5.5.1017~3-12a20]:main():lattice-best-path.cc:99) For utterance sess10_down_4, best cost 103.556 + 8712.48 = 8816.04 over 55 frames.
sess10_down_4 down 
LOG (lattice-best-path[5.5.1017~3-12a20]:main():lattice-best-path.cc:99) For utterance sess10_eight_0, best cost 97.8831 + 7952.72 = 8050.61 over 53 frames.
sess10_eight_0 left 
LOG (lattice-best-path[5.5.1017~3-12a20]:main():lattice-best-path.cc:99) For utterance sess10_eight_1, best cost 94.8394 + 8825.68 = 8920.52 over 58 frames.
sess10_eight_1 eight 
LOG (lattice-best-path[5.5.1017~3-12a20]:main():lattice-best-path.cc:99) For utterance sess10_eight_2, best cost 98.5231 + 7409.49 = 7508.02 over 49 frames.
sess10_eight_2 eight 
LOG (lattice-best-path[5.5.1017~3-12a20]:main():lattice-best-path.cc:99) For utterance sess10_eight_3, best cost 93.8544 + 10205.8 = 10299.6 over 69 frames.
sess10_eight_3 eight 
LOG (lattice-best-path[5.5.1017~3-12a20]:main():lattice-best-path.cc:99) For utterance sess10_eight_4, best cost 98.6392 + 8755.46 = 8854.1 over 58 frames.
sess10_eight_4 eight 
LOG (lattice-best-path[5.5.1017~3-12a20]:main():lattice-best-path.cc:99) For utterance sess10_five_0, best cost 107.737 + 10184 = 10291.8 over 68 frames.
sess10_five_0 five 
LOG (lattice-best-path[5.5.1017~3-12a20]:main():lattice-best-path.cc:99) For utterance sess10_five_1, best cost 105.382 + 9636.21 = 9741.59 over 63 frames.
sess10_five_1 five 
LOG (lattice-best-path[5.5.1017~3-12a20]:main():lattice-best-path.cc:99) For utterance sess10_five_2, best cost 106.079 + 9576.37 = 9682.45 over 65 frames.
sess10_five_2 five 
LOG (lattice-best-path[5.5.1017~3-12a20]:main():lattice-best-path.cc:99) For utterance sess10_five_3, best cost 105.57 + 9207.29 = 9312.86 over 59 frames.
sess10_five_3 five 
LOG (lattice-best-path[5.5.1017~3-12a20]:main():lattice-best-path.cc:99) For utterance sess10_five_4, best cost 101.332 + 9147.59 = 9248.92 over 62 frames.
sess10_five_4 five 
LOG (lattice-best-path[5.5.1017~3-12a20]:main():lattice-best-path.cc:99) For utterance sess10_four_0, best cost 102.041 + 10052.3 = 10154.3 over 65 frames.
sess10_four_0 four 
LOG (lattice-best-path[5.5.1017~3-12a20]:main():lattice-best-path.cc:99) For utterance sess10_four_1, best cost 104.569 + 9955.18 = 10059.7 over 65 frames.
sess10_four_1 four 
LOG (lattice-best-path[5.5.1017~3-12a20]:main():lattice-best-path.cc:99) For utterance sess10_four_2, best cost 104.799 + 10042.3 = 10147.1 over 63 frames.
sess10_four_2 four 
LOG (lattice-best-path[5.5.1017~3-12a20]:main():lattice-best-path.cc:99) For utterance sess10_four_3, best cost 98.8306 + 9468.48 = 9567.31 over 61 frames.
sess10_four_3 four 
LOG (lattice-best-path[5.5.1017~3-12a20]:main():lattice-best-path.cc:99) For utterance sess10_four_4, best cost 102.247 + 9241.88 = 9344.13 over 60 frames.
sess10_four_4 four 
LOG (lattice-best-path[5.5.1017~3-12a20]:main():lattice-best-path.cc:99) For utterance sess10_left_0, best cost 98.1045 + 8658.75 = 8756.85 over 55 frames.
sess10_left_0 left 
LOG (lattice-best-path[5.5.1017~3-12a20]:main():lattice-best-path.cc:99) For utterance sess10_left_1, best cost 102.443 + 9735.98 = 9838.42 over 63 frames.
sess10_left_1 left 
LOG (lattice-best-path[5.5.1017~3-12a20]:main():lattice-best-path.cc:99) For utterance sess10_left_2, best cost 111.307 + 9549.14 = 9660.45 over 60 frames.
sess10_left_2 seven 
LOG (lattice-best-path[5.5.1017~3-12a20]:main():lattice-best-path.cc:99) For utterance sess10_left_3, best cost 104.124 + 9626.38 = 9730.5 over 64 frames.
sess10_left_3 left 
LOG (lattice-best-path[5.5.1017~3-12a20]:main():lattice-best-path.cc:99) For utterance sess10_left_4, best cost 100.717 + 10208.3 = 10309.1 over 66 frames.
sess10_left_4 left 
LOG (lattice-best-path[5.5.1017~3-12a20]:main():lattice-best-path.cc:99) For utterance sess10_nine_0, best cost 101.276 + 10025.4 = 10126.7 over 66 frames.
sess10_nine_0 nine 
LOG (lattice-best-path[5.5.1017~3-12a20]:main():lattice-best-path.cc:99) For utterance sess10_nine_1, best cost 100.72 + 9443.47 = 9544.19 over 63 frames.
sess10_nine_1 nine 
LOG (lattice-best-path[5.5.1017~3-12a20]:main():lattice-best-path.cc:99) For utterance sess10_nine_2, best cost 99.0814 + 8347.92 = 8447.01 over 58 frames.
sess10_nine_2 nine 
LOG (lattice-best-path[5.5.1017~3-12a20]:main():lattice-best-path.cc:99) For utterance sess10_nine_3, best cost 99.354 + 8985.41 = 9084.76 over 62 frames.
sess10_nine_3 nine 
LOG (lattice-best-path[5.5.1017~3-12a20]:main():lattice-best-path.cc:99) For utterance sess10_nine_4, best cost 94.3364 + 7754.45 = 7848.79 over 49 frames.
sess10_nine_4 nine 
LOG (lattice-best-path[5.5.1017~3-12a20]:main():lattice-best-path.cc:99) For utterance sess10_one_0, best cost 102.647 + 10039.3 = 10141.9 over 65 frames.
sess10_one_0 one 
LOG (lattice-best-path[5.5.1017~3-12a20]:main():lattice-best-path.cc:99) For utterance sess10_one_1, best cost 101.079 + 9297.1 = 9398.18 over 59 frames.
sess10_one_1 one 
LOG (lattice-best-path[5.5.1017~3-12a20]:main():lattice-best-path.cc:99) For utterance sess10_one_2, best cost 95.3088 + 8642.7 = 8738.01 over 57 frames.
sess10_one_2 one 
LOG (lattice-best-path[5.5.1017~3-12a20]:main():lattice-best-path.cc:99) For utterance sess10_one_3, best cost 105.003 + 10865.4 = 10970.4 over 70 frames.
sess10_one_3 right 
LOG (lattice-best-path[5.5.1017~3-12a20]:main():lattice-best-path.cc:99) For utterance sess10_one_4, best cost 96.461 + 10136.5 = 10233 over 66 frames.
sess10_one_4 one 
LOG (lattice-best-path[5.5.1017~3-12a20]:main():lattice-best-path.cc:99) For utterance sess10_right_0, best cost 99.0845 + 9407.33 = 9506.41 over 62 frames.
sess10_right_0 right 
LOG (lattice-best-path[5.5.1017~3-12a20]:main():lattice-best-path.cc:99) For utterance sess10_right_1, best cost 101.432 + 10217.4 = 10318.8 over 67 frames.
sess10_right_1 right 
LOG (lattice-best-path[5.5.1017~3-12a20]:main():lattice-best-path.cc:99) For utterance sess10_right_2, best cost 102.698 + 10403.7 = 10506.4 over 67 frames.
sess10_right_2 right 
LOG (lattice-best-path[5.5.1017~3-12a20]:main():lattice-best-path.cc:99) For utterance sess10_right_3, best cost 110.227 + 9865.07 = 9975.29 over 63 frames.
sess10_right_3 right 
LOG (lattice-best-path[5.5.1017~3-12a20]:main():lattice-best-path.cc:99) For utterance sess10_right_4, best cost 94.997 + 8799.52 = 8894.51 over 56 frames.
sess10_right_4 right 
LOG (lattice-best-path[5.5.1017~3-12a20]:main():lattice-best-path.cc:99) For utterance sess10_seven_0, best cost 111.213 + 8409.8 = 8521.02 over 59 frames.
sess10_seven_0 seven 
LOG (lattice-best-path[5.5.1017~3-12a20]:main():lattice-best-path.cc:99) For utterance sess10_seven_1, best cost 113.755 + 9148.59 = 9262.34 over 59 frames.
sess10_seven_1 seven 
LOG (lattice-best-path[5.5.1017~3-12a20]:main():lattice-best-path.cc:99) For utterance sess10_seven_2, best cost 109.467 + 9027.02 = 9136.49 over 60 frames.
sess10_seven_2 seven 
LOG (lattice-best-path[5.5.1017~3-12a20]:main():lattice-best-path.cc:99) For utterance sess10_seven_3, best cost 107.74 + 9589.04 = 9696.78 over 61 frames.
sess10_seven_3 seven 
LOG (lattice-best-path[5.5.1017~3-12a20]:main():lattice-best-path.cc:99) For utterance sess10_seven_4, best cost 108.885 + 9186.62 = 9295.5 over 61 frames.
sess10_seven_4 seven 
LOG (lattice-best-path[5.5.1017~3-12a20]:main():lattice-best-path.cc:99) For utterance sess10_six_0, best cost 97.8726 + 9597.72 = 9695.59 over 64 frames.
sess10_six_0 six 
LOG (lattice-best-path[5.5.1017~3-12a20]:main():lattice-best-path.cc:99) For utterance sess10_six_1, best cost 105.1 + 9129.83 = 9234.93 over 60 frames.
sess10_six_1 six 
LOG (lattice-best-path[5.5.1017~3-12a20]:main():lattice-best-path.cc:99) For utterance sess10_six_2, best cost 103.445 + 9355.88 = 9459.32 over 62 frames.
sess10_six_2 six 
LOG (lattice-best-path[5.5.1017~3-12a20]:main():lattice-best-path.cc:99) For utterance sess10_six_3, best cost 103.514 + 10777.6 = 10881.1 over 72 frames.
sess10_six_3 six 
LOG (lattice-best-path[5.5.1017~3-12a20]:main():lattice-best-path.cc:99) For utterance sess10_six_4, best cost 103.577 + 9730.31 = 9833.89 over 64 frames.
sess10_six_4 six 
LOG (lattice-best-path[5.5.1017~3-12a20]:main():lattice-best-path.cc:99) For utterance sess10_three_0, best cost 101.661 + 9993.14 = 10094.8 over 65 frames.
sess10_three_0 three 
LOG (lattice-best-path[5.5.1017~3-12a20]:main():lattice-best-path.cc:99) For utterance sess10_three_1, best cost 157.258 + 10005.4 = 10162.7 over 63 frames.
sess10_three_1 three nine 
LOG (lattice-best-path[5.5.1017~3-12a20]:main():lattice-best-path.cc:99) For utterance sess10_three_2, best cost 101.346 + 9805.68 = 9907.02 over 61 frames.
sess10_three_2 three 
LOG (lattice-best-path[5.5.1017~3-12a20]:main():lattice-best-path.cc:99) For utterance sess10_three_3, best cost 105.221 + 9705.08 = 9810.3 over 61 frames.
sess10_three_3 three 
LOG (lattice-best-path[5.5.1017~3-12a20]:main():lattice-best-path.cc:99) For utterance sess10_three_4, best cost 100.068 + 9558.07 = 9658.14 over 61 frames.
sess10_three_4 three 
LOG (lattice-best-path[5.5.1017~3-12a20]:main():lattice-best-path.cc:99) For utterance sess10_two_0, best cost 91.317 + 8812.42 = 8903.74 over 56 frames.
sess10_two_0 two 
LOG (lattice-best-path[5.5.1017~3-12a20]:main():lattice-best-path.cc:99) For utterance sess10_two_1, best cost 93.1635 + 7166.07 = 7259.23 over 47 frames.
sess10_two_1 two 
LOG (lattice-best-path[5.5.1017~3-12a20]:main():lattice-best-path.cc:99) For utterance sess10_two_2, best cost 151.986 + 8727.09 = 8879.07 over 56 frames.
sess10_two_2 two two 
LOG (lattice-best-path[5.5.1017~3-12a20]:main():lattice-best-path.cc:99) For utterance sess10_two_3, best cost 97.8226 + 9551.41 = 9649.23 over 61 frames.
sess10_two_3 two 
LOG (lattice-best-path[5.5.1017~3-12a20]:main():lattice-best-path.cc:99) For utterance sess10_two_4, best cost 90.3675 + 9139.71 = 9230.08 over 60 frames.
sess10_two_4 two 
LOG (lattice-best-path[5.5.1017~3-12a20]:main():lattice-best-path.cc:99) For utterance sess10_up_0, best cost 93.6558 + 8511.59 = 8605.25 over 56 frames.
sess10_up_0 up 
LOG (lattice-best-path[5.5.1017~3-12a20]:main():lattice-best-path.cc:99) For utterance sess10_up_1, best cost 100.367 + 8634.17 = 8734.54 over 55 frames.
sess10_up_1 up 
LOG (lattice-best-path[5.5.1017~3-12a20]:main():lattice-best-path.cc:99) For utterance sess10_up_2, best cost 104.254 + 9375.34 = 9479.6 over 64 frames.
sess10_up_2 up 
LOG (lattice-best-path[5.5.1017~3-12a20]:main():lattice-best-path.cc:99) For utterance sess10_up_3, best cost 100.311 + 8057.57 = 8157.88 over 53 frames.
sess10_up_3 up 
LOG (lattice-best-path[5.5.1017~3-12a20]:main():lattice-best-path.cc:99) For utterance sess10_up_4, best cost 153.007 + 8854.25 = 9007.26 over 59 frames.
sess10_up_4 up right 
LOG (lattice-best-path[5.5.1017~3-12a20]:main():lattice-best-path.cc:99) For utterance sess10_zero_0, best cost 109.176 + 9532.27 = 9641.44 over 61 frames.
sess10_zero_0 zero 
LOG (lattice-best-path[5.5.1017~3-12a20]:main():lattice-best-path.cc:99) For utterance sess10_zero_1, best cost 105.162 + 9727.01 = 9832.17 over 63 frames.
sess10_zero_1 zero 
LOG (lattice-best-path[5.5.1017~3-12a20]:main():lattice-best-path.cc:99) For utterance sess10_zero_2, best cost 108.628 + 8565.77 = 8674.4 over 53 frames.
sess10_zero_2 zero 
LOG (lattice-best-path[5.5.1017~3-12a20]:main():lattice-best-path.cc:99) For utterance sess10_zero_3, best cost 110.306 + 8833.35 = 8943.65 over 58 frames.
sess10_zero_3 zero 
LOG (lattice-best-path[5.5.1017~3-12a20]:main():lattice-best-path.cc:99) For utterance sess10_zero_4, best cost 104.278 + 9180 = 9284.27 over 57 frames.
sess10_zero_4 zero 
LOG (lattice-best-path[5.5.1017~3-12a20]:main():lattice-best-path.cc:124) Overall cost per frame is 155.232 = 1.72159 [graph] + 153.51 [acoustic] over 4253 frames.
LOG (lattice-best-path[5.5.1017~3-12a20]:main():lattice-best-path.cc:128) Done 70 lattices, failed for 0
# Accounting: time=0 threads=1
# Ended (code 0) at Sat Apr 23 12:40:40 CDT 2022, elapsed time 0 seconds
