# lattice-best-path --lm-scale=2 --word-symbol-table=exp/tri1/graph/words.txt "ark:gunzip -c exp/tri1/decode/lat.*.gz|" ark,t:exp/tri1/decode/scoring/2.tra 
# Started at Sat Apr 23 13:35:24 CDT 2022
#
lattice-best-path --lm-scale=2 --word-symbol-table=exp/tri1/graph/words.txt 'ark:gunzip -c exp/tri1/decode/lat.*.gz|' ark,t:exp/tri1/decode/scoring/2.tra 
LOG (lattice-best-path[5.5.1017~3-12a20]:main():lattice-best-path.cc:99) For utterance sess10_down_0, best cost 17.7069 + 9075.91 = 9093.61 over 60 frames.
sess10_down_0 down 
LOG (lattice-best-path[5.5.1017~3-12a20]:main():lattice-best-path.cc:99) For utterance sess10_down_1, best cost 16.5689 + 8987.33 = 9003.9 over 60 frames.
sess10_down_1 down 
LOG (lattice-best-path[5.5.1017~3-12a20]:main():lattice-best-path.cc:99) For utterance sess10_down_2, best cost 18.0798 + 10129.7 = 10147.8 over 65 frames.
sess10_down_2 down 
LOG (lattice-best-path[5.5.1017~3-12a20]:main():lattice-best-path.cc:99) For utterance sess10_eight_0, best cost 17.0582 + 8050.87 = 8067.92 over 54 frames.
sess10_eight_0 eight 
LOG (lattice-best-path[5.5.1017~3-12a20]:main():lattice-best-path.cc:99) For utterance sess10_eight_1, best cost 16.5441 + 8098.62 = 8115.16 over 56 frames.
sess10_eight_1 eight 
LOG (lattice-best-path[5.5.1017~3-12a20]:main():lattice-best-path.cc:99) For utterance sess10_eight_2, best cost 25.9262 + 8972.63 = 8998.56 over 60 frames.
sess10_eight_2 eight nine 
LOG (lattice-best-path[5.5.1017~3-12a20]:main():lattice-best-path.cc:99) For utterance sess10_five_0, best cost 18.1547 + 10446.4 = 10464.6 over 69 frames.
sess10_five_0 five 
LOG (lattice-best-path[5.5.1017~3-12a20]:main():lattice-best-path.cc:99) For utterance sess10_five_1, best cost 18.0039 + 9856.94 = 9874.94 over 66 frames.
sess10_five_1 five 
LOG (lattice-best-path[5.5.1017~3-12a20]:main():lattice-best-path.cc:99) For utterance sess10_five_2, best cost 25.3062 + 10052.3 = 10077.6 over 63 frames.
sess10_five_2 nine five 
LOG (lattice-best-path[5.5.1017~3-12a20]:main():lattice-best-path.cc:99) For utterance sess10_four_0, best cost 16.1662 + 8381.97 = 8398.14 over 54 frames.
sess10_four_0 four 
LOG (lattice-best-path[5.5.1017~3-12a20]:main():lattice-best-path.cc:99) For utterance sess10_four_1, best cost 18.0984 + 10790.6 = 10808.7 over 71 frames.
sess10_four_1 four 
LOG (lattice-best-path[5.5.1017~3-12a20]:main():lattice-best-path.cc:99) For utterance sess10_four_2, best cost 26.6937 + 10440.4 = 10467.1 over 66 frames.
sess10_four_2 four nine 
LOG (lattice-best-path[5.5.1017~3-12a20]:main():lattice-best-path.cc:99) For utterance sess10_left_0, best cost 17.6479 + 10334.2 = 10351.8 over 68 frames.
sess10_left_0 left 
LOG (lattice-best-path[5.5.1017~3-12a20]:main():lattice-best-path.cc:99) For utterance sess10_left_1, best cost 17.3727 + 9862.9 = 9880.28 over 64 frames.
sess10_left_1 left 
LOG (lattice-best-path[5.5.1017~3-12a20]:main():lattice-best-path.cc:99) For utterance sess10_left_2, best cost 18.1541 + 9583.55 = 9601.71 over 65 frames.
sess10_left_2 seven 
LOG (lattice-best-path[5.5.1017~3-12a20]:main():lattice-best-path.cc:99) For utterance sess10_nine_0, best cost 19.2521 + 10057.5 = 10076.7 over 69 frames.
sess10_nine_0 nine 
LOG (lattice-best-path[5.5.1017~3-12a20]:main():lattice-best-path.cc:99) For utterance sess10_nine_1, best cost 18.3254 + 8965.29 = 8983.61 over 60 frames.
sess10_nine_1 nine 
LOG (lattice-best-path[5.5.1017~3-12a20]:main():lattice-best-path.cc:99) For utterance sess10_nine_2, best cost 16.4979 + 9313.33 = 9329.83 over 62 frames.
sess10_nine_2 nine 
LOG (lattice-best-path[5.5.1017~3-12a20]:main():lattice-best-path.cc:99) For utterance sess10_one_0, best cost 16.3101 + 10181.8 = 10198.1 over 64 frames.
sess10_one_0 one 
LOG (lattice-best-path[5.5.1017~3-12a20]:main():lattice-best-path.cc:99) For utterance sess10_one_1, best cost 16.5446 + 10474.7 = 10491.3 over 67 frames.
sess10_one_1 one 
LOG (lattice-best-path[5.5.1017~3-12a20]:main():lattice-best-path.cc:99) For utterance sess10_one_2, best cost 27.1032 + 10841.7 = 10868.8 over 70 frames.
sess10_one_2 right nine 
LOG (lattice-best-path[5.5.1017~3-12a20]:main():lattice-best-path.cc:99) For utterance sess10_right_0, best cost 17.7397 + 9762.45 = 9780.19 over 63 frames.
sess10_right_0 right 
LOG (lattice-best-path[5.5.1017~3-12a20]:main():lattice-best-path.cc:99) For utterance sess10_right_1, best cost 22.1239 + 11374.6 = 11396.8 over 70 frames.
sess10_right_1 right 
LOG (lattice-best-path[5.5.1017~3-12a20]:main():lattice-best-path.cc:99) For utterance sess10_right_2, best cost 16.6644 + 10550.7 = 10567.3 over 68 frames.
sess10_right_2 right 
LOG (lattice-best-path[5.5.1017~3-12a20]:main():lattice-best-path.cc:99) For utterance sess10_seven_0, best cost 18.3057 + 9795.64 = 9813.95 over 64 frames.
sess10_seven_0 seven 
LOG (lattice-best-path[5.5.1017~3-12a20]:main():lattice-best-path.cc:99) For utterance sess10_seven_1, best cost 17.7934 + 8782.71 = 8800.51 over 58 frames.
sess10_seven_1 seven 
LOG (lattice-best-path[5.5.1017~3-12a20]:main():lattice-best-path.cc:99) For utterance sess10_seven_2, best cost 17.276 + 8758.88 = 8776.16 over 58 frames.
sess10_seven_2 seven 
LOG (lattice-best-path[5.5.1017~3-12a20]:main():lattice-best-path.cc:99) For utterance sess10_six_0, best cost 15.9718 + 8987.95 = 9003.92 over 58 frames.
sess10_six_0 six 
LOG (lattice-best-path[5.5.1017~3-12a20]:main():lattice-best-path.cc:99) For utterance sess10_six_1, best cost 17.7885 + 9556.56 = 9574.35 over 65 frames.
sess10_six_1 six 
LOG (lattice-best-path[5.5.1017~3-12a20]:main():lattice-best-path.cc:99) For utterance sess10_six_2, best cost 17.4417 + 9566.1 = 9583.54 over 65 frames.
sess10_six_2 six 
LOG (lattice-best-path[5.5.1017~3-12a20]:main():lattice-best-path.cc:99) For utterance sess10_three_0, best cost 18.0655 + 9785.8 = 9803.87 over 64 frames.
sess10_three_0 three 
LOG (lattice-best-path[5.5.1017~3-12a20]:main():lattice-best-path.cc:99) For utterance sess10_three_1, best cost 17.5709 + 11416.9 = 11434.5 over 71 frames.
sess10_three_1 three 
LOG (lattice-best-path[5.5.1017~3-12a20]:main():lattice-best-path.cc:99) For utterance sess10_three_2, best cost 17.7628 + 10353.3 = 10371 over 70 frames.
sess10_three_2 three 
LOG (lattice-best-path[5.5.1017~3-12a20]:main():lattice-best-path.cc:99) For utterance sess10_two_0, best cost 16.384 + 10358.7 = 10375.1 over 65 frames.
sess10_two_0 four 
LOG (lattice-best-path[5.5.1017~3-12a20]:main():lattice-best-path.cc:99) For utterance sess10_two_1, best cost 17.3474 + 9475.1 = 9492.44 over 63 frames.
sess10_two_1 four 
LOG (lattice-best-path[5.5.1017~3-12a20]:main():lattice-best-path.cc:99) For utterance sess10_two_2, best cost 17.1683 + 9465.94 = 9483.11 over 64 frames.
sess10_two_2 two 
LOG (lattice-best-path[5.5.1017~3-12a20]:main():lattice-best-path.cc:99) For utterance sess10_up_0, best cost 26.6538 + 10147.3 = 10173.9 over 68 frames.
sess10_up_0 eight right 
LOG (lattice-best-path[5.5.1017~3-12a20]:main():lattice-best-path.cc:99) For utterance sess10_up_1, best cost 15.8921 + 8143.2 = 8159.09 over 54 frames.
sess10_up_1 up 
LOG (lattice-best-path[5.5.1017~3-12a20]:main():lattice-best-path.cc:99) For utterance sess10_up_2, best cost 26.5861 + 9313.2 = 9339.79 over 60 frames.
sess10_up_2 nine eight 
LOG (lattice-best-path[5.5.1017~3-12a20]:main():lattice-best-path.cc:99) For utterance sess10_zero_1, best cost 18.1956 + 8858.64 = 8876.83 over 58 frames.
sess10_zero_1 zero 
LOG (lattice-best-path[5.5.1017~3-12a20]:main():lattice-best-path.cc:99) For utterance sess10_zero_2, best cost 18.5683 + 9334.42 = 9352.99 over 60 frames.
sess10_zero_2 zero 
LOG (lattice-best-path[5.5.1017~3-12a20]:main():lattice-best-path.cc:124) Overall cost per frame is 152.928 = 0.297351 [graph] + 152.631 [acoustic] over 2599 frames.
LOG (lattice-best-path[5.5.1017~3-12a20]:main():lattice-best-path.cc:128) Done 41 lattices, failed for 0
# Accounting: time=0 threads=1
# Ended (code 0) at Sat Apr 23 13:35:24 CDT 2022, elapsed time 0 seconds
