# gmm-acc-stats-ali exp/tri2a/22.mdl "ark,s,cs:apply-cmvn  --utt2spk=ark:data/train/split1/1/utt2spk scp:data/train/split1/1/cmvn.scp scp:data/train/split1/1/feats.scp ark:- | add-deltas  ark:- ark:- |" "ark,s,cs:gunzip -c exp/tri2a/ali.1.gz|" exp/tri2a/22.1.acc 
# Started at Sat Apr 23 13:39:27 CDT 2022
#
gmm-acc-stats-ali exp/tri2a/22.mdl 'ark,s,cs:apply-cmvn  --utt2spk=ark:data/train/split1/1/utt2spk scp:data/train/split1/1/cmvn.scp scp:data/train/split1/1/feats.scp ark:- | add-deltas  ark:- ark:- |' 'ark,s,cs:gunzip -c exp/tri2a/ali.1.gz|' exp/tri2a/22.1.acc 
add-deltas ark:- ark:- 
apply-cmvn --utt2spk=ark:data/train/split1/1/utt2spk scp:data/train/split1/1/cmvn.scp scp:data/train/split1/1/feats.scp ark:- 
LOG (gmm-acc-stats-ali[5.5.1017~3-12a20]:main():gmm-acc-stats-ali.cc:105) Processed 50 utterances; for utterance sess3_left_9 avg. like is -145.386 over 56 frames.
LOG (gmm-acc-stats-ali[5.5.1017~3-12a20]:main():gmm-acc-stats-ali.cc:105) Processed 100 utterances; for utterance sess3_six_9 avg. like is -141.477 over 62 frames.
LOG (gmm-acc-stats-ali[5.5.1017~3-12a20]:main():gmm-acc-stats-ali.cc:105) Processed 150 utterances; for utterance sess4_down_9 avg. like is -145.669 over 66 frames.
LOG (gmm-acc-stats-ali[5.5.1017~3-12a20]:main():gmm-acc-stats-ali.cc:105) Processed 200 utterances; for utterance sess4_nine_9 avg. like is -145.035 over 87 frames.
LOG (gmm-acc-stats-ali[5.5.1017~3-12a20]:main():gmm-acc-stats-ali.cc:105) Processed 250 utterances; for utterance sess4_three_9 avg. like is -150.741 over 68 frames.
LOG (gmm-acc-stats-ali[5.5.1017~3-12a20]:main():gmm-acc-stats-ali.cc:105) Processed 300 utterances; for utterance sess5_eight_9 avg. like is -138.934 over 59 frames.
LOG (gmm-acc-stats-ali[5.5.1017~3-12a20]:main():gmm-acc-stats-ali.cc:105) Processed 350 utterances; for utterance sess5_one_9 avg. like is -149.219 over 54 frames.
LOG (gmm-acc-stats-ali[5.5.1017~3-12a20]:main():gmm-acc-stats-ali.cc:105) Processed 400 utterances; for utterance sess5_two_9 avg. like is -147.45 over 57 frames.
LOG (gmm-acc-stats-ali[5.5.1017~3-12a20]:main():gmm-acc-stats-ali.cc:105) Processed 450 utterances; for utterance sess6_nine_4 avg. like is -144.019 over 57 frames.
LOG (gmm-acc-stats-ali[5.5.1017~3-12a20]:main():gmm-acc-stats-ali.cc:105) Processed 500 utterances; for utterance sess7_eight_4 avg. like is -134.285 over 61 frames.
LOG (gmm-acc-stats-ali[5.5.1017~3-12a20]:main():gmm-acc-stats-ali.cc:105) Processed 550 utterances; for utterance sess7_two_4 avg. like is -143.166 over 65 frames.
LOG (gmm-acc-stats-ali[5.5.1017~3-12a20]:main():gmm-acc-stats-ali.cc:105) Processed 600 utterances; for utterance sess8_right_4 avg. like is -140.963 over 64 frames.
LOG (gmm-acc-stats-ali[5.5.1017~3-12a20]:main():gmm-acc-stats-ali.cc:105) Processed 650 utterances; for utterance sess9_one_1 avg. like is -137.357 over 61 frames.
LOG (apply-cmvn[5.5.1017~3-12a20]:main():apply-cmvn.cc:162) Applied cepstral mean normalization to 672 utterances, errors on 0
LOG (gmm-acc-stats-ali[5.5.1017~3-12a20]:main():gmm-acc-stats-ali.cc:112) Done 672 files, 0 with errors.
LOG (gmm-acc-stats-ali[5.5.1017~3-12a20]:main():gmm-acc-stats-ali.cc:115) Overall avg like per frame (Gaussian only) = -144.671 over 41289 frames.
LOG (gmm-acc-stats-ali[5.5.1017~3-12a20]:main():gmm-acc-stats-ali.cc:123) Written accs.
# Accounting: time=0 threads=1
# Ended (code 0) at Sat Apr 23 13:39:27 CDT 2022, elapsed time 0 seconds
