# gmm-acc-stats-ali exp/tri2a/15.mdl "ark,s,cs:apply-cmvn  --utt2spk=ark:data/train/split1/1/utt2spk scp:data/train/split1/1/cmvn.scp scp:data/train/split1/1/feats.scp ark:- | add-deltas  ark:- ark:- |" "ark,s,cs:gunzip -c exp/tri2a/ali.1.gz|" exp/tri2a/15.1.acc 
# Started at Fri Apr 22 18:08:56 CDT 2022
#
gmm-acc-stats-ali exp/tri2a/15.mdl 'ark,s,cs:apply-cmvn  --utt2spk=ark:data/train/split1/1/utt2spk scp:data/train/split1/1/cmvn.scp scp:data/train/split1/1/feats.scp ark:- | add-deltas  ark:- ark:- |' 'ark,s,cs:gunzip -c exp/tri2a/ali.1.gz|' exp/tri2a/15.1.acc 
apply-cmvn --utt2spk=ark:data/train/split1/1/utt2spk scp:data/train/split1/1/cmvn.scp scp:data/train/split1/1/feats.scp ark:- 
add-deltas ark:- ark:- 
LOG (gmm-acc-stats-ali[5.5.1013~6-d787]:main():gmm-acc-stats-ali.cc:105) Processed 50 utterances; for utterance sess3_left_9 avg. like is -146.181 over 56 frames.
LOG (gmm-acc-stats-ali[5.5.1013~6-d787]:main():gmm-acc-stats-ali.cc:105) Processed 100 utterances; for utterance sess3_six_9 avg. like is -141.292 over 62 frames.
LOG (gmm-acc-stats-ali[5.5.1013~6-d787]:main():gmm-acc-stats-ali.cc:105) Processed 150 utterances; for utterance sess4_down_9 avg. like is -145.865 over 66 frames.
LOG (gmm-acc-stats-ali[5.5.1013~6-d787]:main():gmm-acc-stats-ali.cc:105) Processed 200 utterances; for utterance sess4_nine_9 avg. like is -145.238 over 87 frames.
LOG (gmm-acc-stats-ali[5.5.1013~6-d787]:main():gmm-acc-stats-ali.cc:105) Processed 250 utterances; for utterance sess4_three_9 avg. like is -151.957 over 68 frames.
LOG (gmm-acc-stats-ali[5.5.1013~6-d787]:main():gmm-acc-stats-ali.cc:105) Processed 300 utterances; for utterance sess5_eight_9 avg. like is -139.483 over 59 frames.
LOG (gmm-acc-stats-ali[5.5.1013~6-d787]:main():gmm-acc-stats-ali.cc:105) Processed 350 utterances; for utterance sess5_one_9 avg. like is -148.575 over 54 frames.
LOG (gmm-acc-stats-ali[5.5.1013~6-d787]:main():gmm-acc-stats-ali.cc:105) Processed 400 utterances; for utterance sess5_two_9 avg. like is -149.535 over 57 frames.
LOG (gmm-acc-stats-ali[5.5.1013~6-d787]:main():gmm-acc-stats-ali.cc:105) Processed 450 utterances; for utterance sess6_nine_4 avg. like is -142.306 over 57 frames.
LOG (gmm-acc-stats-ali[5.5.1013~6-d787]:main():gmm-acc-stats-ali.cc:105) Processed 500 utterances; for utterance sess7_eight_4 avg. like is -134.648 over 61 frames.
LOG (apply-cmvn[5.5.1013~6-d787]:main():apply-cmvn.cc:162) Applied cepstral mean normalization to 560 utterances, errors on 0
LOG (gmm-acc-stats-ali[5.5.1013~6-d787]:main():gmm-acc-stats-ali.cc:105) Processed 550 utterances; for utterance sess7_two_4 avg. like is -144.808 over 65 frames.
LOG (gmm-acc-stats-ali[5.5.1013~6-d787]:main():gmm-acc-stats-ali.cc:112) Done 560 files, 0 with errors.
LOG (gmm-acc-stats-ali[5.5.1013~6-d787]:main():gmm-acc-stats-ali.cc:115) Overall avg like per frame (Gaussian only) = -145.59 over 34473 frames.
LOG (gmm-acc-stats-ali[5.5.1013~6-d787]:main():gmm-acc-stats-ali.cc:123) Written accs.
# Accounting: time=0 threads=1
# Ended (code 0) at Fri Apr 22 18:08:56 CDT 2022, elapsed time 0 seconds
