# gmm-init-model --write-occs=exp/tri2a/1.occs exp/tri2a/tree exp/tri2a/treeacc data/lang/topo exp/tri2a/1.mdl 
# Started at Fri Apr 22 18:08:49 CDT 2022
#
gmm-init-model --write-occs=exp/tri2a/1.occs exp/tri2a/tree exp/tri2a/treeacc data/lang/topo exp/tri2a/1.mdl 
LOG (gmm-init-model[5.5.1013~6-d787]:main():gmm-init-model.cc:271) Number of separate statistics is 203
WARNING (gmm-init-model[5.5.1013~6-d787]:InitAmGmm():gmm-init-model.cc:55) Tree has pdf-id 1 with no stats; corresponding phone list: 6 7 8 9 10 
WARNING (gmm-init-model[5.5.1013~6-d787]:InitAmGmm():gmm-init-model.cc:83) Very small count for state 19: 80; corresponding phone list: 79 80 81 82 
WARNING (gmm-init-model[5.5.1013~6-d787]:InitAmGmm():gmm-init-model.cc:83) Very small count for state 20: 81; corresponding phone list: 83 
WARNING (gmm-init-model[5.5.1013~6-d787]:InitAmGmm():gmm-init-model.cc:83) Very small count for state 21: 93; corresponding phone list: 87 88 89 90 
WARNING (gmm-init-model[5.5.1013~6-d787]:InitAmGmm():gmm-init-model.cc:83) Very small count for state 24: 83; corresponding phone list: 99 100 101 102 
WARNING (gmm-init-model[5.5.1013~6-d787]:InitAmGmm():gmm-init-model.cc:83) Very small count for state 26: 43; corresponding phone list: 1 2 3 4 5 
WARNING (gmm-init-model[5.5.1013~6-d787]:InitAmGmm():gmm-init-model.cc:83) Very small count for state 32: 59; corresponding phone list: 75 76 77 78 
WARNING (gmm-init-model[5.5.1013~6-d787]:InitAmGmm():gmm-init-model.cc:83) Very small count for state 39: 81; corresponding phone list: 43 44 45 46 
WARNING (gmm-init-model[5.5.1013~6-d787]:InitAmGmm():gmm-init-model.cc:83) Very small count for state 40: 55; corresponding phone list: 47 48 49 50 
WARNING (gmm-init-model[5.5.1013~6-d787]:InitAmGmm():gmm-init-model.cc:83) Very small count for state 44: 86; corresponding phone list: 15 16 17 18 
WARNING (gmm-init-model[5.5.1013~6-d787]:InitAmGmm():gmm-init-model.cc:83) Very small count for state 57: 99; corresponding phone list: 59 60 61 62 
WARNING (gmm-init-model[5.5.1013~6-d787]:InitAmGmm():gmm-init-model.cc:83) Very small count for state 60: 73; corresponding phone list: 43 44 45 46 
WARNING (gmm-init-model[5.5.1013~6-d787]:InitAmGmm():gmm-init-model.cc:83) Very small count for state 63: 60; corresponding phone list: 15 16 17 18 
WARNING (gmm-init-model[5.5.1013~6-d787]:InitAmGmm():gmm-init-model.cc:83) Very small count for state 68: 57; corresponding phone list: 15 16 17 18 
WARNING (gmm-init-model[5.5.1013~6-d787]:InitAmGmm():gmm-init-model.cc:83) Very small count for state 73: 69; corresponding phone list: 1 2 3 4 5 
WARNING (gmm-init-model[5.5.1013~6-d787]:InitAmGmm():gmm-init-model.cc:83) Very small count for state 75: 64; corresponding phone list: 75 76 77 78 
WARNING (gmm-init-model[5.5.1013~6-d787]:InitAmGmm():gmm-init-model.cc:83) Very small count for state 78: 52; corresponding phone list: 75 76 77 78 
WARNING (gmm-init-model[5.5.1013~6-d787]:InitAmGmm():gmm-init-model.cc:83) Very small count for state 79: 57; corresponding phone list: 79 80 81 82 
WARNING (gmm-init-model[5.5.1013~6-d787]:InitAmGmm():gmm-init-model.cc:83) Very small count for state 83: 41; corresponding phone list: 43 44 45 46 
WARNING (gmm-init-model[5.5.1013~6-d787]:InitAmGmm():gmm-init-model.cc:83) Very small count for state 88: 19; corresponding phone list: 79 80 81 82 
WARNING (gmm-init-model[5.5.1013~6-d787]:InitAmGmm():gmm-init-model.cc:83) Very small count for state 89: 87; corresponding phone list: 79 80 81 82 
WARNING (gmm-init-model[5.5.1013~6-d787]:InitAmGmm():gmm-init-model.cc:83) Very small count for state 90: 89; corresponding phone list: 75 76 77 78 
WARNING (gmm-init-model[5.5.1013~6-d787]:InitAmGmm():gmm-init-model.cc:83) Very small count for state 91: 94; corresponding phone list: 35 36 37 38 
WARNING (gmm-init-model[5.5.1013~6-d787]:InitAmGmm():gmm-init-model.cc:83) Very small count for state 98: 61; corresponding phone list: 27 28 29 30 
WARNING (gmm-init-model[5.5.1013~6-d787]:InitAmGmm():gmm-init-model.cc:83) Very small count for state 99: 80; corresponding phone list: 47 48 49 50 
WARNING (gmm-init-model[5.5.1013~6-d787]:InitAmGmm():gmm-init-model.cc:83) Very small count for state 100: 98; corresponding phone list: 75 76 77 78 
WARNING (gmm-init-model[5.5.1013~6-d787]:InitAmGmm():gmm-init-model.cc:83) Very small count for state 103: 56; corresponding phone list: 75 76 77 78 
WARNING (gmm-init-model[5.5.1013~6-d787]:InitAmGmm():gmm-init-model.cc:83) Very small count for state 106: 77; corresponding phone list: 91 92 93 94 
WARNING (gmm-init-model[5.5.1013~6-d787]:InitAmGmm():gmm-init-model.cc:83) Very small count for state 111: 91; corresponding phone list: 63 64 65 66 
WARNING (gmm-init-model[5.5.1013~6-d787]:InitAmGmm():gmm-init-model.cc:83) Very small count for state 112: 76; corresponding phone list: 47 48 49 50 
WARNING (gmm-init-model[5.5.1013~6-d787]:InitAmGmm():gmm-init-model.cc:83) Very small count for state 119: 1; corresponding phone list: 31 32 33 34 
WARNING (gmm-init-model[5.5.1013~6-d787]:InitAmGmm():gmm-init-model.cc:83) Very small count for state 120: 1; corresponding phone list: 31 32 33 34 
WARNING (gmm-init-model[5.5.1013~6-d787]:InitAmGmm():gmm-init-model.cc:83) Very small count for state 121: 1; corresponding phone list: 31 32 33 34 
WARNING (gmm-init-model[5.5.1013~6-d787]:InitAmGmm():gmm-init-model.cc:83) Very small count for state 122: 3; corresponding phone list: 15 16 17 18 
WARNING (gmm-init-model[5.5.1013~6-d787]:InitAmGmm():gmm-init-model.cc:83) Very small count for state 123: 90; corresponding phone list: 35 36 37 38 
WARNING (gmm-init-model[5.5.1013~6-d787]:InitAmGmm():gmm-init-model.cc:83) Very small count for state 124: 51; corresponding phone list: 79 80 81 82 
WARNING (gmm-init-model[5.5.1013~6-d787]:InitAmGmm():gmm-init-model.cc:83) Very small count for state 125: 4; corresponding phone list: 87 88 89 90 
WARNING (gmm-init-model[5.5.1013~6-d787]:InitAmGmm():gmm-init-model.cc:83) Very small count for state 127: 1; corresponding phone list: 15 16 17 18 
LOG (gmm-init-model[5.5.1013~6-d787]:main():gmm-init-model.cc:306) Wrote model.
# Accounting: time=0 threads=1
# Ended (code 0) at Fri Apr 22 18:08:49 CDT 2022, elapsed time 0 seconds
