# gmm-est --mix-up=15000 --power=0.25 --write-occs=exp/tri2a/31.occs exp/tri2a/30.mdl "gmm-sum-accs - exp/tri2a/30.*.acc |" exp/tri2a/31.mdl 
# Started at Sat Apr 23 11:02:53 CDT 2022
#
gmm-est --mix-up=15000 --power=0.25 --write-occs=exp/tri2a/31.occs exp/tri2a/30.mdl 'gmm-sum-accs - exp/tri2a/30.*.acc |' exp/tri2a/31.mdl 
gmm-sum-accs - exp/tri2a/30.1.acc 
LOG (gmm-sum-accs[5.5.1013~6-d787]:main():gmm-sum-accs.cc:63) Summed 1 stats, total count 42908, avg like/frame -144.302
LOG (gmm-sum-accs[5.5.1013~6-d787]:main():gmm-sum-accs.cc:66) Total count of stats is 42908
LOG (gmm-sum-accs[5.5.1013~6-d787]:main():gmm-sum-accs.cc:67) Written stats to -
LOG (gmm-est[5.5.1013~6-d787]:MleUpdate():transition-model.cc:528) TransitionModel::Update, objf change is 1.9489e-07 per frame over 42908 frames. 
LOG (gmm-est[5.5.1013~6-d787]:MleUpdate():transition-model.cc:531) 14 probabilities floored, 430 out of 562 transition-states skipped due to insuffient data (it is normal to have some skipped.)
LOG (gmm-est[5.5.1013~6-d787]:main():gmm-est.cc:102) Transition model update: Overall 1.9489e-07 log-like improvement per frame over 42908 frames.
WARNING (gmm-est[5.5.1013~6-d787]:MleDiagGmmUpdate():mle-diag-gmm.cc:365) Gaussian has too little data but not removing it because it is the last Gaussian: i = 0, occ = 0, weight = 1
WARNING (gmm-est[5.5.1013~6-d787]:MleDiagGmmUpdate():mle-diag-gmm.cc:365) Gaussian has too little data but not removing it because it is the last Gaussian: i = 0, occ = 3, weight = 1
WARNING (gmm-est[5.5.1013~6-d787]:MleDiagGmmUpdate():mle-diag-gmm.cc:365) Gaussian has too little data but not removing it because it is the last Gaussian: i = 0, occ = 4, weight = 1
WARNING (gmm-est[5.5.1013~6-d787]:MleDiagGmmUpdate():mle-diag-gmm.cc:365) Gaussian has too little data but not removing it because it is the last Gaussian: i = 0, occ = 1, weight = 1
LOG (gmm-est[5.5.1013~6-d787]:MleAmDiagGmmUpdate():mle-am-diag-gmm.cc:225) 132 variance elements floored in 117 Gaussians, out of 2092
LOG (gmm-est[5.5.1013~6-d787]:MleAmDiagGmmUpdate():mle-am-diag-gmm.cc:229) Removed 0 Gaussians due to counts < --min-gaussian-occupancy=10 and --remove-low-count-gaussians=true
LOG (gmm-est[5.5.1013~6-d787]:main():gmm-est.cc:113) GMM update: Overall 0.000538352 objective function improvement per frame over 42908 frames
LOG (gmm-est[5.5.1013~6-d787]:main():gmm-est.cc:116) GMM update: Overall avg like per frame = -144.302 over 42908 frames.
WARNING (gmm-est[5.5.1013~6-d787]:GetSplitTargets():model-common.cc:134) Could not split up to 15000 due to min-count = 20 (or no counts at all)

LOG (gmm-est[5.5.1013~6-d787]:SplitByCount():am-diag-gmm.cc:116) Split 128 states with target = 15000, power = 0.25, perturb_factor = 0.01 and min_count = 20, split #Gauss from 2092 to 2092
LOG (gmm-est[5.5.1013~6-d787]:main():gmm-est.cc:146) Written model to exp/tri2a/31.mdl
# Accounting: time=0 threads=1
# Ended (code 0) at Sat Apr 23 11:02:53 CDT 2022, elapsed time 0 seconds
