# gmm-est --mix-up=5000 --power=0.25 --write-occs=exp/tri2a/7.occs exp/tri2a/6.mdl "gmm-sum-accs - exp/tri2a/6.*.acc |" exp/tri2a/7.mdl 
# Started at Sat Apr 23 13:39:19 CDT 2022
#
gmm-est --mix-up=5000 --power=0.25 --write-occs=exp/tri2a/7.occs exp/tri2a/6.mdl 'gmm-sum-accs - exp/tri2a/6.*.acc |' exp/tri2a/7.mdl 
gmm-sum-accs - exp/tri2a/6.1.acc 
LOG (gmm-sum-accs[5.5.1017~3-12a20]:main():gmm-sum-accs.cc:63) Summed 1 stats, total count 41289, avg like/frame -145.917
LOG (gmm-sum-accs[5.5.1017~3-12a20]:main():gmm-sum-accs.cc:66) Total count of stats is 41289
LOG (gmm-sum-accs[5.5.1017~3-12a20]:main():gmm-sum-accs.cc:67) Written stats to -
LOG (gmm-est[5.5.1017~3-12a20]:MleUpdate():transition-model.cc:528) TransitionModel::Update, objf change is 0 per frame over 41289 frames. 
LOG (gmm-est[5.5.1017~3-12a20]:MleUpdate():transition-model.cc:531) 15 probabilities floored, 444 out of 585 transition-states skipped due to insuffient data (it is normal to have some skipped.)
LOG (gmm-est[5.5.1017~3-12a20]:main():gmm-est.cc:102) Transition model update: Overall 0 log-like improvement per frame over 41289 frames.
WARNING (gmm-est[5.5.1017~3-12a20]:MleDiagGmmUpdate():mle-diag-gmm.cc:359) Too little data - removing Gaussian (weight 0.001811, occupation count 9.885925, vector size 126)
WARNING (gmm-est[5.5.1017~3-12a20]:MleDiagGmmUpdate():mle-diag-gmm.cc:359) Too little data - removing Gaussian (weight 0.001384, occupation count 7.555000, vector size 126)
WARNING (gmm-est[5.5.1017~3-12a20]:MleDiagGmmUpdate():mle-diag-gmm.cc:359) Too little data - removing Gaussian (weight 0.001555, occupation count 8.486668, vector size 126)
WARNING (gmm-est[5.5.1017~3-12a20]:MleDiagGmmUpdate():mle-diag-gmm.cc:365) Gaussian has too little data but not removing it because it is the last Gaussian: i = 0, occ = 0, weight = 1
WARNING (gmm-est[5.5.1017~3-12a20]:MleDiagGmmUpdate():mle-diag-gmm.cc:359) Too little data - removing Gaussian (weight 0.023929, occupation count 9.739217, vector size 126)
WARNING (gmm-est[5.5.1017~3-12a20]:MleDiagGmmUpdate():mle-diag-gmm.cc:359) Too little data - removing Gaussian (weight 0.014217, occupation count 9.227086, vector size 126)
WARNING (gmm-est[5.5.1017~3-12a20]:MleDiagGmmUpdate():mle-diag-gmm.cc:359) Too little data - removing Gaussian (weight 0.014636, occupation count 9.498653, vector size 126)
WARNING (gmm-est[5.5.1017~3-12a20]:MleDiagGmmUpdate():mle-diag-gmm.cc:359) Too little data - removing Gaussian (weight 0.026809, occupation count 9.999863, vector size 126)
WARNING (gmm-est[5.5.1017~3-12a20]:MleDiagGmmUpdate():mle-diag-gmm.cc:359) Too little data - removing Gaussian (weight 0.052388, occupation count 9.953734, vector size 126)
WARNING (gmm-est[5.5.1017~3-12a20]:MleDiagGmmUpdate():mle-diag-gmm.cc:365) Gaussian has too little data but not removing it because it is the last Gaussian: i = 0, occ = 1, weight = 1
WARNING (gmm-est[5.5.1017~3-12a20]:MleDiagGmmUpdate():mle-diag-gmm.cc:365) Gaussian has too little data but not removing it because it is the last Gaussian: i = 0, occ = 2, weight = 1
WARNING (gmm-est[5.5.1017~3-12a20]:MleDiagGmmUpdate():mle-diag-gmm.cc:365) Gaussian has too little data but not removing it because it is the last Gaussian: i = 0, occ = 1, weight = 1
WARNING (gmm-est[5.5.1017~3-12a20]:MleDiagGmmUpdate():mle-diag-gmm.cc:365) Gaussian has too little data but not removing it because it is the last Gaussian: i = 0, occ = 1, weight = 1
WARNING (gmm-est[5.5.1017~3-12a20]:MleDiagGmmUpdate():mle-diag-gmm.cc:365) Gaussian has too little data but not removing it because it is the last Gaussian: i = 0, occ = 2, weight = 1
WARNING (gmm-est[5.5.1017~3-12a20]:MleDiagGmmUpdate():mle-diag-gmm.cc:359) Too little data - removing Gaussian (weight 0.021413, occupation count 9.999995, vector size 126)
WARNING (gmm-est[5.5.1017~3-12a20]:MleDiagGmmUpdate():mle-diag-gmm.cc:359) Too little data - removing Gaussian (weight 0.021413, occupation count 9.999999, vector size 126)
LOG (gmm-est[5.5.1017~3-12a20]:MleAmDiagGmmUpdate():mle-am-diag-gmm.cc:225) 82 variance elements floored in 82 Gaussians, out of 1989
LOG (gmm-est[5.5.1017~3-12a20]:MleAmDiagGmmUpdate():mle-am-diag-gmm.cc:229) Removed 10 Gaussians due to counts < --min-gaussian-occupancy=10 and --remove-low-count-gaussians=true
LOG (gmm-est[5.5.1017~3-12a20]:main():gmm-est.cc:113) GMM update: Overall 0.544191 objective function improvement per frame over 41289 frames
LOG (gmm-est[5.5.1017~3-12a20]:main():gmm-est.cc:116) GMM update: Overall avg like per frame = -145.917 over 41289 frames.
WARNING (gmm-est[5.5.1017~3-12a20]:GetSplitTargets():model-common.cc:134) Could not split up to 5000 due to min-count = 20 (or no counts at all)

LOG (gmm-est[5.5.1017~3-12a20]:SplitByCount():am-diag-gmm.cc:116) Split 136 states with target = 5000, power = 0.25, perturb_factor = 0.01 and min_count = 20, split #Gauss from 1989 to 1999
LOG (gmm-est[5.5.1017~3-12a20]:main():gmm-est.cc:146) Written model to exp/tri2a/7.mdl
# Accounting: time=0 threads=1
# Ended (code 0) at Sat Apr 23 13:39:19 CDT 2022, elapsed time 0 seconds
