# gmm-est --mix-up=10500 --power=0.25 --write-occs=exp/tri2a/18.occs exp/tri2a/17.mdl "gmm-sum-accs - exp/tri2a/17.*.acc |" exp/tri2a/18.mdl 
# Started at Fri Apr 22 18:08:57 CDT 2022
#
gmm-est --mix-up=10500 --power=0.25 --write-occs=exp/tri2a/18.occs exp/tri2a/17.mdl 'gmm-sum-accs - exp/tri2a/17.*.acc |' exp/tri2a/18.mdl 
gmm-sum-accs - exp/tri2a/17.1.acc 
LOG (gmm-sum-accs[5.5.1013~6-d787]:main():gmm-sum-accs.cc:63) Summed 1 stats, total count 34473, avg like/frame -145.584
LOG (gmm-sum-accs[5.5.1013~6-d787]:main():gmm-sum-accs.cc:66) Total count of stats is 34473
LOG (gmm-sum-accs[5.5.1013~6-d787]:main():gmm-sum-accs.cc:67) Written stats to -
LOG (gmm-est[5.5.1013~6-d787]:MleUpdate():transition-model.cc:528) TransitionModel::Update, objf change is 0 per frame over 34473 frames. 
LOG (gmm-est[5.5.1013~6-d787]:MleUpdate():transition-model.cc:531) 17 probabilities floored, 431 out of 564 transition-states skipped due to insuffient data (it is normal to have some skipped.)
LOG (gmm-est[5.5.1013~6-d787]:main():gmm-est.cc:102) Transition model update: Overall 0 log-like improvement per frame over 34473 frames.
WARNING (gmm-est[5.5.1013~6-d787]:MleDiagGmmUpdate():mle-diag-gmm.cc:365) Gaussian has too little data but not removing it because it is the last Gaussian: i = 0, occ = 0, weight = 1
WARNING (gmm-est[5.5.1013~6-d787]:MleDiagGmmUpdate():mle-diag-gmm.cc:365) Gaussian has too little data but not removing it because it is the last Gaussian: i = 0, occ = 1, weight = 1
WARNING (gmm-est[5.5.1013~6-d787]:MleDiagGmmUpdate():mle-diag-gmm.cc:365) Gaussian has too little data but not removing it because it is the last Gaussian: i = 0, occ = 1, weight = 1
WARNING (gmm-est[5.5.1013~6-d787]:MleDiagGmmUpdate():mle-diag-gmm.cc:365) Gaussian has too little data but not removing it because it is the last Gaussian: i = 0, occ = 1, weight = 1
WARNING (gmm-est[5.5.1013~6-d787]:MleDiagGmmUpdate():mle-diag-gmm.cc:365) Gaussian has too little data but not removing it because it is the last Gaussian: i = 0, occ = 3, weight = 1
WARNING (gmm-est[5.5.1013~6-d787]:MleDiagGmmUpdate():mle-diag-gmm.cc:365) Gaussian has too little data but not removing it because it is the last Gaussian: i = 0, occ = 4, weight = 1
WARNING (gmm-est[5.5.1013~6-d787]:MleDiagGmmUpdate():mle-diag-gmm.cc:365) Gaussian has too little data but not removing it because it is the last Gaussian: i = 0, occ = 1, weight = 1
LOG (gmm-est[5.5.1013~6-d787]:MleAmDiagGmmUpdate():mle-am-diag-gmm.cc:225) 128 variance elements floored in 115 Gaussians, out of 1671
LOG (gmm-est[5.5.1013~6-d787]:MleAmDiagGmmUpdate():mle-am-diag-gmm.cc:229) Removed 0 Gaussians due to counts < --min-gaussian-occupancy=10 and --remove-low-count-gaussians=true
LOG (gmm-est[5.5.1013~6-d787]:main():gmm-est.cc:113) GMM update: Overall 0.00107033 objective function improvement per frame over 34473 frames
LOG (gmm-est[5.5.1013~6-d787]:main():gmm-est.cc:116) GMM update: Overall avg like per frame = -145.584 over 34473 frames.
WARNING (gmm-est[5.5.1013~6-d787]:GetSplitTargets():model-common.cc:134) Could not split up to 10500 due to min-count = 20 (or no counts at all)

LOG (gmm-est[5.5.1013~6-d787]:SplitByCount():am-diag-gmm.cc:116) Split 128 states with target = 10500, power = 0.25, perturb_factor = 0.01 and min_count = 20, split #Gauss from 1671 to 1671
LOG (gmm-est[5.5.1013~6-d787]:main():gmm-est.cc:146) Written model to exp/tri2a/18.mdl
# Accounting: time=0 threads=1
# Ended (code 0) at Fri Apr 22 18:08:57 CDT 2022, elapsed time 0 seconds
