# lattice-depth-per-frame "ark:gunzip -c exp/mono/decode/lat.1.gz|" "ark,t:|gzip -c > exp/mono/decode/depth_tmp.1.gz" ark:- | lattice-best-path --acoustic-scale=0.1 ark:- ark:/dev/null "ark,t:|gzip -c >exp/mono/decode/ali_tmp.1.gz" 
# Started at Sat Apr 23 11:01:56 CDT 2022
#
lattice-depth-per-frame 'ark:gunzip -c exp/mono/decode/lat.1.gz|' 'ark,t:|gzip -c > exp/mono/decode/depth_tmp.1.gz' ark:- 
lattice-best-path --acoustic-scale=0.1 ark:- ark:/dev/null 'ark,t:|gzip -c >exp/mono/decode/ali_tmp.1.gz' 
LOG (lattice-best-path[5.5.1013~6-d787]:main():lattice-best-path.cc:99) For utterance sess10_down_0, best cost 8.51967 + 930.237 = 938.756 over 62 frames.
LOG (lattice-best-path[5.5.1013~6-d787]:main():lattice-best-path.cc:99) For utterance sess10_down_1, best cost 9.05666 + 969.929 = 978.986 over 64 frames.
LOG (lattice-best-path[5.5.1013~6-d787]:main():lattice-best-path.cc:99) For utterance sess10_down_2, best cost 8.53959 + 1006.95 = 1015.49 over 65 frames.
LOG (lattice-best-path[5.5.1013~6-d787]:main():lattice-best-path.cc:99) For utterance sess10_down_3, best cost 8.8389 + 905.94 = 914.779 over 59 frames.
LOG (lattice-best-path[5.5.1013~6-d787]:main():lattice-best-path.cc:99) For utterance sess10_down_4, best cost 8.42097 + 858.136 = 866.557 over 55 frames.
LOG (lattice-best-path[5.5.1013~6-d787]:main():lattice-best-path.cc:99) For utterance sess10_eight_0, best cost 8.71071 + 777.785 = 786.496 over 53 frames.
LOG (lattice-best-path[5.5.1013~6-d787]:main():lattice-best-path.cc:99) For utterance sess10_eight_1, best cost 8.28998 + 867.925 = 876.215 over 58 frames.
LOG (lattice-best-path[5.5.1013~6-d787]:main():lattice-best-path.cc:99) For utterance sess10_eight_2, best cost 8.4605 + 729.245 = 737.706 over 49 frames.
LOG (lattice-best-path[5.5.1013~6-d787]:main():lattice-best-path.cc:99) For utterance sess10_eight_3, best cost 8.39601 + 1001.6 = 1010 over 69 frames.
LOG (lattice-best-path[5.5.1013~6-d787]:main():lattice-best-path.cc:99) For utterance sess10_eight_4, best cost 8.72318 + 857.362 = 866.085 over 58 frames.
LOG (lattice-best-path[5.5.1013~6-d787]:main():lattice-best-path.cc:99) For utterance sess10_five_0, best cost 13.3163 + 995.379 = 1008.7 over 68 frames.
LOG (lattice-best-path[5.5.1013~6-d787]:main():lattice-best-path.cc:99) For utterance sess10_five_1, best cost 8.85559 + 950.903 = 959.759 over 63 frames.
LOG (lattice-best-path[5.5.1013~6-d787]:main():lattice-best-path.cc:99) For utterance sess10_five_2, best cost 8.89968 + 944.497 = 953.397 over 65 frames.
LOG (lattice-best-path[5.5.1013~6-d787]:main():lattice-best-path.cc:99) For utterance sess10_five_3, best cost 8.84363 + 905.732 = 914.575 over 59 frames.
LOG (lattice-best-path[5.5.1013~6-d787]:main():lattice-best-path.cc:99) For utterance sess10_five_4, best cost 8.41728 + 905.68 = 914.097 over 62 frames.
LOG (lattice-best-path[5.5.1013~6-d787]:main():lattice-best-path.cc:99) For utterance sess10_four_0, best cost 8.61829 + 989.434 = 998.052 over 65 frames.
LOG (lattice-best-path[5.5.1013~6-d787]:main():lattice-best-path.cc:99) For utterance sess10_four_1, best cost 8.83443 + 982.551 = 991.386 over 65 frames.
LOG (lattice-best-path[5.5.1013~6-d787]:main():lattice-best-path.cc:99) For utterance sess10_four_2, best cost 8.96433 + 982.921 = 991.886 over 63 frames.
LOG (lattice-best-path[5.5.1013~6-d787]:main():lattice-best-path.cc:99) For utterance sess10_four_3, best cost 8.14475 + 937.231 = 945.375 over 61 frames.
LOG (lattice-best-path[5.5.1013~6-d787]:main():lattice-best-path.cc:99) For utterance sess10_four_4, best cost 8.40357 + 907.332 = 915.735 over 60 frames.
LOG (lattice-best-path[5.5.1013~6-d787]:main():lattice-best-path.cc:99) For utterance sess10_left_0, best cost 8.17242 + 853.399 = 861.572 over 55 frames.
LOG (lattice-best-path[5.5.1013~6-d787]:main():lattice-best-path.cc:99) For utterance sess10_left_1, best cost 8.51524 + 955.629 = 964.144 over 63 frames.
LOG (lattice-best-path[5.5.1013~6-d787]:main():lattice-best-path.cc:99) For utterance sess10_left_2, best cost 8.49084 + 935.432 = 943.923 over 60 frames.
LOG (lattice-depth-per-frame[5.5.1013~6-d787]:main():lattice-depth-per-frame.cc:82) Done 70 lattices.
LOG (lattice-best-path[5.5.1013~6-d787]:main():lattice-best-path.cc:99) For utterance sess10_left_3, best cost 8.7625 + 947.876 = 956.639 over 64 frames.
LOG (lattice-best-path[5.5.1013~6-d787]:main():lattice-best-path.cc:99) For utterance sess10_left_4, best cost 8.7594 + 997.413 = 1006.17 over 66 frames.
LOG (lattice-best-path[5.5.1013~6-d787]:main():lattice-best-path.cc:99) For utterance sess10_nine_0, best cost 8.93389 + 980.164 = 989.098 over 66 frames.
LOG (lattice-best-path[5.5.1013~6-d787]:main():lattice-best-path.cc:99) For utterance sess10_nine_1, best cost 8.5664 + 920.387 = 928.953 over 63 frames.
LOG (lattice-best-path[5.5.1013~6-d787]:main():lattice-best-path.cc:99) For utterance sess10_nine_2, best cost 8.53574 + 816.534 = 825.069 over 58 frames.
LOG (lattice-best-path[5.5.1013~6-d787]:main():lattice-best-path.cc:99) For utterance sess10_nine_3, best cost 8.55932 + 886.977 = 895.536 over 62 frames.
LOG (lattice-best-path[5.5.1013~6-d787]:main():lattice-best-path.cc:99) For utterance sess10_nine_4, best cost 8.22145 + 756.632 = 764.854 over 49 frames.
LOG (lattice-best-path[5.5.1013~6-d787]:main():lattice-best-path.cc:99) For utterance sess10_one_0, best cost 8.40835 + 984.682 = 993.09 over 65 frames.
LOG (lattice-best-path[5.5.1013~6-d787]:main():lattice-best-path.cc:99) For utterance sess10_one_1, best cost 8.04837 + 912.173 = 920.221 over 59 frames.
LOG (lattice-best-path[5.5.1013~6-d787]:main():lattice-best-path.cc:99) For utterance sess10_one_2, best cost 8.17922 + 849.191 = 857.37 over 57 frames.
LOG (lattice-best-path[5.5.1013~6-d787]:main():lattice-best-path.cc:99) For utterance sess10_one_3, best cost 8.24352 + 1066.51 = 1074.76 over 70 frames.
LOG (lattice-best-path[5.5.1013~6-d787]:main():lattice-best-path.cc:99) For utterance sess10_one_4, best cost 8.43696 + 992.729 = 1001.17 over 66 frames.
LOG (lattice-best-path[5.5.1013~6-d787]:main():lattice-best-path.cc:99) For utterance sess10_right_0, best cost 8.29495 + 922.165 = 930.46 over 62 frames.
LOG (lattice-best-path[5.5.1013~6-d787]:main():lattice-best-path.cc:99) For utterance sess10_right_1, best cost 8.15548 + 1002.09 = 1010.24 over 67 frames.
LOG (lattice-best-path[5.5.1013~6-d787]:main():lattice-best-path.cc:99) For utterance sess10_right_2, best cost 8.12489 + 1023.94 = 1032.07 over 67 frames.
LOG (lattice-best-path[5.5.1013~6-d787]:main():lattice-best-path.cc:99) For utterance sess10_right_3, best cost 8.33853 + 962.742 = 971.081 over 63 frames.
LOG (lattice-best-path[5.5.1013~6-d787]:main():lattice-best-path.cc:99) For utterance sess10_right_4, best cost 8.61023 + 859.116 = 867.726 over 56 frames.
LOG (lattice-best-path[5.5.1013~6-d787]:main():lattice-best-path.cc:99) For utterance sess10_seven_0, best cost 8.8745 + 830.245 = 839.12 over 59 frames.
LOG (lattice-best-path[5.5.1013~6-d787]:main():lattice-best-path.cc:99) For utterance sess10_seven_1, best cost 9.26218 + 898.415 = 907.677 over 59 frames.
LOG (lattice-best-path[5.5.1013~6-d787]:main():lattice-best-path.cc:99) For utterance sess10_seven_2, best cost 8.87396 + 898.932 = 907.806 over 60 frames.
LOG (lattice-best-path[5.5.1013~6-d787]:main():lattice-best-path.cc:99) For utterance sess10_seven_3, best cost 8.75877 + 943.598 = 952.356 over 61 frames.
LOG (lattice-best-path[5.5.1013~6-d787]:main():lattice-best-path.cc:99) For utterance sess10_seven_4, best cost 8.76541 + 910.272 = 919.038 over 61 frames.
LOG (lattice-best-path[5.5.1013~6-d787]:main():lattice-best-path.cc:99) For utterance sess10_six_0, best cost 9.2356 + 941.532 = 950.767 over 64 frames.
LOG (lattice-best-path[5.5.1013~6-d787]:main():lattice-best-path.cc:99) For utterance sess10_six_1, best cost 8.79492 + 899.527 = 908.322 over 60 frames.
LOG (lattice-best-path[5.5.1013~6-d787]:main():lattice-best-path.cc:99) For utterance sess10_six_2, best cost 8.57139 + 927.82 = 936.392 over 62 frames.
LOG (lattice-best-path[5.5.1013~6-d787]:main():lattice-best-path.cc:99) For utterance sess10_six_3, best cost 12.9478 + 1053.3 = 1066.25 over 72 frames.
LOG (lattice-best-path[5.5.1013~6-d787]:main():lattice-best-path.cc:99) For utterance sess10_six_4, best cost 8.84857 + 955.757 = 964.606 over 64 frames.
LOG (lattice-best-path[5.5.1013~6-d787]:main():lattice-best-path.cc:99) For utterance sess10_three_0, best cost 8.93904 + 988.264 = 997.203 over 65 frames.
LOG (lattice-best-path[5.5.1013~6-d787]:main():lattice-best-path.cc:99) For utterance sess10_three_1, best cost 8.20171 + 982.467 = 990.668 over 63 frames.
LOG (lattice-best-path[5.5.1013~6-d787]:main():lattice-best-path.cc:99) For utterance sess10_three_2, best cost 8.49492 + 970.784 = 979.279 over 61 frames.
LOG (lattice-best-path[5.5.1013~6-d787]:main():lattice-best-path.cc:99) For utterance sess10_three_3, best cost 8.64796 + 952.857 = 961.505 over 61 frames.
LOG (lattice-best-path[5.5.1013~6-d787]:main():lattice-best-path.cc:99) For utterance sess10_three_4, best cost 8.23402 + 937.551 = 945.785 over 61 frames.
LOG (lattice-best-path[5.5.1013~6-d787]:main():lattice-best-path.cc:99) For utterance sess10_two_0, best cost 8.43284 + 863.184 = 871.617 over 56 frames.
LOG (lattice-best-path[5.5.1013~6-d787]:main():lattice-best-path.cc:99) For utterance sess10_two_1, best cost 7.74026 + 713.504 = 721.244 over 47 frames.
LOG (lattice-best-path[5.5.1013~6-d787]:main():lattice-best-path.cc:99) For utterance sess10_two_2, best cost 13.0363 + 852.026 = 865.062 over 56 frames.
LOG (lattice-best-path[5.5.1013~6-d787]:main():lattice-best-path.cc:99) For utterance sess10_two_3, best cost 8.34091 + 940.718 = 949.059 over 61 frames.
LOG (lattice-best-path[5.5.1013~6-d787]:main():lattice-best-path.cc:99) For utterance sess10_two_4, best cost 8.59305 + 902.659 = 911.252 over 60 frames.
LOG (lattice-best-path[5.5.1013~6-d787]:main():lattice-best-path.cc:99) For utterance sess10_up_0, best cost 12.7706 + 833.578 = 846.349 over 56 frames.
LOG (lattice-best-path[5.5.1013~6-d787]:main():lattice-best-path.cc:99) For utterance sess10_up_1, best cost 7.63889 + 853.445 = 861.084 over 55 frames.
LOG (lattice-best-path[5.5.1013~6-d787]:main():lattice-best-path.cc:99) For utterance sess10_up_2, best cost 8.45744 + 919.691 = 928.148 over 64 frames.
LOG (lattice-best-path[5.5.1013~6-d787]:main():lattice-best-path.cc:99) For utterance sess10_up_3, best cost 8.18694 + 793.408 = 801.595 over 53 frames.
LOG (lattice-best-path[5.5.1013~6-d787]:main():lattice-best-path.cc:99) For utterance sess10_up_4, best cost 8.47998 + 870.46 = 878.94 over 59 frames.
LOG (lattice-best-path[5.5.1013~6-d787]:main():lattice-best-path.cc:99) For utterance sess10_zero_0, best cost 13.5305 + 944.286 = 957.817 over 61 frames.
LOG (lattice-best-path[5.5.1013~6-d787]:main():lattice-best-path.cc:99) For utterance sess10_zero_1, best cost 8.25811 + 963.373 = 971.631 over 63 frames.
LOG (lattice-best-path[5.5.1013~6-d787]:main():lattice-best-path.cc:99) For utterance sess10_zero_2, best cost 9.03997 + 845.315 = 854.355 over 53 frames.
LOG (lattice-best-path[5.5.1013~6-d787]:main():lattice-best-path.cc:99) For utterance sess10_zero_3, best cost 9.01128 + 878.853 = 887.864 over 58 frames.
LOG (lattice-best-path[5.5.1013~6-d787]:main():lattice-best-path.cc:99) For utterance sess10_zero_4, best cost 9.12279 + 905.711 = 914.834 over 57 frames.
LOG (lattice-best-path[5.5.1013~6-d787]:main():lattice-best-path.cc:124) Overall cost per frame is 15.2424 = 0.14618 [graph] + 15.0962 [acoustic] over 4253 frames.
LOG (lattice-best-path[5.5.1013~6-d787]:main():lattice-best-path.cc:128) Done 70 lattices, failed for 0
# Accounting: time=0 threads=1
# Ended (code 0) at Sat Apr 23 11:01:56 CDT 2022, elapsed time 0 seconds
