# lattice-best-path --lm-scale=6 --word-symbol-table=exp/mono/graph/words.txt "ark:gunzip -c exp/mono/decode/lat.*.gz|" ark,t:exp/mono/decode/scoring/6.tra 
# Started at Mon Apr 25 20:44:04 CDT 2022
#
lattice-best-path --lm-scale=6 --word-symbol-table=exp/mono/graph/words.txt 'ark:gunzip -c exp/mono/decode/lat.*.gz|' ark,t:exp/mono/decode/scoring/6.tra 
LOG (lattice-best-path[5.5.1017~3-12a20]:main():lattice-best-path.cc:99) For utterance sess15_down_0, best cost 83.3979 + 9380 = 9463.39 over 59 frames.
sess15_down_0 right right 
LOG (lattice-best-path[5.5.1017~3-12a20]:main():lattice-best-path.cc:99) For utterance sess15_down_1, best cost 54.4839 + 10037.5 = 10092 over 63 frames.
sess15_down_1 down 
LOG (lattice-best-path[5.5.1017~3-12a20]:main():lattice-best-path.cc:99) For utterance sess15_down_2, best cost 55.4744 + 9586.22 = 9641.69 over 60 frames.
sess15_down_2 down 
LOG (lattice-best-path[5.5.1017~3-12a20]:main():lattice-best-path.cc:99) For utterance sess15_down_3, best cost 56.7392 + 10106.1 = 10162.8 over 63 frames.
sess15_down_3 down 
LOG (lattice-best-path[5.5.1017~3-12a20]:main():lattice-best-path.cc:99) For utterance sess15_down_4, best cost 53.1051 + 8467.4 = 8520.5 over 54 frames.
sess15_down_4 down 
LOG (lattice-best-path[5.5.1017~3-12a20]:main():lattice-best-path.cc:99) For utterance sess15_eight_0, best cost 50.1506 + 7587.02 = 7637.17 over 50 frames.
sess15_eight_0 eight 
LOG (lattice-best-path[5.5.1017~3-12a20]:main():lattice-best-path.cc:99) For utterance sess15_eight_1, best cost 53.8059 + 8663.33 = 8717.14 over 56 frames.
sess15_eight_1 nine 
LOG (lattice-best-path[5.5.1017~3-12a20]:main():lattice-best-path.cc:99) For utterance sess15_eight_2, best cost 49.2589 + 7614.7 = 7663.96 over 50 frames.
sess15_eight_2 eight 
LOG (lattice-best-path[5.5.1017~3-12a20]:main():lattice-best-path.cc:99) For utterance sess15_eight_3, best cost 52.7955 + 8531.35 = 8584.14 over 56 frames.
sess15_eight_3 right 
LOG (lattice-best-path[5.5.1017~3-12a20]:main():lattice-best-path.cc:99) For utterance sess15_eight_4, best cost 52.7134 + 8563.68 = 8616.39 over 55 frames.
sess15_eight_4 right 
LOG (lattice-best-path[5.5.1017~3-12a20]:main():lattice-best-path.cc:99) For utterance sess15_five_0, best cost 51.6172 + 8312.74 = 8364.35 over 53 frames.
sess15_five_0 five 
LOG (lattice-best-path[5.5.1017~3-12a20]:main():lattice-best-path.cc:99) For utterance sess15_five_1, best cost 53.822 + 10663.1 = 10716.9 over 66 frames.
sess15_five_1 five 
LOG (lattice-best-path[5.5.1017~3-12a20]:main():lattice-best-path.cc:99) For utterance sess15_five_2, best cost 51.8773 + 8258.36 = 8310.23 over 53 frames.
sess15_five_2 five 
LOG (lattice-best-path[5.5.1017~3-12a20]:main():lattice-best-path.cc:99) For utterance sess15_five_3, best cost 52.2806 + 8681.71 = 8733.99 over 57 frames.
sess15_five_3 five 
LOG (lattice-best-path[5.5.1017~3-12a20]:main():lattice-best-path.cc:99) For utterance sess15_five_4, best cost 47.0604 + 9146.3 = 9193.36 over 54 frames.
sess15_five_4 five 
LOG (lattice-best-path[5.5.1017~3-12a20]:main():lattice-best-path.cc:99) For utterance sess15_four_0, best cost 52.0611 + 8965.38 = 9017.44 over 57 frames.
sess15_four_0 four 
LOG (lattice-best-path[5.5.1017~3-12a20]:main():lattice-best-path.cc:99) For utterance sess15_four_1, best cost 51.3062 + 9098.51 = 9149.82 over 56 frames.
sess15_four_1 right 
LOG (lattice-best-path[5.5.1017~3-12a20]:main():lattice-best-path.cc:99) For utterance sess15_four_2, best cost 51.3687 + 8276.33 = 8327.7 over 52 frames.
sess15_four_2 four 
LOG (lattice-best-path[5.5.1017~3-12a20]:main():lattice-best-path.cc:99) For utterance sess15_four_3, best cost 48.2669 + 8938.51 = 8986.78 over 57 frames.
sess15_four_3 four 
LOG (lattice-best-path[5.5.1017~3-12a20]:main():lattice-best-path.cc:99) For utterance sess15_four_4, best cost 52.1854 + 9803.05 = 9855.24 over 64 frames.
sess15_four_4 four 
LOG (lattice-best-path[5.5.1017~3-12a20]:main():lattice-best-path.cc:99) For utterance sess15_left_0, best cost 50.4633 + 7689.95 = 7740.42 over 49 frames.
sess15_left_0 left 
LOG (lattice-best-path[5.5.1017~3-12a20]:main():lattice-best-path.cc:99) For utterance sess15_left_1, best cost 52.4865 + 8966.02 = 9018.51 over 59 frames.
sess15_left_1 left 
LOG (lattice-best-path[5.5.1017~3-12a20]:main():lattice-best-path.cc:99) For utterance sess15_left_2, best cost 48.4451 + 8682.94 = 8731.39 over 55 frames.
sess15_left_2 left 
LOG (lattice-best-path[5.5.1017~3-12a20]:main():lattice-best-path.cc:99) For utterance sess15_left_3, best cost 51.6739 + 7329.68 = 7381.35 over 48 frames.
sess15_left_3 left 
LOG (lattice-best-path[5.5.1017~3-12a20]:main():lattice-best-path.cc:99) For utterance sess15_left_4, best cost 52.1401 + 8793.22 = 8845.36 over 57 frames.
sess15_left_4 left 
LOG (lattice-best-path[5.5.1017~3-12a20]:main():lattice-best-path.cc:99) For utterance sess15_nine_0, best cost 51.9787 + 8251.01 = 8302.99 over 57 frames.
sess15_nine_0 nine 
LOG (lattice-best-path[5.5.1017~3-12a20]:main():lattice-best-path.cc:99) For utterance sess15_nine_1, best cost 51.5639 + 7760.55 = 7812.11 over 51 frames.
sess15_nine_1 nine 
LOG (lattice-best-path[5.5.1017~3-12a20]:main():lattice-best-path.cc:99) For utterance sess15_nine_2, best cost 48.8289 + 8500.02 = 8548.85 over 55 frames.
sess15_nine_2 nine 
LOG (lattice-best-path[5.5.1017~3-12a20]:main():lattice-best-path.cc:99) For utterance sess15_nine_3, best cost 52.7164 + 8209.47 = 8262.19 over 53 frames.
sess15_nine_3 nine 
LOG (lattice-best-path[5.5.1017~3-12a20]:main():lattice-best-path.cc:99) For utterance sess15_nine_4, best cost 51.3455 + 8130.13 = 8181.48 over 56 frames.
sess15_nine_4 nine 
LOG (lattice-best-path[5.5.1017~3-12a20]:main():lattice-best-path.cc:99) For utterance sess15_one_0, best cost 48.9453 + 9079.68 = 9128.63 over 57 frames.
sess15_one_0 right 
LOG (lattice-best-path[5.5.1017~3-12a20]:main():lattice-best-path.cc:99) For utterance sess15_one_1, best cost 50.7912 + 8675.76 = 8726.55 over 55 frames.
sess15_one_1 one 
LOG (lattice-best-path[5.5.1017~3-12a20]:main():lattice-best-path.cc:99) For utterance sess15_one_2, best cost 52.6259 + 10577.3 = 10629.9 over 68 frames.
sess15_one_2 one 
LOG (lattice-best-path[5.5.1017~3-12a20]:main():lattice-best-path.cc:99) For utterance sess15_one_3, best cost 49.5072 + 8626.54 = 8676.05 over 53 frames.
sess15_one_3 one 
LOG (lattice-best-path[5.5.1017~3-12a20]:main():lattice-best-path.cc:99) For utterance sess15_one_4, best cost 58.1648 + 9194.22 = 9252.38 over 60 frames.
sess15_one_4 right 
LOG (lattice-best-path[5.5.1017~3-12a20]:main():lattice-best-path.cc:99) For utterance sess15_right_0, best cost 49.3903 + 8955.14 = 9004.53 over 55 frames.
sess15_right_0 right 
LOG (lattice-best-path[5.5.1017~3-12a20]:main():lattice-best-path.cc:99) For utterance sess15_right_1, best cost 51.3665 + 9519.4 = 9570.77 over 59 frames.
sess15_right_1 right 
LOG (lattice-best-path[5.5.1017~3-12a20]:main():lattice-best-path.cc:99) For utterance sess15_right_2, best cost 53.3537 + 8936.16 = 8989.51 over 57 frames.
sess15_right_2 right 
LOG (lattice-best-path[5.5.1017~3-12a20]:main():lattice-best-path.cc:99) For utterance sess15_right_3, best cost 51.9623 + 9988.02 = 10040 over 63 frames.
sess15_right_3 right 
LOG (lattice-best-path[5.5.1017~3-12a20]:main():lattice-best-path.cc:99) For utterance sess15_right_4, best cost 51.7121 + 10010.8 = 10062.5 over 61 frames.
sess15_right_4 right 
LOG (lattice-best-path[5.5.1017~3-12a20]:main():lattice-best-path.cc:99) For utterance sess15_seven_0, best cost 52.3757 + 9275.41 = 9327.78 over 58 frames.
sess15_seven_0 seven 
LOG (lattice-best-path[5.5.1017~3-12a20]:main():lattice-best-path.cc:99) For utterance sess15_seven_1, best cost 53.3542 + 8243.63 = 8296.98 over 53 frames.
sess15_seven_1 seven 
LOG (lattice-best-path[5.5.1017~3-12a20]:main():lattice-best-path.cc:99) For utterance sess15_seven_2, best cost 52.8495 + 7776.23 = 7829.08 over 51 frames.
sess15_seven_2 seven 
LOG (lattice-best-path[5.5.1017~3-12a20]:main():lattice-best-path.cc:99) For utterance sess15_seven_3, best cost 54.4012 + 8683.87 = 8738.27 over 55 frames.
sess15_seven_3 seven 
LOG (lattice-best-path[5.5.1017~3-12a20]:main():lattice-best-path.cc:99) For utterance sess15_seven_4, best cost 52.8267 + 9446.66 = 9499.49 over 59 frames.
sess15_seven_4 seven 
LOG (lattice-best-path[5.5.1017~3-12a20]:main():lattice-best-path.cc:99) For utterance sess15_six_0, best cost 50.6628 + 8403.67 = 8454.33 over 52 frames.
sess15_six_0 six 
LOG (lattice-best-path[5.5.1017~3-12a20]:main():lattice-best-path.cc:99) For utterance sess15_six_1, best cost 51.9211 + 8624.42 = 8676.34 over 53 frames.
sess15_six_1 right 
LOG (lattice-best-path[5.5.1017~3-12a20]:main():lattice-best-path.cc:99) For utterance sess15_six_2, best cost 49.9521 + 9124.12 = 9174.07 over 57 frames.
sess15_six_2 right 
LOG (lattice-best-path[5.5.1017~3-12a20]:main():lattice-best-path.cc:99) For utterance sess15_six_3, best cost 52.0295 + 8355.38 = 8407.41 over 53 frames.
sess15_six_3 right 
LOG (lattice-best-path[5.5.1017~3-12a20]:main():lattice-best-path.cc:99) For utterance sess15_six_4, best cost 78.0886 + 10094 = 10172.1 over 62 frames.
sess15_six_4 right nine 
LOG (lattice-best-path[5.5.1017~3-12a20]:main():lattice-best-path.cc:99) For utterance sess15_three_0, best cost 53.8636 + 8759.84 = 8813.7 over 53 frames.
sess15_three_0 three 
LOG (lattice-best-path[5.5.1017~3-12a20]:main():lattice-best-path.cc:99) For utterance sess15_three_1, best cost 53.1313 + 8846.54 = 8899.67 over 55 frames.
sess15_three_1 three 
LOG (lattice-best-path[5.5.1017~3-12a20]:main():lattice-best-path.cc:99) For utterance sess15_three_2, best cost 52.974 + 9664.49 = 9717.46 over 59 frames.
sess15_three_2 three 
LOG (lattice-best-path[5.5.1017~3-12a20]:main():lattice-best-path.cc:99) For utterance sess15_three_3, best cost 54.2183 + 9452.46 = 9506.68 over 60 frames.
sess15_three_3 three 
LOG (lattice-best-path[5.5.1017~3-12a20]:main():lattice-best-path.cc:99) For utterance sess15_three_4, best cost 53.971 + 8707.02 = 8760.99 over 56 frames.
sess15_three_4 three 
LOG (lattice-best-path[5.5.1017~3-12a20]:main():lattice-best-path.cc:99) For utterance sess15_two_0, best cost 75.2439 + 9616.39 = 9691.63 over 57 frames.
sess15_two_0 two nine 
LOG (lattice-best-path[5.5.1017~3-12a20]:main():lattice-best-path.cc:99) For utterance sess15_two_1, best cost 49.7325 + 9028.76 = 9078.49 over 57 frames.
sess15_two_1 two 
LOG (lattice-best-path[5.5.1017~3-12a20]:main():lattice-best-path.cc:99) For utterance sess15_two_2, best cost 49.2663 + 9444.73 = 9494 over 59 frames.
sess15_two_2 two 
LOG (lattice-best-path[5.5.1017~3-12a20]:main():lattice-best-path.cc:99) For utterance sess15_two_3, best cost 50.0506 + 8419.77 = 8469.82 over 53 frames.
sess15_two_3 two 
LOG (lattice-best-path[5.5.1017~3-12a20]:main():lattice-best-path.cc:99) For utterance sess15_two_4, best cost 49.3768 + 8486.5 = 8535.87 over 55 frames.
sess15_two_4 two 
LOG (lattice-best-path[5.5.1017~3-12a20]:main():lattice-best-path.cc:99) For utterance sess15_up_0, best cost 47.829 + 7439.8 = 7487.63 over 46 frames.
sess15_up_0 up 
LOG (lattice-best-path[5.5.1017~3-12a20]:main():lattice-best-path.cc:99) For utterance sess15_up_1, best cost 46.6227 + 7863.16 = 7909.78 over 47 frames.
sess15_up_1 up 
LOG (lattice-best-path[5.5.1017~3-12a20]:main():lattice-best-path.cc:99) For utterance sess15_up_2, best cost 48.593 + 8378.54 = 8427.13 over 51 frames.
sess15_up_2 up 
LOG (lattice-best-path[5.5.1017~3-12a20]:main():lattice-best-path.cc:99) For utterance sess15_up_3, best cost 49.1452 + 8027.42 = 8076.56 over 50 frames.
sess15_up_3 up 
LOG (lattice-best-path[5.5.1017~3-12a20]:main():lattice-best-path.cc:99) For utterance sess15_up_4, best cost 49.7794 + 8884.47 = 8934.25 over 56 frames.
sess15_up_4 up 
LOG (lattice-best-path[5.5.1017~3-12a20]:main():lattice-best-path.cc:99) For utterance sess15_zero_0, best cost 56.2715 + 9733 = 9789.27 over 61 frames.
sess15_zero_0 zero 
LOG (lattice-best-path[5.5.1017~3-12a20]:main():lattice-best-path.cc:99) For utterance sess15_zero_1, best cost 56.7712 + 10282.6 = 10339.4 over 64 frames.
sess15_zero_1 zero 
LOG (lattice-best-path[5.5.1017~3-12a20]:main():lattice-best-path.cc:99) For utterance sess15_zero_2, best cost 57.0143 + 10814.2 = 10871.2 over 66 frames.
sess15_zero_2 zero 
LOG (lattice-best-path[5.5.1017~3-12a20]:main():lattice-best-path.cc:99) For utterance sess15_zero_3, best cost 54.7955 + 8821.6 = 8876.39 over 56 frames.
sess15_zero_3 zero 
LOG (lattice-best-path[5.5.1017~3-12a20]:main():lattice-best-path.cc:99) For utterance sess15_zero_4, best cost 55.8392 + 9516.5 = 9572.34 over 59 frames.
sess15_zero_4 zero 
LOG (lattice-best-path[5.5.1017~3-12a20]:main():lattice-best-path.cc:124) Overall cost per frame is 159.169 = 0.944152 [graph] + 158.225 [acoustic] over 3936 frames.
LOG (lattice-best-path[5.5.1017~3-12a20]:main():lattice-best-path.cc:128) Done 70 lattices, failed for 0
# Accounting: time=0 threads=1
# Ended (code 0) at Mon Apr 25 20:44:04 CDT 2022, elapsed time 0 seconds
