# lattice-best-path --lm-scale=11 --word-symbol-table=exp/mono/graph/words.txt "ark:gunzip -c exp/mono/decode/lat.*.gz|" ark,t:exp/mono/decode/scoring/11.tra 
# Started at Sat Apr 23 12:40:20 CDT 2022
#
lattice-best-path --lm-scale=11 --word-symbol-table=exp/mono/graph/words.txt 'ark:gunzip -c exp/mono/decode/lat.*.gz|' ark,t:exp/mono/decode/scoring/11.tra 
LOG (lattice-best-path[5.5.1017~3-12a20]:main():lattice-best-path.cc:99) For utterance sess10_down_0, best cost 94.117 + 9318.5 = 9412.62 over 62 frames.
sess10_down_0 down 
LOG (lattice-best-path[5.5.1017~3-12a20]:main():lattice-best-path.cc:99) For utterance sess10_down_1, best cost 97.6405 + 9719.77 = 9817.41 over 64 frames.
sess10_down_1 down 
LOG (lattice-best-path[5.5.1017~3-12a20]:main():lattice-best-path.cc:99) For utterance sess10_down_2, best cost 91.4772 + 10062.6 = 10154.1 over 65 frames.
sess10_down_2 down 
LOG (lattice-best-path[5.5.1017~3-12a20]:main():lattice-best-path.cc:99) For utterance sess10_down_3, best cost 99.8423 + 9019.74 = 9119.58 over 59 frames.
sess10_down_3 right 
LOG (lattice-best-path[5.5.1017~3-12a20]:main():lattice-best-path.cc:99) For utterance sess10_down_4, best cost 90.9478 + 8551.01 = 8641.96 over 55 frames.
sess10_down_4 down 
LOG (lattice-best-path[5.5.1017~3-12a20]:main():lattice-best-path.cc:99) For utterance sess10_eight_0, best cost 88.3958 + 7783.38 = 7871.78 over 53 frames.
sess10_eight_0 nine 
LOG (lattice-best-path[5.5.1017~3-12a20]:main():lattice-best-path.cc:99) For utterance sess10_eight_1, best cost 82.7734 + 8682.46 = 8765.23 over 58 frames.
sess10_eight_1 eight 
LOG (lattice-best-path[5.5.1017~3-12a20]:main():lattice-best-path.cc:99) For utterance sess10_eight_2, best cost 89.64 + 7299.59 = 7389.23 over 49 frames.
sess10_eight_2 eight 
LOG (lattice-best-path[5.5.1017~3-12a20]:main():lattice-best-path.cc:99) For utterance sess10_eight_3, best cost 92.2596 + 10044 = 10136.2 over 69 frames.
sess10_eight_3 right 
LOG (lattice-best-path[5.5.1017~3-12a20]:main():lattice-best-path.cc:99) For utterance sess10_eight_4, best cost 88.4426 + 8589.22 = 8677.67 over 58 frames.
sess10_eight_4 nine 
LOG (lattice-best-path[5.5.1017~3-12a20]:main():lattice-best-path.cc:99) For utterance sess10_five_0, best cost 98.6572 + 10014.9 = 10113.6 over 68 frames.
sess10_five_0 five 
LOG (lattice-best-path[5.5.1017~3-12a20]:main():lattice-best-path.cc:99) For utterance sess10_five_1, best cost 95.4516 + 9469.08 = 9564.53 over 63 frames.
sess10_five_1 five 
LOG (lattice-best-path[5.5.1017~3-12a20]:main():lattice-best-path.cc:99) For utterance sess10_five_2, best cost 97.1491 + 9453.17 = 9550.32 over 65 frames.
sess10_five_2 five 
LOG (lattice-best-path[5.5.1017~3-12a20]:main():lattice-best-path.cc:99) For utterance sess10_five_3, best cost 97.9221 + 9062 = 9159.92 over 59 frames.
sess10_five_3 five 
LOG (lattice-best-path[5.5.1017~3-12a20]:main():lattice-best-path.cc:99) For utterance sess10_five_4, best cost 93.1596 + 9001.58 = 9094.74 over 62 frames.
sess10_five_4 five 
LOG (lattice-best-path[5.5.1017~3-12a20]:main():lattice-best-path.cc:99) For utterance sess10_four_0, best cost 92.3618 + 9883.01 = 9975.37 over 65 frames.
sess10_four_0 four 
LOG (lattice-best-path[5.5.1017~3-12a20]:main():lattice-best-path.cc:99) For utterance sess10_four_1, best cost 96.2688 + 9781.31 = 9877.58 over 65 frames.
sess10_four_1 four 
LOG (lattice-best-path[5.5.1017~3-12a20]:main():lattice-best-path.cc:99) For utterance sess10_four_2, best cost 94.8455 + 9811.16 = 9906 over 63 frames.
sess10_four_2 four 
LOG (lattice-best-path[5.5.1017~3-12a20]:main():lattice-best-path.cc:99) For utterance sess10_four_3, best cost 88.8303 + 9364.36 = 9453.19 over 61 frames.
sess10_four_3 four 
LOG (lattice-best-path[5.5.1017~3-12a20]:main():lattice-best-path.cc:99) For utterance sess10_four_4, best cost 93.4048 + 9125.71 = 9219.11 over 60 frames.
sess10_four_4 four 
LOG (lattice-best-path[5.5.1017~3-12a20]:main():lattice-best-path.cc:99) For utterance sess10_left_0, best cost 92.374 + 8507.12 = 8599.5 over 55 frames.
sess10_left_0 left 
LOG (lattice-best-path[5.5.1017~3-12a20]:main():lattice-best-path.cc:99) For utterance sess10_left_1, best cost 95.5373 + 9564.49 = 9660.02 over 63 frames.
sess10_left_1 left 
LOG (lattice-best-path[5.5.1017~3-12a20]:main():lattice-best-path.cc:99) For utterance sess10_left_2, best cost 92.7269 + 9374.72 = 9467.45 over 60 frames.
sess10_left_2 left 
LOG (lattice-best-path[5.5.1017~3-12a20]:main():lattice-best-path.cc:99) For utterance sess10_left_3, best cost 89.7625 + 9489.65 = 9579.41 over 64 frames.
sess10_left_3 left 
LOG (lattice-best-path[5.5.1017~3-12a20]:main():lattice-best-path.cc:99) For utterance sess10_left_4, best cost 92.0611 + 10002.1 = 10094.1 over 66 frames.
sess10_left_4 left 
LOG (lattice-best-path[5.5.1017~3-12a20]:main():lattice-best-path.cc:99) For utterance sess10_nine_0, best cost 92.4168 + 9805.7 = 9898.12 over 66 frames.
sess10_nine_0 nine 
LOG (lattice-best-path[5.5.1017~3-12a20]:main():lattice-best-path.cc:99) For utterance sess10_nine_1, best cost 91.5556 + 9201.75 = 9293.31 over 63 frames.
sess10_nine_1 nine 
LOG (lattice-best-path[5.5.1017~3-12a20]:main():lattice-best-path.cc:99) For utterance sess10_nine_2, best cost 84.7071 + 8199.28 = 8283.98 over 58 frames.
sess10_nine_2 eight 
LOG (lattice-best-path[5.5.1017~3-12a20]:main():lattice-best-path.cc:99) For utterance sess10_nine_3, best cost 90.1548 + 8874.78 = 8964.93 over 62 frames.
sess10_nine_3 nine 
LOG (lattice-best-path[5.5.1017~3-12a20]:main():lattice-best-path.cc:99) For utterance sess10_nine_4, best cost 88.7139 + 7603 = 7691.71 over 49 frames.
sess10_nine_4 nine 
LOG (lattice-best-path[5.5.1017~3-12a20]:main():lattice-best-path.cc:99) For utterance sess10_one_0, best cost 88.3034 + 9809.37 = 9897.68 over 65 frames.
sess10_one_0 one 
LOG (lattice-best-path[5.5.1017~3-12a20]:main():lattice-best-path.cc:99) For utterance sess10_one_1, best cost 91.2439 + 9113.63 = 9204.88 over 59 frames.
sess10_one_1 right 
LOG (lattice-best-path[5.5.1017~3-12a20]:main():lattice-best-path.cc:99) For utterance sess10_one_2, best cost 87.8925 + 8503.37 = 8591.26 over 57 frames.
sess10_one_2 one 
LOG (lattice-best-path[5.5.1017~3-12a20]:main():lattice-best-path.cc:99) For utterance sess10_one_3, best cost 89.9829 + 10645.3 = 10735.3 over 70 frames.
sess10_one_3 right 
LOG (lattice-best-path[5.5.1017~3-12a20]:main():lattice-best-path.cc:99) For utterance sess10_one_4, best cost 88.1867 + 9924.49 = 10012.7 over 66 frames.
sess10_one_4 one 
LOG (lattice-best-path[5.5.1017~3-12a20]:main():lattice-best-path.cc:99) For utterance sess10_right_0, best cost 92.0072 + 9233.95 = 9325.95 over 62 frames.
sess10_right_0 right 
LOG (lattice-best-path[5.5.1017~3-12a20]:main():lattice-best-path.cc:99) For utterance sess10_right_1, best cost 89.3385 + 10020.6 = 10109.9 over 67 frames.
sess10_right_1 right 
LOG (lattice-best-path[5.5.1017~3-12a20]:main():lattice-best-path.cc:99) For utterance sess10_right_2, best cost 94.4612 + 10270 = 10364.5 over 67 frames.
sess10_right_2 right 
LOG (lattice-best-path[5.5.1017~3-12a20]:main():lattice-best-path.cc:99) For utterance sess10_right_3, best cost 96.4376 + 9621.74 = 9718.17 over 63 frames.
sess10_right_3 right 
LOG (lattice-best-path[5.5.1017~3-12a20]:main():lattice-best-path.cc:99) For utterance sess10_right_4, best cost 93.5709 + 8631 = 8724.58 over 56 frames.
sess10_right_4 right 
LOG (lattice-best-path[5.5.1017~3-12a20]:main():lattice-best-path.cc:99) For utterance sess10_seven_0, best cost 95.3259 + 8303.5 = 8398.83 over 59 frames.
sess10_seven_0 seven 
LOG (lattice-best-path[5.5.1017~3-12a20]:main():lattice-best-path.cc:99) For utterance sess10_seven_1, best cost 104.965 + 9044.42 = 9149.39 over 59 frames.
sess10_seven_1 seven 
LOG (lattice-best-path[5.5.1017~3-12a20]:main():lattice-best-path.cc:99) For utterance sess10_seven_2, best cost 97.3633 + 8937.61 = 9034.97 over 60 frames.
sess10_seven_2 seven 
LOG (lattice-best-path[5.5.1017~3-12a20]:main():lattice-best-path.cc:99) For utterance sess10_seven_3, best cost 95.6587 + 9397.79 = 9493.44 over 61 frames.
sess10_seven_3 seven 
LOG (lattice-best-path[5.5.1017~3-12a20]:main():lattice-best-path.cc:99) For utterance sess10_seven_4, best cost 92.4591 + 9061.72 = 9154.18 over 61 frames.
sess10_seven_4 left 
LOG (lattice-best-path[5.5.1017~3-12a20]:main():lattice-best-path.cc:99) For utterance sess10_six_0, best cost 91.3187 + 9433.22 = 9524.54 over 64 frames.
sess10_six_0 nine 
LOG (lattice-best-path[5.5.1017~3-12a20]:main():lattice-best-path.cc:99) For utterance sess10_six_1, best cost 99.5962 + 9007.35 = 9106.95 over 60 frames.
sess10_six_1 right 
LOG (lattice-best-path[5.5.1017~3-12a20]:main():lattice-best-path.cc:99) For utterance sess10_six_2, best cost 94.5535 + 9278.28 = 9372.84 over 62 frames.
sess10_six_2 six 
LOG (lattice-best-path[5.5.1017~3-12a20]:main():lattice-best-path.cc:99) For utterance sess10_six_3, best cost 93.8927 + 10562.8 = 10656.7 over 72 frames.
sess10_six_3 right 
LOG (lattice-best-path[5.5.1017~3-12a20]:main():lattice-best-path.cc:99) For utterance sess10_six_4, best cost 90.9775 + 9556.88 = 9647.85 over 64 frames.
sess10_six_4 right 
LOG (lattice-best-path[5.5.1017~3-12a20]:main():lattice-best-path.cc:99) For utterance sess10_three_0, best cost 99.673 + 9834.43 = 9934.11 over 65 frames.
sess10_three_0 three 
LOG (lattice-best-path[5.5.1017~3-12a20]:main():lattice-best-path.cc:99) For utterance sess10_three_1, best cost 93.1398 + 9856.95 = 9950.09 over 63 frames.
sess10_three_1 right 
LOG (lattice-best-path[5.5.1017~3-12a20]:main():lattice-best-path.cc:99) For utterance sess10_three_2, best cost 92.3327 + 9701.33 = 9793.67 over 61 frames.
sess10_three_2 three 
LOG (lattice-best-path[5.5.1017~3-12a20]:main():lattice-best-path.cc:99) For utterance sess10_three_3, best cost 98.2706 + 9493.77 = 9592.04 over 61 frames.
sess10_three_3 three 
LOG (lattice-best-path[5.5.1017~3-12a20]:main():lattice-best-path.cc:99) For utterance sess10_three_4, best cost 93.1857 + 9393.51 = 9486.7 over 61 frames.
sess10_three_4 three 
LOG (lattice-best-path[5.5.1017~3-12a20]:main():lattice-best-path.cc:99) For utterance sess10_two_0, best cost 88.7372 + 8680.2 = 8768.94 over 56 frames.
sess10_two_0 two 
LOG (lattice-best-path[5.5.1017~3-12a20]:main():lattice-best-path.cc:99) For utterance sess10_two_1, best cost 86.6383 + 7086.59 = 7173.23 over 47 frames.
sess10_two_1 two 
LOG (lattice-best-path[5.5.1017~3-12a20]:main():lattice-best-path.cc:99) For utterance sess10_two_2, best cost 138.719 + 8556.17 = 8694.89 over 56 frames.
sess10_two_2 two nine 
LOG (lattice-best-path[5.5.1017~3-12a20]:main():lattice-best-path.cc:99) For utterance sess10_two_3, best cost 141.119 + 9392.16 = 9533.28 over 61 frames.
sess10_two_3 two eight 
LOG (lattice-best-path[5.5.1017~3-12a20]:main():lattice-best-path.cc:99) For utterance sess10_two_4, best cost 84.4737 + 9043.99 = 9128.46 over 60 frames.
sess10_two_4 two 
LOG (lattice-best-path[5.5.1017~3-12a20]:main():lattice-best-path.cc:99) For utterance sess10_up_0, best cost 86.9637 + 8393.88 = 8480.84 over 56 frames.
sess10_up_0 up 
LOG (lattice-best-path[5.5.1017~3-12a20]:main():lattice-best-path.cc:99) For utterance sess10_up_1, best cost 92.1777 + 8521.29 = 8613.46 over 55 frames.
sess10_up_1 up 
LOG (lattice-best-path[5.5.1017~3-12a20]:main():lattice-best-path.cc:99) For utterance sess10_up_2, best cost 95.9346 + 9213.31 = 9309.24 over 64 frames.
sess10_up_2 up 
LOG (lattice-best-path[5.5.1017~3-12a20]:main():lattice-best-path.cc:99) For utterance sess10_up_3, best cost 91.731 + 7929.02 = 8020.76 over 53 frames.
sess10_up_3 up 
LOG (lattice-best-path[5.5.1017~3-12a20]:main():lattice-best-path.cc:99) For utterance sess10_up_4, best cost 93.8421 + 8741.69 = 8835.53 over 59 frames.
sess10_up_4 right 
LOG (lattice-best-path[5.5.1017~3-12a20]:main():lattice-best-path.cc:99) For utterance sess10_zero_0, best cost 103.187 + 9415.99 = 9519.18 over 61 frames.
sess10_zero_0 zero 
LOG (lattice-best-path[5.5.1017~3-12a20]:main():lattice-best-path.cc:99) For utterance sess10_zero_1, best cost 89.4507 + 9584.71 = 9674.16 over 63 frames.
sess10_zero_1 right 
LOG (lattice-best-path[5.5.1017~3-12a20]:main():lattice-best-path.cc:99) For utterance sess10_zero_2, best cost 101.794 + 8420.53 = 8522.33 over 53 frames.
sess10_zero_2 zero 
LOG (lattice-best-path[5.5.1017~3-12a20]:main():lattice-best-path.cc:99) For utterance sess10_zero_3, best cost 104.484 + 8788.68 = 8893.17 over 58 frames.
sess10_zero_3 zero 
LOG (lattice-best-path[5.5.1017~3-12a20]:main():lattice-best-path.cc:99) For utterance sess10_zero_4, best cost 104.739 + 9077.27 = 9182.01 over 57 frames.
sess10_zero_4 zero 
LOG (lattice-best-path[5.5.1017~3-12a20]:main():lattice-best-path.cc:124) Overall cost per frame is 152.543 = 1.55695 [graph] + 150.986 [acoustic] over 4253 frames.
LOG (lattice-best-path[5.5.1017~3-12a20]:main():lattice-best-path.cc:128) Done 70 lattices, failed for 0
# Accounting: time=0 threads=1
# Ended (code 0) at Sat Apr 23 12:40:20 CDT 2022, elapsed time 0 seconds
