# lattice-best-path --lm-scale=13 --word-symbol-table=exp/mono/graph/words.txt "ark:gunzip -c exp/mono/decode/lat.*.gz|" ark,t:exp/mono/decode/scoring/13.tra 
# Started at Sat Apr 23 11:01:56 CDT 2022
#
lattice-best-path --lm-scale=13 --word-symbol-table=exp/mono/graph/words.txt 'ark:gunzip -c exp/mono/decode/lat.*.gz|' ark,t:exp/mono/decode/scoring/13.tra 
LOG (lattice-best-path[5.5.1013~6-d787]:main():lattice-best-path.cc:99) For utterance sess10_down_0, best cost 110.756 + 9302.37 = 9413.12 over 62 frames.
sess10_down_0 down 
LOG (lattice-best-path[5.5.1013~6-d787]:main():lattice-best-path.cc:99) For utterance sess10_down_1, best cost 117.737 + 9699.29 = 9817.03 over 64 frames.
sess10_down_1 down 
LOG (lattice-best-path[5.5.1013~6-d787]:main():lattice-best-path.cc:99) For utterance sess10_down_2, best cost 111.015 + 10069.5 = 10180.5 over 65 frames.
sess10_down_2 down 
LOG (lattice-best-path[5.5.1013~6-d787]:main():lattice-best-path.cc:99) For utterance sess10_down_3, best cost 114.906 + 9059.4 = 9174.31 over 59 frames.
sess10_down_3 down 
LOG (lattice-best-path[5.5.1013~6-d787]:main():lattice-best-path.cc:99) For utterance sess10_down_4, best cost 109.473 + 8581.36 = 8690.83 over 55 frames.
sess10_down_4 down 
LOG (lattice-best-path[5.5.1013~6-d787]:main():lattice-best-path.cc:99) For utterance sess10_eight_0, best cost 113.239 + 7777.85 = 7891.09 over 53 frames.
sess10_eight_0 right 
LOG (lattice-best-path[5.5.1013~6-d787]:main():lattice-best-path.cc:99) For utterance sess10_eight_1, best cost 107.77 + 8679.25 = 8787.02 over 58 frames.
sess10_eight_1 nine 
LOG (lattice-best-path[5.5.1013~6-d787]:main():lattice-best-path.cc:99) For utterance sess10_eight_2, best cost 109.986 + 7292.45 = 7402.44 over 49 frames.
sess10_eight_2 eight 
LOG (lattice-best-path[5.5.1013~6-d787]:main():lattice-best-path.cc:99) For utterance sess10_eight_3, best cost 109.148 + 10016 = 10125.2 over 69 frames.
sess10_eight_3 right 
LOG (lattice-best-path[5.5.1013~6-d787]:main():lattice-best-path.cc:99) For utterance sess10_eight_4, best cost 113.401 + 8573.62 = 8687.02 over 58 frames.
sess10_eight_4 right 
LOG (lattice-best-path[5.5.1013~6-d787]:main():lattice-best-path.cc:99) For utterance sess10_five_0, best cost 117.178 + 10006.8 = 10123.9 over 68 frames.
sess10_five_0 five 
LOG (lattice-best-path[5.5.1013~6-d787]:main():lattice-best-path.cc:99) For utterance sess10_five_1, best cost 115.123 + 9509.03 = 9624.16 over 63 frames.
sess10_five_1 five 
LOG (lattice-best-path[5.5.1013~6-d787]:main():lattice-best-path.cc:99) For utterance sess10_five_2, best cost 115.696 + 9444.97 = 9560.67 over 65 frames.
sess10_five_2 five 
LOG (lattice-best-path[5.5.1013~6-d787]:main():lattice-best-path.cc:99) For utterance sess10_five_3, best cost 114.967 + 9057.32 = 9172.28 over 59 frames.
sess10_five_3 five 
LOG (lattice-best-path[5.5.1013~6-d787]:main():lattice-best-path.cc:99) For utterance sess10_five_4, best cost 109.425 + 9056.8 = 9166.22 over 62 frames.
sess10_five_4 five 
LOG (lattice-best-path[5.5.1013~6-d787]:main():lattice-best-path.cc:99) For utterance sess10_four_0, best cost 112.038 + 9894.34 = 10006.4 over 65 frames.
sess10_four_0 four 
LOG (lattice-best-path[5.5.1013~6-d787]:main():lattice-best-path.cc:99) For utterance sess10_four_1, best cost 114.848 + 9825.51 = 9940.36 over 65 frames.
sess10_four_1 four 
LOG (lattice-best-path[5.5.1013~6-d787]:main():lattice-best-path.cc:99) For utterance sess10_four_2, best cost 116.536 + 9829.21 = 9945.75 over 63 frames.
sess10_four_2 four 
LOG (lattice-best-path[5.5.1013~6-d787]:main():lattice-best-path.cc:99) For utterance sess10_four_3, best cost 105.882 + 9372.31 = 9478.19 over 61 frames.
sess10_four_3 four 
LOG (lattice-best-path[5.5.1013~6-d787]:main():lattice-best-path.cc:99) For utterance sess10_four_4, best cost 109.246 + 9073.32 = 9182.56 over 60 frames.
sess10_four_4 four 
LOG (lattice-best-path[5.5.1013~6-d787]:main():lattice-best-path.cc:99) For utterance sess10_left_0, best cost 106.241 + 8533.99 = 8640.23 over 55 frames.
sess10_left_0 left 
LOG (lattice-best-path[5.5.1013~6-d787]:main():lattice-best-path.cc:99) For utterance sess10_left_1, best cost 110.698 + 9556.29 = 9666.98 over 63 frames.
sess10_left_1 left 
LOG (lattice-best-path[5.5.1013~6-d787]:main():lattice-best-path.cc:99) For utterance sess10_left_2, best cost 110.381 + 9354.32 = 9464.7 over 60 frames.
sess10_left_2 left 
LOG (lattice-best-path[5.5.1013~6-d787]:main():lattice-best-path.cc:99) For utterance sess10_left_3, best cost 113.912 + 9478.76 = 9592.67 over 64 frames.
sess10_left_3 left 
LOG (lattice-best-path[5.5.1013~6-d787]:main():lattice-best-path.cc:99) For utterance sess10_left_4, best cost 113.872 + 9974.13 = 10088 over 66 frames.
sess10_left_4 left 
LOG (lattice-best-path[5.5.1013~6-d787]:main():lattice-best-path.cc:99) For utterance sess10_nine_0, best cost 116.141 + 9801.64 = 9917.78 over 66 frames.
sess10_nine_0 nine 
LOG (lattice-best-path[5.5.1013~6-d787]:main():lattice-best-path.cc:99) For utterance sess10_nine_1, best cost 111.363 + 9203.87 = 9315.23 over 63 frames.
sess10_nine_1 nine 
LOG (lattice-best-path[5.5.1013~6-d787]:main():lattice-best-path.cc:99) For utterance sess10_nine_2, best cost 110.965 + 8165.34 = 8276.3 over 58 frames.
sess10_nine_2 nine 
LOG (lattice-best-path[5.5.1013~6-d787]:main():lattice-best-path.cc:99) For utterance sess10_nine_3, best cost 111.271 + 8869.77 = 8981.04 over 62 frames.
sess10_nine_3 nine 
LOG (lattice-best-path[5.5.1013~6-d787]:main():lattice-best-path.cc:99) For utterance sess10_nine_4, best cost 106.879 + 7566.32 = 7673.2 over 49 frames.
sess10_nine_4 right 
LOG (lattice-best-path[5.5.1013~6-d787]:main():lattice-best-path.cc:99) For utterance sess10_one_0, best cost 109.308 + 9846.82 = 9956.13 over 65 frames.
sess10_one_0 one 
LOG (lattice-best-path[5.5.1013~6-d787]:main():lattice-best-path.cc:99) For utterance sess10_one_1, best cost 104.629 + 9121.73 = 9226.36 over 59 frames.
sess10_one_1 right 
LOG (lattice-best-path[5.5.1013~6-d787]:main():lattice-best-path.cc:99) For utterance sess10_one_2, best cost 106.33 + 8491.91 = 8598.24 over 57 frames.
sess10_one_2 one 
LOG (lattice-best-path[5.5.1013~6-d787]:main():lattice-best-path.cc:99) For utterance sess10_one_3, best cost 107.166 + 10665.1 = 10772.3 over 70 frames.
sess10_one_3 right 
LOG (lattice-best-path[5.5.1013~6-d787]:main():lattice-best-path.cc:99) For utterance sess10_one_4, best cost 109.68 + 9927.29 = 10037 over 66 frames.
sess10_one_4 one 
LOG (lattice-best-path[5.5.1013~6-d787]:main():lattice-best-path.cc:99) For utterance sess10_right_0, best cost 107.834 + 9221.65 = 9329.48 over 62 frames.
sess10_right_0 right 
LOG (lattice-best-path[5.5.1013~6-d787]:main():lattice-best-path.cc:99) For utterance sess10_right_1, best cost 106.021 + 10020.9 = 10126.9 over 67 frames.
sess10_right_1 right 
LOG (lattice-best-path[5.5.1013~6-d787]:main():lattice-best-path.cc:99) For utterance sess10_right_2, best cost 105.624 + 10239.4 = 10345.1 over 67 frames.
sess10_right_2 right 
LOG (lattice-best-path[5.5.1013~6-d787]:main():lattice-best-path.cc:99) For utterance sess10_right_3, best cost 108.401 + 9627.42 = 9735.83 over 63 frames.
sess10_right_3 right 
LOG (lattice-best-path[5.5.1013~6-d787]:main():lattice-best-path.cc:99) For utterance sess10_right_4, best cost 111.933 + 8591.16 = 8703.09 over 56 frames.
sess10_right_4 right 
LOG (lattice-best-path[5.5.1013~6-d787]:main():lattice-best-path.cc:99) For utterance sess10_seven_0, best cost 115.369 + 8302.45 = 8417.82 over 59 frames.
sess10_seven_0 seven 
LOG (lattice-best-path[5.5.1013~6-d787]:main():lattice-best-path.cc:99) For utterance sess10_seven_1, best cost 120.408 + 8984.15 = 9104.56 over 59 frames.
sess10_seven_1 nine 
LOG (lattice-best-path[5.5.1013~6-d787]:main():lattice-best-path.cc:99) For utterance sess10_seven_2, best cost 115.362 + 8989.32 = 9104.68 over 60 frames.
sess10_seven_2 seven 
LOG (lattice-best-path[5.5.1013~6-d787]:main():lattice-best-path.cc:99) For utterance sess10_seven_3, best cost 113.864 + 9435.98 = 9549.84 over 61 frames.
sess10_seven_3 seven 
LOG (lattice-best-path[5.5.1013~6-d787]:main():lattice-best-path.cc:99) For utterance sess10_seven_4, best cost 113.95 + 9102.72 = 9216.67 over 61 frames.
sess10_seven_4 seven 
LOG (lattice-best-path[5.5.1013~6-d787]:main():lattice-best-path.cc:99) For utterance sess10_six_0, best cost 120.063 + 9415.32 = 9535.38 over 64 frames.
sess10_six_0 nine 
LOG (lattice-best-path[5.5.1013~6-d787]:main():lattice-best-path.cc:99) For utterance sess10_six_1, best cost 114.334 + 8995.27 = 9109.6 over 60 frames.
sess10_six_1 six 
LOG (lattice-best-path[5.5.1013~6-d787]:main():lattice-best-path.cc:99) For utterance sess10_six_2, best cost 111.428 + 9278.2 = 9389.63 over 62 frames.
sess10_six_2 nine 
LOG (lattice-best-path[5.5.1013~6-d787]:main():lattice-best-path.cc:99) For utterance sess10_six_3, best cost 115.686 + 10575.1 = 10690.8 over 72 frames.
sess10_six_3 six 
LOG (lattice-best-path[5.5.1013~6-d787]:main():lattice-best-path.cc:99) For utterance sess10_six_4, best cost 115.031 + 9557.57 = 9672.6 over 64 frames.
sess10_six_4 seven 
LOG (lattice-best-path[5.5.1013~6-d787]:main():lattice-best-path.cc:99) For utterance sess10_three_0, best cost 107.607 + 9890.89 = 9998.5 over 65 frames.
sess10_three_0 right 
LOG (lattice-best-path[5.5.1013~6-d787]:main():lattice-best-path.cc:99) For utterance sess10_three_1, best cost 106.622 + 9824.67 = 9931.29 over 63 frames.
sess10_three_1 right 
LOG (lattice-best-path[5.5.1013~6-d787]:main():lattice-best-path.cc:99) For utterance sess10_three_2, best cost 110.434 + 9707.84 = 9818.27 over 61 frames.
sess10_three_2 three 
LOG (lattice-best-path[5.5.1013~6-d787]:main():lattice-best-path.cc:99) For utterance sess10_three_3, best cost 112.423 + 9528.57 = 9640.99 over 61 frames.
sess10_three_3 right 
LOG (lattice-best-path[5.5.1013~6-d787]:main():lattice-best-path.cc:99) For utterance sess10_three_4, best cost 107.042 + 9375.51 = 9482.55 over 61 frames.
sess10_three_4 three 
LOG (lattice-best-path[5.5.1013~6-d787]:main():lattice-best-path.cc:99) For utterance sess10_two_0, best cost 109.627 + 8631.84 = 8741.47 over 56 frames.
sess10_two_0 two 
LOG (lattice-best-path[5.5.1013~6-d787]:main():lattice-best-path.cc:99) For utterance sess10_two_1, best cost 100.623 + 7135.04 = 7235.66 over 47 frames.
sess10_two_1 two 
LOG (lattice-best-path[5.5.1013~6-d787]:main():lattice-best-path.cc:99) For utterance sess10_two_2, best cost 102.919 + 8583.64 = 8686.56 over 56 frames.
sess10_two_2 two 
LOG (lattice-best-path[5.5.1013~6-d787]:main():lattice-best-path.cc:99) For utterance sess10_two_3, best cost 108.432 + 9407.18 = 9515.61 over 61 frames.
sess10_two_3 right 
LOG (lattice-best-path[5.5.1013~6-d787]:main():lattice-best-path.cc:99) For utterance sess10_two_4, best cost 111.71 + 9026.59 = 9138.3 over 60 frames.
sess10_two_4 two 
LOG (lattice-best-path[5.5.1013~6-d787]:main():lattice-best-path.cc:99) For utterance sess10_up_0, best cost 166.017 + 8335.78 = 8501.8 over 56 frames.
sess10_up_0 up right 
LOG (lattice-best-path[5.5.1013~6-d787]:main():lattice-best-path.cc:99) For utterance sess10_up_1, best cost 99.3056 + 8534.45 = 8633.75 over 55 frames.
sess10_up_1 up 
LOG (lattice-best-path[5.5.1013~6-d787]:main():lattice-best-path.cc:99) For utterance sess10_up_2, best cost 109.947 + 9196.91 = 9306.86 over 64 frames.
sess10_up_2 up 
LOG (lattice-best-path[5.5.1013~6-d787]:main():lattice-best-path.cc:99) For utterance sess10_up_3, best cost 106.43 + 7934.08 = 8040.51 over 53 frames.
sess10_up_3 up 
LOG (lattice-best-path[5.5.1013~6-d787]:main():lattice-best-path.cc:99) For utterance sess10_up_4, best cost 110.24 + 8704.6 = 8814.84 over 59 frames.
sess10_up_4 up 
LOG (lattice-best-path[5.5.1013~6-d787]:main():lattice-best-path.cc:99) For utterance sess10_zero_0, best cost 121.569 + 9490.6 = 9612.17 over 61 frames.
sess10_zero_0 zero 
LOG (lattice-best-path[5.5.1013~6-d787]:main():lattice-best-path.cc:99) For utterance sess10_zero_1, best cost 107.355 + 9633.73 = 9741.09 over 63 frames.
sess10_zero_1 right 
LOG (lattice-best-path[5.5.1013~6-d787]:main():lattice-best-path.cc:99) For utterance sess10_zero_2, best cost 117.52 + 8453.15 = 8570.67 over 53 frames.
sess10_zero_2 zero 
LOG (lattice-best-path[5.5.1013~6-d787]:main():lattice-best-path.cc:99) For utterance sess10_zero_3, best cost 117.147 + 8788.53 = 8905.68 over 58 frames.
sess10_zero_3 zero 
LOG (lattice-best-path[5.5.1013~6-d787]:main():lattice-best-path.cc:99) For utterance sess10_zero_4, best cost 118.596 + 9057.11 = 9175.71 over 57 frames.
sess10_zero_4 zero 
LOG (lattice-best-path[5.5.1013~6-d787]:main():lattice-best-path.cc:124) Overall cost per frame is 152.857 = 1.84436 [graph] + 151.012 [acoustic] over 4253 frames.
LOG (lattice-best-path[5.5.1013~6-d787]:main():lattice-best-path.cc:128) Done 70 lattices, failed for 0
# Accounting: time=0 threads=1
# Ended (code 0) at Sat Apr 23 11:01:56 CDT 2022, elapsed time 0 seconds
