# lattice-best-path --lm-scale=5 --word-symbol-table=exp/mono/graph/words.txt "ark:gunzip -c exp/mono/decode/lat.*.gz|" ark,t:exp/mono/decode/scoring/5.tra 
# Started at Mon Apr 25 20:44:04 CDT 2022
#
lattice-best-path --lm-scale=5 --word-symbol-table=exp/mono/graph/words.txt 'ark:gunzip -c exp/mono/decode/lat.*.gz|' ark,t:exp/mono/decode/scoring/5.tra 
LOG (lattice-best-path[5.5.1017~3-12a20]:main():lattice-best-path.cc:99) For utterance sess15_down_0, best cost 69.4982 + 9380 = 9449.49 over 59 frames.
sess15_down_0 right right 
LOG (lattice-best-path[5.5.1017~3-12a20]:main():lattice-best-path.cc:99) For utterance sess15_down_1, best cost 45.4033 + 10037.5 = 10082.9 over 63 frames.
sess15_down_1 down 
LOG (lattice-best-path[5.5.1017~3-12a20]:main():lattice-best-path.cc:99) For utterance sess15_down_2, best cost 46.2287 + 9586.22 = 9632.44 over 60 frames.
sess15_down_2 down 
LOG (lattice-best-path[5.5.1017~3-12a20]:main():lattice-best-path.cc:99) For utterance sess15_down_3, best cost 47.2827 + 10106.1 = 10153.4 over 63 frames.
sess15_down_3 down 
LOG (lattice-best-path[5.5.1017~3-12a20]:main():lattice-best-path.cc:99) For utterance sess15_down_4, best cost 44.2543 + 8467.4 = 8511.65 over 54 frames.
sess15_down_4 down 
LOG (lattice-best-path[5.5.1017~3-12a20]:main():lattice-best-path.cc:99) For utterance sess15_eight_0, best cost 41.7922 + 7587.02 = 7628.81 over 50 frames.
sess15_eight_0 eight 
LOG (lattice-best-path[5.5.1017~3-12a20]:main():lattice-best-path.cc:99) For utterance sess15_eight_1, best cost 44.8383 + 8663.33 = 8708.17 over 56 frames.
sess15_eight_1 nine 
LOG (lattice-best-path[5.5.1017~3-12a20]:main():lattice-best-path.cc:99) For utterance sess15_eight_2, best cost 41.0491 + 7614.7 = 7655.75 over 50 frames.
sess15_eight_2 eight 
LOG (lattice-best-path[5.5.1017~3-12a20]:main():lattice-best-path.cc:99) For utterance sess15_eight_3, best cost 43.9963 + 8531.35 = 8575.34 over 56 frames.
sess15_eight_3 right 
LOG (lattice-best-path[5.5.1017~3-12a20]:main():lattice-best-path.cc:99) For utterance sess15_eight_4, best cost 43.9279 + 8563.68 = 8607.61 over 55 frames.
sess15_eight_4 right 
LOG (lattice-best-path[5.5.1017~3-12a20]:main():lattice-best-path.cc:99) For utterance sess15_five_0, best cost 43.0143 + 8312.74 = 8355.75 over 53 frames.
sess15_five_0 five 
LOG (lattice-best-path[5.5.1017~3-12a20]:main():lattice-best-path.cc:99) For utterance sess15_five_1, best cost 44.8517 + 10663.1 = 10707.9 over 66 frames.
sess15_five_1 five 
LOG (lattice-best-path[5.5.1017~3-12a20]:main():lattice-best-path.cc:99) For utterance sess15_five_2, best cost 43.2311 + 8258.36 = 8301.59 over 53 frames.
sess15_five_2 five 
LOG (lattice-best-path[5.5.1017~3-12a20]:main():lattice-best-path.cc:99) For utterance sess15_five_3, best cost 43.5672 + 8681.71 = 8725.28 over 57 frames.
sess15_five_3 five 
LOG (lattice-best-path[5.5.1017~3-12a20]:main():lattice-best-path.cc:99) For utterance sess15_five_4, best cost 39.217 + 9146.3 = 9185.52 over 54 frames.
sess15_five_4 five 
LOG (lattice-best-path[5.5.1017~3-12a20]:main():lattice-best-path.cc:99) For utterance sess15_four_0, best cost 43.3842 + 8965.38 = 9008.76 over 57 frames.
sess15_four_0 four 
LOG (lattice-best-path[5.5.1017~3-12a20]:main():lattice-best-path.cc:99) For utterance sess15_four_1, best cost 42.7551 + 9098.51 = 9141.27 over 56 frames.
sess15_four_1 right 
LOG (lattice-best-path[5.5.1017~3-12a20]:main():lattice-best-path.cc:99) For utterance sess15_four_2, best cost 42.8072 + 8276.33 = 8319.14 over 52 frames.
sess15_four_2 four 
LOG (lattice-best-path[5.5.1017~3-12a20]:main():lattice-best-path.cc:99) For utterance sess15_four_3, best cost 40.2224 + 8938.51 = 8978.73 over 57 frames.
sess15_four_3 four 
LOG (lattice-best-path[5.5.1017~3-12a20]:main():lattice-best-path.cc:99) For utterance sess15_four_4, best cost 43.4879 + 9803.05 = 9846.54 over 64 frames.
sess15_four_4 four 
LOG (lattice-best-path[5.5.1017~3-12a20]:main():lattice-best-path.cc:99) For utterance sess15_left_0, best cost 42.0527 + 7689.95 = 7732 over 49 frames.
sess15_left_0 left 
LOG (lattice-best-path[5.5.1017~3-12a20]:main():lattice-best-path.cc:99) For utterance sess15_left_1, best cost 43.7388 + 8966.02 = 9009.76 over 59 frames.
sess15_left_1 left 
LOG (lattice-best-path[5.5.1017~3-12a20]:main():lattice-best-path.cc:99) For utterance sess15_left_2, best cost 40.3709 + 8682.94 = 8723.32 over 55 frames.
sess15_left_2 left 
LOG (lattice-best-path[5.5.1017~3-12a20]:main():lattice-best-path.cc:99) For utterance sess15_left_3, best cost 43.0616 + 7329.68 = 7372.74 over 48 frames.
sess15_left_3 left 
LOG (lattice-best-path[5.5.1017~3-12a20]:main():lattice-best-path.cc:99) For utterance sess15_left_4, best cost 43.4501 + 8793.22 = 8836.67 over 57 frames.
sess15_left_4 left 
LOG (lattice-best-path[5.5.1017~3-12a20]:main():lattice-best-path.cc:99) For utterance sess15_nine_0, best cost 43.3156 + 8251.01 = 8294.33 over 57 frames.
sess15_nine_0 nine 
LOG (lattice-best-path[5.5.1017~3-12a20]:main():lattice-best-path.cc:99) For utterance sess15_nine_1, best cost 42.97 + 7760.55 = 7803.52 over 51 frames.
sess15_nine_1 nine 
LOG (lattice-best-path[5.5.1017~3-12a20]:main():lattice-best-path.cc:99) For utterance sess15_nine_2, best cost 40.6907 + 8500.02 = 8540.71 over 55 frames.
sess15_nine_2 nine 
LOG (lattice-best-path[5.5.1017~3-12a20]:main():lattice-best-path.cc:99) For utterance sess15_nine_3, best cost 43.9303 + 8209.47 = 8253.4 over 53 frames.
sess15_nine_3 nine 
LOG (lattice-best-path[5.5.1017~3-12a20]:main():lattice-best-path.cc:99) For utterance sess15_nine_4, best cost 42.7879 + 8130.13 = 8172.92 over 56 frames.
sess15_nine_4 nine 
LOG (lattice-best-path[5.5.1017~3-12a20]:main():lattice-best-path.cc:99) For utterance sess15_one_0, best cost 40.7878 + 9079.68 = 9120.47 over 57 frames.
sess15_one_0 right 
LOG (lattice-best-path[5.5.1017~3-12a20]:main():lattice-best-path.cc:99) For utterance sess15_one_1, best cost 42.326 + 8675.76 = 8718.08 over 55 frames.
sess15_one_1 one 
LOG (lattice-best-path[5.5.1017~3-12a20]:main():lattice-best-path.cc:99) For utterance sess15_one_2, best cost 43.8549 + 10577.3 = 10621.2 over 68 frames.
sess15_one_2 one 
LOG (lattice-best-path[5.5.1017~3-12a20]:main():lattice-best-path.cc:99) For utterance sess15_one_3, best cost 41.256 + 8626.54 = 8667.8 over 53 frames.
sess15_one_3 one 
LOG (lattice-best-path[5.5.1017~3-12a20]:main():lattice-best-path.cc:99) For utterance sess15_one_4, best cost 48.4707 + 9194.22 = 9242.69 over 60 frames.
sess15_one_4 right 
LOG (lattice-best-path[5.5.1017~3-12a20]:main():lattice-best-path.cc:99) For utterance sess15_right_0, best cost 41.1586 + 8955.14 = 8996.3 over 55 frames.
sess15_right_0 right 
LOG (lattice-best-path[5.5.1017~3-12a20]:main():lattice-best-path.cc:99) For utterance sess15_right_1, best cost 42.8054 + 9519.4 = 9562.21 over 59 frames.
sess15_right_1 right 
LOG (lattice-best-path[5.5.1017~3-12a20]:main():lattice-best-path.cc:99) For utterance sess15_right_2, best cost 44.4614 + 8936.16 = 8980.62 over 57 frames.
sess15_right_2 right 
LOG (lattice-best-path[5.5.1017~3-12a20]:main():lattice-best-path.cc:99) For utterance sess15_right_3, best cost 43.3019 + 9988.02 = 10031.3 over 63 frames.
sess15_right_3 right 
LOG (lattice-best-path[5.5.1017~3-12a20]:main():lattice-best-path.cc:99) For utterance sess15_right_4, best cost 43.0934 + 10010.8 = 10053.9 over 61 frames.
sess15_right_4 right 
LOG (lattice-best-path[5.5.1017~3-12a20]:main():lattice-best-path.cc:99) For utterance sess15_seven_0, best cost 43.6464 + 9275.41 = 9319.05 over 58 frames.
sess15_seven_0 seven 
LOG (lattice-best-path[5.5.1017~3-12a20]:main():lattice-best-path.cc:99) For utterance sess15_seven_1, best cost 44.4618 + 8243.63 = 8288.09 over 53 frames.
sess15_seven_1 seven 
LOG (lattice-best-path[5.5.1017~3-12a20]:main():lattice-best-path.cc:99) For utterance sess15_seven_2, best cost 44.0412 + 7776.23 = 7820.27 over 51 frames.
sess15_seven_2 seven 
LOG (lattice-best-path[5.5.1017~3-12a20]:main():lattice-best-path.cc:99) For utterance sess15_seven_3, best cost 45.3343 + 8683.87 = 8729.2 over 55 frames.
sess15_seven_3 seven 
LOG (lattice-best-path[5.5.1017~3-12a20]:main():lattice-best-path.cc:99) For utterance sess15_seven_4, best cost 44.0222 + 9446.66 = 9490.69 over 59 frames.
sess15_seven_4 seven 
LOG (lattice-best-path[5.5.1017~3-12a20]:main():lattice-best-path.cc:99) For utterance sess15_six_0, best cost 42.219 + 8403.67 = 8445.89 over 52 frames.
sess15_six_0 six 
LOG (lattice-best-path[5.5.1017~3-12a20]:main():lattice-best-path.cc:99) For utterance sess15_six_1, best cost 43.2676 + 8624.42 = 8667.69 over 53 frames.
sess15_six_1 right 
LOG (lattice-best-path[5.5.1017~3-12a20]:main():lattice-best-path.cc:99) For utterance sess15_six_2, best cost 41.6268 + 9124.12 = 9165.74 over 57 frames.
sess15_six_2 right 
LOG (lattice-best-path[5.5.1017~3-12a20]:main():lattice-best-path.cc:99) For utterance sess15_six_3, best cost 43.3579 + 8355.38 = 8398.73 over 53 frames.
sess15_six_3 right 
LOG (lattice-best-path[5.5.1017~3-12a20]:main():lattice-best-path.cc:99) For utterance sess15_six_4, best cost 65.0738 + 10094 = 10159 over 62 frames.
sess15_six_4 right nine 
LOG (lattice-best-path[5.5.1017~3-12a20]:main():lattice-best-path.cc:99) For utterance sess15_three_0, best cost 44.8863 + 8759.84 = 8804.73 over 53 frames.
sess15_three_0 three 
LOG (lattice-best-path[5.5.1017~3-12a20]:main():lattice-best-path.cc:99) For utterance sess15_three_1, best cost 44.276 + 8846.54 = 8890.82 over 55 frames.
sess15_three_1 three 
LOG (lattice-best-path[5.5.1017~3-12a20]:main():lattice-best-path.cc:99) For utterance sess15_three_2, best cost 44.145 + 9664.49 = 9708.63 over 59 frames.
sess15_three_2 three 
LOG (lattice-best-path[5.5.1017~3-12a20]:main():lattice-best-path.cc:99) For utterance sess15_three_3, best cost 45.1819 + 9452.46 = 9497.64 over 60 frames.
sess15_three_3 three 
LOG (lattice-best-path[5.5.1017~3-12a20]:main():lattice-best-path.cc:99) For utterance sess15_three_4, best cost 44.9759 + 8707.02 = 8752 over 56 frames.
sess15_three_4 three 
LOG (lattice-best-path[5.5.1017~3-12a20]:main():lattice-best-path.cc:99) For utterance sess15_two_0, best cost 62.7032 + 9616.39 = 9679.09 over 57 frames.
sess15_two_0 two nine 
LOG (lattice-best-path[5.5.1017~3-12a20]:main():lattice-best-path.cc:99) For utterance sess15_two_1, best cost 41.4438 + 9028.76 = 9070.21 over 57 frames.
sess15_two_1 two 
LOG (lattice-best-path[5.5.1017~3-12a20]:main():lattice-best-path.cc:99) For utterance sess15_two_2, best cost 41.0552 + 9444.73 = 9485.79 over 59 frames.
sess15_two_2 two 
LOG (lattice-best-path[5.5.1017~3-12a20]:main():lattice-best-path.cc:99) For utterance sess15_two_3, best cost 41.7088 + 8419.77 = 8461.48 over 53 frames.
sess15_two_3 two 
LOG (lattice-best-path[5.5.1017~3-12a20]:main():lattice-best-path.cc:99) For utterance sess15_two_4, best cost 41.1474 + 8486.5 = 8527.64 over 55 frames.
sess15_two_4 two 
LOG (lattice-best-path[5.5.1017~3-12a20]:main():lattice-best-path.cc:99) For utterance sess15_up_0, best cost 39.8575 + 7439.8 = 7479.66 over 46 frames.
sess15_up_0 up 
LOG (lattice-best-path[5.5.1017~3-12a20]:main():lattice-best-path.cc:99) For utterance sess15_up_1, best cost 38.8523 + 7863.16 = 7902.01 over 47 frames.
sess15_up_1 up 
LOG (lattice-best-path[5.5.1017~3-12a20]:main():lattice-best-path.cc:99) For utterance sess15_up_2, best cost 40.4941 + 8378.54 = 8419.03 over 51 frames.
sess15_up_2 up 
LOG (lattice-best-path[5.5.1017~3-12a20]:main():lattice-best-path.cc:99) For utterance sess15_up_3, best cost 40.9544 + 8027.42 = 8068.37 over 50 frames.
sess15_up_3 up 
LOG (lattice-best-path[5.5.1017~3-12a20]:main():lattice-best-path.cc:99) For utterance sess15_up_4, best cost 41.4829 + 8884.47 = 8925.95 over 56 frames.
sess15_up_4 up 
LOG (lattice-best-path[5.5.1017~3-12a20]:main():lattice-best-path.cc:99) For utterance sess15_zero_0, best cost 46.893 + 9733 = 9779.89 over 61 frames.
sess15_zero_0 zero 
LOG (lattice-best-path[5.5.1017~3-12a20]:main():lattice-best-path.cc:99) For utterance sess15_zero_1, best cost 47.3094 + 10282.6 = 10330 over 64 frames.
sess15_zero_1 zero 
LOG (lattice-best-path[5.5.1017~3-12a20]:main():lattice-best-path.cc:99) For utterance sess15_zero_2, best cost 47.5119 + 10814.2 = 10861.7 over 66 frames.
sess15_zero_2 zero 
LOG (lattice-best-path[5.5.1017~3-12a20]:main():lattice-best-path.cc:99) For utterance sess15_zero_3, best cost 45.6629 + 8821.6 = 8867.26 over 56 frames.
sess15_zero_3 zero 
LOG (lattice-best-path[5.5.1017~3-12a20]:main():lattice-best-path.cc:99) For utterance sess15_zero_4, best cost 46.5327 + 9516.5 = 9563.03 over 59 frames.
sess15_zero_4 zero 
LOG (lattice-best-path[5.5.1017~3-12a20]:main():lattice-best-path.cc:124) Overall cost per frame is 159.012 = 0.786793 [graph] + 158.225 [acoustic] over 3936 frames.
LOG (lattice-best-path[5.5.1017~3-12a20]:main():lattice-best-path.cc:128) Done 70 lattices, failed for 0
# Accounting: time=0 threads=1
# Ended (code 0) at Mon Apr 25 20:44:04 CDT 2022, elapsed time 0 seconds
