# lattice-best-path --lm-scale=10 --word-symbol-table=exp/mono/graph/words.txt "ark:gunzip -c exp/mono/decode/lat.*.gz|" ark,t:exp/mono/decode/scoring/10.tra 
# Started at Fri Apr 22 16:26:09 CDT 2022
#
lattice-best-path --lm-scale=10 --word-symbol-table=exp/mono/graph/words.txt 'ark:gunzip -c exp/mono/decode/lat.*.gz|' ark,t:exp/mono/decode/scoring/10.tra 
LOG (lattice-best-path[5.5.1013~6-d787]:main():lattice-best-path.cc:99) For utterance sess5_down_0, best cost 81.8088 + 7994.55 = 8076.36 over 49 frames.
sess5_down_0 down 
LOG (lattice-best-path[5.5.1013~6-d787]:main():lattice-best-path.cc:99) For utterance sess5_down_1, best cost 92.1659 + 10343.5 = 10435.7 over 64 frames.
sess5_down_1 down 
LOG (lattice-best-path[5.5.1013~6-d787]:main():lattice-best-path.cc:99) For utterance sess5_down_2, best cost 89.128 + 8352.83 = 8441.96 over 52 frames.
sess5_down_2 down 
LOG (lattice-best-path[5.5.1013~6-d787]:main():lattice-best-path.cc:99) For utterance sess5_down_3, best cost 84.3059 + 8744.14 = 8828.45 over 54 frames.
sess5_down_3 down 
LOG (lattice-best-path[5.5.1013~6-d787]:main():lattice-best-path.cc:99) For utterance sess5_down_4, best cost 83.5379 + 8358.4 = 8441.94 over 51 frames.
sess5_down_4 down 
LOG (lattice-best-path[5.5.1013~6-d787]:main():lattice-best-path.cc:99) For utterance sess5_eight_0, best cost 88.2596 + 8585.24 = 8673.5 over 52 frames.
sess5_eight_0 nine 
LOG (lattice-best-path[5.5.1013~6-d787]:main():lattice-best-path.cc:99) For utterance sess5_eight_1, best cost 85.2702 + 8617.92 = 8703.19 over 54 frames.
sess5_eight_1 eight 
LOG (lattice-best-path[5.5.1013~6-d787]:main():lattice-best-path.cc:99) For utterance sess5_eight_2, best cost 82.0654 + 7659.05 = 7741.12 over 47 frames.
sess5_eight_2 eight 
LOG (lattice-best-path[5.5.1013~6-d787]:main():lattice-best-path.cc:99) For utterance sess5_eight_3, best cost 77.7591 + 7752.41 = 7830.17 over 47 frames.
sess5_eight_3 eight 
LOG (lattice-best-path[5.5.1013~6-d787]:main():lattice-best-path.cc:99) For utterance sess5_eight_4, best cost 90.8885 + 9095.03 = 9185.92 over 59 frames.
sess5_eight_4 nine 
LOG (lattice-best-path[5.5.1013~6-d787]:main():lattice-best-path.cc:99) For utterance sess5_five_0, best cost 83.7108 + 8853.99 = 8937.7 over 53 frames.
sess5_five_0 five 
LOG (lattice-best-path[5.5.1013~6-d787]:main():lattice-best-path.cc:99) For utterance sess5_five_1, best cost 85.1535 + 9901.96 = 9987.11 over 60 frames.
sess5_five_1 five 
LOG (lattice-best-path[5.5.1013~6-d787]:main():lattice-best-path.cc:99) For utterance sess5_five_2, best cost 131.422 + 9326.09 = 9457.51 over 55 frames.
sess5_five_2 five nine 
LOG (lattice-best-path[5.5.1013~6-d787]:main():lattice-best-path.cc:99) For utterance sess5_five_3, best cost 88.0434 + 8259.08 = 8347.12 over 51 frames.
sess5_five_3 five 
LOG (lattice-best-path[5.5.1013~6-d787]:main():lattice-best-path.cc:99) For utterance sess5_five_4, best cost 90.5939 + 9696.32 = 9786.92 over 60 frames.
sess5_five_4 five 
LOG (lattice-best-path[5.5.1013~6-d787]:main():lattice-best-path.cc:99) For utterance sess5_four_0, best cost 85.2507 + 8761.73 = 8846.98 over 54 frames.
sess5_four_0 four 
LOG (lattice-best-path[5.5.1013~6-d787]:main():lattice-best-path.cc:99) For utterance sess5_four_1, best cost 90.9463 + 11851.2 = 11942.2 over 74 frames.
sess5_four_1 four 
LOG (lattice-best-path[5.5.1013~6-d787]:main():lattice-best-path.cc:99) For utterance sess5_four_2, best cost 87.0978 + 9765.08 = 9852.18 over 60 frames.
sess5_four_2 four 
LOG (lattice-best-path[5.5.1013~6-d787]:main():lattice-best-path.cc:99) For utterance sess5_four_3, best cost 87.6271 + 10451 = 10538.7 over 64 frames.
sess5_four_3 four 
LOG (lattice-best-path[5.5.1013~6-d787]:main():lattice-best-path.cc:99) For utterance sess5_four_4, best cost 86.1783 + 10062.3 = 10148.5 over 61 frames.
sess5_four_4 four 
LOG (lattice-best-path[5.5.1013~6-d787]:main():lattice-best-path.cc:99) For utterance sess5_left_0, best cost 86.9756 + 8552.65 = 8639.63 over 52 frames.
sess5_left_0 left 
LOG (lattice-best-path[5.5.1013~6-d787]:main():lattice-best-path.cc:99) For utterance sess5_left_1, best cost 83.1272 + 8714.93 = 8798.05 over 55 frames.
sess5_left_1 left 
LOG (lattice-best-path[5.5.1013~6-d787]:main():lattice-best-path.cc:99) For utterance sess5_left_2, best cost 86.4573 + 9366.53 = 9452.99 over 57 frames.
sess5_left_2 left 
LOG (lattice-best-path[5.5.1013~6-d787]:main():lattice-best-path.cc:99) For utterance sess5_left_3, best cost 81.0226 + 7959.06 = 8040.08 over 52 frames.
sess5_left_3 left 
LOG (lattice-best-path[5.5.1013~6-d787]:main():lattice-best-path.cc:99) For utterance sess5_left_4, best cost 88.3293 + 8896.66 = 8984.99 over 57 frames.
sess5_left_4 left 
LOG (lattice-best-path[5.5.1013~6-d787]:main():lattice-best-path.cc:99) For utterance sess5_nine_0, best cost 101.658 + 8735.6 = 8837.26 over 54 frames.
sess5_nine_0 nine 
LOG (lattice-best-path[5.5.1013~6-d787]:main():lattice-best-path.cc:99) For utterance sess5_nine_1, best cost 81.7264 + 8355.56 = 8437.28 over 53 frames.
sess5_nine_1 nine 
LOG (lattice-best-path[5.5.1013~6-d787]:main():lattice-best-path.cc:99) For utterance sess5_nine_2, best cost 83.5695 + 8023.92 = 8107.49 over 51 frames.
sess5_nine_2 nine 
LOG (lattice-best-path[5.5.1013~6-d787]:main():lattice-best-path.cc:99) For utterance sess5_nine_3, best cost 91.5565 + 9587.24 = 9678.8 over 59 frames.
sess5_nine_3 nine 
LOG (lattice-best-path[5.5.1013~6-d787]:main():lattice-best-path.cc:99) For utterance sess5_nine_4, best cost 88.4439 + 9070.15 = 9158.59 over 56 frames.
sess5_nine_4 nine 
LOG (lattice-best-path[5.5.1013~6-d787]:main():lattice-best-path.cc:99) For utterance sess5_one_0, best cost 91.5472 + 8355.26 = 8446.81 over 54 frames.
sess5_one_0 one 
LOG (lattice-best-path[5.5.1013~6-d787]:main():lattice-best-path.cc:99) For utterance sess5_one_1, best cost 81.2248 + 8795.31 = 8876.53 over 53 frames.
sess5_one_1 one 
LOG (lattice-best-path[5.5.1013~6-d787]:main():lattice-best-path.cc:99) For utterance sess5_one_2, best cost 79.5758 + 8841.58 = 8921.16 over 55 frames.
sess5_one_2 one 
LOG (lattice-best-path[5.5.1013~6-d787]:main():lattice-best-path.cc:99) For utterance sess5_one_3, best cost 80.8054 + 8703.24 = 8784.05 over 52 frames.
sess5_one_3 one 
LOG (lattice-best-path[5.5.1013~6-d787]:main():lattice-best-path.cc:99) For utterance sess5_one_4, best cost 81.4409 + 8878.49 = 8959.93 over 54 frames.
sess5_one_4 one 
LOG (lattice-best-path[5.5.1013~6-d787]:main():lattice-best-path.cc:99) For utterance sess5_right_0, best cost 85.985 + 9878.84 = 9964.83 over 63 frames.
sess5_right_0 one 
LOG (lattice-best-path[5.5.1013~6-d787]:main():lattice-best-path.cc:99) For utterance sess5_right_1, best cost 89.8023 + 8794.58 = 8884.38 over 55 frames.
sess5_right_1 right 
LOG (lattice-best-path[5.5.1013~6-d787]:main():lattice-best-path.cc:99) For utterance sess5_right_2, best cost 81.9677 + 8519.21 = 8601.17 over 51 frames.
sess5_right_2 right 
LOG (lattice-best-path[5.5.1013~6-d787]:main():lattice-best-path.cc:99) For utterance sess5_right_3, best cost 92.4747 + 9796.29 = 9888.76 over 62 frames.
sess5_right_3 three 
LOG (lattice-best-path[5.5.1013~6-d787]:main():lattice-best-path.cc:99) For utterance sess5_right_4, best cost 88.4205 + 9647.9 = 9736.32 over 61 frames.
sess5_right_4 right 
LOG (lattice-best-path[5.5.1013~6-d787]:main():lattice-best-path.cc:99) For utterance sess5_seven_0, best cost 88.3993 + 8531.28 = 8619.68 over 53 frames.
sess5_seven_0 seven 
LOG (lattice-best-path[5.5.1013~6-d787]:main():lattice-best-path.cc:99) For utterance sess5_seven_1, best cost 94.0425 + 9310.76 = 9404.8 over 60 frames.
sess5_seven_1 seven 
LOG (lattice-best-path[5.5.1013~6-d787]:main():lattice-best-path.cc:99) For utterance sess5_seven_2, best cost 89.6472 + 8627.45 = 8717.09 over 57 frames.
sess5_seven_2 seven 
LOG (lattice-best-path[5.5.1013~6-d787]:main():lattice-best-path.cc:99) For utterance sess5_seven_3, best cost 32.9256 + 4705.73 = 4738.66 over 26 frames.
sess5_seven_3 
LOG (lattice-best-path[5.5.1013~6-d787]:main():lattice-best-path.cc:99) For utterance sess5_seven_4, best cost 88.3441 + 8676.81 = 8765.15 over 55 frames.
sess5_seven_4 seven 
LOG (lattice-best-path[5.5.1013~6-d787]:main():lattice-best-path.cc:99) For utterance sess5_six_0, best cost 134.862 + 8204.71 = 8339.57 over 50 frames.
sess5_six_0 zero nine 
LOG (lattice-best-path[5.5.1013~6-d787]:main():lattice-best-path.cc:99) For utterance sess5_six_1, best cost 87.1734 + 8819.07 = 8906.24 over 55 frames.
sess5_six_1 six 
LOG (lattice-best-path[5.5.1013~6-d787]:main():lattice-best-path.cc:99) For utterance sess5_six_2, best cost 84.8149 + 7637.54 = 7722.35 over 45 frames.
sess5_six_2 six 
LOG (lattice-best-path[5.5.1013~6-d787]:main():lattice-best-path.cc:99) For utterance sess5_six_3, best cost 85.8526 + 8547.55 = 8633.4 over 51 frames.
sess5_six_3 six 
LOG (lattice-best-path[5.5.1013~6-d787]:main():lattice-best-path.cc:99) For utterance sess5_six_4, best cost 95.9309 + 10020.2 = 10116.1 over 60 frames.
sess5_six_4 zero 
LOG (lattice-best-path[5.5.1013~6-d787]:main():lattice-best-path.cc:99) For utterance sess5_three_0, best cost 85.0237 + 9379.14 = 9464.16 over 58 frames.
sess5_three_0 three 
LOG (lattice-best-path[5.5.1013~6-d787]:main():lattice-best-path.cc:99) For utterance sess5_three_1, best cost 84.6396 + 8122.01 = 8206.65 over 50 frames.
sess5_three_1 three 
LOG (lattice-best-path[5.5.1013~6-d787]:main():lattice-best-path.cc:99) For utterance sess5_three_2, best cost 90.3165 + 10405.7 = 10496 over 61 frames.
sess5_three_2 three 
LOG (lattice-best-path[5.5.1013~6-d787]:main():lattice-best-path.cc:99) For utterance sess5_three_3, best cost 90.2759 + 9905.79 = 9996.06 over 61 frames.
sess5_three_3 three 
LOG (lattice-best-path[5.5.1013~6-d787]:main():lattice-best-path.cc:99) For utterance sess5_three_4, best cost 91.8946 + 10535.9 = 10627.8 over 65 frames.
sess5_three_4 three 
LOG (lattice-best-path[5.5.1013~6-d787]:main():lattice-best-path.cc:99) For utterance sess5_two_0, best cost 82.3427 + 8862.1 = 8944.44 over 54 frames.
sess5_two_0 two 
LOG (lattice-best-path[5.5.1013~6-d787]:main():lattice-best-path.cc:99) For utterance sess5_two_1, best cost 95.6647 + 10256.8 = 10352.5 over 63 frames.
sess5_two_1 zero 
LOG (lattice-best-path[5.5.1013~6-d787]:main():lattice-best-path.cc:99) For utterance sess5_two_2, best cost 80.7714 + 9457.37 = 9538.15 over 59 frames.
sess5_two_2 two 
LOG (lattice-best-path[5.5.1013~6-d787]:main():lattice-best-path.cc:99) For utterance sess5_two_3, best cost 78.8702 + 7233.86 = 7312.73 over 45 frames.
sess5_two_3 two 
LOG (lattice-best-path[5.5.1013~6-d787]:main():lattice-best-path.cc:99) For utterance sess5_two_4, best cost 81.8397 + 9301.29 = 9383.13 over 57 frames.
sess5_two_4 two 
LOG (lattice-best-path[5.5.1013~6-d787]:main():lattice-best-path.cc:99) For utterance sess5_up_0, best cost 83.291 + 8156.83 = 8240.12 over 49 frames.
sess5_up_0 up 
LOG (lattice-best-path[5.5.1013~6-d787]:main():lattice-best-path.cc:99) For utterance sess5_up_1, best cost 77.4337 + 8220.46 = 8297.89 over 50 frames.
sess5_up_1 up 
LOG (lattice-best-path[5.5.1013~6-d787]:main():lattice-best-path.cc:99) For utterance sess5_up_2, best cost 82.3232 + 8377.12 = 8459.44 over 52 frames.
sess5_up_2 up 
LOG (lattice-best-path[5.5.1013~6-d787]:main():lattice-best-path.cc:99) For utterance sess5_up_3, best cost 76.0537 + 8665.99 = 8742.04 over 51 frames.
sess5_up_3 up 
LOG (lattice-best-path[5.5.1013~6-d787]:main():lattice-best-path.cc:99) For utterance sess5_up_4, best cost 76.3214 + 7619.72 = 7696.04 over 47 frames.
sess5_up_4 up 
LOG (lattice-best-path[5.5.1013~6-d787]:main():lattice-best-path.cc:99) For utterance sess5_zero_0, best cost 87.7653 + 8110.78 = 8198.54 over 47 frames.
sess5_zero_0 zero 
LOG (lattice-best-path[5.5.1013~6-d787]:main():lattice-best-path.cc:99) For utterance sess5_zero_1, best cost 95.7067 + 10697.2 = 10792.9 over 63 frames.
sess5_zero_1 zero 
LOG (lattice-best-path[5.5.1013~6-d787]:main():lattice-best-path.cc:99) For utterance sess5_zero_2, best cost 94.0274 + 10356.6 = 10450.7 over 62 frames.
sess5_zero_2 zero 
LOG (lattice-best-path[5.5.1013~6-d787]:main():lattice-best-path.cc:99) For utterance sess5_zero_3, best cost 92.6018 + 9133.85 = 9226.45 over 55 frames.
sess5_zero_3 zero 
LOG (lattice-best-path[5.5.1013~6-d787]:main():lattice-best-path.cc:99) For utterance sess5_zero_4, best cost 94.0583 + 10305.8 = 10399.9 over 61 frames.
sess5_zero_4 zero 
LOG (lattice-best-path[5.5.1013~6-d787]:main():lattice-best-path.cc:124) Overall cost per frame is 164.248 = 1.58497 [graph] + 162.663 [acoustic] over 3849 frames.
LOG (lattice-best-path[5.5.1013~6-d787]:main():lattice-best-path.cc:128) Done 70 lattices, failed for 0
# Accounting: time=0 threads=1
# Ended (code 0) at Fri Apr 22 16:26:09 CDT 2022, elapsed time 0 seconds
