# gunzip -c exp/tri1/decode/depth_tmp.*.gz | steps/diagnostic/analyze_lattice_depth_stats.py exp/tri1/graph exp/tri1/decode/ali_frame_tmp.gz 
# Started at Sat Apr 23 13:35:23 CDT 2022
#
The total amount of data analyzed assuming 100 frames per second is 0.0 hours
Overall, lattice depth (10,50,90-percentile)=(1,1,3) and mean=2.3
Nonsilence phones as a group account for 74.8% of frames, with lattice depth (10,50,90-percentile)=(1,1,3) and mean=2.5
Phone sil accounts for 25.2% of frames, with lattice depth (10,50,90-percentile)=(1,1,3) and mean=2.0
Phone n_E accounts for 11.0% of frames, with lattice depth (10,50,90-percentile)=(1,2,19) and mean=3.8
Phone t_E accounts for 8.8% of frames, with lattice depth (10,50,90-percentile)=(1,2,5) and mean=2.5
Phone r_E accounts for 5.2% of frames, with lattice depth (10,50,90-percentile)=(1,1,5) and mean=1.9
Phone ay1_I accounts for 4.5% of frames, with lattice depth (10,50,90-percentile)=(1,2,10) and mean=3.4
Phone v_E accounts for 3.9% of frames, with lattice depth (10,50,90-percentile)=(1,3,29) and mean=9.2
Phone r_B accounts for 3.4% of frames, with lattice depth (10,50,90-percentile)=(1,2,2) and mean=1.7
Phone iy1_E accounts for 3.2% of frames, with lattice depth (10,50,90-percentile)=(1,1,1) and mean=1.0
Phone k_I accounts for 3.1% of frames, with lattice depth (10,50,90-percentile)=(1,1,2) and mean=1.3
Phone ao1_I accounts for 2.9% of frames, with lattice depth (10,50,90-percentile)=(1,1,1) and mean=1.2
Phone n_B accounts for 2.3% of frames, with lattice depth (10,50,90-percentile)=(1,2,3) and mean=2.4
Phone f_B accounts for 2.1% of frames, with lattice depth (10,50,90-percentile)=(1,1,1) and mean=1.6
Phone ey1_B accounts for 1.9% of frames, with lattice depth (10,50,90-percentile)=(1,3,5) and mean=2.8
Phone r_I accounts for 1.9% of frames, with lattice depth (10,50,90-percentile)=(1,1,1) and mean=1.0
Phone ih1_I accounts for 1.8% of frames, with lattice depth (10,50,90-percentile)=(1,1,2) and mean=1.1
Phone v_I accounts for 1.8% of frames, with lattice depth (10,50,90-percentile)=(1,1,1) and mean=1.0
Phone d_B accounts for 1.7% of frames, with lattice depth (10,50,90-percentile)=(1,1,1) and mean=1.0
Phone eh1_I accounts for 1.7% of frames, with lattice depth (10,50,90-percentile)=(1,1,2) and mean=1.3
Phone th_B accounts for 1.7% of frames, with lattice depth (10,50,90-percentile)=(1,1,1) and mean=1.0
Phone s_B accounts for 1.6% of frames, with lattice depth (10,50,90-percentile)=(1,1,2) and mean=1.2
Phone l_B accounts for 1.4% of frames, with lattice depth (10,50,90-percentile)=(1,2,2) and mean=1.5
Phone aw1_I accounts for 1.3% of frames, with lattice depth (10,50,90-percentile)=(1,1,1) and mean=1.0
Phone uw1_E accounts for 1.3% of frames, with lattice depth (10,50,90-percentile)=(2,2,2) and mean=2.0
Phone p_E accounts for 1.2% of frames, with lattice depth (10,50,90-percentile)=(1,2,2) and mean=1.7
Phone z_B accounts for 1.0% of frames, with lattice depth (10,50,90-percentile)=(1,1,1) and mean=1.0
Phone w_B accounts for 0.9% of frames, with lattice depth (10,50,90-percentile)=(2,2,2) and mean=2.0
Phone ow0_E accounts for 0.7% of frames, with lattice depth (10,50,90-percentile)=(1,1,1) and mean=1.0
Phone t_B accounts for 0.6% of frames, with lattice depth (10,50,90-percentile)=(2,2,2) and mean=2.0
Phone ah1_I accounts for 0.5% of frames, with lattice depth (10,50,90-percentile)=(2,2,2) and mean=2.0
# Accounting: time=0 threads=1
# Ended (code 0) at Sat Apr 23 13:35:23 CDT 2022, elapsed time 0 seconds
