# gmm-latgen-faster --max-active=7000 --beam=13.0 --lattice-beam=6.0 --acoustic-scale=0.083333 --allow-partial=true --word-symbol-table=exp/tri1/graph/words.txt exp/tri1/final.mdl exp/tri1/graph/HCLG.fst "ark,s,cs:apply-cmvn  --utt2spk=ark:data/test/split1/1/utt2spk scp:data/test/split1/1/cmvn.scp scp:data/test/split1/1/feats.scp ark:- | add-deltas  ark:- ark:- |" "ark:|gzip -c > exp/tri1/decode/lat.1.gz" 
# Started at Mon Apr 25 20:44:29 CDT 2022
#
gmm-latgen-faster --max-active=7000 --beam=13.0 --lattice-beam=6.0 --acoustic-scale=0.083333 --allow-partial=true --word-symbol-table=exp/tri1/graph/words.txt exp/tri1/final.mdl exp/tri1/graph/HCLG.fst 'ark,s,cs:apply-cmvn  --utt2spk=ark:data/test/split1/1/utt2spk scp:data/test/split1/1/cmvn.scp scp:data/test/split1/1/feats.scp ark:- | add-deltas  ark:- ark:- |' 'ark:|gzip -c > exp/tri1/decode/lat.1.gz' 
add-deltas ark:- ark:- 
apply-cmvn --utt2spk=ark:data/test/split1/1/utt2spk scp:data/test/split1/1/cmvn.scp scp:data/test/split1/1/feats.scp ark:- 
sess15_down_0 down 
LOG (gmm-latgen-faster[5.5.1017~3-12a20]:DecodeUtteranceLatticeFaster():decoder-wrappers.cc:375) Log-like per frame for utterance sess15_down_0 is -13.6859 over 59 frames.
sess15_down_1 down 
LOG (gmm-latgen-faster[5.5.1017~3-12a20]:DecodeUtteranceLatticeFaster():decoder-wrappers.cc:375) Log-like per frame for utterance sess15_down_1 is -13.6313 over 63 frames.
sess15_down_2 down 
LOG (gmm-latgen-faster[5.5.1017~3-12a20]:DecodeUtteranceLatticeFaster():decoder-wrappers.cc:375) Log-like per frame for utterance sess15_down_2 is -13.708 over 60 frames.
sess15_down_3 down 
LOG (gmm-latgen-faster[5.5.1017~3-12a20]:DecodeUtteranceLatticeFaster():decoder-wrappers.cc:375) Log-like per frame for utterance sess15_down_3 is -13.7202 over 63 frames.
sess15_down_4 down 
LOG (gmm-latgen-faster[5.5.1017~3-12a20]:DecodeUtteranceLatticeFaster():decoder-wrappers.cc:375) Log-like per frame for utterance sess15_down_4 is -13.4195 over 54 frames.
sess15_eight_0 nine 
LOG (gmm-latgen-faster[5.5.1017~3-12a20]:DecodeUtteranceLatticeFaster():decoder-wrappers.cc:375) Log-like per frame for utterance sess15_eight_0 is -12.9831 over 50 frames.
sess15_eight_1 nine 
LOG (gmm-latgen-faster[5.5.1017~3-12a20]:DecodeUtteranceLatticeFaster():decoder-wrappers.cc:375) Log-like per frame for utterance sess15_eight_1 is -13.3867 over 56 frames.
sess15_eight_2 eight 
LOG (gmm-latgen-faster[5.5.1017~3-12a20]:DecodeUtteranceLatticeFaster():decoder-wrappers.cc:375) Log-like per frame for utterance sess15_eight_2 is -13.1543 over 50 frames.
sess15_eight_3 eight 
LOG (gmm-latgen-faster[5.5.1017~3-12a20]:DecodeUtteranceLatticeFaster():decoder-wrappers.cc:375) Log-like per frame for utterance sess15_eight_3 is -13.1422 over 56 frames.
sess15_eight_4 right 
LOG (gmm-latgen-faster[5.5.1017~3-12a20]:DecodeUtteranceLatticeFaster():decoder-wrappers.cc:375) Log-like per frame for utterance sess15_eight_4 is -13.3994 over 55 frames.
sess15_five_0 five 
LOG (gmm-latgen-faster[5.5.1017~3-12a20]:DecodeUtteranceLatticeFaster():decoder-wrappers.cc:375) Log-like per frame for utterance sess15_five_0 is -13.4284 over 53 frames.
sess15_five_1 five 
LOG (gmm-latgen-faster[5.5.1017~3-12a20]:DecodeUtteranceLatticeFaster():decoder-wrappers.cc:375) Log-like per frame for utterance sess15_five_1 is -13.8688 over 66 frames.
sess15_five_2 five 
LOG (gmm-latgen-faster[5.5.1017~3-12a20]:DecodeUtteranceLatticeFaster():decoder-wrappers.cc:375) Log-like per frame for utterance sess15_five_2 is -13.3335 over 53 frames.
sess15_five_3 five 
LOG (gmm-latgen-faster[5.5.1017~3-12a20]:DecodeUtteranceLatticeFaster():decoder-wrappers.cc:375) Log-like per frame for utterance sess15_five_3 is -13.1039 over 57 frames.
sess15_five_4 five 
LOG (gmm-latgen-faster[5.5.1017~3-12a20]:DecodeUtteranceLatticeFaster():decoder-wrappers.cc:375) Log-like per frame for utterance sess15_five_4 is -14.6176 over 54 frames.
sess15_four_0 four 
LOG (gmm-latgen-faster[5.5.1017~3-12a20]:DecodeUtteranceLatticeFaster():decoder-wrappers.cc:375) Log-like per frame for utterance sess15_four_0 is -13.5114 over 57 frames.
sess15_four_1 three 
LOG (gmm-latgen-faster[5.5.1017~3-12a20]:DecodeUtteranceLatticeFaster():decoder-wrappers.cc:375) Log-like per frame for utterance sess15_four_1 is -14.0394 over 56 frames.
sess15_four_2 four 
LOG (gmm-latgen-faster[5.5.1017~3-12a20]:DecodeUtteranceLatticeFaster():decoder-wrappers.cc:375) Log-like per frame for utterance sess15_four_2 is -13.7084 over 52 frames.
sess15_four_3 four 
LOG (gmm-latgen-faster[5.5.1017~3-12a20]:DecodeUtteranceLatticeFaster():decoder-wrappers.cc:375) Log-like per frame for utterance sess15_four_3 is -13.4473 over 57 frames.
sess15_four_4 four 
LOG (gmm-latgen-faster[5.5.1017~3-12a20]:DecodeUtteranceLatticeFaster():decoder-wrappers.cc:375) Log-like per frame for utterance sess15_four_4 is -13.1221 over 64 frames.
sess15_left_0 left 
LOG (gmm-latgen-faster[5.5.1017~3-12a20]:DecodeUtteranceLatticeFaster():decoder-wrappers.cc:375) Log-like per frame for utterance sess15_left_0 is -13.5158 over 49 frames.
sess15_left_1 left 
LOG (gmm-latgen-faster[5.5.1017~3-12a20]:DecodeUtteranceLatticeFaster():decoder-wrappers.cc:375) Log-like per frame for utterance sess15_left_1 is -13.0826 over 59 frames.
sess15_left_2 left 
LOG (gmm-latgen-faster[5.5.1017~3-12a20]:DecodeUtteranceLatticeFaster():decoder-wrappers.cc:375) Log-like per frame for utterance sess15_left_2 is -13.6779 over 55 frames.
sess15_left_3 left 
LOG (gmm-latgen-faster[5.5.1017~3-12a20]:DecodeUtteranceLatticeFaster():decoder-wrappers.cc:375) Log-like per frame for utterance sess15_left_3 is -13.1969 over 48 frames.
sess15_left_4 left 
LOG (gmm-latgen-faster[5.5.1017~3-12a20]:DecodeUtteranceLatticeFaster():decoder-wrappers.cc:375) Log-like per frame for utterance sess15_left_4 is -13.3153 over 57 frames.
sess15_nine_0 nine 
LOG (gmm-latgen-faster[5.5.1017~3-12a20]:DecodeUtteranceLatticeFaster():decoder-wrappers.cc:375) Log-like per frame for utterance sess15_nine_0 is -12.4469 over 57 frames.
sess15_nine_1 nine 
LOG (gmm-latgen-faster[5.5.1017~3-12a20]:DecodeUtteranceLatticeFaster():decoder-wrappers.cc:375) Log-like per frame for utterance sess15_nine_1 is -12.9712 over 51 frames.
sess15_nine_2 nine 
LOG (gmm-latgen-faster[5.5.1017~3-12a20]:DecodeUtteranceLatticeFaster():decoder-wrappers.cc:375) Log-like per frame for utterance sess15_nine_2 is -13.3652 over 55 frames.
sess15_nine_3 eight 
LOG (gmm-latgen-faster[5.5.1017~3-12a20]:DecodeUtteranceLatticeFaster():decoder-wrappers.cc:375) Log-like per frame for utterance sess15_nine_3 is -13.3443 over 53 frames.
sess15_nine_4 nine 
LOG (gmm-latgen-faster[5.5.1017~3-12a20]:DecodeUtteranceLatticeFaster():decoder-wrappers.cc:375) Log-like per frame for utterance sess15_nine_4 is -12.5118 over 56 frames.
sess15_one_0 one 
LOG (gmm-latgen-faster[5.5.1017~3-12a20]:DecodeUtteranceLatticeFaster():decoder-wrappers.cc:375) Log-like per frame for utterance sess15_one_0 is -13.7239 over 57 frames.
sess15_one_1 one 
LOG (gmm-latgen-faster[5.5.1017~3-12a20]:DecodeUtteranceLatticeFaster():decoder-wrappers.cc:375) Log-like per frame for utterance sess15_one_1 is -13.5104 over 55 frames.
sess15_one_2 one 
LOG (gmm-latgen-faster[5.5.1017~3-12a20]:DecodeUtteranceLatticeFaster():decoder-wrappers.cc:375) Log-like per frame for utterance sess15_one_2 is -13.3014 over 68 frames.
sess15_one_3 one 
LOG (gmm-latgen-faster[5.5.1017~3-12a20]:DecodeUtteranceLatticeFaster():decoder-wrappers.cc:375) Log-like per frame for utterance sess15_one_3 is -13.9545 over 53 frames.
sess15_one_4 one 
LOG (gmm-latgen-faster[5.5.1017~3-12a20]:DecodeUtteranceLatticeFaster():decoder-wrappers.cc:375) Log-like per frame for utterance sess15_one_4 is -13.2059 over 60 frames.
sess15_right_0 right 
LOG (gmm-latgen-faster[5.5.1017~3-12a20]:DecodeUtteranceLatticeFaster():decoder-wrappers.cc:375) Log-like per frame for utterance sess15_right_0 is -14.1371 over 55 frames.
sess15_right_1 three 
LOG (gmm-latgen-faster[5.5.1017~3-12a20]:DecodeUtteranceLatticeFaster():decoder-wrappers.cc:375) Log-like per frame for utterance sess15_right_1 is -13.7973 over 59 frames.
sess15_right_2 right 
LOG (gmm-latgen-faster[5.5.1017~3-12a20]:DecodeUtteranceLatticeFaster():decoder-wrappers.cc:375) Log-like per frame for utterance sess15_right_2 is -13.5276 over 57 frames.
sess15_right_3 right 
LOG (gmm-latgen-faster[5.5.1017~3-12a20]:DecodeUtteranceLatticeFaster():decoder-wrappers.cc:375) Log-like per frame for utterance sess15_right_3 is -13.6431 over 63 frames.
sess15_right_4 right 
LOG (gmm-latgen-faster[5.5.1017~3-12a20]:DecodeUtteranceLatticeFaster():decoder-wrappers.cc:375) Log-like per frame for utterance sess15_right_4 is -14.0891 over 61 frames.
sess15_seven_0 seven 
LOG (gmm-latgen-faster[5.5.1017~3-12a20]:DecodeUtteranceLatticeFaster():decoder-wrappers.cc:375) Log-like per frame for utterance sess15_seven_0 is -13.6473 over 58 frames.
sess15_seven_1 seven 
LOG (gmm-latgen-faster[5.5.1017~3-12a20]:DecodeUtteranceLatticeFaster():decoder-wrappers.cc:375) Log-like per frame for utterance sess15_seven_1 is -13.3597 over 53 frames.
sess15_seven_2 seven 
LOG (gmm-latgen-faster[5.5.1017~3-12a20]:DecodeUtteranceLatticeFaster():decoder-wrappers.cc:375) Log-like per frame for utterance sess15_seven_2 is -13.0253 over 51 frames.
sess15_seven_3 seven 
LOG (gmm-latgen-faster[5.5.1017~3-12a20]:DecodeUtteranceLatticeFaster():decoder-wrappers.cc:375) Log-like per frame for utterance sess15_seven_3 is -13.6459 over 55 frames.
sess15_seven_4 seven 
LOG (gmm-latgen-faster[5.5.1017~3-12a20]:DecodeUtteranceLatticeFaster():decoder-wrappers.cc:375) Log-like per frame for utterance sess15_seven_4 is -13.6232 over 59 frames.
sess15_six_0 six 
LOG (gmm-latgen-faster[5.5.1017~3-12a20]:DecodeUtteranceLatticeFaster():decoder-wrappers.cc:375) Log-like per frame for utterance sess15_six_0 is -13.88 over 52 frames.
sess15_six_1 six 
LOG (gmm-latgen-faster[5.5.1017~3-12a20]:DecodeUtteranceLatticeFaster():decoder-wrappers.cc:375) Log-like per frame for utterance sess15_six_1 is -13.975 over 53 frames.
sess15_six_2 six 
LOG (gmm-latgen-faster[5.5.1017~3-12a20]:DecodeUtteranceLatticeFaster():decoder-wrappers.cc:375) Log-like per frame for utterance sess15_six_2 is -13.6952 over 57 frames.
sess15_six_3 six 
LOG (gmm-latgen-faster[5.5.1017~3-12a20]:DecodeUtteranceLatticeFaster():decoder-wrappers.cc:375) Log-like per frame for utterance sess15_six_3 is -13.4909 over 53 frames.
sess15_six_4 zero 
LOG (gmm-latgen-faster[5.5.1017~3-12a20]:DecodeUtteranceLatticeFaster():decoder-wrappers.cc:375) Log-like per frame for utterance sess15_six_4 is -14.2142 over 62 frames.
sess15_three_0 three 
LOG (gmm-latgen-faster[5.5.1017~3-12a20]:DecodeUtteranceLatticeFaster():decoder-wrappers.cc:375) Log-like per frame for utterance sess15_three_0 is -14.1555 over 53 frames.
sess15_three_1 three 
LOG (gmm-latgen-faster[5.5.1017~3-12a20]:DecodeUtteranceLatticeFaster():decoder-wrappers.cc:375) Log-like per frame for utterance sess15_three_1 is -13.8637 over 55 frames.
sess15_three_2 three 
LOG (gmm-latgen-faster[5.5.1017~3-12a20]:DecodeUtteranceLatticeFaster():decoder-wrappers.cc:375) Log-like per frame for utterance sess15_three_2 is -13.9473 over 59 frames.
sess15_three_3 three 
LOG (gmm-latgen-faster[5.5.1017~3-12a20]:DecodeUtteranceLatticeFaster():decoder-wrappers.cc:375) Log-like per frame for utterance sess15_three_3 is -13.5777 over 60 frames.
sess15_three_4 three 
LOG (gmm-latgen-faster[5.5.1017~3-12a20]:DecodeUtteranceLatticeFaster():decoder-wrappers.cc:375) Log-like per frame for utterance sess15_three_4 is -13.3752 over 56 frames.
sess15_two_0 two eight 
LOG (gmm-latgen-faster[5.5.1017~3-12a20]:DecodeUtteranceLatticeFaster():decoder-wrappers.cc:375) Log-like per frame for utterance sess15_two_0 is -14.5137 over 57 frames.
sess15_two_1 two 
LOG (gmm-latgen-faster[5.5.1017~3-12a20]:DecodeUtteranceLatticeFaster():decoder-wrappers.cc:375) Log-like per frame for utterance sess15_two_1 is -13.6032 over 57 frames.
sess15_two_2 two 
LOG (gmm-latgen-faster[5.5.1017~3-12a20]:DecodeUtteranceLatticeFaster():decoder-wrappers.cc:375) Log-like per frame for utterance sess15_two_2 is -13.8816 over 59 frames.
sess15_two_3 two 
LOG (gmm-latgen-faster[5.5.1017~3-12a20]:DecodeUtteranceLatticeFaster():decoder-wrappers.cc:375) Log-like per frame for utterance sess15_two_3 is -13.7129 over 53 frames.
sess15_two_4 two 
LOG (gmm-latgen-faster[5.5.1017~3-12a20]:DecodeUtteranceLatticeFaster():decoder-wrappers.cc:375) Log-like per frame for utterance sess15_two_4 is -13.2863 over 55 frames.
LOG (apply-cmvn[5.5.1017~3-12a20]:main():apply-cmvn.cc:162) Applied cepstral mean normalization to 70 utterances, errors on 0
sess15_up_0 up 
LOG (gmm-latgen-faster[5.5.1017~3-12a20]:DecodeUtteranceLatticeFaster():decoder-wrappers.cc:375) Log-like per frame for utterance sess15_up_0 is -13.9385 over 46 frames.
sess15_up_1 up 
LOG (gmm-latgen-faster[5.5.1017~3-12a20]:DecodeUtteranceLatticeFaster():decoder-wrappers.cc:375) Log-like per frame for utterance sess15_up_1 is -14.381 over 47 frames.
sess15_up_2 up 
LOG (gmm-latgen-faster[5.5.1017~3-12a20]:DecodeUtteranceLatticeFaster():decoder-wrappers.cc:375) Log-like per frame for utterance sess15_up_2 is -13.984 over 51 frames.
sess15_up_3 up 
LOG (gmm-latgen-faster[5.5.1017~3-12a20]:DecodeUtteranceLatticeFaster():decoder-wrappers.cc:375) Log-like per frame for utterance sess15_up_3 is -13.8523 over 50 frames.
sess15_up_4 up 
LOG (gmm-latgen-faster[5.5.1017~3-12a20]:DecodeUtteranceLatticeFaster():decoder-wrappers.cc:375) Log-like per frame for utterance sess15_up_4 is -13.5249 over 56 frames.
sess15_zero_0 zero 
LOG (gmm-latgen-faster[5.5.1017~3-12a20]:DecodeUtteranceLatticeFaster():decoder-wrappers.cc:375) Log-like per frame for utterance sess15_zero_0 is -13.7285 over 61 frames.
sess15_zero_1 zero 
LOG (gmm-latgen-faster[5.5.1017~3-12a20]:DecodeUtteranceLatticeFaster():decoder-wrappers.cc:375) Log-like per frame for utterance sess15_zero_1 is -13.7836 over 64 frames.
sess15_zero_2 zero 
LOG (gmm-latgen-faster[5.5.1017~3-12a20]:DecodeUtteranceLatticeFaster():decoder-wrappers.cc:375) Log-like per frame for utterance sess15_zero_2 is -14.0205 over 66 frames.
sess15_zero_3 zero 
LOG (gmm-latgen-faster[5.5.1017~3-12a20]:DecodeUtteranceLatticeFaster():decoder-wrappers.cc:375) Log-like per frame for utterance sess15_zero_3 is -13.4619 over 56 frames.
sess15_zero_4 zero 
LOG (gmm-latgen-faster[5.5.1017~3-12a20]:DecodeUtteranceLatticeFaster():decoder-wrappers.cc:375) Log-like per frame for utterance sess15_zero_4 is -13.7663 over 59 frames.
LOG (gmm-latgen-faster[5.5.1017~3-12a20]:main():gmm-latgen-faster.cc:176) Time taken 0.580164s: real-time factor assuming 100 frames/sec is 0.0147399
LOG (gmm-latgen-faster[5.5.1017~3-12a20]:main():gmm-latgen-faster.cc:179) Done 70 utterances, failed for 0
LOG (gmm-latgen-faster[5.5.1017~3-12a20]:main():gmm-latgen-faster.cc:181) Overall log-likelihood per frame is -13.5966 over 3936 frames.
# Accounting: time=1 threads=1
# Ended (code 0) at Mon Apr 25 20:44:30 CDT 2022, elapsed time 1 seconds
