# lattice-depth-per-frame "ark:gunzip -c exp/tri1/decode/lat.1.gz|" "ark,t:|gzip -c > exp/tri1/decode/depth_tmp.1.gz" ark:- | lattice-best-path --acoustic-scale=0.1 ark:- ark:/dev/null "ark,t:|gzip -c >exp/tri1/decode/ali_tmp.1.gz" 
# Started at Sat Apr 23 11:02:19 CDT 2022
#
lattice-depth-per-frame 'ark:gunzip -c exp/tri1/decode/lat.1.gz|' 'ark,t:|gzip -c > exp/tri1/decode/depth_tmp.1.gz' ark:- 
lattice-best-path --acoustic-scale=0.1 ark:- ark:/dev/null 'ark,t:|gzip -c >exp/tri1/decode/ali_tmp.1.gz' 
LOG (lattice-best-path[5.5.1013~6-d787]:main():lattice-best-path.cc:99) For utterance sess10_down_0, best cost 8.39894 + 947.703 = 956.101 over 62 frames.
LOG (lattice-best-path[5.5.1013~6-d787]:main():lattice-best-path.cc:99) For utterance sess10_down_1, best cost 9.25126 + 986.692 = 995.943 over 64 frames.
LOG (lattice-best-path[5.5.1013~6-d787]:main():lattice-best-path.cc:99) For utterance sess10_down_2, best cost 9.08998 + 1030.77 = 1039.86 over 65 frames.
LOG (lattice-best-path[5.5.1013~6-d787]:main():lattice-best-path.cc:99) For utterance sess10_down_3, best cost 8.84561 + 915.471 = 924.317 over 59 frames.
LOG (lattice-best-path[5.5.1013~6-d787]:main():lattice-best-path.cc:99) For utterance sess10_down_4, best cost 8.36944 + 866.262 = 874.632 over 55 frames.
LOG (lattice-best-path[5.5.1013~6-d787]:main():lattice-best-path.cc:99) For utterance sess10_eight_0, best cost 8.81428 + 794.214 = 803.028 over 53 frames.
LOG (lattice-best-path[5.5.1013~6-d787]:main():lattice-best-path.cc:99) For utterance sess10_eight_1, best cost 8.25855 + 888.953 = 897.211 over 58 frames.
LOG (lattice-best-path[5.5.1013~6-d787]:main():lattice-best-path.cc:99) For utterance sess10_eight_2, best cost 8.56043 + 742.338 = 750.898 over 49 frames.
LOG (lattice-best-path[5.5.1013~6-d787]:main():lattice-best-path.cc:99) For utterance sess10_eight_3, best cost 8.43526 + 1028.57 = 1037.01 over 69 frames.
LOG (lattice-best-path[5.5.1013~6-d787]:main():lattice-best-path.cc:99) For utterance sess10_eight_4, best cost 8.20312 + 875.484 = 883.687 over 58 frames.
LOG (lattice-best-path[5.5.1013~6-d787]:main():lattice-best-path.cc:99) For utterance sess10_five_0, best cost 8.44912 + 1014.26 = 1022.71 over 68 frames.
LOG (lattice-best-path[5.5.1013~6-d787]:main():lattice-best-path.cc:99) For utterance sess10_five_1, best cost 8.86427 + 963.881 = 972.746 over 63 frames.
LOG (lattice-best-path[5.5.1013~6-d787]:main():lattice-best-path.cc:99) For utterance sess10_five_2, best cost 9.01109 + 958.304 = 967.315 over 65 frames.
LOG (lattice-best-path[5.5.1013~6-d787]:main():lattice-best-path.cc:99) For utterance sess10_five_3, best cost 8.88155 + 919.955 = 928.836 over 59 frames.
LOG (lattice-best-path[5.5.1013~6-d787]:main():lattice-best-path.cc:99) For utterance sess10_five_4, best cost 8.52969 + 917.304 = 925.834 over 62 frames.
LOG (lattice-best-path[5.5.1013~6-d787]:main():lattice-best-path.cc:99) For utterance sess10_four_0, best cost 8.44007 + 1006.56 = 1015 over 65 frames.
LOG (lattice-best-path[5.5.1013~6-d787]:main():lattice-best-path.cc:99) For utterance sess10_four_1, best cost 8.84754 + 991.365 = 1000.21 over 65 frames.
LOG (lattice-best-path[5.5.1013~6-d787]:main():lattice-best-path.cc:99) For utterance sess10_four_2, best cost 8.98395 + 998.752 = 1007.74 over 63 frames.
LOG (lattice-depth-per-frame[5.5.1013~6-d787]:main():lattice-depth-per-frame.cc:82) Done 70 lattices.
LOG (lattice-best-path[5.5.1013~6-d787]:main():lattice-best-path.cc:99) For utterance sess10_four_3, best cost 8.13551 + 948.2 = 956.335 over 61 frames.
LOG (lattice-best-path[5.5.1013~6-d787]:main():lattice-best-path.cc:99) For utterance sess10_four_4, best cost 8.40738 + 919.649 = 928.056 over 60 frames.
LOG (lattice-best-path[5.5.1013~6-d787]:main():lattice-best-path.cc:99) For utterance sess10_left_0, best cost 9.15871 + 866.452 = 875.61 over 55 frames.
LOG (lattice-best-path[5.5.1013~6-d787]:main():lattice-best-path.cc:99) For utterance sess10_left_1, best cost 9.53762 + 967.056 = 976.593 over 63 frames.
LOG (lattice-best-path[5.5.1013~6-d787]:main():lattice-best-path.cc:99) For utterance sess10_left_2, best cost 8.55888 + 952.097 = 960.656 over 60 frames.
LOG (lattice-best-path[5.5.1013~6-d787]:main():lattice-best-path.cc:99) For utterance sess10_left_3, best cost 8.68823 + 966.429 = 975.118 over 64 frames.
LOG (lattice-best-path[5.5.1013~6-d787]:main():lattice-best-path.cc:99) For utterance sess10_left_4, best cost 8.37324 + 1019.5 = 1027.87 over 66 frames.
LOG (lattice-best-path[5.5.1013~6-d787]:main():lattice-best-path.cc:99) For utterance sess10_nine_0, best cost 8.79593 + 992.977 = 1001.77 over 66 frames.
LOG (lattice-best-path[5.5.1013~6-d787]:main():lattice-best-path.cc:99) For utterance sess10_nine_1, best cost 8.63999 + 936.675 = 945.315 over 63 frames.
LOG (lattice-best-path[5.5.1013~6-d787]:main():lattice-best-path.cc:99) For utterance sess10_nine_2, best cost 9.40418 + 827.985 = 837.389 over 58 frames.
LOG (lattice-best-path[5.5.1013~6-d787]:main():lattice-best-path.cc:99) For utterance sess10_nine_3, best cost 8.51358 + 902.341 = 910.855 over 62 frames.
LOG (lattice-best-path[5.5.1013~6-d787]:main():lattice-best-path.cc:99) For utterance sess10_nine_4, best cost 8.18429 + 774.116 = 782.301 over 49 frames.
LOG (lattice-best-path[5.5.1013~6-d787]:main():lattice-best-path.cc:99) For utterance sess10_one_0, best cost 8.32818 + 999.067 = 1007.39 over 65 frames.
LOG (lattice-best-path[5.5.1013~6-d787]:main():lattice-best-path.cc:99) For utterance sess10_one_1, best cost 8.27506 + 926.659 = 934.934 over 59 frames.
LOG (lattice-best-path[5.5.1013~6-d787]:main():lattice-best-path.cc:99) For utterance sess10_one_2, best cost 8.18923 + 862.939 = 871.128 over 57 frames.
LOG (lattice-best-path[5.5.1013~6-d787]:main():lattice-best-path.cc:99) For utterance sess10_one_3, best cost 8.49744 + 1083.86 = 1092.36 over 70 frames.
LOG (lattice-best-path[5.5.1013~6-d787]:main():lattice-best-path.cc:99) For utterance sess10_one_4, best cost 8.30846 + 1008.49 = 1016.8 over 66 frames.
LOG (lattice-best-path[5.5.1013~6-d787]:main():lattice-best-path.cc:99) For utterance sess10_right_0, best cost 8.78535 + 942.969 = 951.755 over 62 frames.
LOG (lattice-best-path[5.5.1013~6-d787]:main():lattice-best-path.cc:99) For utterance sess10_right_1, best cost 8.31093 + 1025.43 = 1033.74 over 67 frames.
LOG (lattice-best-path[5.5.1013~6-d787]:main():lattice-best-path.cc:99) For utterance sess10_right_2, best cost 8.00295 + 1048.27 = 1056.27 over 67 frames.
LOG (lattice-best-path[5.5.1013~6-d787]:main():lattice-best-path.cc:99) For utterance sess10_right_3, best cost 8.77567 + 985.086 = 993.862 over 63 frames.
LOG (lattice-best-path[5.5.1013~6-d787]:main():lattice-best-path.cc:99) For utterance sess10_right_4, best cost 8.38708 + 884.65 = 893.037 over 56 frames.
LOG (lattice-best-path[5.5.1013~6-d787]:main():lattice-best-path.cc:99) For utterance sess10_seven_0, best cost 9.23347 + 841.841 = 851.074 over 59 frames.
LOG (lattice-best-path[5.5.1013~6-d787]:main():lattice-best-path.cc:99) For utterance sess10_seven_1, best cost 9.39892 + 915.1 = 924.499 over 59 frames.
LOG (lattice-best-path[5.5.1013~6-d787]:main():lattice-best-path.cc:99) For utterance sess10_seven_2, best cost 8.95256 + 906.247 = 915.2 over 60 frames.
LOG (lattice-best-path[5.5.1013~6-d787]:main():lattice-best-path.cc:99) For utterance sess10_seven_3, best cost 8.78743 + 958.954 = 967.741 over 61 frames.
LOG (lattice-best-path[5.5.1013~6-d787]:main():lattice-best-path.cc:99) For utterance sess10_seven_4, best cost 8.86997 + 921.646 = 930.516 over 61 frames.
LOG (lattice-best-path[5.5.1013~6-d787]:main():lattice-best-path.cc:99) For utterance sess10_six_0, best cost 8.89826 + 957.446 = 966.345 over 64 frames.
LOG (lattice-best-path[5.5.1013~6-d787]:main():lattice-best-path.cc:99) For utterance sess10_six_1, best cost 8.67513 + 916.747 = 925.422 over 60 frames.
LOG (lattice-best-path[5.5.1013~6-d787]:main():lattice-best-path.cc:99) For utterance sess10_six_2, best cost 8.25616 + 942.145 = 950.401 over 62 frames.
LOG (lattice-best-path[5.5.1013~6-d787]:main():lattice-best-path.cc:99) For utterance sess10_six_3, best cost 8.93666 + 1067.9 = 1076.83 over 72 frames.
LOG (lattice-best-path[5.5.1013~6-d787]:main():lattice-best-path.cc:99) For utterance sess10_six_4, best cost 8.1259 + 969.65 = 977.776 over 64 frames.
LOG (lattice-best-path[5.5.1013~6-d787]:main():lattice-best-path.cc:99) For utterance sess10_three_0, best cost 9.12994 + 1002.07 = 1011.2 over 65 frames.
LOG (lattice-best-path[5.5.1013~6-d787]:main():lattice-best-path.cc:99) For utterance sess10_three_1, best cost 8.2964 + 1001.23 = 1009.53 over 63 frames.
LOG (lattice-best-path[5.5.1013~6-d787]:main():lattice-best-path.cc:99) For utterance sess10_three_2, best cost 8.52777 + 986.61 = 995.138 over 61 frames.
LOG (lattice-best-path[5.5.1013~6-d787]:main():lattice-best-path.cc:99) For utterance sess10_three_3, best cost 8.76428 + 964.792 = 973.556 over 61 frames.
LOG (lattice-best-path[5.5.1013~6-d787]:main():lattice-best-path.cc:99) For utterance sess10_three_4, best cost 8.36574 + 958.049 = 966.415 over 61 frames.
LOG (lattice-best-path[5.5.1013~6-d787]:main():lattice-best-path.cc:99) For utterance sess10_two_0, best cost 7.79088 + 882.507 = 890.297 over 56 frames.
LOG (lattice-best-path[5.5.1013~6-d787]:main():lattice-best-path.cc:99) For utterance sess10_two_1, best cost 7.72523 + 717.871 = 725.596 over 47 frames.
LOG (lattice-best-path[5.5.1013~6-d787]:main():lattice-best-path.cc:99) For utterance sess10_two_2, best cost 8.49359 + 872.837 = 881.331 over 56 frames.
LOG (lattice-best-path[5.5.1013~6-d787]:main():lattice-best-path.cc:99) For utterance sess10_two_3, best cost 13.1991 + 951.894 = 965.093 over 61 frames.
LOG (lattice-best-path[5.5.1013~6-d787]:main():lattice-best-path.cc:99) For utterance sess10_two_4, best cost 8.6746 + 917.089 = 925.764 over 60 frames.
LOG (lattice-best-path[5.5.1013~6-d787]:main():lattice-best-path.cc:99) For utterance sess10_up_0, best cost 7.75172 + 846.082 = 853.833 over 56 frames.
LOG (lattice-best-path[5.5.1013~6-d787]:main():lattice-best-path.cc:99) For utterance sess10_up_1, best cost 8.16162 + 868.579 = 876.741 over 55 frames.
LOG (lattice-best-path[5.5.1013~6-d787]:main():lattice-best-path.cc:99) For utterance sess10_up_2, best cost 8.46252 + 934.759 = 943.222 over 64 frames.
LOG (lattice-best-path[5.5.1013~6-d787]:main():lattice-best-path.cc:99) For utterance sess10_up_3, best cost 8.20945 + 801.316 = 809.525 over 53 frames.
LOG (lattice-best-path[5.5.1013~6-d787]:main():lattice-best-path.cc:99) For utterance sess10_up_4, best cost 8.46244 + 881.383 = 889.845 over 59 frames.
LOG (lattice-best-path[5.5.1013~6-d787]:main():lattice-best-path.cc:99) For utterance sess10_zero_0, best cost 8.50013 + 958.087 = 966.587 over 61 frames.
LOG (lattice-best-path[5.5.1013~6-d787]:main():lattice-best-path.cc:99) For utterance sess10_zero_1, best cost 8.59287 + 972.46 = 981.053 over 63 frames.
LOG (lattice-best-path[5.5.1013~6-d787]:main():lattice-best-path.cc:99) For utterance sess10_zero_2, best cost 8.83695 + 857.719 = 866.556 over 53 frames.
LOG (lattice-best-path[5.5.1013~6-d787]:main():lattice-best-path.cc:99) For utterance sess10_zero_3, best cost 8.29342 + 886.967 = 895.261 over 58 frames.
LOG (lattice-best-path[5.5.1013~6-d787]:main():lattice-best-path.cc:99) For utterance sess10_zero_4, best cost 8.44482 + 916.445 = 924.889 over 57 frames.
LOG (lattice-best-path[5.5.1013~6-d787]:main():lattice-best-path.cc:124) Overall cost per frame is 15.4878 = 0.142325 [graph] + 15.3454 [acoustic] over 4253 frames.
LOG (lattice-best-path[5.5.1013~6-d787]:main():lattice-best-path.cc:128) Done 70 lattices, failed for 0
# Accounting: time=0 threads=1
# Ended (code 0) at Sat Apr 23 11:02:19 CDT 2022, elapsed time 0 seconds
