# gmm-align-compiled --transition-scale=1.0 --acoustic-scale=0.1 --self-loop-scale=0.1 --beam=10 --retry-beam=40 --careful=false "gmm-boost-silence --boost=1.0 1 exp/tri1/20.mdl - |" "ark:gunzip -c exp/tri1/fsts.1.gz|" "ark,s,cs:apply-cmvn  --utt2spk=ark:data/train/split1/1/utt2spk scp:data/train/split1/1/cmvn.scp scp:data/train/split1/1/feats.scp ark:- | add-deltas  ark:- ark:- |" "ark:|gzip -c >exp/tri1/ali.1.gz" 
# Started at Fri Apr 22 16:26:18 CDT 2022
#
gmm-align-compiled --transition-scale=1.0 --acoustic-scale=0.1 --self-loop-scale=0.1 --beam=10 --retry-beam=40 --careful=false 'gmm-boost-silence --boost=1.0 1 exp/tri1/20.mdl - |' 'ark:gunzip -c exp/tri1/fsts.1.gz|' 'ark,s,cs:apply-cmvn  --utt2spk=ark:data/train/split1/1/utt2spk scp:data/train/split1/1/cmvn.scp scp:data/train/split1/1/feats.scp ark:- | add-deltas  ark:- ark:- |' 'ark:|gzip -c >exp/tri1/ali.1.gz' 
gmm-boost-silence --boost=1.0 1 exp/tri1/20.mdl - 
WARNING (gmm-boost-silence[5.5.1013~6-d787]:main():gmm-boost-silence.cc:82) The pdfs for the silence phones may be shared by other phones (note: this probably does not matter.)
LOG (gmm-boost-silence[5.5.1013~6-d787]:main():gmm-boost-silence.cc:93) Boosted weights for 5 pdfs, by factor of 1
LOG (gmm-boost-silence[5.5.1013~6-d787]:main():gmm-boost-silence.cc:103) Wrote model to -
apply-cmvn --utt2spk=ark:data/train/split1/1/utt2spk scp:data/train/split1/1/cmvn.scp scp:data/train/split1/1/feats.scp ark:- 
add-deltas ark:- ark:- 
LOG (gmm-align-compiled[5.5.1013~6-d787]:main():gmm-align-compiled.cc:127) sess3_down_0
LOG (gmm-align-compiled[5.5.1013~6-d787]:main():gmm-align-compiled.cc:127) sess3_down_1
LOG (gmm-align-compiled[5.5.1013~6-d787]:main():gmm-align-compiled.cc:127) sess3_down_2
LOG (gmm-align-compiled[5.5.1013~6-d787]:main():gmm-align-compiled.cc:127) sess3_down_3
LOG (gmm-align-compiled[5.5.1013~6-d787]:main():gmm-align-compiled.cc:127) sess3_down_4
LOG (gmm-align-compiled[5.5.1013~6-d787]:main():gmm-align-compiled.cc:127) sess3_down_5
LOG (gmm-align-compiled[5.5.1013~6-d787]:main():gmm-align-compiled.cc:127) sess3_down_6
LOG (gmm-align-compiled[5.5.1013~6-d787]:main():gmm-align-compiled.cc:127) sess3_down_7
LOG (gmm-align-compiled[5.5.1013~6-d787]:main():gmm-align-compiled.cc:127) sess3_down_8
LOG (gmm-align-compiled[5.5.1013~6-d787]:main():gmm-align-compiled.cc:127) sess3_down_9
LOG (gmm-align-compiled[5.5.1013~6-d787]:main():gmm-align-compiled.cc:127) sess3_eight_0
LOG (gmm-align-compiled[5.5.1013~6-d787]:main():gmm-align-compiled.cc:127) sess3_eight_1
LOG (gmm-align-compiled[5.5.1013~6-d787]:main():gmm-align-compiled.cc:127) sess3_eight_2
LOG (gmm-align-compiled[5.5.1013~6-d787]:main():gmm-align-compiled.cc:127) sess3_eight_3
LOG (gmm-align-compiled[5.5.1013~6-d787]:main():gmm-align-compiled.cc:127) sess3_eight_4
LOG (gmm-align-compiled[5.5.1013~6-d787]:main():gmm-align-compiled.cc:127) sess3_eight_5
LOG (gmm-align-compiled[5.5.1013~6-d787]:main():gmm-align-compiled.cc:127) sess3_eight_6
LOG (gmm-align-compiled[5.5.1013~6-d787]:main():gmm-align-compiled.cc:127) sess3_eight_7
LOG (gmm-align-compiled[5.5.1013~6-d787]:main():gmm-align-compiled.cc:127) sess3_eight_8
LOG (gmm-align-compiled[5.5.1013~6-d787]:main():gmm-align-compiled.cc:127) sess3_eight_9
LOG (gmm-align-compiled[5.5.1013~6-d787]:main():gmm-align-compiled.cc:127) sess3_five_0
LOG (gmm-align-compiled[5.5.1013~6-d787]:main():gmm-align-compiled.cc:127) sess3_five_1
LOG (gmm-align-compiled[5.5.1013~6-d787]:main():gmm-align-compiled.cc:127) sess3_five_2
LOG (gmm-align-compiled[5.5.1013~6-d787]:main():gmm-align-compiled.cc:127) sess3_five_3
LOG (gmm-align-compiled[5.5.1013~6-d787]:main():gmm-align-compiled.cc:127) sess3_five_4
LOG (gmm-align-compiled[5.5.1013~6-d787]:main():gmm-align-compiled.cc:127) sess3_five_5
LOG (gmm-align-compiled[5.5.1013~6-d787]:main():gmm-align-compiled.cc:127) sess3_five_6
LOG (gmm-align-compiled[5.5.1013~6-d787]:main():gmm-align-compiled.cc:127) sess3_five_7
LOG (gmm-align-compiled[5.5.1013~6-d787]:main():gmm-align-compiled.cc:127) sess3_five_8
LOG (gmm-align-compiled[5.5.1013~6-d787]:main():gmm-align-compiled.cc:127) sess3_five_9
LOG (gmm-align-compiled[5.5.1013~6-d787]:main():gmm-align-compiled.cc:127) sess3_four_0
LOG (gmm-align-compiled[5.5.1013~6-d787]:main():gmm-align-compiled.cc:127) sess3_four_1
LOG (gmm-align-compiled[5.5.1013~6-d787]:main():gmm-align-compiled.cc:127) sess3_four_2
LOG (gmm-align-compiled[5.5.1013~6-d787]:main():gmm-align-compiled.cc:127) sess3_four_3
LOG (gmm-align-compiled[5.5.1013~6-d787]:main():gmm-align-compiled.cc:127) sess3_four_4
LOG (gmm-align-compiled[5.5.1013~6-d787]:main():gmm-align-compiled.cc:127) sess3_four_5
LOG (gmm-align-compiled[5.5.1013~6-d787]:main():gmm-align-compiled.cc:127) sess3_four_6
LOG (gmm-align-compiled[5.5.1013~6-d787]:main():gmm-align-compiled.cc:127) sess3_four_7
LOG (gmm-align-compiled[5.5.1013~6-d787]:main():gmm-align-compiled.cc:127) sess3_four_8
LOG (gmm-align-compiled[5.5.1013~6-d787]:main():gmm-align-compiled.cc:127) sess3_four_9
LOG (gmm-align-compiled[5.5.1013~6-d787]:main():gmm-align-compiled.cc:127) sess3_left_0
LOG (gmm-align-compiled[5.5.1013~6-d787]:main():gmm-align-compiled.cc:127) sess3_left_1
LOG (gmm-align-compiled[5.5.1013~6-d787]:main():gmm-align-compiled.cc:127) sess3_left_2
LOG (gmm-align-compiled[5.5.1013~6-d787]:main():gmm-align-compiled.cc:127) sess3_left_3
LOG (gmm-align-compiled[5.5.1013~6-d787]:main():gmm-align-compiled.cc:127) sess3_left_4
LOG (gmm-align-compiled[5.5.1013~6-d787]:main():gmm-align-compiled.cc:127) sess3_left_5
LOG (gmm-align-compiled[5.5.1013~6-d787]:main():gmm-align-compiled.cc:127) sess3_left_6
LOG (gmm-align-compiled[5.5.1013~6-d787]:main():gmm-align-compiled.cc:127) sess3_left_7
LOG (gmm-align-compiled[5.5.1013~6-d787]:main():gmm-align-compiled.cc:127) sess3_left_8
LOG (gmm-align-compiled[5.5.1013~6-d787]:main():gmm-align-compiled.cc:127) sess3_left_9
LOG (gmm-align-compiled[5.5.1013~6-d787]:main():gmm-align-compiled.cc:127) sess3_nine_0
LOG (gmm-align-compiled[5.5.1013~6-d787]:main():gmm-align-compiled.cc:127) sess3_nine_1
LOG (gmm-align-compiled[5.5.1013~6-d787]:main():gmm-align-compiled.cc:127) sess3_nine_2
LOG (gmm-align-compiled[5.5.1013~6-d787]:main():gmm-align-compiled.cc:127) sess3_nine_3
LOG (gmm-align-compiled[5.5.1013~6-d787]:main():gmm-align-compiled.cc:127) sess3_nine_4
LOG (gmm-align-compiled[5.5.1013~6-d787]:main():gmm-align-compiled.cc:127) sess3_nine_5
LOG (gmm-align-compiled[5.5.1013~6-d787]:main():gmm-align-compiled.cc:127) sess3_nine_6
LOG (gmm-align-compiled[5.5.1013~6-d787]:main():gmm-align-compiled.cc:127) sess3_nine_7
LOG (gmm-align-compiled[5.5.1013~6-d787]:main():gmm-align-compiled.cc:127) sess3_nine_8
LOG (gmm-align-compiled[5.5.1013~6-d787]:main():gmm-align-compiled.cc:127) sess3_nine_9
LOG (gmm-align-compiled[5.5.1013~6-d787]:main():gmm-align-compiled.cc:127) sess3_one_0
LOG (gmm-align-compiled[5.5.1013~6-d787]:main():gmm-align-compiled.cc:127) sess3_one_1
LOG (gmm-align-compiled[5.5.1013~6-d787]:main():gmm-align-compiled.cc:127) sess3_one_2
LOG (gmm-align-compiled[5.5.1013~6-d787]:main():gmm-align-compiled.cc:127) sess3_one_3
LOG (gmm-align-compiled[5.5.1013~6-d787]:main():gmm-align-compiled.cc:127) sess3_one_4
LOG (gmm-align-compiled[5.5.1013~6-d787]:main():gmm-align-compiled.cc:127) sess3_one_5
LOG (gmm-align-compiled[5.5.1013~6-d787]:main():gmm-align-compiled.cc:127) sess3_one_6
LOG (gmm-align-compiled[5.5.1013~6-d787]:main():gmm-align-compiled.cc:127) sess3_one_7
LOG (gmm-align-compiled[5.5.1013~6-d787]:main():gmm-align-compiled.cc:127) sess3_one_8
LOG (gmm-align-compiled[5.5.1013~6-d787]:main():gmm-align-compiled.cc:127) sess3_one_9
LOG (gmm-align-compiled[5.5.1013~6-d787]:main():gmm-align-compiled.cc:127) sess3_right_0
LOG (gmm-align-compiled[5.5.1013~6-d787]:main():gmm-align-compiled.cc:127) sess3_right_1
LOG (gmm-align-compiled[5.5.1013~6-d787]:main():gmm-align-compiled.cc:127) sess3_right_2
LOG (gmm-align-compiled[5.5.1013~6-d787]:main():gmm-align-compiled.cc:127) sess3_right_3
LOG (gmm-align-compiled[5.5.1013~6-d787]:main():gmm-align-compiled.cc:127) sess3_right_4
LOG (gmm-align-compiled[5.5.1013~6-d787]:main():gmm-align-compiled.cc:127) sess3_right_5
LOG (gmm-align-compiled[5.5.1013~6-d787]:main():gmm-align-compiled.cc:127) sess3_right_6
LOG (gmm-align-compiled[5.5.1013~6-d787]:main():gmm-align-compiled.cc:127) sess3_right_7
LOG (gmm-align-compiled[5.5.1013~6-d787]:main():gmm-align-compiled.cc:127) sess3_right_8
LOG (gmm-align-compiled[5.5.1013~6-d787]:main():gmm-align-compiled.cc:127) sess3_right_9
LOG (gmm-align-compiled[5.5.1013~6-d787]:main():gmm-align-compiled.cc:127) sess3_seven_0
LOG (gmm-align-compiled[5.5.1013~6-d787]:main():gmm-align-compiled.cc:127) sess3_seven_1
LOG (gmm-align-compiled[5.5.1013~6-d787]:main():gmm-align-compiled.cc:127) sess3_seven_2
LOG (gmm-align-compiled[5.5.1013~6-d787]:main():gmm-align-compiled.cc:127) sess3_seven_3
LOG (gmm-align-compiled[5.5.1013~6-d787]:main():gmm-align-compiled.cc:127) sess3_seven_4
LOG (gmm-align-compiled[5.5.1013~6-d787]:main():gmm-align-compiled.cc:127) sess3_seven_5
LOG (gmm-align-compiled[5.5.1013~6-d787]:main():gmm-align-compiled.cc:127) sess3_seven_6
LOG (gmm-align-compiled[5.5.1013~6-d787]:main():gmm-align-compiled.cc:127) sess3_seven_7
LOG (gmm-align-compiled[5.5.1013~6-d787]:main():gmm-align-compiled.cc:127) sess3_seven_8
LOG (gmm-align-compiled[5.5.1013~6-d787]:main():gmm-align-compiled.cc:127) sess3_seven_9
LOG (gmm-align-compiled[5.5.1013~6-d787]:main():gmm-align-compiled.cc:127) sess3_six_0
LOG (gmm-align-compiled[5.5.1013~6-d787]:main():gmm-align-compiled.cc:127) sess3_six_1
LOG (gmm-align-compiled[5.5.1013~6-d787]:main():gmm-align-compiled.cc:127) sess3_six_2
LOG (gmm-align-compiled[5.5.1013~6-d787]:main():gmm-align-compiled.cc:127) sess3_six_3
LOG (gmm-align-compiled[5.5.1013~6-d787]:main():gmm-align-compiled.cc:127) sess3_six_4
LOG (gmm-align-compiled[5.5.1013~6-d787]:main():gmm-align-compiled.cc:127) sess3_six_5
LOG (gmm-align-compiled[5.5.1013~6-d787]:main():gmm-align-compiled.cc:127) sess3_six_6
LOG (gmm-align-compiled[5.5.1013~6-d787]:main():gmm-align-compiled.cc:127) sess3_six_7
LOG (gmm-align-compiled[5.5.1013~6-d787]:main():gmm-align-compiled.cc:127) sess3_six_8
LOG (gmm-align-compiled[5.5.1013~6-d787]:main():gmm-align-compiled.cc:127) sess3_six_9
LOG (gmm-align-compiled[5.5.1013~6-d787]:main():gmm-align-compiled.cc:127) sess3_three_0
LOG (gmm-align-compiled[5.5.1013~6-d787]:main():gmm-align-compiled.cc:127) sess3_three_1
LOG (gmm-align-compiled[5.5.1013~6-d787]:main():gmm-align-compiled.cc:127) sess3_three_2
LOG (gmm-align-compiled[5.5.1013~6-d787]:main():gmm-align-compiled.cc:127) sess3_three_3
LOG (gmm-align-compiled[5.5.1013~6-d787]:main():gmm-align-compiled.cc:127) sess3_three_4
LOG (gmm-align-compiled[5.5.1013~6-d787]:main():gmm-align-compiled.cc:127) sess3_three_5
LOG (gmm-align-compiled[5.5.1013~6-d787]:main():gmm-align-compiled.cc:127) sess3_three_6
LOG (gmm-align-compiled[5.5.1013~6-d787]:main():gmm-align-compiled.cc:127) sess3_three_7
LOG (gmm-align-compiled[5.5.1013~6-d787]:main():gmm-align-compiled.cc:127) sess3_three_8
LOG (gmm-align-compiled[5.5.1013~6-d787]:main():gmm-align-compiled.cc:127) sess3_three_9
LOG (gmm-align-compiled[5.5.1013~6-d787]:main():gmm-align-compiled.cc:127) sess3_two_0
LOG (gmm-align-compiled[5.5.1013~6-d787]:main():gmm-align-compiled.cc:127) sess3_two_1
LOG (gmm-align-compiled[5.5.1013~6-d787]:main():gmm-align-compiled.cc:127) sess3_two_2
LOG (gmm-align-compiled[5.5.1013~6-d787]:main():gmm-align-compiled.cc:127) sess3_two_3
LOG (gmm-align-compiled[5.5.1013~6-d787]:main():gmm-align-compiled.cc:127) sess3_two_4
LOG (gmm-align-compiled[5.5.1013~6-d787]:main():gmm-align-compiled.cc:127) sess3_two_5
LOG (gmm-align-compiled[5.5.1013~6-d787]:main():gmm-align-compiled.cc:127) sess3_two_6
LOG (gmm-align-compiled[5.5.1013~6-d787]:main():gmm-align-compiled.cc:127) sess3_two_7
LOG (gmm-align-compiled[5.5.1013~6-d787]:main():gmm-align-compiled.cc:127) sess3_two_8
LOG (gmm-align-compiled[5.5.1013~6-d787]:main():gmm-align-compiled.cc:127) sess3_two_9
LOG (gmm-align-compiled[5.5.1013~6-d787]:main():gmm-align-compiled.cc:127) sess3_up_0
LOG (gmm-align-compiled[5.5.1013~6-d787]:main():gmm-align-compiled.cc:127) sess3_up_1
LOG (gmm-align-compiled[5.5.1013~6-d787]:main():gmm-align-compiled.cc:127) sess3_up_2
LOG (gmm-align-compiled[5.5.1013~6-d787]:main():gmm-align-compiled.cc:127) sess3_up_3
LOG (gmm-align-compiled[5.5.1013~6-d787]:main():gmm-align-compiled.cc:127) sess3_up_4
LOG (gmm-align-compiled[5.5.1013~6-d787]:main():gmm-align-compiled.cc:127) sess3_up_5
LOG (gmm-align-compiled[5.5.1013~6-d787]:main():gmm-align-compiled.cc:127) sess3_up_6
LOG (gmm-align-compiled[5.5.1013~6-d787]:main():gmm-align-compiled.cc:127) sess3_up_7
LOG (gmm-align-compiled[5.5.1013~6-d787]:main():gmm-align-compiled.cc:127) sess3_up_8
LOG (gmm-align-compiled[5.5.1013~6-d787]:main():gmm-align-compiled.cc:127) sess3_up_9
LOG (gmm-align-compiled[5.5.1013~6-d787]:main():gmm-align-compiled.cc:127) sess3_zero_0
LOG (gmm-align-compiled[5.5.1013~6-d787]:main():gmm-align-compiled.cc:127) sess3_zero_1
LOG (gmm-align-compiled[5.5.1013~6-d787]:main():gmm-align-compiled.cc:127) sess3_zero_2
LOG (gmm-align-compiled[5.5.1013~6-d787]:main():gmm-align-compiled.cc:127) sess3_zero_3
LOG (gmm-align-compiled[5.5.1013~6-d787]:main():gmm-align-compiled.cc:127) sess3_zero_4
LOG (gmm-align-compiled[5.5.1013~6-d787]:main():gmm-align-compiled.cc:127) sess3_zero_5
LOG (gmm-align-compiled[5.5.1013~6-d787]:main():gmm-align-compiled.cc:127) sess3_zero_6
LOG (gmm-align-compiled[5.5.1013~6-d787]:main():gmm-align-compiled.cc:127) sess3_zero_7
LOG (gmm-align-compiled[5.5.1013~6-d787]:main():gmm-align-compiled.cc:127) sess3_zero_8
LOG (gmm-align-compiled[5.5.1013~6-d787]:main():gmm-align-compiled.cc:127) sess3_zero_9
LOG (gmm-align-compiled[5.5.1013~6-d787]:main():gmm-align-compiled.cc:127) sess4_down_0
LOG (gmm-align-compiled[5.5.1013~6-d787]:main():gmm-align-compiled.cc:127) sess4_down_1
LOG (gmm-align-compiled[5.5.1013~6-d787]:main():gmm-align-compiled.cc:127) sess4_down_2
LOG (gmm-align-compiled[5.5.1013~6-d787]:main():gmm-align-compiled.cc:127) sess4_down_3
LOG (gmm-align-compiled[5.5.1013~6-d787]:main():gmm-align-compiled.cc:127) sess4_down_4
LOG (gmm-align-compiled[5.5.1013~6-d787]:main():gmm-align-compiled.cc:127) sess4_down_5
LOG (gmm-align-compiled[5.5.1013~6-d787]:main():gmm-align-compiled.cc:127) sess4_down_6
LOG (gmm-align-compiled[5.5.1013~6-d787]:main():gmm-align-compiled.cc:127) sess4_down_7
LOG (gmm-align-compiled[5.5.1013~6-d787]:main():gmm-align-compiled.cc:127) sess4_down_8
LOG (gmm-align-compiled[5.5.1013~6-d787]:main():gmm-align-compiled.cc:127) sess4_down_9
LOG (gmm-align-compiled[5.5.1013~6-d787]:main():gmm-align-compiled.cc:127) sess4_eight_0
LOG (gmm-align-compiled[5.5.1013~6-d787]:main():gmm-align-compiled.cc:127) sess4_eight_1
LOG (gmm-align-compiled[5.5.1013~6-d787]:main():gmm-align-compiled.cc:127) sess4_eight_2
LOG (gmm-align-compiled[5.5.1013~6-d787]:main():gmm-align-compiled.cc:127) sess4_eight_3
LOG (gmm-align-compiled[5.5.1013~6-d787]:main():gmm-align-compiled.cc:127) sess4_eight_4
LOG (gmm-align-compiled[5.5.1013~6-d787]:main():gmm-align-compiled.cc:127) sess4_eight_5
LOG (gmm-align-compiled[5.5.1013~6-d787]:main():gmm-align-compiled.cc:127) sess4_eight_6
LOG (gmm-align-compiled[5.5.1013~6-d787]:main():gmm-align-compiled.cc:127) sess4_eight_7
LOG (gmm-align-compiled[5.5.1013~6-d787]:main():gmm-align-compiled.cc:127) sess4_eight_8
LOG (gmm-align-compiled[5.5.1013~6-d787]:main():gmm-align-compiled.cc:127) sess4_eight_9
LOG (gmm-align-compiled[5.5.1013~6-d787]:main():gmm-align-compiled.cc:127) sess4_five_0
LOG (gmm-align-compiled[5.5.1013~6-d787]:main():gmm-align-compiled.cc:127) sess4_five_1
LOG (gmm-align-compiled[5.5.1013~6-d787]:main():gmm-align-compiled.cc:127) sess4_five_2
LOG (gmm-align-compiled[5.5.1013~6-d787]:main():gmm-align-compiled.cc:127) sess4_five_3
LOG (gmm-align-compiled[5.5.1013~6-d787]:main():gmm-align-compiled.cc:127) sess4_five_4
LOG (gmm-align-compiled[5.5.1013~6-d787]:main():gmm-align-compiled.cc:127) sess4_five_5
LOG (gmm-align-compiled[5.5.1013~6-d787]:main():gmm-align-compiled.cc:127) sess4_five_6
LOG (gmm-align-compiled[5.5.1013~6-d787]:main():gmm-align-compiled.cc:127) sess4_five_7
LOG (gmm-align-compiled[5.5.1013~6-d787]:main():gmm-align-compiled.cc:127) sess4_five_8
LOG (gmm-align-compiled[5.5.1013~6-d787]:main():gmm-align-compiled.cc:127) sess4_five_9
LOG (gmm-align-compiled[5.5.1013~6-d787]:main():gmm-align-compiled.cc:127) sess4_four_0
LOG (gmm-align-compiled[5.5.1013~6-d787]:main():gmm-align-compiled.cc:127) sess4_four_1
LOG (gmm-align-compiled[5.5.1013~6-d787]:main():gmm-align-compiled.cc:127) sess4_four_2
LOG (gmm-align-compiled[5.5.1013~6-d787]:main():gmm-align-compiled.cc:127) sess4_four_3
LOG (gmm-align-compiled[5.5.1013~6-d787]:main():gmm-align-compiled.cc:127) sess4_four_4
LOG (gmm-align-compiled[5.5.1013~6-d787]:main():gmm-align-compiled.cc:127) sess4_four_5
LOG (gmm-align-compiled[5.5.1013~6-d787]:main():gmm-align-compiled.cc:127) sess4_four_6
LOG (gmm-align-compiled[5.5.1013~6-d787]:main():gmm-align-compiled.cc:127) sess4_four_7
LOG (gmm-align-compiled[5.5.1013~6-d787]:main():gmm-align-compiled.cc:127) sess4_four_8
LOG (gmm-align-compiled[5.5.1013~6-d787]:main():gmm-align-compiled.cc:127) sess4_four_9
LOG (gmm-align-compiled[5.5.1013~6-d787]:main():gmm-align-compiled.cc:127) sess4_left_0
LOG (gmm-align-compiled[5.5.1013~6-d787]:main():gmm-align-compiled.cc:127) sess4_left_1
LOG (gmm-align-compiled[5.5.1013~6-d787]:main():gmm-align-compiled.cc:127) sess4_left_2
LOG (gmm-align-compiled[5.5.1013~6-d787]:main():gmm-align-compiled.cc:127) sess4_left_3
LOG (gmm-align-compiled[5.5.1013~6-d787]:main():gmm-align-compiled.cc:127) sess4_left_4
LOG (gmm-align-compiled[5.5.1013~6-d787]:main():gmm-align-compiled.cc:127) sess4_left_5
LOG (gmm-align-compiled[5.5.1013~6-d787]:main():gmm-align-compiled.cc:127) sess4_left_6
LOG (gmm-align-compiled[5.5.1013~6-d787]:main():gmm-align-compiled.cc:127) sess4_left_7
LOG (gmm-align-compiled[5.5.1013~6-d787]:main():gmm-align-compiled.cc:127) sess4_left_8
LOG (gmm-align-compiled[5.5.1013~6-d787]:main():gmm-align-compiled.cc:127) sess4_left_9
LOG (gmm-align-compiled[5.5.1013~6-d787]:main():gmm-align-compiled.cc:127) sess4_nine_0
LOG (gmm-align-compiled[5.5.1013~6-d787]:main():gmm-align-compiled.cc:127) sess4_nine_1
LOG (gmm-align-compiled[5.5.1013~6-d787]:main():gmm-align-compiled.cc:127) sess4_nine_2
LOG (gmm-align-compiled[5.5.1013~6-d787]:main():gmm-align-compiled.cc:127) sess4_nine_3
LOG (gmm-align-compiled[5.5.1013~6-d787]:main():gmm-align-compiled.cc:127) sess4_nine_4
LOG (gmm-align-compiled[5.5.1013~6-d787]:main():gmm-align-compiled.cc:127) sess4_nine_5
LOG (gmm-align-compiled[5.5.1013~6-d787]:main():gmm-align-compiled.cc:127) sess4_nine_6
LOG (gmm-align-compiled[5.5.1013~6-d787]:main():gmm-align-compiled.cc:127) sess4_nine_7
LOG (gmm-align-compiled[5.5.1013~6-d787]:main():gmm-align-compiled.cc:127) sess4_nine_8
LOG (gmm-align-compiled[5.5.1013~6-d787]:main():gmm-align-compiled.cc:127) sess4_nine_9
LOG (gmm-align-compiled[5.5.1013~6-d787]:main():gmm-align-compiled.cc:127) sess4_one_0
LOG (gmm-align-compiled[5.5.1013~6-d787]:main():gmm-align-compiled.cc:127) sess4_one_1
LOG (gmm-align-compiled[5.5.1013~6-d787]:main():gmm-align-compiled.cc:127) sess4_one_2
LOG (gmm-align-compiled[5.5.1013~6-d787]:main():gmm-align-compiled.cc:127) sess4_one_3
LOG (gmm-align-compiled[5.5.1013~6-d787]:main():gmm-align-compiled.cc:127) sess4_one_4
LOG (gmm-align-compiled[5.5.1013~6-d787]:main():gmm-align-compiled.cc:127) sess4_one_5
LOG (gmm-align-compiled[5.5.1013~6-d787]:main():gmm-align-compiled.cc:127) sess4_one_6
LOG (gmm-align-compiled[5.5.1013~6-d787]:main():gmm-align-compiled.cc:127) sess4_one_7
LOG (gmm-align-compiled[5.5.1013~6-d787]:main():gmm-align-compiled.cc:127) sess4_one_8
LOG (gmm-align-compiled[5.5.1013~6-d787]:main():gmm-align-compiled.cc:127) sess4_one_9
LOG (gmm-align-compiled[5.5.1013~6-d787]:main():gmm-align-compiled.cc:127) sess4_right_0
LOG (gmm-align-compiled[5.5.1013~6-d787]:main():gmm-align-compiled.cc:127) sess4_right_1
LOG (gmm-align-compiled[5.5.1013~6-d787]:main():gmm-align-compiled.cc:127) sess4_right_2
LOG (gmm-align-compiled[5.5.1013~6-d787]:main():gmm-align-compiled.cc:127) sess4_right_3
LOG (gmm-align-compiled[5.5.1013~6-d787]:main():gmm-align-compiled.cc:127) sess4_right_4
LOG (gmm-align-compiled[5.5.1013~6-d787]:main():gmm-align-compiled.cc:127) sess4_right_5
LOG (gmm-align-compiled[5.5.1013~6-d787]:main():gmm-align-compiled.cc:127) sess4_right_6
LOG (gmm-align-compiled[5.5.1013~6-d787]:main():gmm-align-compiled.cc:127) sess4_right_7
LOG (gmm-align-compiled[5.5.1013~6-d787]:main():gmm-align-compiled.cc:127) sess4_right_8
LOG (gmm-align-compiled[5.5.1013~6-d787]:main():gmm-align-compiled.cc:127) sess4_right_9
LOG (gmm-align-compiled[5.5.1013~6-d787]:main():gmm-align-compiled.cc:127) sess4_seven_0
LOG (gmm-align-compiled[5.5.1013~6-d787]:main():gmm-align-compiled.cc:127) sess4_seven_1
LOG (gmm-align-compiled[5.5.1013~6-d787]:main():gmm-align-compiled.cc:127) sess4_seven_2
LOG (gmm-align-compiled[5.5.1013~6-d787]:main():gmm-align-compiled.cc:127) sess4_seven_3
LOG (gmm-align-compiled[5.5.1013~6-d787]:main():gmm-align-compiled.cc:127) sess4_seven_4
LOG (gmm-align-compiled[5.5.1013~6-d787]:main():gmm-align-compiled.cc:127) sess4_seven_5
LOG (gmm-align-compiled[5.5.1013~6-d787]:main():gmm-align-compiled.cc:127) sess4_seven_6
LOG (gmm-align-compiled[5.5.1013~6-d787]:main():gmm-align-compiled.cc:127) sess4_seven_7
LOG (gmm-align-compiled[5.5.1013~6-d787]:main():gmm-align-compiled.cc:127) sess4_seven_8
LOG (gmm-align-compiled[5.5.1013~6-d787]:main():gmm-align-compiled.cc:127) sess4_seven_9
LOG (gmm-align-compiled[5.5.1013~6-d787]:main():gmm-align-compiled.cc:127) sess4_six_0
LOG (gmm-align-compiled[5.5.1013~6-d787]:main():gmm-align-compiled.cc:127) sess4_six_1
LOG (gmm-align-compiled[5.5.1013~6-d787]:main():gmm-align-compiled.cc:127) sess4_six_2
LOG (gmm-align-compiled[5.5.1013~6-d787]:main():gmm-align-compiled.cc:127) sess4_six_3
LOG (gmm-align-compiled[5.5.1013~6-d787]:main():gmm-align-compiled.cc:127) sess4_six_4
LOG (gmm-align-compiled[5.5.1013~6-d787]:main():gmm-align-compiled.cc:127) sess4_six_5
LOG (gmm-align-compiled[5.5.1013~6-d787]:main():gmm-align-compiled.cc:127) sess4_six_6
LOG (gmm-align-compiled[5.5.1013~6-d787]:main():gmm-align-compiled.cc:127) sess4_six_7
LOG (gmm-align-compiled[5.5.1013~6-d787]:main():gmm-align-compiled.cc:127) sess4_six_8
LOG (gmm-align-compiled[5.5.1013~6-d787]:main():gmm-align-compiled.cc:127) sess4_six_9
LOG (gmm-align-compiled[5.5.1013~6-d787]:main():gmm-align-compiled.cc:127) sess4_three_0
LOG (gmm-align-compiled[5.5.1013~6-d787]:main():gmm-align-compiled.cc:127) sess4_three_1
LOG (gmm-align-compiled[5.5.1013~6-d787]:main():gmm-align-compiled.cc:127) sess4_three_2
LOG (gmm-align-compiled[5.5.1013~6-d787]:main():gmm-align-compiled.cc:127) sess4_three_3
LOG (gmm-align-compiled[5.5.1013~6-d787]:main():gmm-align-compiled.cc:127) sess4_three_4
LOG (gmm-align-compiled[5.5.1013~6-d787]:main():gmm-align-compiled.cc:127) sess4_three_5
LOG (gmm-align-compiled[5.5.1013~6-d787]:main():gmm-align-compiled.cc:127) sess4_three_6
LOG (gmm-align-compiled[5.5.1013~6-d787]:main():gmm-align-compiled.cc:127) sess4_three_7
LOG (gmm-align-compiled[5.5.1013~6-d787]:main():gmm-align-compiled.cc:127) sess4_three_8
LOG (gmm-align-compiled[5.5.1013~6-d787]:main():gmm-align-compiled.cc:127) sess4_three_9
LOG (gmm-align-compiled[5.5.1013~6-d787]:main():gmm-align-compiled.cc:127) sess4_two_0
LOG (gmm-align-compiled[5.5.1013~6-d787]:main():gmm-align-compiled.cc:127) sess4_two_1
LOG (gmm-align-compiled[5.5.1013~6-d787]:main():gmm-align-compiled.cc:127) sess4_two_2
LOG (gmm-align-compiled[5.5.1013~6-d787]:main():gmm-align-compiled.cc:127) sess4_two_3
LOG (gmm-align-compiled[5.5.1013~6-d787]:main():gmm-align-compiled.cc:127) sess4_two_4
LOG (gmm-align-compiled[5.5.1013~6-d787]:main():gmm-align-compiled.cc:127) sess4_two_5
LOG (gmm-align-compiled[5.5.1013~6-d787]:main():gmm-align-compiled.cc:127) sess4_two_6
LOG (gmm-align-compiled[5.5.1013~6-d787]:main():gmm-align-compiled.cc:127) sess4_two_7
LOG (gmm-align-compiled[5.5.1013~6-d787]:main():gmm-align-compiled.cc:127) sess4_two_8
LOG (gmm-align-compiled[5.5.1013~6-d787]:main():gmm-align-compiled.cc:127) sess4_two_9
LOG (gmm-align-compiled[5.5.1013~6-d787]:main():gmm-align-compiled.cc:127) sess4_up_0
LOG (gmm-align-compiled[5.5.1013~6-d787]:main():gmm-align-compiled.cc:127) sess4_up_1
LOG (gmm-align-compiled[5.5.1013~6-d787]:main():gmm-align-compiled.cc:127) sess4_up_2
LOG (gmm-align-compiled[5.5.1013~6-d787]:main():gmm-align-compiled.cc:127) sess4_up_3
LOG (gmm-align-compiled[5.5.1013~6-d787]:main():gmm-align-compiled.cc:127) sess4_up_4
LOG (gmm-align-compiled[5.5.1013~6-d787]:main():gmm-align-compiled.cc:127) sess4_up_5
LOG (gmm-align-compiled[5.5.1013~6-d787]:main():gmm-align-compiled.cc:127) sess4_up_6
LOG (gmm-align-compiled[5.5.1013~6-d787]:main():gmm-align-compiled.cc:127) sess4_up_7
LOG (gmm-align-compiled[5.5.1013~6-d787]:main():gmm-align-compiled.cc:127) sess4_up_8
LOG (gmm-align-compiled[5.5.1013~6-d787]:main():gmm-align-compiled.cc:127) sess4_up_9
LOG (gmm-align-compiled[5.5.1013~6-d787]:main():gmm-align-compiled.cc:127) sess4_zero_0
LOG (gmm-align-compiled[5.5.1013~6-d787]:main():gmm-align-compiled.cc:127) sess4_zero_1
LOG (gmm-align-compiled[5.5.1013~6-d787]:main():gmm-align-compiled.cc:127) sess4_zero_2
LOG (gmm-align-compiled[5.5.1013~6-d787]:main():gmm-align-compiled.cc:127) sess4_zero_3
LOG (gmm-align-compiled[5.5.1013~6-d787]:main():gmm-align-compiled.cc:127) sess4_zero_4
LOG (gmm-align-compiled[5.5.1013~6-d787]:main():gmm-align-compiled.cc:127) sess4_zero_5
LOG (gmm-align-compiled[5.5.1013~6-d787]:main():gmm-align-compiled.cc:127) sess4_zero_6
LOG (gmm-align-compiled[5.5.1013~6-d787]:main():gmm-align-compiled.cc:127) sess4_zero_7
LOG (gmm-align-compiled[5.5.1013~6-d787]:main():gmm-align-compiled.cc:127) sess4_zero_8
LOG (gmm-align-compiled[5.5.1013~6-d787]:main():gmm-align-compiled.cc:127) sess4_zero_9
LOG (gmm-align-compiled[5.5.1013~6-d787]:main():gmm-align-compiled.cc:127) sess5_down_0
LOG (gmm-align-compiled[5.5.1013~6-d787]:main():gmm-align-compiled.cc:127) sess5_down_1
LOG (gmm-align-compiled[5.5.1013~6-d787]:main():gmm-align-compiled.cc:127) sess5_down_2
LOG (gmm-align-compiled[5.5.1013~6-d787]:main():gmm-align-compiled.cc:127) sess5_down_3
LOG (gmm-align-compiled[5.5.1013~6-d787]:main():gmm-align-compiled.cc:127) sess5_down_4
LOG (gmm-align-compiled[5.5.1013~6-d787]:main():gmm-align-compiled.cc:127) sess5_eight_0
LOG (gmm-align-compiled[5.5.1013~6-d787]:main():gmm-align-compiled.cc:127) sess5_eight_1
LOG (gmm-align-compiled[5.5.1013~6-d787]:main():gmm-align-compiled.cc:127) sess5_eight_2
LOG (gmm-align-compiled[5.5.1013~6-d787]:main():gmm-align-compiled.cc:127) sess5_eight_3
LOG (gmm-align-compiled[5.5.1013~6-d787]:main():gmm-align-compiled.cc:127) sess5_eight_4
LOG (gmm-align-compiled[5.5.1013~6-d787]:main():gmm-align-compiled.cc:127) sess5_five_0
LOG (gmm-align-compiled[5.5.1013~6-d787]:main():gmm-align-compiled.cc:127) sess5_five_1
LOG (gmm-align-compiled[5.5.1013~6-d787]:main():gmm-align-compiled.cc:127) sess5_five_2
LOG (gmm-align-compiled[5.5.1013~6-d787]:main():gmm-align-compiled.cc:127) sess5_five_3
LOG (gmm-align-compiled[5.5.1013~6-d787]:main():gmm-align-compiled.cc:127) sess5_five_4
LOG (gmm-align-compiled[5.5.1013~6-d787]:main():gmm-align-compiled.cc:127) sess5_four_0
LOG (gmm-align-compiled[5.5.1013~6-d787]:main():gmm-align-compiled.cc:127) sess5_four_1
LOG (gmm-align-compiled[5.5.1013~6-d787]:main():gmm-align-compiled.cc:127) sess5_four_2
LOG (gmm-align-compiled[5.5.1013~6-d787]:main():gmm-align-compiled.cc:127) sess5_four_3
LOG (gmm-align-compiled[5.5.1013~6-d787]:main():gmm-align-compiled.cc:127) sess5_four_4
LOG (gmm-align-compiled[5.5.1013~6-d787]:main():gmm-align-compiled.cc:127) sess5_left_0
LOG (gmm-align-compiled[5.5.1013~6-d787]:main():gmm-align-compiled.cc:127) sess5_left_1
LOG (gmm-align-compiled[5.5.1013~6-d787]:main():gmm-align-compiled.cc:127) sess5_left_2
LOG (gmm-align-compiled[5.5.1013~6-d787]:main():gmm-align-compiled.cc:127) sess5_left_3
LOG (gmm-align-compiled[5.5.1013~6-d787]:main():gmm-align-compiled.cc:127) sess5_left_4
LOG (gmm-align-compiled[5.5.1013~6-d787]:main():gmm-align-compiled.cc:127) sess5_nine_0
LOG (gmm-align-compiled[5.5.1013~6-d787]:main():gmm-align-compiled.cc:127) sess5_nine_1
LOG (gmm-align-compiled[5.5.1013~6-d787]:main():gmm-align-compiled.cc:127) sess5_nine_2
LOG (gmm-align-compiled[5.5.1013~6-d787]:main():gmm-align-compiled.cc:127) sess5_nine_3
LOG (gmm-align-compiled[5.5.1013~6-d787]:main():gmm-align-compiled.cc:127) sess5_nine_4
LOG (gmm-align-compiled[5.5.1013~6-d787]:main():gmm-align-compiled.cc:127) sess5_one_0
LOG (gmm-align-compiled[5.5.1013~6-d787]:main():gmm-align-compiled.cc:127) sess5_one_1
LOG (gmm-align-compiled[5.5.1013~6-d787]:main():gmm-align-compiled.cc:127) sess5_one_2
LOG (gmm-align-compiled[5.5.1013~6-d787]:main():gmm-align-compiled.cc:127) sess5_one_3
LOG (gmm-align-compiled[5.5.1013~6-d787]:main():gmm-align-compiled.cc:127) sess5_one_4
LOG (gmm-align-compiled[5.5.1013~6-d787]:main():gmm-align-compiled.cc:127) sess5_right_0
LOG (gmm-align-compiled[5.5.1013~6-d787]:main():gmm-align-compiled.cc:127) sess5_right_1
LOG (gmm-align-compiled[5.5.1013~6-d787]:main():gmm-align-compiled.cc:127) sess5_right_2
LOG (gmm-align-compiled[5.5.1013~6-d787]:main():gmm-align-compiled.cc:127) sess5_right_3
LOG (gmm-align-compiled[5.5.1013~6-d787]:main():gmm-align-compiled.cc:127) sess5_right_4
LOG (gmm-align-compiled[5.5.1013~6-d787]:main():gmm-align-compiled.cc:127) sess5_seven_0
LOG (gmm-align-compiled[5.5.1013~6-d787]:main():gmm-align-compiled.cc:127) sess5_seven_1
LOG (gmm-align-compiled[5.5.1013~6-d787]:main():gmm-align-compiled.cc:127) sess5_seven_2
LOG (gmm-align-compiled[5.5.1013~6-d787]:main():gmm-align-compiled.cc:127) sess5_seven_3
LOG (gmm-align-compiled[5.5.1013~6-d787]:main():gmm-align-compiled.cc:127) sess5_seven_4
LOG (gmm-align-compiled[5.5.1013~6-d787]:main():gmm-align-compiled.cc:127) sess5_six_0
LOG (gmm-align-compiled[5.5.1013~6-d787]:main():gmm-align-compiled.cc:127) sess5_six_1
LOG (gmm-align-compiled[5.5.1013~6-d787]:main():gmm-align-compiled.cc:127) sess5_six_2
LOG (gmm-align-compiled[5.5.1013~6-d787]:main():gmm-align-compiled.cc:127) sess5_six_3
LOG (gmm-align-compiled[5.5.1013~6-d787]:main():gmm-align-compiled.cc:127) sess5_six_4
LOG (gmm-align-compiled[5.5.1013~6-d787]:main():gmm-align-compiled.cc:127) sess5_three_0
LOG (gmm-align-compiled[5.5.1013~6-d787]:main():gmm-align-compiled.cc:127) sess5_three_1
LOG (gmm-align-compiled[5.5.1013~6-d787]:main():gmm-align-compiled.cc:127) sess5_three_2
LOG (gmm-align-compiled[5.5.1013~6-d787]:main():gmm-align-compiled.cc:127) sess5_three_3
LOG (gmm-align-compiled[5.5.1013~6-d787]:main():gmm-align-compiled.cc:127) sess5_three_4
LOG (gmm-align-compiled[5.5.1013~6-d787]:main():gmm-align-compiled.cc:127) sess5_two_0
LOG (gmm-align-compiled[5.5.1013~6-d787]:main():gmm-align-compiled.cc:127) sess5_two_1
LOG (gmm-align-compiled[5.5.1013~6-d787]:main():gmm-align-compiled.cc:127) sess5_two_2
LOG (gmm-align-compiled[5.5.1013~6-d787]:main():gmm-align-compiled.cc:127) sess5_two_3
LOG (gmm-align-compiled[5.5.1013~6-d787]:main():gmm-align-compiled.cc:127) sess5_two_4
LOG (gmm-align-compiled[5.5.1013~6-d787]:main():gmm-align-compiled.cc:127) sess5_up_0
LOG (gmm-align-compiled[5.5.1013~6-d787]:main():gmm-align-compiled.cc:127) sess5_up_1
LOG (gmm-align-compiled[5.5.1013~6-d787]:main():gmm-align-compiled.cc:127) sess5_up_2
LOG (gmm-align-compiled[5.5.1013~6-d787]:main():gmm-align-compiled.cc:127) sess5_up_3
LOG (gmm-align-compiled[5.5.1013~6-d787]:main():gmm-align-compiled.cc:127) sess5_up_4
LOG (gmm-align-compiled[5.5.1013~6-d787]:main():gmm-align-compiled.cc:127) sess5_zero_0
LOG (gmm-align-compiled[5.5.1013~6-d787]:main():gmm-align-compiled.cc:127) sess5_zero_1
LOG (gmm-align-compiled[5.5.1013~6-d787]:main():gmm-align-compiled.cc:127) sess5_zero_2
LOG (gmm-align-compiled[5.5.1013~6-d787]:main():gmm-align-compiled.cc:127) sess5_zero_3
LOG (gmm-align-compiled[5.5.1013~6-d787]:main():gmm-align-compiled.cc:127) sess5_zero_4
LOG (gmm-align-compiled[5.5.1013~6-d787]:main():gmm-align-compiled.cc:127) sess6_down_0
LOG (gmm-align-compiled[5.5.1013~6-d787]:main():gmm-align-compiled.cc:127) sess6_down_1
LOG (gmm-align-compiled[5.5.1013~6-d787]:main():gmm-align-compiled.cc:127) sess6_down_2
LOG (gmm-align-compiled[5.5.1013~6-d787]:main():gmm-align-compiled.cc:127) sess6_down_3
LOG (gmm-align-compiled[5.5.1013~6-d787]:main():gmm-align-compiled.cc:127) sess6_down_4
LOG (gmm-align-compiled[5.5.1013~6-d787]:main():gmm-align-compiled.cc:127) sess6_eight_0
LOG (gmm-align-compiled[5.5.1013~6-d787]:main():gmm-align-compiled.cc:127) sess6_eight_1
LOG (gmm-align-compiled[5.5.1013~6-d787]:main():gmm-align-compiled.cc:127) sess6_eight_2
LOG (gmm-align-compiled[5.5.1013~6-d787]:main():gmm-align-compiled.cc:127) sess6_eight_3
LOG (gmm-align-compiled[5.5.1013~6-d787]:main():gmm-align-compiled.cc:127) sess6_eight_4
LOG (gmm-align-compiled[5.5.1013~6-d787]:main():gmm-align-compiled.cc:127) sess6_five_0
LOG (gmm-align-compiled[5.5.1013~6-d787]:main():gmm-align-compiled.cc:127) sess6_five_1
LOG (gmm-align-compiled[5.5.1013~6-d787]:main():gmm-align-compiled.cc:127) sess6_five_2
LOG (gmm-align-compiled[5.5.1013~6-d787]:main():gmm-align-compiled.cc:127) sess6_five_3
LOG (gmm-align-compiled[5.5.1013~6-d787]:main():gmm-align-compiled.cc:127) sess6_five_4
LOG (gmm-align-compiled[5.5.1013~6-d787]:main():gmm-align-compiled.cc:127) sess6_four_0
LOG (gmm-align-compiled[5.5.1013~6-d787]:main():gmm-align-compiled.cc:127) sess6_four_1
LOG (gmm-align-compiled[5.5.1013~6-d787]:main():gmm-align-compiled.cc:127) sess6_four_2
LOG (gmm-align-compiled[5.5.1013~6-d787]:main():gmm-align-compiled.cc:127) sess6_four_3
LOG (gmm-align-compiled[5.5.1013~6-d787]:main():gmm-align-compiled.cc:127) sess6_four_4
LOG (gmm-align-compiled[5.5.1013~6-d787]:main():gmm-align-compiled.cc:127) sess6_left_0
LOG (gmm-align-compiled[5.5.1013~6-d787]:main():gmm-align-compiled.cc:127) sess6_left_1
LOG (gmm-align-compiled[5.5.1013~6-d787]:main():gmm-align-compiled.cc:127) sess6_left_2
LOG (gmm-align-compiled[5.5.1013~6-d787]:main():gmm-align-compiled.cc:127) sess6_left_3
LOG (gmm-align-compiled[5.5.1013~6-d787]:main():gmm-align-compiled.cc:127) sess6_left_4
LOG (gmm-align-compiled[5.5.1013~6-d787]:main():gmm-align-compiled.cc:127) sess6_nine_0
LOG (gmm-align-compiled[5.5.1013~6-d787]:main():gmm-align-compiled.cc:127) sess6_nine_1
LOG (gmm-align-compiled[5.5.1013~6-d787]:main():gmm-align-compiled.cc:127) sess6_nine_2
LOG (gmm-align-compiled[5.5.1013~6-d787]:main():gmm-align-compiled.cc:127) sess6_nine_3
LOG (gmm-align-compiled[5.5.1013~6-d787]:main():gmm-align-compiled.cc:127) sess6_nine_4
LOG (gmm-align-compiled[5.5.1013~6-d787]:main():gmm-align-compiled.cc:127) sess6_one_0
LOG (gmm-align-compiled[5.5.1013~6-d787]:main():gmm-align-compiled.cc:127) sess6_one_1
LOG (gmm-align-compiled[5.5.1013~6-d787]:main():gmm-align-compiled.cc:127) sess6_one_2
LOG (gmm-align-compiled[5.5.1013~6-d787]:main():gmm-align-compiled.cc:127) sess6_one_3
LOG (gmm-align-compiled[5.5.1013~6-d787]:main():gmm-align-compiled.cc:127) sess6_one_4
LOG (gmm-align-compiled[5.5.1013~6-d787]:main():gmm-align-compiled.cc:127) sess6_right_0
LOG (gmm-align-compiled[5.5.1013~6-d787]:main():gmm-align-compiled.cc:127) sess6_right_1
LOG (gmm-align-compiled[5.5.1013~6-d787]:main():gmm-align-compiled.cc:127) sess6_right_2
LOG (gmm-align-compiled[5.5.1013~6-d787]:main():gmm-align-compiled.cc:127) sess6_right_3
LOG (gmm-align-compiled[5.5.1013~6-d787]:main():gmm-align-compiled.cc:127) sess6_right_4
LOG (gmm-align-compiled[5.5.1013~6-d787]:main():gmm-align-compiled.cc:127) sess6_seven_0
LOG (gmm-align-compiled[5.5.1013~6-d787]:main():gmm-align-compiled.cc:127) sess6_seven_1
LOG (gmm-align-compiled[5.5.1013~6-d787]:main():gmm-align-compiled.cc:127) sess6_seven_2
LOG (gmm-align-compiled[5.5.1013~6-d787]:main():gmm-align-compiled.cc:127) sess6_seven_3
LOG (gmm-align-compiled[5.5.1013~6-d787]:main():gmm-align-compiled.cc:127) sess6_seven_4
LOG (gmm-align-compiled[5.5.1013~6-d787]:main():gmm-align-compiled.cc:127) sess6_six_0
LOG (gmm-align-compiled[5.5.1013~6-d787]:main():gmm-align-compiled.cc:127) sess6_six_1
LOG (gmm-align-compiled[5.5.1013~6-d787]:main():gmm-align-compiled.cc:127) sess6_six_2
LOG (gmm-align-compiled[5.5.1013~6-d787]:main():gmm-align-compiled.cc:127) sess6_six_3
LOG (gmm-align-compiled[5.5.1013~6-d787]:main():gmm-align-compiled.cc:127) sess6_six_4
LOG (gmm-align-compiled[5.5.1013~6-d787]:main():gmm-align-compiled.cc:127) sess6_three_0
LOG (gmm-align-compiled[5.5.1013~6-d787]:main():gmm-align-compiled.cc:127) sess6_three_1
LOG (gmm-align-compiled[5.5.1013~6-d787]:main():gmm-align-compiled.cc:127) sess6_three_2
LOG (gmm-align-compiled[5.5.1013~6-d787]:main():gmm-align-compiled.cc:127) sess6_three_3
LOG (gmm-align-compiled[5.5.1013~6-d787]:main():gmm-align-compiled.cc:127) sess6_three_4
LOG (gmm-align-compiled[5.5.1013~6-d787]:main():gmm-align-compiled.cc:127) sess6_two_0
LOG (gmm-align-compiled[5.5.1013~6-d787]:main():gmm-align-compiled.cc:127) sess6_two_1
LOG (gmm-align-compiled[5.5.1013~6-d787]:main():gmm-align-compiled.cc:127) sess6_two_2
LOG (gmm-align-compiled[5.5.1013~6-d787]:main():gmm-align-compiled.cc:127) sess6_two_3
LOG (gmm-align-compiled[5.5.1013~6-d787]:main():gmm-align-compiled.cc:127) sess6_two_4
LOG (apply-cmvn[5.5.1013~6-d787]:main():apply-cmvn.cc:162) Applied cepstral mean normalization to 420 utterances, errors on 0
LOG (gmm-align-compiled[5.5.1013~6-d787]:main():gmm-align-compiled.cc:127) sess6_up_0
LOG (gmm-align-compiled[5.5.1013~6-d787]:main():gmm-align-compiled.cc:127) sess6_up_1
LOG (gmm-align-compiled[5.5.1013~6-d787]:main():gmm-align-compiled.cc:127) sess6_up_2
LOG (gmm-align-compiled[5.5.1013~6-d787]:main():gmm-align-compiled.cc:127) sess6_up_3
LOG (gmm-align-compiled[5.5.1013~6-d787]:main():gmm-align-compiled.cc:127) sess6_up_4
LOG (gmm-align-compiled[5.5.1013~6-d787]:main():gmm-align-compiled.cc:127) sess6_zero_0
LOG (gmm-align-compiled[5.5.1013~6-d787]:main():gmm-align-compiled.cc:127) sess6_zero_1
LOG (gmm-align-compiled[5.5.1013~6-d787]:main():gmm-align-compiled.cc:127) sess6_zero_2
LOG (gmm-align-compiled[5.5.1013~6-d787]:main():gmm-align-compiled.cc:127) sess6_zero_3
LOG (gmm-align-compiled[5.5.1013~6-d787]:main():gmm-align-compiled.cc:127) sess6_zero_4
LOG (gmm-align-compiled[5.5.1013~6-d787]:main():gmm-align-compiled.cc:135) Overall log-likelihood per frame is -147.141 over 26233 frames.
LOG (gmm-align-compiled[5.5.1013~6-d787]:main():gmm-align-compiled.cc:137) Retried 0 out of 420 utterances.
LOG (gmm-align-compiled[5.5.1013~6-d787]:main():gmm-align-compiled.cc:139) Done 420, errors on 0
# Accounting: time=1 threads=1
# Ended (code 0) at Fri Apr 22 16:26:19 CDT 2022, elapsed time 1 seconds
