# build-tree --verbose=1 --max-leaves=2000 --cluster-thresh=-1 exp/tri1/treeacc data/lang/phones/roots.int exp/tri1/questions.qst data/lang/topo exp/tri1/tree 
# Started at Mon Apr 25 20:44:05 CDT 2022
#
build-tree --verbose=1 --max-leaves=2000 --cluster-thresh=-1 exp/tri1/treeacc data/lang/phones/roots.int exp/tri1/questions.qst data/lang/topo exp/tri1/tree 
LOG (build-tree[5.5.1017~3-12a20]:main():build-tree.cc:104) Number of separate statistics is 209
LOG (build-tree[5.5.1017~3-12a20]:BuildTree():build-tree.cc:161) BuildTree: before building trees, map has 26 leaves.
LOG (build-tree[5.5.1017~3-12a20]:SplitDecisionTree():build-tree-utils.cc:577) DoDecisionTreeSplit: split 119 times, #leaves now 145
LOG (build-tree[5.5.1017~3-12a20]:BuildTree():build-tree.cc:187) Setting clustering threshold to smallest split 303.156
VLOG[1] (build-tree[5.5.1017~3-12a20]:BuildTree():build-tree.cc:196) After decision tree split, num-leaves = 145, like-impr = 6.61428 per frame over 47895 frames.
VLOG[1] (build-tree[5.5.1017~3-12a20]:BuildTree():build-tree.cc:200) Including just phones that were split, improvement is 6.61428 per frame over 47895 frames.
LOG (build-tree[5.5.1017~3-12a20]:BuildTree():build-tree.cc:215) BuildTree: removed 4 leaves.
VLOG[1] (build-tree[5.5.1017~3-12a20]:ClusterEventMapToNClustersRestrictedByMap():build-tree-utils.cc:914) Number of non-empty clusters in map = 25
VLOG[1] (build-tree[5.5.1017~3-12a20]:ClusterEventMapToNClustersRestrictedByMap():build-tree-utils.cc:915) Number of non-empty clusters = 140
LOG (build-tree[5.5.1017~3-12a20]:BuildTree():build-tree.cc:231) BuildTree: Rounded num leaves to multiple of 8 by removing 5 leaves.
VLOG[1] (build-tree[5.5.1017~3-12a20]:BuildTree():build-tree.cc:256) Objf change due to clustering -0.0557261 per frame.
VLOG[1] (build-tree[5.5.1017~3-12a20]:BuildTree():build-tree.cc:259) Normalizing over only split phones, this is: -0.0557261 per frame.
VLOG[1] (build-tree[5.5.1017~3-12a20]:BuildTree():build-tree.cc:262) Num-leaves is now 136
VLOG[1] (build-tree[5.5.1017~3-12a20]:main():build-tree.cc:143) For pdf-id 1, low count 0
VLOG[1] (build-tree[5.5.1017~3-12a20]:main():build-tree.cc:143) For pdf-id 8, low count 76
VLOG[1] (build-tree[5.5.1017~3-12a20]:main():build-tree.cc:143) For pdf-id 10, low count 67
VLOG[1] (build-tree[5.5.1017~3-12a20]:main():build-tree.cc:143) For pdf-id 21, low count 96
VLOG[1] (build-tree[5.5.1017~3-12a20]:main():build-tree.cc:143) For pdf-id 24, low count 67
VLOG[1] (build-tree[5.5.1017~3-12a20]:main():build-tree.cc:143) For pdf-id 28, low count 82
VLOG[1] (build-tree[5.5.1017~3-12a20]:main():build-tree.cc:143) For pdf-id 42, low count 74
VLOG[1] (build-tree[5.5.1017~3-12a20]:main():build-tree.cc:143) For pdf-id 61, low count 60
VLOG[1] (build-tree[5.5.1017~3-12a20]:main():build-tree.cc:143) For pdf-id 75, low count 61
VLOG[1] (build-tree[5.5.1017~3-12a20]:main():build-tree.cc:143) For pdf-id 76, low count 99
VLOG[1] (build-tree[5.5.1017~3-12a20]:main():build-tree.cc:143) For pdf-id 82, low count 91
VLOG[1] (build-tree[5.5.1017~3-12a20]:main():build-tree.cc:143) For pdf-id 86, low count 1
VLOG[1] (build-tree[5.5.1017~3-12a20]:main():build-tree.cc:143) For pdf-id 87, low count 86
VLOG[1] (build-tree[5.5.1017~3-12a20]:main():build-tree.cc:143) For pdf-id 88, low count 86
VLOG[1] (build-tree[5.5.1017~3-12a20]:main():build-tree.cc:143) For pdf-id 99, low count 31
VLOG[1] (build-tree[5.5.1017~3-12a20]:main():build-tree.cc:143) For pdf-id 105, low count 82
VLOG[1] (build-tree[5.5.1017~3-12a20]:main():build-tree.cc:143) For pdf-id 109, low count 95
VLOG[1] (build-tree[5.5.1017~3-12a20]:main():build-tree.cc:143) For pdf-id 113, low count 79
VLOG[1] (build-tree[5.5.1017~3-12a20]:main():build-tree.cc:143) For pdf-id 123, low count 86
VLOG[1] (build-tree[5.5.1017~3-12a20]:main():build-tree.cc:143) For pdf-id 125, low count 51
VLOG[1] (build-tree[5.5.1017~3-12a20]:main():build-tree.cc:143) For pdf-id 126, low count 1
VLOG[1] (build-tree[5.5.1017~3-12a20]:main():build-tree.cc:143) For pdf-id 127, low count 85
VLOG[1] (build-tree[5.5.1017~3-12a20]:main():build-tree.cc:143) For pdf-id 129, low count 1
VLOG[1] (build-tree[5.5.1017~3-12a20]:main():build-tree.cc:143) For pdf-id 131, low count 2
VLOG[1] (build-tree[5.5.1017~3-12a20]:main():build-tree.cc:143) For pdf-id 132, low count 49
VLOG[1] (build-tree[5.5.1017~3-12a20]:main():build-tree.cc:143) For pdf-id 133, low count 93
VLOG[1] (build-tree[5.5.1017~3-12a20]:main():build-tree.cc:143) For pdf-id 135, low count 2
WARNING (build-tree[5.5.1017~3-12a20]:main():build-tree.cc:185) Saw no stats for following phones: 2 3 4 5 6 7 8 9 10 11 12 14 16 18 19 20 22 23 24 26 27 28 30 32 33 34 35 36 38 40 41 42 44 46 47 48 50 51 53 54 55 56 58 60 61 62 65 66 67 69 70 71 73 74 78 81 82 85 86 88 89 90 91 93 94 95 98 100 101 102 104 105 106 
LOG (build-tree[5.5.1017~3-12a20]:main():build-tree.cc:189) Wrote tree
# Accounting: time=0 threads=1
# Ended (code 0) at Mon Apr 25 20:44:05 CDT 2022, elapsed time 0 seconds
