# gmm-init-model --write-occs=exp/tri1/1.occs exp/tri1/tree exp/tri1/treeacc data/lang/topo exp/tri1/1.mdl 
# Started at Mon Apr 25 20:44:05 CDT 2022
#
gmm-init-model --write-occs=exp/tri1/1.occs exp/tri1/tree exp/tri1/treeacc data/lang/topo exp/tri1/1.mdl 
LOG (gmm-init-model[5.5.1017~3-12a20]:main():gmm-init-model.cc:271) Number of separate statistics is 209
WARNING (gmm-init-model[5.5.1017~3-12a20]:InitAmGmm():gmm-init-model.cc:55) Tree has pdf-id 1 with no stats; corresponding phone list: 6 7 8 9 10 
WARNING (gmm-init-model[5.5.1017~3-12a20]:InitAmGmm():gmm-init-model.cc:83) Very small count for state 8: 76; corresponding phone list: 35 36 37 38 
WARNING (gmm-init-model[5.5.1017~3-12a20]:InitAmGmm():gmm-init-model.cc:83) Very small count for state 10: 67; corresponding phone list: 43 44 45 46 
WARNING (gmm-init-model[5.5.1017~3-12a20]:InitAmGmm():gmm-init-model.cc:83) Very small count for state 21: 96; corresponding phone list: 87 88 89 90 
WARNING (gmm-init-model[5.5.1017~3-12a20]:InitAmGmm():gmm-init-model.cc:83) Very small count for state 24: 67; corresponding phone list: 99 100 101 102 
WARNING (gmm-init-model[5.5.1017~3-12a20]:InitAmGmm():gmm-init-model.cc:83) Very small count for state 28: 82; corresponding phone list: 84 85 86 
WARNING (gmm-init-model[5.5.1017~3-12a20]:InitAmGmm():gmm-init-model.cc:83) Very small count for state 42: 74; corresponding phone list: 47 48 49 50 
WARNING (gmm-init-model[5.5.1017~3-12a20]:InitAmGmm():gmm-init-model.cc:83) Very small count for state 61: 60; corresponding phone list: 15 16 17 18 
WARNING (gmm-init-model[5.5.1017~3-12a20]:InitAmGmm():gmm-init-model.cc:83) Very small count for state 75: 61; corresponding phone list: 1 2 3 4 5 
WARNING (gmm-init-model[5.5.1017~3-12a20]:InitAmGmm():gmm-init-model.cc:83) Very small count for state 76: 99; corresponding phone list: 15 16 17 18 
WARNING (gmm-init-model[5.5.1017~3-12a20]:InitAmGmm():gmm-init-model.cc:83) Very small count for state 82: 91; corresponding phone list: 27 28 29 30 
WARNING (gmm-init-model[5.5.1017~3-12a20]:InitAmGmm():gmm-init-model.cc:83) Very small count for state 86: 1; corresponding phone list: 15 16 17 18 
WARNING (gmm-init-model[5.5.1017~3-12a20]:InitAmGmm():gmm-init-model.cc:83) Very small count for state 87: 86; corresponding phone list: 79 80 81 82 
WARNING (gmm-init-model[5.5.1017~3-12a20]:InitAmGmm():gmm-init-model.cc:83) Very small count for state 88: 86; corresponding phone list: 27 28 29 30 
WARNING (gmm-init-model[5.5.1017~3-12a20]:InitAmGmm():gmm-init-model.cc:83) Very small count for state 99: 31; corresponding phone list: 79 80 81 82 
WARNING (gmm-init-model[5.5.1017~3-12a20]:InitAmGmm():gmm-init-model.cc:83) Very small count for state 105: 82; corresponding phone list: 43 44 45 46 
WARNING (gmm-init-model[5.5.1017~3-12a20]:InitAmGmm():gmm-init-model.cc:83) Very small count for state 109: 95; corresponding phone list: 63 64 65 66 
WARNING (gmm-init-model[5.5.1017~3-12a20]:InitAmGmm():gmm-init-model.cc:83) Very small count for state 113: 79; corresponding phone list: 75 76 77 78 
WARNING (gmm-init-model[5.5.1017~3-12a20]:InitAmGmm():gmm-init-model.cc:83) Very small count for state 123: 86; corresponding phone list: 95 96 97 98 
WARNING (gmm-init-model[5.5.1017~3-12a20]:InitAmGmm():gmm-init-model.cc:83) Very small count for state 125: 51; corresponding phone list: 75 76 77 78 
WARNING (gmm-init-model[5.5.1017~3-12a20]:InitAmGmm():gmm-init-model.cc:83) Very small count for state 126: 1; corresponding phone list: 31 32 33 34 
WARNING (gmm-init-model[5.5.1017~3-12a20]:InitAmGmm():gmm-init-model.cc:83) Very small count for state 127: 85; corresponding phone list: 27 28 29 30 
WARNING (gmm-init-model[5.5.1017~3-12a20]:InitAmGmm():gmm-init-model.cc:83) Very small count for state 129: 1; corresponding phone list: 31 32 33 34 
WARNING (gmm-init-model[5.5.1017~3-12a20]:InitAmGmm():gmm-init-model.cc:83) Very small count for state 131: 2; corresponding phone list: 87 88 89 90 
WARNING (gmm-init-model[5.5.1017~3-12a20]:InitAmGmm():gmm-init-model.cc:83) Very small count for state 132: 49; corresponding phone list: 79 80 81 82 
WARNING (gmm-init-model[5.5.1017~3-12a20]:InitAmGmm():gmm-init-model.cc:83) Very small count for state 133: 93; corresponding phone list: 79 80 81 82 
WARNING (gmm-init-model[5.5.1017~3-12a20]:InitAmGmm():gmm-init-model.cc:83) Very small count for state 135: 2; corresponding phone list: 31 32 33 34 
LOG (gmm-init-model[5.5.1017~3-12a20]:main():gmm-init-model.cc:306) Wrote model.
# Accounting: time=0 threads=1
# Ended (code 0) at Mon Apr 25 20:44:05 CDT 2022, elapsed time 0 seconds
