# gmm-est --mix-up=2360 --power=0.25 --write-occs=exp/tri1/3.occs exp/tri1/2.mdl "gmm-sum-accs - exp/tri1/2.*.acc |" exp/tri1/3.mdl 
# Started at Sat Apr 23 13:35:06 CDT 2022
#
gmm-est --mix-up=2360 --power=0.25 --write-occs=exp/tri1/3.occs exp/tri1/2.mdl 'gmm-sum-accs - exp/tri1/2.*.acc |' exp/tri1/3.mdl 
gmm-sum-accs - exp/tri1/2.1.acc 
LOG (gmm-sum-accs[5.5.1017~3-12a20]:main():gmm-sum-accs.cc:63) Summed 1 stats, total count 41289, avg like/frame -157.318
LOG (gmm-sum-accs[5.5.1017~3-12a20]:main():gmm-sum-accs.cc:66) Total count of stats is 41289
LOG (gmm-sum-accs[5.5.1017~3-12a20]:main():gmm-sum-accs.cc:67) Written stats to -
LOG (gmm-est[5.5.1017~3-12a20]:MleUpdate():transition-model.cc:528) TransitionModel::Update, objf change is 0 per frame over 41289 frames. 
LOG (gmm-est[5.5.1017~3-12a20]:MleUpdate():transition-model.cc:531) 11 probabilities floored, 444 out of 585 transition-states skipped due to insuffient data (it is normal to have some skipped.)
LOG (gmm-est[5.5.1017~3-12a20]:main():gmm-est.cc:102) Transition model update: Overall 0 log-like improvement per frame over 41289 frames.
WARNING (gmm-est[5.5.1017~3-12a20]:MleDiagGmmUpdate():mle-diag-gmm.cc:365) Gaussian has too little data but not removing it because it is the last Gaussian: i = 0, occ = 0, weight = 1
WARNING (gmm-est[5.5.1017~3-12a20]:MleDiagGmmUpdate():mle-diag-gmm.cc:359) Too little data - removing Gaussian (weight 0.028062, occupation count 9.737668, vector size 126)
WARNING (gmm-est[5.5.1017~3-12a20]:MleDiagGmmUpdate():mle-diag-gmm.cc:359) Too little data - removing Gaussian (weight 0.023683, occupation count 9.686498, vector size 126)
WARNING (gmm-est[5.5.1017~3-12a20]:MleDiagGmmUpdate():mle-diag-gmm.cc:359) Too little data - removing Gaussian (weight 0.005924, occupation count 9.975336, vector size 126)
WARNING (gmm-est[5.5.1017~3-12a20]:MleDiagGmmUpdate():mle-diag-gmm.cc:359) Too little data - removing Gaussian (weight 0.005536, occupation count 9.323204, vector size 126)
WARNING (gmm-est[5.5.1017~3-12a20]:MleDiagGmmUpdate():mle-diag-gmm.cc:359) Too little data - removing Gaussian (weight 0.005933, occupation count 9.990998, vector size 126)
WARNING (gmm-est[5.5.1017~3-12a20]:MleDiagGmmUpdate():mle-diag-gmm.cc:359) Too little data - removing Gaussian (weight 0.005871, occupation count 9.886853, vector size 126)
WARNING (gmm-est[5.5.1017~3-12a20]:MleDiagGmmUpdate():mle-diag-gmm.cc:359) Too little data - removing Gaussian (weight 0.005912, occupation count 9.956284, vector size 126)
WARNING (gmm-est[5.5.1017~3-12a20]:MleDiagGmmUpdate():mle-diag-gmm.cc:359) Too little data - removing Gaussian (weight 0.005932, occupation count 9.989450, vector size 126)
WARNING (gmm-est[5.5.1017~3-12a20]:MleDiagGmmUpdate():mle-diag-gmm.cc:359) Too little data - removing Gaussian (weight 0.024073, occupation count 9.653451, vector size 126)
WARNING (gmm-est[5.5.1017~3-12a20]:MleDiagGmmUpdate():mle-diag-gmm.cc:359) Too little data - removing Gaussian (weight 0.018949, occupation count 7.598595, vector size 126)
WARNING (gmm-est[5.5.1017~3-12a20]:MleDiagGmmUpdate():mle-diag-gmm.cc:365) Gaussian has too little data but not removing it because it is the last Gaussian: i = 0, occ = 1, weight = 1
WARNING (gmm-est[5.5.1017~3-12a20]:MleDiagGmmUpdate():mle-diag-gmm.cc:365) Gaussian has too little data but not removing it because it is the last Gaussian: i = 0, occ = 2, weight = 1
WARNING (gmm-est[5.5.1017~3-12a20]:MleDiagGmmUpdate():mle-diag-gmm.cc:359) Too little data - removing Gaussian (weight 0.041050, occupation count 8.086813, vector size 126)
WARNING (gmm-est[5.5.1017~3-12a20]:MleDiagGmmUpdate():mle-diag-gmm.cc:359) Too little data - removing Gaussian (weight 0.039365, occupation count 7.754859, vector size 126)
WARNING (gmm-est[5.5.1017~3-12a20]:MleDiagGmmUpdate():mle-diag-gmm.cc:365) Gaussian has too little data but not removing it because it is the last Gaussian: i = 0, occ = 1, weight = 1
WARNING (gmm-est[5.5.1017~3-12a20]:MleDiagGmmUpdate():mle-diag-gmm.cc:365) Gaussian has too little data but not removing it because it is the last Gaussian: i = 0, occ = 1, weight = 1
WARNING (gmm-est[5.5.1017~3-12a20]:MleDiagGmmUpdate():mle-diag-gmm.cc:365) Gaussian has too little data but not removing it because it is the last Gaussian: i = 0, occ = 2, weight = 1
LOG (gmm-est[5.5.1017~3-12a20]:MleAmDiagGmmUpdate():mle-am-diag-gmm.cc:225) 0 variance elements floored in 0 Gaussians, out of 1983
LOG (gmm-est[5.5.1017~3-12a20]:MleAmDiagGmmUpdate():mle-am-diag-gmm.cc:229) Removed 12 Gaussians due to counts < --min-gaussian-occupancy=10 and --remove-low-count-gaussians=true
LOG (gmm-est[5.5.1017~3-12a20]:main():gmm-est.cc:113) GMM update: Overall 1.0302 objective function improvement per frame over 41289 frames
LOG (gmm-est[5.5.1017~3-12a20]:main():gmm-est.cc:116) GMM update: Overall avg like per frame = -157.318 over 41289 frames.
WARNING (gmm-est[5.5.1017~3-12a20]:GetSplitTargets():model-common.cc:134) Could not split up to 2360 due to min-count = 20 (or no counts at all)

LOG (gmm-est[5.5.1017~3-12a20]:SplitByCount():am-diag-gmm.cc:116) Split 136 states with target = 2360, power = 0.25, perturb_factor = 0.01 and min_count = 20, split #Gauss from 1983 to 1995
LOG (gmm-est[5.5.1017~3-12a20]:main():gmm-est.cc:146) Written model to exp/tri1/3.mdl
# Accounting: time=0 threads=1
# Ended (code 0) at Sat Apr 23 13:35:06 CDT 2022, elapsed time 0 seconds
