# gmm-align-compiled --transition-scale=1.0 --acoustic-scale=0.1 --self-loop-scale=0.1 --beam=10 --retry-beam=40 --careful=false "gmm-boost-silence --boost=1.0 1 exp/mono/4.mdl - |" "ark:gunzip -c exp/mono/fsts.1.gz|" "ark,s,cs:apply-cmvn  --utt2spk=ark:data/train/split1/1/utt2spk scp:data/train/split1/1/cmvn.scp scp:data/train/split1/1/feats.scp ark:- | add-deltas  ark:- ark:- |" "ark,t:|gzip -c >exp/mono/ali.1.gz" 
# Started at Sat Apr 23 13:34:47 CDT 2022
#
gmm-align-compiled --transition-scale=1.0 --acoustic-scale=0.1 --self-loop-scale=0.1 --beam=10 --retry-beam=40 --careful=false 'gmm-boost-silence --boost=1.0 1 exp/mono/4.mdl - |' 'ark:gunzip -c exp/mono/fsts.1.gz|' 'ark,s,cs:apply-cmvn  --utt2spk=ark:data/train/split1/1/utt2spk scp:data/train/split1/1/cmvn.scp scp:data/train/split1/1/feats.scp ark:- | add-deltas  ark:- ark:- |' 'ark,t:|gzip -c >exp/mono/ali.1.gz' 
gmm-boost-silence --boost=1.0 1 exp/mono/4.mdl - 
WARNING (gmm-boost-silence[5.5.1017~3-12a20]:main():gmm-boost-silence.cc:82) The pdfs for the silence phones may be shared by other phones (note: this probably does not matter.)
LOG (gmm-boost-silence[5.5.1017~3-12a20]:main():gmm-boost-silence.cc:93) Boosted weights for 5 pdfs, by factor of 1
LOG (gmm-boost-silence[5.5.1017~3-12a20]:main():gmm-boost-silence.cc:103) Wrote model to -
apply-cmvn --utt2spk=ark:data/train/split1/1/utt2spk scp:data/train/split1/1/cmvn.scp scp:data/train/split1/1/feats.scp ark:- 
add-deltas ark:- ark:- 
LOG (gmm-align-compiled[5.5.1017~3-12a20]:main():gmm-align-compiled.cc:127) sess3_down_0
LOG (gmm-align-compiled[5.5.1017~3-12a20]:main():gmm-align-compiled.cc:127) sess3_down_1
LOG (gmm-align-compiled[5.5.1017~3-12a20]:main():gmm-align-compiled.cc:127) sess3_down_2
LOG (gmm-align-compiled[5.5.1017~3-12a20]:main():gmm-align-compiled.cc:127) sess3_down_3
LOG (gmm-align-compiled[5.5.1017~3-12a20]:main():gmm-align-compiled.cc:127) sess3_down_4
LOG (gmm-align-compiled[5.5.1017~3-12a20]:main():gmm-align-compiled.cc:127) sess3_down_5
LOG (gmm-align-compiled[5.5.1017~3-12a20]:main():gmm-align-compiled.cc:127) sess3_down_6
LOG (gmm-align-compiled[5.5.1017~3-12a20]:main():gmm-align-compiled.cc:127) sess3_down_7
LOG (gmm-align-compiled[5.5.1017~3-12a20]:main():gmm-align-compiled.cc:127) sess3_down_8
LOG (gmm-align-compiled[5.5.1017~3-12a20]:main():gmm-align-compiled.cc:127) sess3_down_9
LOG (gmm-align-compiled[5.5.1017~3-12a20]:main():gmm-align-compiled.cc:127) sess3_eight_0
LOG (gmm-align-compiled[5.5.1017~3-12a20]:main():gmm-align-compiled.cc:127) sess3_eight_1
LOG (gmm-align-compiled[5.5.1017~3-12a20]:main():gmm-align-compiled.cc:127) sess3_eight_2
LOG (gmm-align-compiled[5.5.1017~3-12a20]:main():gmm-align-compiled.cc:127) sess3_eight_3
LOG (gmm-align-compiled[5.5.1017~3-12a20]:main():gmm-align-compiled.cc:127) sess3_eight_4
LOG (gmm-align-compiled[5.5.1017~3-12a20]:main():gmm-align-compiled.cc:127) sess3_eight_5
LOG (gmm-align-compiled[5.5.1017~3-12a20]:main():gmm-align-compiled.cc:127) sess3_eight_6
LOG (gmm-align-compiled[5.5.1017~3-12a20]:main():gmm-align-compiled.cc:127) sess3_eight_7
LOG (gmm-align-compiled[5.5.1017~3-12a20]:main():gmm-align-compiled.cc:127) sess3_eight_8
LOG (gmm-align-compiled[5.5.1017~3-12a20]:main():gmm-align-compiled.cc:127) sess3_eight_9
LOG (gmm-align-compiled[5.5.1017~3-12a20]:main():gmm-align-compiled.cc:127) sess3_five_0
LOG (gmm-align-compiled[5.5.1017~3-12a20]:main():gmm-align-compiled.cc:127) sess3_five_1
LOG (gmm-align-compiled[5.5.1017~3-12a20]:main():gmm-align-compiled.cc:127) sess3_five_2
LOG (gmm-align-compiled[5.5.1017~3-12a20]:main():gmm-align-compiled.cc:127) sess3_five_3
LOG (gmm-align-compiled[5.5.1017~3-12a20]:main():gmm-align-compiled.cc:127) sess3_five_4
LOG (gmm-align-compiled[5.5.1017~3-12a20]:main():gmm-align-compiled.cc:127) sess3_five_5
LOG (gmm-align-compiled[5.5.1017~3-12a20]:main():gmm-align-compiled.cc:127) sess3_five_6
LOG (gmm-align-compiled[5.5.1017~3-12a20]:main():gmm-align-compiled.cc:127) sess3_five_7
LOG (gmm-align-compiled[5.5.1017~3-12a20]:main():gmm-align-compiled.cc:127) sess3_five_8
LOG (gmm-align-compiled[5.5.1017~3-12a20]:main():gmm-align-compiled.cc:127) sess3_five_9
LOG (gmm-align-compiled[5.5.1017~3-12a20]:main():gmm-align-compiled.cc:127) sess3_four_0
LOG (gmm-align-compiled[5.5.1017~3-12a20]:main():gmm-align-compiled.cc:127) sess3_four_1
LOG (gmm-align-compiled[5.5.1017~3-12a20]:main():gmm-align-compiled.cc:127) sess3_four_2
LOG (gmm-align-compiled[5.5.1017~3-12a20]:main():gmm-align-compiled.cc:127) sess3_four_3
LOG (gmm-align-compiled[5.5.1017~3-12a20]:main():gmm-align-compiled.cc:127) sess3_four_4
LOG (gmm-align-compiled[5.5.1017~3-12a20]:main():gmm-align-compiled.cc:127) sess3_four_5
LOG (gmm-align-compiled[5.5.1017~3-12a20]:main():gmm-align-compiled.cc:127) sess3_four_6
LOG (gmm-align-compiled[5.5.1017~3-12a20]:main():gmm-align-compiled.cc:127) sess3_four_7
LOG (gmm-align-compiled[5.5.1017~3-12a20]:main():gmm-align-compiled.cc:127) sess3_four_8
LOG (gmm-align-compiled[5.5.1017~3-12a20]:main():gmm-align-compiled.cc:127) sess3_four_9
LOG (gmm-align-compiled[5.5.1017~3-12a20]:main():gmm-align-compiled.cc:127) sess3_left_0
LOG (gmm-align-compiled[5.5.1017~3-12a20]:main():gmm-align-compiled.cc:127) sess3_left_1
LOG (gmm-align-compiled[5.5.1017~3-12a20]:main():gmm-align-compiled.cc:127) sess3_left_2
LOG (gmm-align-compiled[5.5.1017~3-12a20]:main():gmm-align-compiled.cc:127) sess3_left_3
LOG (gmm-align-compiled[5.5.1017~3-12a20]:main():gmm-align-compiled.cc:127) sess3_left_4
LOG (gmm-align-compiled[5.5.1017~3-12a20]:main():gmm-align-compiled.cc:127) sess3_left_5
LOG (gmm-align-compiled[5.5.1017~3-12a20]:main():gmm-align-compiled.cc:127) sess3_left_6
LOG (gmm-align-compiled[5.5.1017~3-12a20]:main():gmm-align-compiled.cc:127) sess3_left_7
LOG (gmm-align-compiled[5.5.1017~3-12a20]:main():gmm-align-compiled.cc:127) sess3_left_8
LOG (gmm-align-compiled[5.5.1017~3-12a20]:main():gmm-align-compiled.cc:127) sess3_left_9
LOG (gmm-align-compiled[5.5.1017~3-12a20]:main():gmm-align-compiled.cc:127) sess3_nine_0
LOG (gmm-align-compiled[5.5.1017~3-12a20]:main():gmm-align-compiled.cc:127) sess3_nine_1
LOG (gmm-align-compiled[5.5.1017~3-12a20]:main():gmm-align-compiled.cc:127) sess3_nine_2
LOG (gmm-align-compiled[5.5.1017~3-12a20]:main():gmm-align-compiled.cc:127) sess3_nine_3
LOG (gmm-align-compiled[5.5.1017~3-12a20]:main():gmm-align-compiled.cc:127) sess3_nine_4
LOG (gmm-align-compiled[5.5.1017~3-12a20]:main():gmm-align-compiled.cc:127) sess3_nine_5
LOG (gmm-align-compiled[5.5.1017~3-12a20]:main():gmm-align-compiled.cc:127) sess3_nine_6
LOG (gmm-align-compiled[5.5.1017~3-12a20]:main():gmm-align-compiled.cc:127) sess3_nine_7
LOG (gmm-align-compiled[5.5.1017~3-12a20]:main():gmm-align-compiled.cc:127) sess3_nine_8
LOG (gmm-align-compiled[5.5.1017~3-12a20]:main():gmm-align-compiled.cc:127) sess3_nine_9
LOG (gmm-align-compiled[5.5.1017~3-12a20]:main():gmm-align-compiled.cc:127) sess3_one_0
LOG (gmm-align-compiled[5.5.1017~3-12a20]:main():gmm-align-compiled.cc:127) sess3_one_1
LOG (gmm-align-compiled[5.5.1017~3-12a20]:main():gmm-align-compiled.cc:127) sess3_one_2
LOG (gmm-align-compiled[5.5.1017~3-12a20]:main():gmm-align-compiled.cc:127) sess3_one_3
LOG (gmm-align-compiled[5.5.1017~3-12a20]:main():gmm-align-compiled.cc:127) sess3_one_4
LOG (gmm-align-compiled[5.5.1017~3-12a20]:main():gmm-align-compiled.cc:127) sess3_one_5
LOG (gmm-align-compiled[5.5.1017~3-12a20]:main():gmm-align-compiled.cc:127) sess3_one_6
LOG (gmm-align-compiled[5.5.1017~3-12a20]:main():gmm-align-compiled.cc:127) sess3_one_7
LOG (gmm-align-compiled[5.5.1017~3-12a20]:main():gmm-align-compiled.cc:127) sess3_one_8
LOG (gmm-align-compiled[5.5.1017~3-12a20]:main():gmm-align-compiled.cc:127) sess3_one_9
LOG (gmm-align-compiled[5.5.1017~3-12a20]:main():gmm-align-compiled.cc:127) sess3_right_0
LOG (gmm-align-compiled[5.5.1017~3-12a20]:main():gmm-align-compiled.cc:127) sess3_right_1
LOG (gmm-align-compiled[5.5.1017~3-12a20]:main():gmm-align-compiled.cc:127) sess3_right_2
LOG (gmm-align-compiled[5.5.1017~3-12a20]:main():gmm-align-compiled.cc:127) sess3_right_3
LOG (gmm-align-compiled[5.5.1017~3-12a20]:main():gmm-align-compiled.cc:127) sess3_right_4
LOG (gmm-align-compiled[5.5.1017~3-12a20]:main():gmm-align-compiled.cc:127) sess3_right_5
LOG (gmm-align-compiled[5.5.1017~3-12a20]:main():gmm-align-compiled.cc:127) sess3_right_6
LOG (gmm-align-compiled[5.5.1017~3-12a20]:main():gmm-align-compiled.cc:127) sess3_right_7
LOG (gmm-align-compiled[5.5.1017~3-12a20]:main():gmm-align-compiled.cc:127) sess3_right_8
LOG (gmm-align-compiled[5.5.1017~3-12a20]:main():gmm-align-compiled.cc:127) sess3_right_9
LOG (gmm-align-compiled[5.5.1017~3-12a20]:main():gmm-align-compiled.cc:127) sess3_seven_0
LOG (gmm-align-compiled[5.5.1017~3-12a20]:main():gmm-align-compiled.cc:127) sess3_seven_1
LOG (gmm-align-compiled[5.5.1017~3-12a20]:main():gmm-align-compiled.cc:127) sess3_seven_2
LOG (gmm-align-compiled[5.5.1017~3-12a20]:main():gmm-align-compiled.cc:127) sess3_seven_3
LOG (gmm-align-compiled[5.5.1017~3-12a20]:main():gmm-align-compiled.cc:127) sess3_seven_4
LOG (gmm-align-compiled[5.5.1017~3-12a20]:main():gmm-align-compiled.cc:127) sess3_seven_5
LOG (gmm-align-compiled[5.5.1017~3-12a20]:main():gmm-align-compiled.cc:127) sess3_seven_6
LOG (gmm-align-compiled[5.5.1017~3-12a20]:main():gmm-align-compiled.cc:127) sess3_seven_7
LOG (gmm-align-compiled[5.5.1017~3-12a20]:main():gmm-align-compiled.cc:127) sess3_seven_8
LOG (gmm-align-compiled[5.5.1017~3-12a20]:main():gmm-align-compiled.cc:127) sess3_seven_9
LOG (gmm-align-compiled[5.5.1017~3-12a20]:main():gmm-align-compiled.cc:127) sess3_six_0
LOG (gmm-align-compiled[5.5.1017~3-12a20]:main():gmm-align-compiled.cc:127) sess3_six_1
LOG (gmm-align-compiled[5.5.1017~3-12a20]:main():gmm-align-compiled.cc:127) sess3_six_2
LOG (gmm-align-compiled[5.5.1017~3-12a20]:main():gmm-align-compiled.cc:127) sess3_six_3
LOG (gmm-align-compiled[5.5.1017~3-12a20]:main():gmm-align-compiled.cc:127) sess3_six_4
LOG (gmm-align-compiled[5.5.1017~3-12a20]:main():gmm-align-compiled.cc:127) sess3_six_5
LOG (gmm-align-compiled[5.5.1017~3-12a20]:main():gmm-align-compiled.cc:127) sess3_six_6
LOG (gmm-align-compiled[5.5.1017~3-12a20]:main():gmm-align-compiled.cc:127) sess3_six_7
LOG (gmm-align-compiled[5.5.1017~3-12a20]:main():gmm-align-compiled.cc:127) sess3_six_8
LOG (gmm-align-compiled[5.5.1017~3-12a20]:main():gmm-align-compiled.cc:127) sess3_six_9
LOG (gmm-align-compiled[5.5.1017~3-12a20]:main():gmm-align-compiled.cc:127) sess3_three_0
LOG (gmm-align-compiled[5.5.1017~3-12a20]:main():gmm-align-compiled.cc:127) sess3_three_1
LOG (gmm-align-compiled[5.5.1017~3-12a20]:main():gmm-align-compiled.cc:127) sess3_three_2
LOG (gmm-align-compiled[5.5.1017~3-12a20]:main():gmm-align-compiled.cc:127) sess3_three_3
LOG (gmm-align-compiled[5.5.1017~3-12a20]:main():gmm-align-compiled.cc:127) sess3_three_4
LOG (gmm-align-compiled[5.5.1017~3-12a20]:main():gmm-align-compiled.cc:127) sess3_three_5
LOG (gmm-align-compiled[5.5.1017~3-12a20]:main():gmm-align-compiled.cc:127) sess3_three_6
LOG (gmm-align-compiled[5.5.1017~3-12a20]:main():gmm-align-compiled.cc:127) sess3_three_7
LOG (gmm-align-compiled[5.5.1017~3-12a20]:main():gmm-align-compiled.cc:127) sess3_three_8
LOG (gmm-align-compiled[5.5.1017~3-12a20]:main():gmm-align-compiled.cc:127) sess3_three_9
LOG (gmm-align-compiled[5.5.1017~3-12a20]:main():gmm-align-compiled.cc:127) sess3_two_0
LOG (gmm-align-compiled[5.5.1017~3-12a20]:main():gmm-align-compiled.cc:127) sess3_two_1
LOG (gmm-align-compiled[5.5.1017~3-12a20]:main():gmm-align-compiled.cc:127) sess3_two_2
LOG (gmm-align-compiled[5.5.1017~3-12a20]:main():gmm-align-compiled.cc:127) sess3_two_3
LOG (gmm-align-compiled[5.5.1017~3-12a20]:main():gmm-align-compiled.cc:127) sess3_two_4
LOG (gmm-align-compiled[5.5.1017~3-12a20]:main():gmm-align-compiled.cc:127) sess3_two_5
LOG (gmm-align-compiled[5.5.1017~3-12a20]:main():gmm-align-compiled.cc:127) sess3_two_6
LOG (gmm-align-compiled[5.5.1017~3-12a20]:main():gmm-align-compiled.cc:127) sess3_two_7
LOG (gmm-align-compiled[5.5.1017~3-12a20]:main():gmm-align-compiled.cc:127) sess3_two_8
LOG (gmm-align-compiled[5.5.1017~3-12a20]:main():gmm-align-compiled.cc:127) sess3_two_9
LOG (gmm-align-compiled[5.5.1017~3-12a20]:main():gmm-align-compiled.cc:127) sess3_up_0
LOG (gmm-align-compiled[5.5.1017~3-12a20]:main():gmm-align-compiled.cc:127) sess3_up_1
LOG (gmm-align-compiled[5.5.1017~3-12a20]:main():gmm-align-compiled.cc:127) sess3_up_2
LOG (gmm-align-compiled[5.5.1017~3-12a20]:main():gmm-align-compiled.cc:127) sess3_up_3
LOG (gmm-align-compiled[5.5.1017~3-12a20]:main():gmm-align-compiled.cc:127) sess3_up_4
LOG (gmm-align-compiled[5.5.1017~3-12a20]:main():gmm-align-compiled.cc:127) sess3_up_5
LOG (gmm-align-compiled[5.5.1017~3-12a20]:main():gmm-align-compiled.cc:127) sess3_up_6
LOG (gmm-align-compiled[5.5.1017~3-12a20]:main():gmm-align-compiled.cc:127) sess3_up_7
LOG (gmm-align-compiled[5.5.1017~3-12a20]:main():gmm-align-compiled.cc:127) sess3_up_8
LOG (gmm-align-compiled[5.5.1017~3-12a20]:main():gmm-align-compiled.cc:127) sess3_up_9
LOG (gmm-align-compiled[5.5.1017~3-12a20]:main():gmm-align-compiled.cc:127) sess3_zero_0
LOG (gmm-align-compiled[5.5.1017~3-12a20]:main():gmm-align-compiled.cc:127) sess3_zero_1
LOG (gmm-align-compiled[5.5.1017~3-12a20]:main():gmm-align-compiled.cc:127) sess3_zero_2
LOG (gmm-align-compiled[5.5.1017~3-12a20]:main():gmm-align-compiled.cc:127) sess3_zero_3
LOG (gmm-align-compiled[5.5.1017~3-12a20]:main():gmm-align-compiled.cc:127) sess3_zero_4
LOG (gmm-align-compiled[5.5.1017~3-12a20]:main():gmm-align-compiled.cc:127) sess3_zero_5
LOG (gmm-align-compiled[5.5.1017~3-12a20]:main():gmm-align-compiled.cc:127) sess3_zero_6
LOG (gmm-align-compiled[5.5.1017~3-12a20]:main():gmm-align-compiled.cc:127) sess3_zero_7
LOG (gmm-align-compiled[5.5.1017~3-12a20]:main():gmm-align-compiled.cc:127) sess3_zero_8
LOG (gmm-align-compiled[5.5.1017~3-12a20]:main():gmm-align-compiled.cc:127) sess3_zero_9
LOG (gmm-align-compiled[5.5.1017~3-12a20]:main():gmm-align-compiled.cc:127) sess4_down_0
LOG (gmm-align-compiled[5.5.1017~3-12a20]:main():gmm-align-compiled.cc:127) sess4_down_1
LOG (gmm-align-compiled[5.5.1017~3-12a20]:main():gmm-align-compiled.cc:127) sess4_down_2
LOG (gmm-align-compiled[5.5.1017~3-12a20]:main():gmm-align-compiled.cc:127) sess4_down_3
LOG (gmm-align-compiled[5.5.1017~3-12a20]:main():gmm-align-compiled.cc:127) sess4_down_4
LOG (gmm-align-compiled[5.5.1017~3-12a20]:main():gmm-align-compiled.cc:127) sess4_down_5
LOG (gmm-align-compiled[5.5.1017~3-12a20]:main():gmm-align-compiled.cc:127) sess4_down_6
LOG (gmm-align-compiled[5.5.1017~3-12a20]:main():gmm-align-compiled.cc:127) sess4_down_7
LOG (gmm-align-compiled[5.5.1017~3-12a20]:main():gmm-align-compiled.cc:127) sess4_down_8
LOG (gmm-align-compiled[5.5.1017~3-12a20]:main():gmm-align-compiled.cc:127) sess4_down_9
LOG (gmm-align-compiled[5.5.1017~3-12a20]:main():gmm-align-compiled.cc:127) sess4_eight_0
LOG (gmm-align-compiled[5.5.1017~3-12a20]:main():gmm-align-compiled.cc:127) sess4_eight_1
LOG (gmm-align-compiled[5.5.1017~3-12a20]:main():gmm-align-compiled.cc:127) sess4_eight_2
LOG (gmm-align-compiled[5.5.1017~3-12a20]:main():gmm-align-compiled.cc:127) sess4_eight_3
LOG (gmm-align-compiled[5.5.1017~3-12a20]:main():gmm-align-compiled.cc:127) sess4_eight_4
LOG (gmm-align-compiled[5.5.1017~3-12a20]:main():gmm-align-compiled.cc:127) sess4_eight_5
LOG (gmm-align-compiled[5.5.1017~3-12a20]:main():gmm-align-compiled.cc:127) sess4_eight_6
LOG (gmm-align-compiled[5.5.1017~3-12a20]:main():gmm-align-compiled.cc:127) sess4_eight_7
LOG (gmm-align-compiled[5.5.1017~3-12a20]:main():gmm-align-compiled.cc:127) sess4_eight_8
LOG (gmm-align-compiled[5.5.1017~3-12a20]:main():gmm-align-compiled.cc:127) sess4_eight_9
LOG (gmm-align-compiled[5.5.1017~3-12a20]:main():gmm-align-compiled.cc:127) sess4_five_0
LOG (gmm-align-compiled[5.5.1017~3-12a20]:main():gmm-align-compiled.cc:127) sess4_five_1
LOG (gmm-align-compiled[5.5.1017~3-12a20]:main():gmm-align-compiled.cc:127) sess4_five_2
LOG (gmm-align-compiled[5.5.1017~3-12a20]:main():gmm-align-compiled.cc:127) sess4_five_3
LOG (gmm-align-compiled[5.5.1017~3-12a20]:main():gmm-align-compiled.cc:127) sess4_five_4
LOG (gmm-align-compiled[5.5.1017~3-12a20]:main():gmm-align-compiled.cc:127) sess4_five_5
LOG (gmm-align-compiled[5.5.1017~3-12a20]:main():gmm-align-compiled.cc:127) sess4_five_6
LOG (gmm-align-compiled[5.5.1017~3-12a20]:main():gmm-align-compiled.cc:127) sess4_five_7
LOG (gmm-align-compiled[5.5.1017~3-12a20]:main():gmm-align-compiled.cc:127) sess4_five_8
LOG (gmm-align-compiled[5.5.1017~3-12a20]:main():gmm-align-compiled.cc:127) sess4_five_9
LOG (gmm-align-compiled[5.5.1017~3-12a20]:main():gmm-align-compiled.cc:127) sess4_four_0
LOG (gmm-align-compiled[5.5.1017~3-12a20]:main():gmm-align-compiled.cc:127) sess4_four_1
LOG (gmm-align-compiled[5.5.1017~3-12a20]:main():gmm-align-compiled.cc:127) sess4_four_2
LOG (gmm-align-compiled[5.5.1017~3-12a20]:main():gmm-align-compiled.cc:127) sess4_four_3
LOG (gmm-align-compiled[5.5.1017~3-12a20]:main():gmm-align-compiled.cc:127) sess4_four_4
LOG (gmm-align-compiled[5.5.1017~3-12a20]:main():gmm-align-compiled.cc:127) sess4_four_5
LOG (gmm-align-compiled[5.5.1017~3-12a20]:main():gmm-align-compiled.cc:127) sess4_four_6
LOG (gmm-align-compiled[5.5.1017~3-12a20]:main():gmm-align-compiled.cc:127) sess4_four_7
LOG (gmm-align-compiled[5.5.1017~3-12a20]:main():gmm-align-compiled.cc:127) sess4_four_8
LOG (gmm-align-compiled[5.5.1017~3-12a20]:main():gmm-align-compiled.cc:127) sess4_four_9
LOG (gmm-align-compiled[5.5.1017~3-12a20]:main():gmm-align-compiled.cc:127) sess4_left_0
LOG (gmm-align-compiled[5.5.1017~3-12a20]:main():gmm-align-compiled.cc:127) sess4_left_1
LOG (gmm-align-compiled[5.5.1017~3-12a20]:main():gmm-align-compiled.cc:127) sess4_left_2
LOG (gmm-align-compiled[5.5.1017~3-12a20]:main():gmm-align-compiled.cc:127) sess4_left_3
LOG (gmm-align-compiled[5.5.1017~3-12a20]:main():gmm-align-compiled.cc:127) sess4_left_4
LOG (gmm-align-compiled[5.5.1017~3-12a20]:main():gmm-align-compiled.cc:127) sess4_left_5
LOG (gmm-align-compiled[5.5.1017~3-12a20]:main():gmm-align-compiled.cc:127) sess4_left_6
LOG (gmm-align-compiled[5.5.1017~3-12a20]:main():gmm-align-compiled.cc:127) sess4_left_7
LOG (gmm-align-compiled[5.5.1017~3-12a20]:main():gmm-align-compiled.cc:127) sess4_left_8
LOG (gmm-align-compiled[5.5.1017~3-12a20]:main():gmm-align-compiled.cc:127) sess4_left_9
LOG (gmm-align-compiled[5.5.1017~3-12a20]:main():gmm-align-compiled.cc:127) sess4_nine_0
LOG (gmm-align-compiled[5.5.1017~3-12a20]:main():gmm-align-compiled.cc:127) sess4_nine_1
LOG (gmm-align-compiled[5.5.1017~3-12a20]:main():gmm-align-compiled.cc:127) sess4_nine_2
LOG (gmm-align-compiled[5.5.1017~3-12a20]:main():gmm-align-compiled.cc:127) sess4_nine_3
LOG (gmm-align-compiled[5.5.1017~3-12a20]:main():gmm-align-compiled.cc:127) sess4_nine_4
LOG (gmm-align-compiled[5.5.1017~3-12a20]:main():gmm-align-compiled.cc:127) sess4_nine_5
LOG (gmm-align-compiled[5.5.1017~3-12a20]:main():gmm-align-compiled.cc:127) sess4_nine_6
LOG (gmm-align-compiled[5.5.1017~3-12a20]:main():gmm-align-compiled.cc:127) sess4_nine_7
LOG (gmm-align-compiled[5.5.1017~3-12a20]:main():gmm-align-compiled.cc:127) sess4_nine_8
LOG (gmm-align-compiled[5.5.1017~3-12a20]:main():gmm-align-compiled.cc:127) sess4_nine_9
LOG (gmm-align-compiled[5.5.1017~3-12a20]:main():gmm-align-compiled.cc:127) sess4_one_0
LOG (gmm-align-compiled[5.5.1017~3-12a20]:main():gmm-align-compiled.cc:127) sess4_one_1
LOG (gmm-align-compiled[5.5.1017~3-12a20]:main():gmm-align-compiled.cc:127) sess4_one_2
LOG (gmm-align-compiled[5.5.1017~3-12a20]:main():gmm-align-compiled.cc:127) sess4_one_3
LOG (gmm-align-compiled[5.5.1017~3-12a20]:main():gmm-align-compiled.cc:127) sess4_one_4
LOG (gmm-align-compiled[5.5.1017~3-12a20]:main():gmm-align-compiled.cc:127) sess4_one_5
LOG (gmm-align-compiled[5.5.1017~3-12a20]:main():gmm-align-compiled.cc:127) sess4_one_6
LOG (gmm-align-compiled[5.5.1017~3-12a20]:main():gmm-align-compiled.cc:127) sess4_one_7
LOG (gmm-align-compiled[5.5.1017~3-12a20]:main():gmm-align-compiled.cc:127) sess4_one_8
LOG (gmm-align-compiled[5.5.1017~3-12a20]:main():gmm-align-compiled.cc:127) sess4_one_9
LOG (gmm-align-compiled[5.5.1017~3-12a20]:main():gmm-align-compiled.cc:127) sess4_right_0
LOG (gmm-align-compiled[5.5.1017~3-12a20]:main():gmm-align-compiled.cc:127) sess4_right_1
LOG (gmm-align-compiled[5.5.1017~3-12a20]:main():gmm-align-compiled.cc:127) sess4_right_2
LOG (gmm-align-compiled[5.5.1017~3-12a20]:main():gmm-align-compiled.cc:127) sess4_right_3
LOG (gmm-align-compiled[5.5.1017~3-12a20]:main():gmm-align-compiled.cc:127) sess4_right_4
LOG (gmm-align-compiled[5.5.1017~3-12a20]:main():gmm-align-compiled.cc:127) sess4_right_5
LOG (gmm-align-compiled[5.5.1017~3-12a20]:main():gmm-align-compiled.cc:127) sess4_right_6
LOG (gmm-align-compiled[5.5.1017~3-12a20]:main():gmm-align-compiled.cc:127) sess4_right_7
LOG (gmm-align-compiled[5.5.1017~3-12a20]:main():gmm-align-compiled.cc:127) sess4_right_8
LOG (gmm-align-compiled[5.5.1017~3-12a20]:main():gmm-align-compiled.cc:127) sess4_right_9
LOG (gmm-align-compiled[5.5.1017~3-12a20]:main():gmm-align-compiled.cc:127) sess4_seven_0
LOG (gmm-align-compiled[5.5.1017~3-12a20]:main():gmm-align-compiled.cc:127) sess4_seven_1
LOG (gmm-align-compiled[5.5.1017~3-12a20]:main():gmm-align-compiled.cc:127) sess4_seven_2
LOG (gmm-align-compiled[5.5.1017~3-12a20]:main():gmm-align-compiled.cc:127) sess4_seven_3
LOG (gmm-align-compiled[5.5.1017~3-12a20]:main():gmm-align-compiled.cc:127) sess4_seven_4
LOG (gmm-align-compiled[5.5.1017~3-12a20]:main():gmm-align-compiled.cc:127) sess4_seven_5
LOG (gmm-align-compiled[5.5.1017~3-12a20]:main():gmm-align-compiled.cc:127) sess4_seven_6
LOG (gmm-align-compiled[5.5.1017~3-12a20]:main():gmm-align-compiled.cc:127) sess4_seven_7
LOG (gmm-align-compiled[5.5.1017~3-12a20]:main():gmm-align-compiled.cc:127) sess4_seven_8
LOG (gmm-align-compiled[5.5.1017~3-12a20]:main():gmm-align-compiled.cc:127) sess4_seven_9
LOG (gmm-align-compiled[5.5.1017~3-12a20]:main():gmm-align-compiled.cc:127) sess4_six_0
LOG (gmm-align-compiled[5.5.1017~3-12a20]:main():gmm-align-compiled.cc:127) sess4_six_1
LOG (gmm-align-compiled[5.5.1017~3-12a20]:main():gmm-align-compiled.cc:127) sess4_six_2
LOG (gmm-align-compiled[5.5.1017~3-12a20]:main():gmm-align-compiled.cc:127) sess4_six_3
LOG (gmm-align-compiled[5.5.1017~3-12a20]:main():gmm-align-compiled.cc:127) sess4_six_4
LOG (gmm-align-compiled[5.5.1017~3-12a20]:main():gmm-align-compiled.cc:127) sess4_six_5
LOG (gmm-align-compiled[5.5.1017~3-12a20]:main():gmm-align-compiled.cc:127) sess4_six_6
LOG (gmm-align-compiled[5.5.1017~3-12a20]:main():gmm-align-compiled.cc:127) sess4_six_7
LOG (gmm-align-compiled[5.5.1017~3-12a20]:main():gmm-align-compiled.cc:127) sess4_six_8
LOG (gmm-align-compiled[5.5.1017~3-12a20]:main():gmm-align-compiled.cc:127) sess4_six_9
LOG (gmm-align-compiled[5.5.1017~3-12a20]:main():gmm-align-compiled.cc:127) sess4_three_0
LOG (gmm-align-compiled[5.5.1017~3-12a20]:main():gmm-align-compiled.cc:127) sess4_three_1
LOG (gmm-align-compiled[5.5.1017~3-12a20]:main():gmm-align-compiled.cc:127) sess4_three_2
LOG (gmm-align-compiled[5.5.1017~3-12a20]:main():gmm-align-compiled.cc:127) sess4_three_3
LOG (gmm-align-compiled[5.5.1017~3-12a20]:main():gmm-align-compiled.cc:127) sess4_three_4
LOG (gmm-align-compiled[5.5.1017~3-12a20]:main():gmm-align-compiled.cc:127) sess4_three_5
LOG (gmm-align-compiled[5.5.1017~3-12a20]:main():gmm-align-compiled.cc:127) sess4_three_6
LOG (gmm-align-compiled[5.5.1017~3-12a20]:main():gmm-align-compiled.cc:127) sess4_three_7
LOG (gmm-align-compiled[5.5.1017~3-12a20]:main():gmm-align-compiled.cc:127) sess4_three_8
LOG (gmm-align-compiled[5.5.1017~3-12a20]:main():gmm-align-compiled.cc:127) sess4_three_9
LOG (gmm-align-compiled[5.5.1017~3-12a20]:main():gmm-align-compiled.cc:127) sess4_two_0
LOG (gmm-align-compiled[5.5.1017~3-12a20]:main():gmm-align-compiled.cc:127) sess4_two_1
LOG (gmm-align-compiled[5.5.1017~3-12a20]:main():gmm-align-compiled.cc:127) sess4_two_2
LOG (gmm-align-compiled[5.5.1017~3-12a20]:main():gmm-align-compiled.cc:127) sess4_two_3
LOG (gmm-align-compiled[5.5.1017~3-12a20]:main():gmm-align-compiled.cc:127) sess4_two_4
LOG (gmm-align-compiled[5.5.1017~3-12a20]:main():gmm-align-compiled.cc:127) sess4_two_5
LOG (gmm-align-compiled[5.5.1017~3-12a20]:main():gmm-align-compiled.cc:127) sess4_two_6
LOG (gmm-align-compiled[5.5.1017~3-12a20]:main():gmm-align-compiled.cc:127) sess4_two_7
LOG (gmm-align-compiled[5.5.1017~3-12a20]:main():gmm-align-compiled.cc:127) sess4_two_8
LOG (gmm-align-compiled[5.5.1017~3-12a20]:main():gmm-align-compiled.cc:127) sess4_two_9
LOG (gmm-align-compiled[5.5.1017~3-12a20]:main():gmm-align-compiled.cc:127) sess4_up_0
LOG (gmm-align-compiled[5.5.1017~3-12a20]:main():gmm-align-compiled.cc:127) sess4_up_1
LOG (gmm-align-compiled[5.5.1017~3-12a20]:main():gmm-align-compiled.cc:127) sess4_up_2
LOG (gmm-align-compiled[5.5.1017~3-12a20]:main():gmm-align-compiled.cc:127) sess4_up_3
LOG (gmm-align-compiled[5.5.1017~3-12a20]:main():gmm-align-compiled.cc:127) sess4_up_4
LOG (gmm-align-compiled[5.5.1017~3-12a20]:main():gmm-align-compiled.cc:127) sess4_up_5
LOG (gmm-align-compiled[5.5.1017~3-12a20]:main():gmm-align-compiled.cc:127) sess4_up_6
LOG (gmm-align-compiled[5.5.1017~3-12a20]:main():gmm-align-compiled.cc:127) sess4_up_7
LOG (gmm-align-compiled[5.5.1017~3-12a20]:main():gmm-align-compiled.cc:127) sess4_up_8
LOG (gmm-align-compiled[5.5.1017~3-12a20]:main():gmm-align-compiled.cc:127) sess4_up_9
LOG (gmm-align-compiled[5.5.1017~3-12a20]:main():gmm-align-compiled.cc:127) sess4_zero_0
LOG (gmm-align-compiled[5.5.1017~3-12a20]:main():gmm-align-compiled.cc:127) sess4_zero_1
LOG (gmm-align-compiled[5.5.1017~3-12a20]:main():gmm-align-compiled.cc:127) sess4_zero_2
LOG (gmm-align-compiled[5.5.1017~3-12a20]:main():gmm-align-compiled.cc:127) sess4_zero_3
LOG (gmm-align-compiled[5.5.1017~3-12a20]:main():gmm-align-compiled.cc:127) sess4_zero_4
LOG (gmm-align-compiled[5.5.1017~3-12a20]:main():gmm-align-compiled.cc:127) sess4_zero_5
LOG (gmm-align-compiled[5.5.1017~3-12a20]:main():gmm-align-compiled.cc:127) sess4_zero_6
LOG (gmm-align-compiled[5.5.1017~3-12a20]:main():gmm-align-compiled.cc:127) sess4_zero_7
LOG (gmm-align-compiled[5.5.1017~3-12a20]:main():gmm-align-compiled.cc:127) sess4_zero_8
LOG (gmm-align-compiled[5.5.1017~3-12a20]:main():gmm-align-compiled.cc:127) sess4_zero_9
LOG (gmm-align-compiled[5.5.1017~3-12a20]:main():gmm-align-compiled.cc:127) sess5_down_0
LOG (gmm-align-compiled[5.5.1017~3-12a20]:main():gmm-align-compiled.cc:127) sess5_down_1
LOG (gmm-align-compiled[5.5.1017~3-12a20]:main():gmm-align-compiled.cc:127) sess5_down_2
LOG (gmm-align-compiled[5.5.1017~3-12a20]:main():gmm-align-compiled.cc:127) sess5_down_3
LOG (gmm-align-compiled[5.5.1017~3-12a20]:main():gmm-align-compiled.cc:127) sess5_down_4
LOG (gmm-align-compiled[5.5.1017~3-12a20]:main():gmm-align-compiled.cc:127) sess5_down_5
LOG (gmm-align-compiled[5.5.1017~3-12a20]:main():gmm-align-compiled.cc:127) sess5_down_6
LOG (gmm-align-compiled[5.5.1017~3-12a20]:main():gmm-align-compiled.cc:127) sess5_down_7
LOG (gmm-align-compiled[5.5.1017~3-12a20]:main():gmm-align-compiled.cc:127) sess5_down_8
LOG (gmm-align-compiled[5.5.1017~3-12a20]:main():gmm-align-compiled.cc:127) sess5_down_9
LOG (gmm-align-compiled[5.5.1017~3-12a20]:main():gmm-align-compiled.cc:127) sess5_eight_0
LOG (gmm-align-compiled[5.5.1017~3-12a20]:main():gmm-align-compiled.cc:127) sess5_eight_1
LOG (gmm-align-compiled[5.5.1017~3-12a20]:main():gmm-align-compiled.cc:127) sess5_eight_2
LOG (gmm-align-compiled[5.5.1017~3-12a20]:main():gmm-align-compiled.cc:127) sess5_eight_3
LOG (gmm-align-compiled[5.5.1017~3-12a20]:main():gmm-align-compiled.cc:127) sess5_eight_4
LOG (gmm-align-compiled[5.5.1017~3-12a20]:main():gmm-align-compiled.cc:127) sess5_eight_5
LOG (gmm-align-compiled[5.5.1017~3-12a20]:main():gmm-align-compiled.cc:127) sess5_eight_6
LOG (gmm-align-compiled[5.5.1017~3-12a20]:main():gmm-align-compiled.cc:127) sess5_eight_7
LOG (gmm-align-compiled[5.5.1017~3-12a20]:main():gmm-align-compiled.cc:127) sess5_eight_8
LOG (gmm-align-compiled[5.5.1017~3-12a20]:main():gmm-align-compiled.cc:127) sess5_eight_9
LOG (gmm-align-compiled[5.5.1017~3-12a20]:main():gmm-align-compiled.cc:127) sess5_five_0
LOG (gmm-align-compiled[5.5.1017~3-12a20]:main():gmm-align-compiled.cc:127) sess5_five_1
LOG (gmm-align-compiled[5.5.1017~3-12a20]:main():gmm-align-compiled.cc:127) sess5_five_2
LOG (gmm-align-compiled[5.5.1017~3-12a20]:main():gmm-align-compiled.cc:127) sess5_five_3
LOG (gmm-align-compiled[5.5.1017~3-12a20]:main():gmm-align-compiled.cc:127) sess5_five_4
LOG (gmm-align-compiled[5.5.1017~3-12a20]:main():gmm-align-compiled.cc:127) sess5_five_5
LOG (gmm-align-compiled[5.5.1017~3-12a20]:main():gmm-align-compiled.cc:127) sess5_five_6
LOG (gmm-align-compiled[5.5.1017~3-12a20]:main():gmm-align-compiled.cc:127) sess5_five_7
LOG (gmm-align-compiled[5.5.1017~3-12a20]:main():gmm-align-compiled.cc:127) sess5_five_8
LOG (gmm-align-compiled[5.5.1017~3-12a20]:main():gmm-align-compiled.cc:127) sess5_five_9
LOG (gmm-align-compiled[5.5.1017~3-12a20]:main():gmm-align-compiled.cc:127) sess5_four_0
LOG (gmm-align-compiled[5.5.1017~3-12a20]:main():gmm-align-compiled.cc:127) sess5_four_1
LOG (gmm-align-compiled[5.5.1017~3-12a20]:main():gmm-align-compiled.cc:127) sess5_four_2
LOG (gmm-align-compiled[5.5.1017~3-12a20]:main():gmm-align-compiled.cc:127) sess5_four_3
LOG (gmm-align-compiled[5.5.1017~3-12a20]:main():gmm-align-compiled.cc:127) sess5_four_4
LOG (gmm-align-compiled[5.5.1017~3-12a20]:main():gmm-align-compiled.cc:127) sess5_four_5
LOG (gmm-align-compiled[5.5.1017~3-12a20]:main():gmm-align-compiled.cc:127) sess5_four_6
LOG (gmm-align-compiled[5.5.1017~3-12a20]:main():gmm-align-compiled.cc:127) sess5_four_7
LOG (gmm-align-compiled[5.5.1017~3-12a20]:main():gmm-align-compiled.cc:127) sess5_four_8
LOG (gmm-align-compiled[5.5.1017~3-12a20]:main():gmm-align-compiled.cc:127) sess5_four_9
LOG (gmm-align-compiled[5.5.1017~3-12a20]:main():gmm-align-compiled.cc:127) sess5_left_0
LOG (gmm-align-compiled[5.5.1017~3-12a20]:main():gmm-align-compiled.cc:127) sess5_left_1
LOG (gmm-align-compiled[5.5.1017~3-12a20]:main():gmm-align-compiled.cc:127) sess5_left_2
LOG (gmm-align-compiled[5.5.1017~3-12a20]:main():gmm-align-compiled.cc:127) sess5_left_3
LOG (gmm-align-compiled[5.5.1017~3-12a20]:main():gmm-align-compiled.cc:127) sess5_left_4
LOG (gmm-align-compiled[5.5.1017~3-12a20]:main():gmm-align-compiled.cc:127) sess5_left_5
LOG (gmm-align-compiled[5.5.1017~3-12a20]:main():gmm-align-compiled.cc:127) sess5_left_6
LOG (gmm-align-compiled[5.5.1017~3-12a20]:main():gmm-align-compiled.cc:127) sess5_left_7
LOG (gmm-align-compiled[5.5.1017~3-12a20]:main():gmm-align-compiled.cc:127) sess5_left_8
LOG (gmm-align-compiled[5.5.1017~3-12a20]:main():gmm-align-compiled.cc:127) sess5_left_9
LOG (gmm-align-compiled[5.5.1017~3-12a20]:main():gmm-align-compiled.cc:127) sess5_nine_0
LOG (gmm-align-compiled[5.5.1017~3-12a20]:main():gmm-align-compiled.cc:127) sess5_nine_1
LOG (gmm-align-compiled[5.5.1017~3-12a20]:main():gmm-align-compiled.cc:127) sess5_nine_2
LOG (gmm-align-compiled[5.5.1017~3-12a20]:main():gmm-align-compiled.cc:127) sess5_nine_3
LOG (gmm-align-compiled[5.5.1017~3-12a20]:main():gmm-align-compiled.cc:127) sess5_nine_4
LOG (gmm-align-compiled[5.5.1017~3-12a20]:main():gmm-align-compiled.cc:127) sess5_nine_5
LOG (gmm-align-compiled[5.5.1017~3-12a20]:main():gmm-align-compiled.cc:127) sess5_nine_6
LOG (gmm-align-compiled[5.5.1017~3-12a20]:main():gmm-align-compiled.cc:127) sess5_nine_7
LOG (gmm-align-compiled[5.5.1017~3-12a20]:main():gmm-align-compiled.cc:127) sess5_nine_8
LOG (gmm-align-compiled[5.5.1017~3-12a20]:main():gmm-align-compiled.cc:127) sess5_nine_9
LOG (gmm-align-compiled[5.5.1017~3-12a20]:main():gmm-align-compiled.cc:127) sess5_one_0
LOG (gmm-align-compiled[5.5.1017~3-12a20]:main():gmm-align-compiled.cc:127) sess5_one_1
LOG (gmm-align-compiled[5.5.1017~3-12a20]:main():gmm-align-compiled.cc:127) sess5_one_2
LOG (gmm-align-compiled[5.5.1017~3-12a20]:main():gmm-align-compiled.cc:127) sess5_one_3
LOG (gmm-align-compiled[5.5.1017~3-12a20]:main():gmm-align-compiled.cc:127) sess5_one_4
LOG (gmm-align-compiled[5.5.1017~3-12a20]:main():gmm-align-compiled.cc:127) sess5_one_5
LOG (gmm-align-compiled[5.5.1017~3-12a20]:main():gmm-align-compiled.cc:127) sess5_one_6
LOG (gmm-align-compiled[5.5.1017~3-12a20]:main():gmm-align-compiled.cc:127) sess5_one_7
LOG (gmm-align-compiled[5.5.1017~3-12a20]:main():gmm-align-compiled.cc:127) sess5_one_8
LOG (gmm-align-compiled[5.5.1017~3-12a20]:main():gmm-align-compiled.cc:127) sess5_one_9
LOG (gmm-align-compiled[5.5.1017~3-12a20]:main():gmm-align-compiled.cc:127) sess5_right_0
LOG (gmm-align-compiled[5.5.1017~3-12a20]:main():gmm-align-compiled.cc:127) sess5_right_1
LOG (gmm-align-compiled[5.5.1017~3-12a20]:main():gmm-align-compiled.cc:127) sess5_right_2
LOG (gmm-align-compiled[5.5.1017~3-12a20]:main():gmm-align-compiled.cc:127) sess5_right_3
LOG (gmm-align-compiled[5.5.1017~3-12a20]:main():gmm-align-compiled.cc:127) sess5_right_4
LOG (gmm-align-compiled[5.5.1017~3-12a20]:main():gmm-align-compiled.cc:127) sess5_right_5
LOG (gmm-align-compiled[5.5.1017~3-12a20]:main():gmm-align-compiled.cc:127) sess5_right_6
LOG (gmm-align-compiled[5.5.1017~3-12a20]:main():gmm-align-compiled.cc:127) sess5_right_7
LOG (gmm-align-compiled[5.5.1017~3-12a20]:main():gmm-align-compiled.cc:127) sess5_right_8
LOG (gmm-align-compiled[5.5.1017~3-12a20]:main():gmm-align-compiled.cc:127) sess5_right_9
LOG (gmm-align-compiled[5.5.1017~3-12a20]:main():gmm-align-compiled.cc:127) sess5_seven_0
LOG (gmm-align-compiled[5.5.1017~3-12a20]:main():gmm-align-compiled.cc:127) sess5_seven_1
LOG (gmm-align-compiled[5.5.1017~3-12a20]:main():gmm-align-compiled.cc:127) sess5_seven_2
LOG (gmm-align-compiled[5.5.1017~3-12a20]:main():gmm-align-compiled.cc:127) sess5_seven_3
LOG (gmm-align-compiled[5.5.1017~3-12a20]:main():gmm-align-compiled.cc:127) sess5_seven_4
LOG (gmm-align-compiled[5.5.1017~3-12a20]:main():gmm-align-compiled.cc:127) sess5_seven_5
LOG (gmm-align-compiled[5.5.1017~3-12a20]:main():gmm-align-compiled.cc:127) sess5_seven_6
LOG (gmm-align-compiled[5.5.1017~3-12a20]:main():gmm-align-compiled.cc:127) sess5_seven_7
LOG (gmm-align-compiled[5.5.1017~3-12a20]:main():gmm-align-compiled.cc:127) sess5_seven_8
LOG (gmm-align-compiled[5.5.1017~3-12a20]:main():gmm-align-compiled.cc:127) sess5_seven_9
LOG (gmm-align-compiled[5.5.1017~3-12a20]:main():gmm-align-compiled.cc:127) sess5_six_0
LOG (gmm-align-compiled[5.5.1017~3-12a20]:main():gmm-align-compiled.cc:127) sess5_six_1
LOG (gmm-align-compiled[5.5.1017~3-12a20]:main():gmm-align-compiled.cc:127) sess5_six_2
LOG (gmm-align-compiled[5.5.1017~3-12a20]:main():gmm-align-compiled.cc:127) sess5_six_3
LOG (gmm-align-compiled[5.5.1017~3-12a20]:main():gmm-align-compiled.cc:127) sess5_six_4
LOG (gmm-align-compiled[5.5.1017~3-12a20]:main():gmm-align-compiled.cc:127) sess5_six_5
LOG (gmm-align-compiled[5.5.1017~3-12a20]:main():gmm-align-compiled.cc:127) sess5_six_6
LOG (gmm-align-compiled[5.5.1017~3-12a20]:main():gmm-align-compiled.cc:127) sess5_six_7
LOG (gmm-align-compiled[5.5.1017~3-12a20]:main():gmm-align-compiled.cc:127) sess5_six_8
LOG (gmm-align-compiled[5.5.1017~3-12a20]:main():gmm-align-compiled.cc:127) sess5_six_9
LOG (gmm-align-compiled[5.5.1017~3-12a20]:main():gmm-align-compiled.cc:127) sess5_three_0
LOG (gmm-align-compiled[5.5.1017~3-12a20]:main():gmm-align-compiled.cc:127) sess5_three_1
LOG (gmm-align-compiled[5.5.1017~3-12a20]:main():gmm-align-compiled.cc:127) sess5_three_2
LOG (gmm-align-compiled[5.5.1017~3-12a20]:main():gmm-align-compiled.cc:127) sess5_three_3
LOG (gmm-align-compiled[5.5.1017~3-12a20]:main():gmm-align-compiled.cc:127) sess5_three_4
LOG (gmm-align-compiled[5.5.1017~3-12a20]:main():gmm-align-compiled.cc:127) sess5_three_5
LOG (gmm-align-compiled[5.5.1017~3-12a20]:main():gmm-align-compiled.cc:127) sess5_three_6
LOG (gmm-align-compiled[5.5.1017~3-12a20]:main():gmm-align-compiled.cc:127) sess5_three_7
LOG (gmm-align-compiled[5.5.1017~3-12a20]:main():gmm-align-compiled.cc:127) sess5_three_8
LOG (gmm-align-compiled[5.5.1017~3-12a20]:main():gmm-align-compiled.cc:127) sess5_three_9
LOG (gmm-align-compiled[5.5.1017~3-12a20]:main():gmm-align-compiled.cc:127) sess5_two_0
LOG (gmm-align-compiled[5.5.1017~3-12a20]:main():gmm-align-compiled.cc:127) sess5_two_1
LOG (gmm-align-compiled[5.5.1017~3-12a20]:main():gmm-align-compiled.cc:127) sess5_two_2
LOG (gmm-align-compiled[5.5.1017~3-12a20]:main():gmm-align-compiled.cc:127) sess5_two_3
LOG (gmm-align-compiled[5.5.1017~3-12a20]:main():gmm-align-compiled.cc:127) sess5_two_4
LOG (gmm-align-compiled[5.5.1017~3-12a20]:main():gmm-align-compiled.cc:127) sess5_two_5
LOG (gmm-align-compiled[5.5.1017~3-12a20]:main():gmm-align-compiled.cc:127) sess5_two_6
LOG (gmm-align-compiled[5.5.1017~3-12a20]:main():gmm-align-compiled.cc:127) sess5_two_7
LOG (gmm-align-compiled[5.5.1017~3-12a20]:main():gmm-align-compiled.cc:127) sess5_two_8
LOG (gmm-align-compiled[5.5.1017~3-12a20]:main():gmm-align-compiled.cc:127) sess5_two_9
LOG (gmm-align-compiled[5.5.1017~3-12a20]:main():gmm-align-compiled.cc:127) sess5_up_0
LOG (gmm-align-compiled[5.5.1017~3-12a20]:main():gmm-align-compiled.cc:127) sess5_up_1
LOG (gmm-align-compiled[5.5.1017~3-12a20]:main():gmm-align-compiled.cc:127) sess5_up_2
LOG (gmm-align-compiled[5.5.1017~3-12a20]:main():gmm-align-compiled.cc:127) sess5_up_3
LOG (gmm-align-compiled[5.5.1017~3-12a20]:main():gmm-align-compiled.cc:127) sess5_up_4
LOG (gmm-align-compiled[5.5.1017~3-12a20]:main():gmm-align-compiled.cc:127) sess5_up_5
LOG (gmm-align-compiled[5.5.1017~3-12a20]:main():gmm-align-compiled.cc:127) sess5_up_6
LOG (gmm-align-compiled[5.5.1017~3-12a20]:main():gmm-align-compiled.cc:127) sess5_up_7
LOG (gmm-align-compiled[5.5.1017~3-12a20]:main():gmm-align-compiled.cc:127) sess5_up_8
LOG (gmm-align-compiled[5.5.1017~3-12a20]:main():gmm-align-compiled.cc:127) sess5_up_9
LOG (gmm-align-compiled[5.5.1017~3-12a20]:main():gmm-align-compiled.cc:127) sess5_zero_0
LOG (gmm-align-compiled[5.5.1017~3-12a20]:main():gmm-align-compiled.cc:127) sess5_zero_1
LOG (gmm-align-compiled[5.5.1017~3-12a20]:main():gmm-align-compiled.cc:127) sess5_zero_2
LOG (gmm-align-compiled[5.5.1017~3-12a20]:main():gmm-align-compiled.cc:127) sess5_zero_3
LOG (gmm-align-compiled[5.5.1017~3-12a20]:main():gmm-align-compiled.cc:127) sess5_zero_4
LOG (gmm-align-compiled[5.5.1017~3-12a20]:main():gmm-align-compiled.cc:127) sess5_zero_5
LOG (gmm-align-compiled[5.5.1017~3-12a20]:main():gmm-align-compiled.cc:127) sess5_zero_6
LOG (gmm-align-compiled[5.5.1017~3-12a20]:main():gmm-align-compiled.cc:127) sess5_zero_7
LOG (gmm-align-compiled[5.5.1017~3-12a20]:main():gmm-align-compiled.cc:127) sess5_zero_8
LOG (gmm-align-compiled[5.5.1017~3-12a20]:main():gmm-align-compiled.cc:127) sess5_zero_9
LOG (gmm-align-compiled[5.5.1017~3-12a20]:main():gmm-align-compiled.cc:127) sess6_down_0
LOG (gmm-align-compiled[5.5.1017~3-12a20]:main():gmm-align-compiled.cc:127) sess6_down_1
LOG (gmm-align-compiled[5.5.1017~3-12a20]:main():gmm-align-compiled.cc:127) sess6_down_2
LOG (gmm-align-compiled[5.5.1017~3-12a20]:main():gmm-align-compiled.cc:127) sess6_down_3
LOG (gmm-align-compiled[5.5.1017~3-12a20]:main():gmm-align-compiled.cc:127) sess6_down_4
LOG (gmm-align-compiled[5.5.1017~3-12a20]:main():gmm-align-compiled.cc:127) sess6_eight_0
LOG (gmm-align-compiled[5.5.1017~3-12a20]:main():gmm-align-compiled.cc:127) sess6_eight_1
LOG (gmm-align-compiled[5.5.1017~3-12a20]:main():gmm-align-compiled.cc:127) sess6_eight_2
LOG (gmm-align-compiled[5.5.1017~3-12a20]:main():gmm-align-compiled.cc:127) sess6_eight_3
LOG (gmm-align-compiled[5.5.1017~3-12a20]:main():gmm-align-compiled.cc:127) sess6_eight_4
LOG (gmm-align-compiled[5.5.1017~3-12a20]:main():gmm-align-compiled.cc:127) sess6_five_0
LOG (gmm-align-compiled[5.5.1017~3-12a20]:main():gmm-align-compiled.cc:127) sess6_five_1
LOG (gmm-align-compiled[5.5.1017~3-12a20]:main():gmm-align-compiled.cc:127) sess6_five_2
LOG (gmm-align-compiled[5.5.1017~3-12a20]:main():gmm-align-compiled.cc:127) sess6_five_3
LOG (gmm-align-compiled[5.5.1017~3-12a20]:main():gmm-align-compiled.cc:127) sess6_five_4
LOG (gmm-align-compiled[5.5.1017~3-12a20]:main():gmm-align-compiled.cc:127) sess6_four_0
LOG (gmm-align-compiled[5.5.1017~3-12a20]:main():gmm-align-compiled.cc:127) sess6_four_1
LOG (gmm-align-compiled[5.5.1017~3-12a20]:main():gmm-align-compiled.cc:127) sess6_four_2
LOG (gmm-align-compiled[5.5.1017~3-12a20]:main():gmm-align-compiled.cc:127) sess6_four_3
LOG (gmm-align-compiled[5.5.1017~3-12a20]:main():gmm-align-compiled.cc:127) sess6_four_4
LOG (gmm-align-compiled[5.5.1017~3-12a20]:main():gmm-align-compiled.cc:127) sess6_left_0
LOG (gmm-align-compiled[5.5.1017~3-12a20]:main():gmm-align-compiled.cc:127) sess6_left_1
LOG (gmm-align-compiled[5.5.1017~3-12a20]:main():gmm-align-compiled.cc:127) sess6_left_2
LOG (gmm-align-compiled[5.5.1017~3-12a20]:main():gmm-align-compiled.cc:127) sess6_left_3
LOG (gmm-align-compiled[5.5.1017~3-12a20]:main():gmm-align-compiled.cc:127) sess6_left_4
LOG (gmm-align-compiled[5.5.1017~3-12a20]:main():gmm-align-compiled.cc:127) sess6_nine_0
LOG (gmm-align-compiled[5.5.1017~3-12a20]:main():gmm-align-compiled.cc:127) sess6_nine_1
LOG (gmm-align-compiled[5.5.1017~3-12a20]:main():gmm-align-compiled.cc:127) sess6_nine_2
LOG (gmm-align-compiled[5.5.1017~3-12a20]:main():gmm-align-compiled.cc:127) sess6_nine_3
LOG (gmm-align-compiled[5.5.1017~3-12a20]:main():gmm-align-compiled.cc:127) sess6_nine_4
LOG (gmm-align-compiled[5.5.1017~3-12a20]:main():gmm-align-compiled.cc:127) sess6_one_0
LOG (gmm-align-compiled[5.5.1017~3-12a20]:main():gmm-align-compiled.cc:127) sess6_one_1
LOG (gmm-align-compiled[5.5.1017~3-12a20]:main():gmm-align-compiled.cc:127) sess6_one_2
LOG (gmm-align-compiled[5.5.1017~3-12a20]:main():gmm-align-compiled.cc:127) sess6_one_3
LOG (gmm-align-compiled[5.5.1017~3-12a20]:main():gmm-align-compiled.cc:127) sess6_one_4
LOG (gmm-align-compiled[5.5.1017~3-12a20]:main():gmm-align-compiled.cc:127) sess6_right_0
LOG (gmm-align-compiled[5.5.1017~3-12a20]:main():gmm-align-compiled.cc:127) sess6_right_1
LOG (gmm-align-compiled[5.5.1017~3-12a20]:main():gmm-align-compiled.cc:127) sess6_right_2
LOG (gmm-align-compiled[5.5.1017~3-12a20]:main():gmm-align-compiled.cc:127) sess6_right_3
LOG (gmm-align-compiled[5.5.1017~3-12a20]:main():gmm-align-compiled.cc:127) sess6_right_4
LOG (gmm-align-compiled[5.5.1017~3-12a20]:main():gmm-align-compiled.cc:127) sess6_seven_0
LOG (gmm-align-compiled[5.5.1017~3-12a20]:main():gmm-align-compiled.cc:127) sess6_seven_1
LOG (gmm-align-compiled[5.5.1017~3-12a20]:main():gmm-align-compiled.cc:127) sess6_seven_2
LOG (gmm-align-compiled[5.5.1017~3-12a20]:main():gmm-align-compiled.cc:127) sess6_seven_3
LOG (gmm-align-compiled[5.5.1017~3-12a20]:main():gmm-align-compiled.cc:127) sess6_seven_4
LOG (gmm-align-compiled[5.5.1017~3-12a20]:main():gmm-align-compiled.cc:127) sess6_six_0
LOG (gmm-align-compiled[5.5.1017~3-12a20]:main():gmm-align-compiled.cc:127) sess6_six_1
LOG (gmm-align-compiled[5.5.1017~3-12a20]:main():gmm-align-compiled.cc:127) sess6_six_2
LOG (gmm-align-compiled[5.5.1017~3-12a20]:main():gmm-align-compiled.cc:127) sess6_six_3
LOG (gmm-align-compiled[5.5.1017~3-12a20]:main():gmm-align-compiled.cc:127) sess6_six_4
LOG (gmm-align-compiled[5.5.1017~3-12a20]:main():gmm-align-compiled.cc:127) sess6_three_0
LOG (gmm-align-compiled[5.5.1017~3-12a20]:main():gmm-align-compiled.cc:127) sess6_three_1
LOG (gmm-align-compiled[5.5.1017~3-12a20]:main():gmm-align-compiled.cc:127) sess6_three_2
LOG (gmm-align-compiled[5.5.1017~3-12a20]:main():gmm-align-compiled.cc:127) sess6_three_3
LOG (gmm-align-compiled[5.5.1017~3-12a20]:main():gmm-align-compiled.cc:127) sess6_three_4
LOG (gmm-align-compiled[5.5.1017~3-12a20]:main():gmm-align-compiled.cc:127) sess6_two_0
LOG (gmm-align-compiled[5.5.1017~3-12a20]:main():gmm-align-compiled.cc:127) sess6_two_1
LOG (gmm-align-compiled[5.5.1017~3-12a20]:main():gmm-align-compiled.cc:127) sess6_two_2
LOG (gmm-align-compiled[5.5.1017~3-12a20]:main():gmm-align-compiled.cc:127) sess6_two_3
LOG (gmm-align-compiled[5.5.1017~3-12a20]:main():gmm-align-compiled.cc:127) sess6_two_4
LOG (gmm-align-compiled[5.5.1017~3-12a20]:main():gmm-align-compiled.cc:127) sess6_up_0
LOG (gmm-align-compiled[5.5.1017~3-12a20]:main():gmm-align-compiled.cc:127) sess6_up_1
LOG (gmm-align-compiled[5.5.1017~3-12a20]:main():gmm-align-compiled.cc:127) sess6_up_2
LOG (gmm-align-compiled[5.5.1017~3-12a20]:main():gmm-align-compiled.cc:127) sess6_up_3
LOG (gmm-align-compiled[5.5.1017~3-12a20]:main():gmm-align-compiled.cc:127) sess6_up_4
LOG (gmm-align-compiled[5.5.1017~3-12a20]:main():gmm-align-compiled.cc:127) sess6_zero_0
LOG (gmm-align-compiled[5.5.1017~3-12a20]:main():gmm-align-compiled.cc:127) sess6_zero_1
LOG (gmm-align-compiled[5.5.1017~3-12a20]:main():gmm-align-compiled.cc:127) sess6_zero_2
LOG (gmm-align-compiled[5.5.1017~3-12a20]:main():gmm-align-compiled.cc:127) sess6_zero_3
LOG (gmm-align-compiled[5.5.1017~3-12a20]:main():gmm-align-compiled.cc:127) sess6_zero_4
LOG (gmm-align-compiled[5.5.1017~3-12a20]:main():gmm-align-compiled.cc:127) sess7_down_0
LOG (gmm-align-compiled[5.5.1017~3-12a20]:main():gmm-align-compiled.cc:127) sess7_down_1
LOG (gmm-align-compiled[5.5.1017~3-12a20]:main():gmm-align-compiled.cc:127) sess7_down_2
LOG (gmm-align-compiled[5.5.1017~3-12a20]:main():gmm-align-compiled.cc:127) sess7_down_3
LOG (gmm-align-compiled[5.5.1017~3-12a20]:main():gmm-align-compiled.cc:127) sess7_down_4
LOG (gmm-align-compiled[5.5.1017~3-12a20]:main():gmm-align-compiled.cc:127) sess7_eight_0
LOG (gmm-align-compiled[5.5.1017~3-12a20]:main():gmm-align-compiled.cc:127) sess7_eight_1
LOG (gmm-align-compiled[5.5.1017~3-12a20]:main():gmm-align-compiled.cc:127) sess7_eight_2
LOG (gmm-align-compiled[5.5.1017~3-12a20]:main():gmm-align-compiled.cc:127) sess7_eight_3
LOG (gmm-align-compiled[5.5.1017~3-12a20]:main():gmm-align-compiled.cc:127) sess7_eight_4
LOG (gmm-align-compiled[5.5.1017~3-12a20]:main():gmm-align-compiled.cc:127) sess7_five_0
LOG (gmm-align-compiled[5.5.1017~3-12a20]:main():gmm-align-compiled.cc:127) sess7_five_1
LOG (gmm-align-compiled[5.5.1017~3-12a20]:main():gmm-align-compiled.cc:127) sess7_five_2
LOG (gmm-align-compiled[5.5.1017~3-12a20]:main():gmm-align-compiled.cc:127) sess7_five_3
LOG (gmm-align-compiled[5.5.1017~3-12a20]:main():gmm-align-compiled.cc:127) sess7_five_4
LOG (gmm-align-compiled[5.5.1017~3-12a20]:main():gmm-align-compiled.cc:127) sess7_four_0
LOG (gmm-align-compiled[5.5.1017~3-12a20]:main():gmm-align-compiled.cc:127) sess7_four_1
LOG (gmm-align-compiled[5.5.1017~3-12a20]:main():gmm-align-compiled.cc:127) sess7_four_2
LOG (gmm-align-compiled[5.5.1017~3-12a20]:main():gmm-align-compiled.cc:127) sess7_four_3
LOG (gmm-align-compiled[5.5.1017~3-12a20]:main():gmm-align-compiled.cc:127) sess7_four_4
LOG (gmm-align-compiled[5.5.1017~3-12a20]:main():gmm-align-compiled.cc:127) sess7_left_0
LOG (gmm-align-compiled[5.5.1017~3-12a20]:main():gmm-align-compiled.cc:127) sess7_left_1
LOG (gmm-align-compiled[5.5.1017~3-12a20]:main():gmm-align-compiled.cc:127) sess7_left_2
LOG (gmm-align-compiled[5.5.1017~3-12a20]:main():gmm-align-compiled.cc:127) sess7_left_3
LOG (gmm-align-compiled[5.5.1017~3-12a20]:main():gmm-align-compiled.cc:127) sess7_left_4
LOG (gmm-align-compiled[5.5.1017~3-12a20]:main():gmm-align-compiled.cc:127) sess7_nine_0
LOG (gmm-align-compiled[5.5.1017~3-12a20]:main():gmm-align-compiled.cc:127) sess7_nine_1
LOG (gmm-align-compiled[5.5.1017~3-12a20]:main():gmm-align-compiled.cc:127) sess7_nine_2
LOG (gmm-align-compiled[5.5.1017~3-12a20]:main():gmm-align-compiled.cc:127) sess7_nine_3
LOG (gmm-align-compiled[5.5.1017~3-12a20]:main():gmm-align-compiled.cc:127) sess7_nine_4
LOG (gmm-align-compiled[5.5.1017~3-12a20]:main():gmm-align-compiled.cc:127) sess7_one_0
LOG (gmm-align-compiled[5.5.1017~3-12a20]:main():gmm-align-compiled.cc:127) sess7_one_1
LOG (gmm-align-compiled[5.5.1017~3-12a20]:main():gmm-align-compiled.cc:127) sess7_one_2
LOG (gmm-align-compiled[5.5.1017~3-12a20]:main():gmm-align-compiled.cc:127) sess7_one_3
LOG (gmm-align-compiled[5.5.1017~3-12a20]:main():gmm-align-compiled.cc:127) sess7_one_4
LOG (gmm-align-compiled[5.5.1017~3-12a20]:main():gmm-align-compiled.cc:127) sess7_right_0
LOG (gmm-align-compiled[5.5.1017~3-12a20]:main():gmm-align-compiled.cc:127) sess7_right_1
LOG (gmm-align-compiled[5.5.1017~3-12a20]:main():gmm-align-compiled.cc:127) sess7_right_2
LOG (gmm-align-compiled[5.5.1017~3-12a20]:main():gmm-align-compiled.cc:127) sess7_right_3
LOG (gmm-align-compiled[5.5.1017~3-12a20]:main():gmm-align-compiled.cc:127) sess7_right_4
LOG (gmm-align-compiled[5.5.1017~3-12a20]:main():gmm-align-compiled.cc:127) sess7_seven_0
LOG (gmm-align-compiled[5.5.1017~3-12a20]:main():gmm-align-compiled.cc:127) sess7_seven_1
LOG (gmm-align-compiled[5.5.1017~3-12a20]:main():gmm-align-compiled.cc:127) sess7_seven_2
LOG (gmm-align-compiled[5.5.1017~3-12a20]:main():gmm-align-compiled.cc:127) sess7_seven_3
LOG (gmm-align-compiled[5.5.1017~3-12a20]:main():gmm-align-compiled.cc:127) sess7_seven_4
LOG (gmm-align-compiled[5.5.1017~3-12a20]:main():gmm-align-compiled.cc:127) sess7_six_0
LOG (gmm-align-compiled[5.5.1017~3-12a20]:main():gmm-align-compiled.cc:127) sess7_six_1
LOG (gmm-align-compiled[5.5.1017~3-12a20]:main():gmm-align-compiled.cc:127) sess7_six_2
LOG (gmm-align-compiled[5.5.1017~3-12a20]:main():gmm-align-compiled.cc:127) sess7_six_3
LOG (gmm-align-compiled[5.5.1017~3-12a20]:main():gmm-align-compiled.cc:127) sess7_six_4
LOG (gmm-align-compiled[5.5.1017~3-12a20]:main():gmm-align-compiled.cc:127) sess7_three_0
LOG (gmm-align-compiled[5.5.1017~3-12a20]:main():gmm-align-compiled.cc:127) sess7_three_1
LOG (gmm-align-compiled[5.5.1017~3-12a20]:main():gmm-align-compiled.cc:127) sess7_three_2
LOG (gmm-align-compiled[5.5.1017~3-12a20]:main():gmm-align-compiled.cc:127) sess7_three_3
LOG (gmm-align-compiled[5.5.1017~3-12a20]:main():gmm-align-compiled.cc:127) sess7_three_4
LOG (gmm-align-compiled[5.5.1017~3-12a20]:main():gmm-align-compiled.cc:127) sess7_two_0
LOG (gmm-align-compiled[5.5.1017~3-12a20]:main():gmm-align-compiled.cc:127) sess7_two_1
LOG (gmm-align-compiled[5.5.1017~3-12a20]:main():gmm-align-compiled.cc:127) sess7_two_2
LOG (gmm-align-compiled[5.5.1017~3-12a20]:main():gmm-align-compiled.cc:127) sess7_two_3
LOG (gmm-align-compiled[5.5.1017~3-12a20]:main():gmm-align-compiled.cc:127) sess7_two_4
LOG (gmm-align-compiled[5.5.1017~3-12a20]:main():gmm-align-compiled.cc:127) sess7_up_0
LOG (gmm-align-compiled[5.5.1017~3-12a20]:main():gmm-align-compiled.cc:127) sess7_up_1
LOG (gmm-align-compiled[5.5.1017~3-12a20]:main():gmm-align-compiled.cc:127) sess7_up_2
LOG (gmm-align-compiled[5.5.1017~3-12a20]:main():gmm-align-compiled.cc:127) sess7_up_3
LOG (gmm-align-compiled[5.5.1017~3-12a20]:main():gmm-align-compiled.cc:127) sess7_up_4
LOG (gmm-align-compiled[5.5.1017~3-12a20]:main():gmm-align-compiled.cc:127) sess7_zero_0
LOG (gmm-align-compiled[5.5.1017~3-12a20]:main():gmm-align-compiled.cc:127) sess7_zero_1
LOG (gmm-align-compiled[5.5.1017~3-12a20]:main():gmm-align-compiled.cc:127) sess7_zero_2
LOG (gmm-align-compiled[5.5.1017~3-12a20]:main():gmm-align-compiled.cc:127) sess7_zero_3
LOG (gmm-align-compiled[5.5.1017~3-12a20]:main():gmm-align-compiled.cc:127) sess7_zero_4
LOG (gmm-align-compiled[5.5.1017~3-12a20]:main():gmm-align-compiled.cc:127) sess8_down_0
LOG (gmm-align-compiled[5.5.1017~3-12a20]:main():gmm-align-compiled.cc:127) sess8_down_1
LOG (gmm-align-compiled[5.5.1017~3-12a20]:main():gmm-align-compiled.cc:127) sess8_down_2
LOG (gmm-align-compiled[5.5.1017~3-12a20]:main():gmm-align-compiled.cc:127) sess8_down_3
LOG (gmm-align-compiled[5.5.1017~3-12a20]:main():gmm-align-compiled.cc:127) sess8_down_4
LOG (gmm-align-compiled[5.5.1017~3-12a20]:main():gmm-align-compiled.cc:127) sess8_eight_0
LOG (gmm-align-compiled[5.5.1017~3-12a20]:main():gmm-align-compiled.cc:127) sess8_eight_1
LOG (gmm-align-compiled[5.5.1017~3-12a20]:main():gmm-align-compiled.cc:127) sess8_eight_2
LOG (gmm-align-compiled[5.5.1017~3-12a20]:main():gmm-align-compiled.cc:127) sess8_eight_3
LOG (gmm-align-compiled[5.5.1017~3-12a20]:main():gmm-align-compiled.cc:127) sess8_eight_4
LOG (gmm-align-compiled[5.5.1017~3-12a20]:main():gmm-align-compiled.cc:127) sess8_five_0
LOG (gmm-align-compiled[5.5.1017~3-12a20]:main():gmm-align-compiled.cc:127) sess8_five_1
LOG (gmm-align-compiled[5.5.1017~3-12a20]:main():gmm-align-compiled.cc:127) sess8_five_2
LOG (gmm-align-compiled[5.5.1017~3-12a20]:main():gmm-align-compiled.cc:127) sess8_five_3
LOG (gmm-align-compiled[5.5.1017~3-12a20]:main():gmm-align-compiled.cc:127) sess8_five_4
LOG (gmm-align-compiled[5.5.1017~3-12a20]:main():gmm-align-compiled.cc:127) sess8_four_0
LOG (gmm-align-compiled[5.5.1017~3-12a20]:main():gmm-align-compiled.cc:127) sess8_four_1
LOG (gmm-align-compiled[5.5.1017~3-12a20]:main():gmm-align-compiled.cc:127) sess8_four_2
LOG (gmm-align-compiled[5.5.1017~3-12a20]:main():gmm-align-compiled.cc:127) sess8_four_3
LOG (gmm-align-compiled[5.5.1017~3-12a20]:main():gmm-align-compiled.cc:127) sess8_four_4
LOG (gmm-align-compiled[5.5.1017~3-12a20]:main():gmm-align-compiled.cc:127) sess8_left_0
LOG (gmm-align-compiled[5.5.1017~3-12a20]:main():gmm-align-compiled.cc:127) sess8_left_1
LOG (gmm-align-compiled[5.5.1017~3-12a20]:main():gmm-align-compiled.cc:127) sess8_left_2
LOG (gmm-align-compiled[5.5.1017~3-12a20]:main():gmm-align-compiled.cc:127) sess8_left_3
LOG (gmm-align-compiled[5.5.1017~3-12a20]:main():gmm-align-compiled.cc:127) sess8_left_4
LOG (gmm-align-compiled[5.5.1017~3-12a20]:main():gmm-align-compiled.cc:127) sess8_nine_0
LOG (gmm-align-compiled[5.5.1017~3-12a20]:main():gmm-align-compiled.cc:127) sess8_nine_1
LOG (gmm-align-compiled[5.5.1017~3-12a20]:main():gmm-align-compiled.cc:127) sess8_nine_2
LOG (gmm-align-compiled[5.5.1017~3-12a20]:main():gmm-align-compiled.cc:127) sess8_nine_3
LOG (gmm-align-compiled[5.5.1017~3-12a20]:main():gmm-align-compiled.cc:127) sess8_nine_4
LOG (gmm-align-compiled[5.5.1017~3-12a20]:main():gmm-align-compiled.cc:127) sess8_one_0
LOG (gmm-align-compiled[5.5.1017~3-12a20]:main():gmm-align-compiled.cc:127) sess8_one_1
LOG (gmm-align-compiled[5.5.1017~3-12a20]:main():gmm-align-compiled.cc:127) sess8_one_2
LOG (gmm-align-compiled[5.5.1017~3-12a20]:main():gmm-align-compiled.cc:127) sess8_one_3
LOG (gmm-align-compiled[5.5.1017~3-12a20]:main():gmm-align-compiled.cc:127) sess8_one_4
LOG (gmm-align-compiled[5.5.1017~3-12a20]:main():gmm-align-compiled.cc:127) sess8_right_0
LOG (gmm-align-compiled[5.5.1017~3-12a20]:main():gmm-align-compiled.cc:127) sess8_right_1
LOG (gmm-align-compiled[5.5.1017~3-12a20]:main():gmm-align-compiled.cc:127) sess8_right_2
LOG (gmm-align-compiled[5.5.1017~3-12a20]:main():gmm-align-compiled.cc:127) sess8_right_3
LOG (gmm-align-compiled[5.5.1017~3-12a20]:main():gmm-align-compiled.cc:127) sess8_right_4
LOG (gmm-align-compiled[5.5.1017~3-12a20]:main():gmm-align-compiled.cc:127) sess8_seven_0
LOG (gmm-align-compiled[5.5.1017~3-12a20]:main():gmm-align-compiled.cc:127) sess8_seven_1
LOG (gmm-align-compiled[5.5.1017~3-12a20]:main():gmm-align-compiled.cc:127) sess8_seven_2
LOG (gmm-align-compiled[5.5.1017~3-12a20]:main():gmm-align-compiled.cc:127) sess8_seven_3
LOG (gmm-align-compiled[5.5.1017~3-12a20]:main():gmm-align-compiled.cc:127) sess8_seven_4
LOG (gmm-align-compiled[5.5.1017~3-12a20]:main():gmm-align-compiled.cc:127) sess8_six_0
LOG (gmm-align-compiled[5.5.1017~3-12a20]:main():gmm-align-compiled.cc:127) sess8_six_1
LOG (gmm-align-compiled[5.5.1017~3-12a20]:main():gmm-align-compiled.cc:127) sess8_six_2
LOG (gmm-align-compiled[5.5.1017~3-12a20]:main():gmm-align-compiled.cc:127) sess8_six_3
LOG (gmm-align-compiled[5.5.1017~3-12a20]:main():gmm-align-compiled.cc:127) sess8_six_4
LOG (gmm-align-compiled[5.5.1017~3-12a20]:main():gmm-align-compiled.cc:127) sess8_three_0
LOG (gmm-align-compiled[5.5.1017~3-12a20]:main():gmm-align-compiled.cc:127) sess8_three_1
LOG (gmm-align-compiled[5.5.1017~3-12a20]:main():gmm-align-compiled.cc:127) sess8_three_2
LOG (gmm-align-compiled[5.5.1017~3-12a20]:main():gmm-align-compiled.cc:127) sess8_three_3
LOG (gmm-align-compiled[5.5.1017~3-12a20]:main():gmm-align-compiled.cc:127) sess8_three_4
LOG (gmm-align-compiled[5.5.1017~3-12a20]:main():gmm-align-compiled.cc:127) sess8_two_0
LOG (gmm-align-compiled[5.5.1017~3-12a20]:main():gmm-align-compiled.cc:127) sess8_two_1
LOG (gmm-align-compiled[5.5.1017~3-12a20]:main():gmm-align-compiled.cc:127) sess8_two_2
LOG (gmm-align-compiled[5.5.1017~3-12a20]:main():gmm-align-compiled.cc:127) sess8_two_3
LOG (gmm-align-compiled[5.5.1017~3-12a20]:main():gmm-align-compiled.cc:127) sess8_two_4
LOG (gmm-align-compiled[5.5.1017~3-12a20]:main():gmm-align-compiled.cc:127) sess8_up_0
LOG (gmm-align-compiled[5.5.1017~3-12a20]:main():gmm-align-compiled.cc:127) sess8_up_1
LOG (gmm-align-compiled[5.5.1017~3-12a20]:main():gmm-align-compiled.cc:127) sess8_up_2
LOG (gmm-align-compiled[5.5.1017~3-12a20]:main():gmm-align-compiled.cc:127) sess8_up_3
LOG (gmm-align-compiled[5.5.1017~3-12a20]:main():gmm-align-compiled.cc:127) sess8_up_4
LOG (gmm-align-compiled[5.5.1017~3-12a20]:main():gmm-align-compiled.cc:127) sess8_zero_0
LOG (gmm-align-compiled[5.5.1017~3-12a20]:main():gmm-align-compiled.cc:127) sess8_zero_1
LOG (gmm-align-compiled[5.5.1017~3-12a20]:main():gmm-align-compiled.cc:127) sess8_zero_2
LOG (gmm-align-compiled[5.5.1017~3-12a20]:main():gmm-align-compiled.cc:127) sess8_zero_3
LOG (gmm-align-compiled[5.5.1017~3-12a20]:main():gmm-align-compiled.cc:127) sess8_zero_4
LOG (gmm-align-compiled[5.5.1017~3-12a20]:main():gmm-align-compiled.cc:127) sess9_down_0
LOG (gmm-align-compiled[5.5.1017~3-12a20]:main():gmm-align-compiled.cc:127) sess9_down_1
LOG (gmm-align-compiled[5.5.1017~3-12a20]:main():gmm-align-compiled.cc:127) sess9_down_2
LOG (gmm-align-compiled[5.5.1017~3-12a20]:main():gmm-align-compiled.cc:127) sess9_eight_0
LOG (gmm-align-compiled[5.5.1017~3-12a20]:main():gmm-align-compiled.cc:127) sess9_eight_1
LOG (gmm-align-compiled[5.5.1017~3-12a20]:main():gmm-align-compiled.cc:127) sess9_eight_2
LOG (gmm-align-compiled[5.5.1017~3-12a20]:main():gmm-align-compiled.cc:127) sess9_five_0
LOG (gmm-align-compiled[5.5.1017~3-12a20]:main():gmm-align-compiled.cc:127) sess9_five_1
LOG (gmm-align-compiled[5.5.1017~3-12a20]:main():gmm-align-compiled.cc:127) sess9_five_2
LOG (gmm-align-compiled[5.5.1017~3-12a20]:main():gmm-align-compiled.cc:127) sess9_four_0
LOG (gmm-align-compiled[5.5.1017~3-12a20]:main():gmm-align-compiled.cc:127) sess9_four_1
LOG (gmm-align-compiled[5.5.1017~3-12a20]:main():gmm-align-compiled.cc:127) sess9_four_2
LOG (gmm-align-compiled[5.5.1017~3-12a20]:main():gmm-align-compiled.cc:127) sess9_left_0
LOG (gmm-align-compiled[5.5.1017~3-12a20]:main():gmm-align-compiled.cc:127) sess9_left_1
LOG (gmm-align-compiled[5.5.1017~3-12a20]:main():gmm-align-compiled.cc:127) sess9_left_2
LOG (gmm-align-compiled[5.5.1017~3-12a20]:main():gmm-align-compiled.cc:127) sess9_nine_0
LOG (gmm-align-compiled[5.5.1017~3-12a20]:main():gmm-align-compiled.cc:127) sess9_nine_1
LOG (gmm-align-compiled[5.5.1017~3-12a20]:main():gmm-align-compiled.cc:127) sess9_nine_2
LOG (gmm-align-compiled[5.5.1017~3-12a20]:main():gmm-align-compiled.cc:127) sess9_one_0
LOG (gmm-align-compiled[5.5.1017~3-12a20]:main():gmm-align-compiled.cc:127) sess9_one_1
LOG (gmm-align-compiled[5.5.1017~3-12a20]:main():gmm-align-compiled.cc:127) sess9_one_2
LOG (gmm-align-compiled[5.5.1017~3-12a20]:main():gmm-align-compiled.cc:127) sess9_right_0
LOG (gmm-align-compiled[5.5.1017~3-12a20]:main():gmm-align-compiled.cc:127) sess9_right_1
LOG (gmm-align-compiled[5.5.1017~3-12a20]:main():gmm-align-compiled.cc:127) sess9_right_2
LOG (gmm-align-compiled[5.5.1017~3-12a20]:main():gmm-align-compiled.cc:127) sess9_seven_0
LOG (gmm-align-compiled[5.5.1017~3-12a20]:main():gmm-align-compiled.cc:127) sess9_seven_1
LOG (gmm-align-compiled[5.5.1017~3-12a20]:main():gmm-align-compiled.cc:127) sess9_seven_2
LOG (gmm-align-compiled[5.5.1017~3-12a20]:main():gmm-align-compiled.cc:127) sess9_six_0
LOG (gmm-align-compiled[5.5.1017~3-12a20]:main():gmm-align-compiled.cc:127) sess9_six_1
LOG (gmm-align-compiled[5.5.1017~3-12a20]:main():gmm-align-compiled.cc:127) sess9_six_2
LOG (gmm-align-compiled[5.5.1017~3-12a20]:main():gmm-align-compiled.cc:127) sess9_three_0
LOG (gmm-align-compiled[5.5.1017~3-12a20]:main():gmm-align-compiled.cc:127) sess9_three_1
LOG (gmm-align-compiled[5.5.1017~3-12a20]:main():gmm-align-compiled.cc:127) sess9_three_2
LOG (apply-cmvn[5.5.1017~3-12a20]:main():apply-cmvn.cc:162) Applied cepstral mean normalization to 672 utterances, errors on 0
LOG (gmm-align-compiled[5.5.1017~3-12a20]:main():gmm-align-compiled.cc:127) sess9_two_0
LOG (gmm-align-compiled[5.5.1017~3-12a20]:main():gmm-align-compiled.cc:127) sess9_two_1
LOG (gmm-align-compiled[5.5.1017~3-12a20]:main():gmm-align-compiled.cc:127) sess9_two_2
LOG (gmm-align-compiled[5.5.1017~3-12a20]:main():gmm-align-compiled.cc:127) sess9_up_0
LOG (gmm-align-compiled[5.5.1017~3-12a20]:main():gmm-align-compiled.cc:127) sess9_up_1
LOG (gmm-align-compiled[5.5.1017~3-12a20]:main():gmm-align-compiled.cc:127) sess9_up_2
LOG (gmm-align-compiled[5.5.1017~3-12a20]:main():gmm-align-compiled.cc:127) sess9_zero_0
LOG (gmm-align-compiled[5.5.1017~3-12a20]:main():gmm-align-compiled.cc:127) sess9_zero_1
LOG (gmm-align-compiled[5.5.1017~3-12a20]:main():gmm-align-compiled.cc:127) sess9_zero_2
LOG (gmm-align-compiled[5.5.1017~3-12a20]:main():gmm-align-compiled.cc:135) Overall log-likelihood per frame is -159.536 over 41289 frames.
LOG (gmm-align-compiled[5.5.1017~3-12a20]:main():gmm-align-compiled.cc:137) Retried 0 out of 672 utterances.
LOG (gmm-align-compiled[5.5.1017~3-12a20]:main():gmm-align-compiled.cc:139) Done 672, errors on 0
# Accounting: time=0 threads=1
# Ended (code 0) at Sat Apr 23 13:34:47 CDT 2022, elapsed time 0 seconds
