# gmm-est --write-occs=exp/mono/7.occs --mix-up=232 --power=0.25 exp/mono/6.mdl "gmm-sum-accs - exp/mono/6.*.acc|" exp/mono/7.mdl 
# Started at Fri Apr 22 16:25:53 CDT 2022
#
gmm-est --write-occs=exp/mono/7.occs --mix-up=232 --power=0.25 exp/mono/6.mdl 'gmm-sum-accs - exp/mono/6.*.acc|' exp/mono/7.mdl 
gmm-sum-accs - exp/mono/6.1.acc 
LOG (gmm-sum-accs[5.5.1013~6-d787]:main():gmm-sum-accs.cc:63) Summed 1 stats, total count 26233, avg like/frame -158.728
LOG (gmm-sum-accs[5.5.1013~6-d787]:main():gmm-sum-accs.cc:66) Total count of stats is 26233
LOG (gmm-sum-accs[5.5.1013~6-d787]:main():gmm-sum-accs.cc:67) Written stats to -
LOG (gmm-est[5.5.1013~6-d787]:MleUpdate():transition-model.cc:528) TransitionModel::Update, objf change is 0.000913384 per frame over 26233 frames. 
LOG (gmm-est[5.5.1013~6-d787]:MleUpdate():transition-model.cc:531) 13 probabilities floored, 237 out of 338 transition-states skipped due to insuffient data (it is normal to have some skipped.)
LOG (gmm-est[5.5.1013~6-d787]:main():gmm-est.cc:102) Transition model update: Overall 0.000913384 log-like improvement per frame over 26233 frames.
WARNING (gmm-est[5.5.1013~6-d787]:MleDiagGmmUpdate():mle-diag-gmm.cc:365) Gaussian has too little data but not removing it because it is the last Gaussian: i = 0, occ = 0, weight = 1
WARNING (gmm-est[5.5.1013~6-d787]:MleDiagGmmUpdate():mle-diag-gmm.cc:365) Gaussian has too little data but not removing it because it is the last Gaussian: i = 0, occ = 0, weight = 1
WARNING (gmm-est[5.5.1013~6-d787]:MleDiagGmmUpdate():mle-diag-gmm.cc:365) Gaussian has too little data but not removing it because it is the last Gaussian: i = 0, occ = 0, weight = 1
WARNING (gmm-est[5.5.1013~6-d787]:MleDiagGmmUpdate():mle-diag-gmm.cc:365) Gaussian has too little data but not removing it because it is the last Gaussian: i = 0, occ = 0, weight = 1
WARNING (gmm-est[5.5.1013~6-d787]:MleDiagGmmUpdate():mle-diag-gmm.cc:365) Gaussian has too little data but not removing it because it is the last Gaussian: i = 0, occ = 0, weight = 1
LOG (gmm-est[5.5.1013~6-d787]:MleAmDiagGmmUpdate():mle-am-diag-gmm.cc:225) 0 variance elements floored in 0 Gaussians, out of 202
LOG (gmm-est[5.5.1013~6-d787]:MleAmDiagGmmUpdate():mle-am-diag-gmm.cc:229) Removed 0 Gaussians due to counts < --min-gaussian-occupancy=10 and --remove-low-count-gaussians=true
LOG (gmm-est[5.5.1013~6-d787]:main():gmm-est.cc:113) GMM update: Overall 0.540676 objective function improvement per frame over 26233 frames
LOG (gmm-est[5.5.1013~6-d787]:main():gmm-est.cc:116) GMM update: Overall avg like per frame = -158.728 over 26233 frames.
LOG (gmm-est[5.5.1013~6-d787]:SplitByCount():am-diag-gmm.cc:116) Split 82 states with target = 232, power = 0.25, perturb_factor = 0.01 and min_count = 20, split #Gauss from 202 to 232
LOG (gmm-est[5.5.1013~6-d787]:main():gmm-est.cc:146) Written model to exp/mono/7.mdl
# Accounting: time=0 threads=1
# Ended (code 0) at Fri Apr 22 16:25:53 CDT 2022, elapsed time 0 seconds
