# lattice-best-path --lm-scale=8 --word-symbol-table=exp/tri3a/graph/words.txt "ark:gunzip -c exp/tri3a/decode/lat.*.gz|" ark,t:exp/tri3a/decode/scoring/8.tra 
# Started at Fri Apr 22 16:27:30 CDT 2022
#
lattice-best-path --lm-scale=8 --word-symbol-table=exp/tri3a/graph/words.txt 'ark:gunzip -c exp/tri3a/decode/lat.*.gz|' ark,t:exp/tri3a/decode/scoring/8.tra 
LOG (lattice-best-path[5.5.1013~6-d787]:main():lattice-best-path.cc:99) For utterance sess5_down_0, best cost 65.6037 + 3108.37 = 3173.97 over 49 frames.
sess5_down_0 down 
LOG (lattice-best-path[5.5.1013~6-d787]:main():lattice-best-path.cc:99) For utterance sess5_down_1, best cost 66.8316 + 4020.78 = 4087.61 over 64 frames.
sess5_down_1 down 
LOG (lattice-best-path[5.5.1013~6-d787]:main():lattice-best-path.cc:99) For utterance sess5_down_2, best cost 70.9086 + 3220.89 = 3291.8 over 52 frames.
sess5_down_2 down 
LOG (lattice-best-path[5.5.1013~6-d787]:main():lattice-best-path.cc:99) For utterance sess5_down_3, best cost 68.5264 + 3471.64 = 3540.16 over 54 frames.
sess5_down_3 down 
LOG (lattice-best-path[5.5.1013~6-d787]:main():lattice-best-path.cc:99) For utterance sess5_down_4, best cost 69.4525 + 3193.08 = 3262.53 over 51 frames.
sess5_down_4 down 
LOG (lattice-best-path[5.5.1013~6-d787]:main():lattice-best-path.cc:99) For utterance sess5_eight_0, best cost 68.8022 + 3285.06 = 3353.86 over 52 frames.
sess5_eight_0 eight 
LOG (lattice-best-path[5.5.1013~6-d787]:main():lattice-best-path.cc:99) For utterance sess5_eight_1, best cost 67.5982 + 3315.61 = 3383.21 over 54 frames.
sess5_eight_1 eight 
LOG (lattice-best-path[5.5.1013~6-d787]:main():lattice-best-path.cc:99) For utterance sess5_eight_2, best cost 66.2414 + 2947.89 = 3014.13 over 47 frames.
sess5_eight_2 eight 
LOG (lattice-best-path[5.5.1013~6-d787]:main():lattice-best-path.cc:99) For utterance sess5_eight_3, best cost 64.1846 + 2928.84 = 2993.03 over 47 frames.
sess5_eight_3 eight 
LOG (lattice-best-path[5.5.1013~6-d787]:main():lattice-best-path.cc:99) For utterance sess5_eight_4, best cost 68.6437 + 3703.12 = 3771.76 over 59 frames.
sess5_eight_4 eight 
LOG (lattice-best-path[5.5.1013~6-d787]:main():lattice-best-path.cc:99) For utterance sess5_five_0, best cost 66.9824 + 3378.38 = 3445.36 over 53 frames.
sess5_five_0 five 
LOG (lattice-best-path[5.5.1013~6-d787]:main():lattice-best-path.cc:99) For utterance sess5_five_1, best cost 66.9933 + 3870.61 = 3937.6 over 60 frames.
sess5_five_1 five 
LOG (lattice-best-path[5.5.1013~6-d787]:main():lattice-best-path.cc:99) For utterance sess5_five_2, best cost 66.3718 + 3589.02 = 3655.39 over 55 frames.
sess5_five_2 five 
LOG (lattice-best-path[5.5.1013~6-d787]:main():lattice-best-path.cc:99) For utterance sess5_five_3, best cost 65.7009 + 3066.5 = 3132.2 over 51 frames.
sess5_five_3 five 
LOG (lattice-best-path[5.5.1013~6-d787]:main():lattice-best-path.cc:99) For utterance sess5_five_4, best cost 67.205 + 3900.46 = 3967.67 over 60 frames.
sess5_five_4 five 
LOG (lattice-best-path[5.5.1013~6-d787]:main():lattice-best-path.cc:99) For utterance sess5_four_0, best cost 69.5022 + 3512.89 = 3582.4 over 54 frames.
sess5_four_0 four 
LOG (lattice-best-path[5.5.1013~6-d787]:main():lattice-best-path.cc:99) For utterance sess5_four_1, best cost 71.5277 + 4508.21 = 4579.74 over 74 frames.
sess5_four_1 four 
LOG (lattice-best-path[5.5.1013~6-d787]:main():lattice-best-path.cc:99) For utterance sess5_four_2, best cost 67.8603 + 3791.05 = 3858.92 over 60 frames.
sess5_four_2 four 
LOG (lattice-best-path[5.5.1013~6-d787]:main():lattice-best-path.cc:99) For utterance sess5_four_3, best cost 69.7864 + 3930.29 = 4000.08 over 64 frames.
sess5_four_3 four 
LOG (lattice-best-path[5.5.1013~6-d787]:main():lattice-best-path.cc:99) For utterance sess5_four_4, best cost 67.6037 + 3815.99 = 3883.59 over 61 frames.
sess5_four_4 four 
LOG (lattice-best-path[5.5.1013~6-d787]:main():lattice-best-path.cc:99) For utterance sess5_left_0, best cost 70.7096 + 3294.59 = 3365.3 over 52 frames.
sess5_left_0 left 
LOG (lattice-best-path[5.5.1013~6-d787]:main():lattice-best-path.cc:99) For utterance sess5_left_1, best cost 66.5514 + 3369.6 = 3436.15 over 55 frames.
sess5_left_1 left 
LOG (lattice-best-path[5.5.1013~6-d787]:main():lattice-best-path.cc:99) For utterance sess5_left_2, best cost 66.8078 + 3792.52 = 3859.33 over 57 frames.
sess5_left_2 left 
LOG (lattice-best-path[5.5.1013~6-d787]:main():lattice-best-path.cc:99) For utterance sess5_left_3, best cost 64.9962 + 3112.5 = 3177.5 over 52 frames.
sess5_left_3 left 
LOG (lattice-best-path[5.5.1013~6-d787]:main():lattice-best-path.cc:99) For utterance sess5_left_4, best cost 65.8771 + 3329.23 = 3395.1 over 57 frames.
sess5_left_4 left 
LOG (lattice-best-path[5.5.1013~6-d787]:main():lattice-best-path.cc:99) For utterance sess5_nine_0, best cost 68.4028 + 3409.67 = 3478.07 over 54 frames.
sess5_nine_0 nine 
LOG (lattice-best-path[5.5.1013~6-d787]:main():lattice-best-path.cc:99) For utterance sess5_nine_1, best cost 67.1505 + 3116.17 = 3183.32 over 53 frames.
sess5_nine_1 nine 
LOG (lattice-best-path[5.5.1013~6-d787]:main():lattice-best-path.cc:99) For utterance sess5_nine_2, best cost 65.5235 + 3060.02 = 3125.54 over 51 frames.
sess5_nine_2 nine 
LOG (lattice-best-path[5.5.1013~6-d787]:main():lattice-best-path.cc:99) For utterance sess5_nine_3, best cost 71.2655 + 3767.87 = 3839.13 over 59 frames.
sess5_nine_3 nine 
LOG (lattice-best-path[5.5.1013~6-d787]:main():lattice-best-path.cc:99) For utterance sess5_nine_4, best cost 67.2011 + 3757.36 = 3824.56 over 56 frames.
sess5_nine_4 nine 
LOG (lattice-best-path[5.5.1013~6-d787]:main():lattice-best-path.cc:99) For utterance sess5_one_0, best cost 70.2102 + 3269.37 = 3339.58 over 54 frames.
sess5_one_0 one 
LOG (lattice-best-path[5.5.1013~6-d787]:main():lattice-best-path.cc:99) For utterance sess5_one_1, best cost 65.9961 + 3449.95 = 3515.95 over 53 frames.
sess5_one_1 one 
LOG (lattice-best-path[5.5.1013~6-d787]:main():lattice-best-path.cc:99) For utterance sess5_one_2, best cost 64.7542 + 3385.97 = 3450.72 over 55 frames.
sess5_one_2 one 
LOG (lattice-best-path[5.5.1013~6-d787]:main():lattice-best-path.cc:99) For utterance sess5_one_3, best cost 68.5326 + 3220.4 = 3288.94 over 52 frames.
sess5_one_3 one 
LOG (lattice-best-path[5.5.1013~6-d787]:main():lattice-best-path.cc:99) For utterance sess5_one_4, best cost 67.2002 + 3363.45 = 3430.66 over 54 frames.
sess5_one_4 one 
LOG (lattice-best-path[5.5.1013~6-d787]:main():lattice-best-path.cc:99) For utterance sess5_right_0, best cost 110.754 + 3919.47 = 4030.22 over 63 frames.
sess5_right_0 right nine 
LOG (lattice-best-path[5.5.1013~6-d787]:main():lattice-best-path.cc:99) For utterance sess5_right_1, best cost 72.1252 + 3297.8 = 3369.93 over 55 frames.
sess5_right_1 right 
LOG (lattice-best-path[5.5.1013~6-d787]:main():lattice-best-path.cc:99) For utterance sess5_right_2, best cost 67.492 + 3275.45 = 3342.94 over 51 frames.
sess5_right_2 right 
LOG (lattice-best-path[5.5.1013~6-d787]:main():lattice-best-path.cc:99) For utterance sess5_right_3, best cost 72.0326 + 3779.39 = 3851.42 over 62 frames.
sess5_right_3 right 
LOG (lattice-best-path[5.5.1013~6-d787]:main():lattice-best-path.cc:99) For utterance sess5_right_4, best cost 66.1935 + 3817.12 = 3883.32 over 61 frames.
sess5_right_4 right 
LOG (lattice-best-path[5.5.1013~6-d787]:main():lattice-best-path.cc:99) For utterance sess5_seven_0, best cost 67.4146 + 3311.25 = 3378.66 over 53 frames.
sess5_seven_0 seven 
LOG (lattice-best-path[5.5.1013~6-d787]:main():lattice-best-path.cc:99) For utterance sess5_seven_1, best cost 74.5069 + 3656.1 = 3730.61 over 60 frames.
sess5_seven_1 seven 
LOG (lattice-best-path[5.5.1013~6-d787]:main():lattice-best-path.cc:99) For utterance sess5_seven_2, best cost 68.6348 + 3366.08 = 3434.72 over 57 frames.
sess5_seven_2 seven 
LOG (lattice-best-path[5.5.1013~6-d787]:main():lattice-best-path.cc:99) For utterance sess5_seven_3, best cost 26.5165 + 1990.86 = 2017.37 over 26 frames.
sess5_seven_3 
LOG (lattice-best-path[5.5.1013~6-d787]:main():lattice-best-path.cc:99) For utterance sess5_seven_4, best cost 68.2664 + 3416.02 = 3484.28 over 55 frames.
sess5_seven_4 seven 
LOG (lattice-best-path[5.5.1013~6-d787]:main():lattice-best-path.cc:99) For utterance sess5_six_0, best cost 68.9339 + 3187.3 = 3256.24 over 50 frames.
sess5_six_0 six 
LOG (lattice-best-path[5.5.1013~6-d787]:main():lattice-best-path.cc:99) For utterance sess5_six_1, best cost 70.4073 + 3254.48 = 3324.88 over 55 frames.
sess5_six_1 six 
LOG (lattice-best-path[5.5.1013~6-d787]:main():lattice-best-path.cc:99) For utterance sess5_six_2, best cost 64.6354 + 2935.73 = 3000.37 over 45 frames.
sess5_six_2 six 
LOG (lattice-best-path[5.5.1013~6-d787]:main():lattice-best-path.cc:99) For utterance sess5_six_3, best cost 64.8422 + 3223.79 = 3288.63 over 51 frames.
sess5_six_3 six 
LOG (lattice-best-path[5.5.1013~6-d787]:main():lattice-best-path.cc:99) For utterance sess5_six_4, best cost 69.1683 + 3801.3 = 3870.47 over 60 frames.
sess5_six_4 six 
LOG (lattice-best-path[5.5.1013~6-d787]:main():lattice-best-path.cc:99) For utterance sess5_three_0, best cost 68.2511 + 3612 = 3680.25 over 58 frames.
sess5_three_0 three 
LOG (lattice-best-path[5.5.1013~6-d787]:main():lattice-best-path.cc:99) For utterance sess5_three_1, best cost 67.5224 + 3159.74 = 3227.26 over 50 frames.
sess5_three_1 three 
LOG (lattice-best-path[5.5.1013~6-d787]:main():lattice-best-path.cc:99) For utterance sess5_three_2, best cost 71.9589 + 3941.6 = 4013.56 over 61 frames.
sess5_three_2 three 
LOG (lattice-best-path[5.5.1013~6-d787]:main():lattice-best-path.cc:99) For utterance sess5_three_3, best cost 69.0077 + 3998.13 = 4067.14 over 61 frames.
sess5_three_3 three 
LOG (lattice-best-path[5.5.1013~6-d787]:main():lattice-best-path.cc:99) For utterance sess5_three_4, best cost 69.3766 + 4114.16 = 4183.53 over 65 frames.
sess5_three_4 three 
LOG (lattice-best-path[5.5.1013~6-d787]:main():lattice-best-path.cc:99) For utterance sess5_two_0, best cost 63.8423 + 3327.47 = 3391.31 over 54 frames.
sess5_two_0 two 
LOG (lattice-best-path[5.5.1013~6-d787]:main():lattice-best-path.cc:99) For utterance sess5_two_1, best cost 65.0413 + 3995.99 = 4061.03 over 63 frames.
sess5_two_1 two 
LOG (lattice-best-path[5.5.1013~6-d787]:main():lattice-best-path.cc:99) For utterance sess5_two_2, best cost 64.2146 + 3623.36 = 3687.58 over 59 frames.
sess5_two_2 two 
LOG (lattice-best-path[5.5.1013~6-d787]:main():lattice-best-path.cc:99) For utterance sess5_two_3, best cost 59.1579 + 2791.78 = 2850.94 over 45 frames.
sess5_two_3 two 
LOG (lattice-best-path[5.5.1013~6-d787]:main():lattice-best-path.cc:99) For utterance sess5_two_4, best cost 65.1628 + 3552 = 3617.17 over 57 frames.
sess5_two_4 two 
LOG (lattice-best-path[5.5.1013~6-d787]:main():lattice-best-path.cc:99) For utterance sess5_up_0, best cost 64.9361 + 3095.27 = 3160.21 over 49 frames.
sess5_up_0 up 
LOG (lattice-best-path[5.5.1013~6-d787]:main():lattice-best-path.cc:99) For utterance sess5_up_1, best cost 61.0989 + 3165.14 = 3226.24 over 50 frames.
sess5_up_1 up 
LOG (lattice-best-path[5.5.1013~6-d787]:main():lattice-best-path.cc:99) For utterance sess5_up_2, best cost 66.892 + 3290.5 = 3357.4 over 52 frames.
sess5_up_2 up 
LOG (lattice-best-path[5.5.1013~6-d787]:main():lattice-best-path.cc:99) For utterance sess5_up_3, best cost 60.7264 + 3318.34 = 3379.07 over 51 frames.
sess5_up_3 up 
LOG (lattice-best-path[5.5.1013~6-d787]:main():lattice-best-path.cc:99) For utterance sess5_up_4, best cost 60.5585 + 2958.87 = 3019.43 over 47 frames.
sess5_up_4 up 
LOG (lattice-best-path[5.5.1013~6-d787]:main():lattice-best-path.cc:99) For utterance sess5_zero_0, best cost 66.4324 + 3104.81 = 3171.24 over 47 frames.
sess5_zero_0 zero 
LOG (lattice-best-path[5.5.1013~6-d787]:main():lattice-best-path.cc:99) For utterance sess5_zero_1, best cost 71.813 + 4055.32 = 4127.13 over 63 frames.
sess5_zero_1 zero 
LOG (lattice-best-path[5.5.1013~6-d787]:main():lattice-best-path.cc:99) For utterance sess5_zero_2, best cost 66.413 + 3987.32 = 4053.73 over 62 frames.
sess5_zero_2 zero 
LOG (lattice-best-path[5.5.1013~6-d787]:main():lattice-best-path.cc:99) For utterance sess5_zero_3, best cost 71.0944 + 3664.87 = 3735.97 over 55 frames.
sess5_zero_3 zero 
LOG (lattice-best-path[5.5.1013~6-d787]:main():lattice-best-path.cc:99) For utterance sess5_zero_4, best cost 67.5441 + 3952.63 = 4020.17 over 61 frames.
sess5_zero_4 zero 
LOG (lattice-best-path[5.5.1013~6-d787]:main():lattice-best-path.cc:124) Overall cost per frame is 64.1515 = 1.22642 [graph] + 62.9251 [acoustic] over 3849 frames.
LOG (lattice-best-path[5.5.1013~6-d787]:main():lattice-best-path.cc:128) Done 70 lattices, failed for 0
# Accounting: time=0 threads=1
# Ended (code 0) at Fri Apr 22 16:27:30 CDT 2022, elapsed time 0 seconds
