# lattice-best-path --lm-scale=5 --word-symbol-table=exp/tri3a/graph/words.txt "ark:gunzip -c exp/tri3a/decode/lat.*.gz|" ark,t:exp/tri3a/decode/scoring/5.tra 
# Started at Fri Apr 22 18:09:58 CDT 2022
#
lattice-best-path --lm-scale=5 --word-symbol-table=exp/tri3a/graph/words.txt 'ark:gunzip -c exp/tri3a/decode/lat.*.gz|' ark,t:exp/tri3a/decode/scoring/5.tra 
LOG (lattice-best-path[5.5.1013~6-d787]:main():lattice-best-path.cc:99) For utterance sess8_down_0, best cost 45.8552 + 3529.19 = 3575.05 over 56 frames.
sess8_down_0 down 
LOG (lattice-best-path[5.5.1013~6-d787]:main():lattice-best-path.cc:99) For utterance sess8_down_1, best cost 45.4989 + 3917.48 = 3962.98 over 70 frames.
sess8_down_1 down 
LOG (lattice-best-path[5.5.1013~6-d787]:main():lattice-best-path.cc:99) For utterance sess8_down_2, best cost 45.4281 + 3531.82 = 3577.24 over 63 frames.
sess8_down_2 down 
LOG (lattice-best-path[5.5.1013~6-d787]:main():lattice-best-path.cc:99) For utterance sess8_down_3, best cost 42.4042 + 3202.02 = 3244.43 over 58 frames.
sess8_down_3 down 
LOG (lattice-best-path[5.5.1013~6-d787]:main():lattice-best-path.cc:99) For utterance sess8_down_4, best cost 45.4671 + 3577.32 = 3622.78 over 60 frames.
sess8_down_4 down 
LOG (lattice-best-path[5.5.1013~6-d787]:main():lattice-best-path.cc:99) For utterance sess8_eight_0, best cost 39.624 + 3225.71 = 3265.33 over 53 frames.
sess8_eight_0 eight 
LOG (lattice-best-path[5.5.1013~6-d787]:main():lattice-best-path.cc:99) For utterance sess8_eight_1, best cost 42.8993 + 3059.92 = 3102.82 over 51 frames.
sess8_eight_1 eight 
LOG (lattice-best-path[5.5.1013~6-d787]:main():lattice-best-path.cc:99) For utterance sess8_eight_2, best cost 43.6495 + 3478.05 = 3521.7 over 62 frames.
sess8_eight_2 eight 
LOG (lattice-best-path[5.5.1013~6-d787]:main():lattice-best-path.cc:99) For utterance sess8_eight_3, best cost 41.9119 + 3429.2 = 3471.11 over 60 frames.
sess8_eight_3 eight 
LOG (lattice-best-path[5.5.1013~6-d787]:main():lattice-best-path.cc:99) For utterance sess8_eight_4, best cost 43.6655 + 3211.18 = 3254.85 over 57 frames.
sess8_eight_4 eight 
LOG (lattice-best-path[5.5.1013~6-d787]:main():lattice-best-path.cc:99) For utterance sess8_five_0, best cost 43.5289 + 3650.26 = 3693.79 over 61 frames.
sess8_five_0 five 
LOG (lattice-best-path[5.5.1013~6-d787]:main():lattice-best-path.cc:99) For utterance sess8_five_1, best cost 41.9984 + 3491.99 = 3533.99 over 60 frames.
sess8_five_1 five 
LOG (lattice-best-path[5.5.1013~6-d787]:main():lattice-best-path.cc:99) For utterance sess8_five_2, best cost 42.2355 + 3495.12 = 3537.35 over 57 frames.
sess8_five_2 five 
LOG (lattice-best-path[5.5.1013~6-d787]:main():lattice-best-path.cc:99) For utterance sess8_five_3, best cost 42.2871 + 3407.66 = 3449.95 over 59 frames.
sess8_five_3 five 
LOG (lattice-best-path[5.5.1013~6-d787]:main():lattice-best-path.cc:99) For utterance sess8_five_4, best cost 43.1575 + 3394.01 = 3437.17 over 59 frames.
sess8_five_4 five 
LOG (lattice-best-path[5.5.1013~6-d787]:main():lattice-best-path.cc:99) For utterance sess8_four_0, best cost 50.4895 + 4218.13 = 4268.62 over 61 frames.
sess8_four_0 four 
LOG (lattice-best-path[5.5.1013~6-d787]:main():lattice-best-path.cc:99) For utterance sess8_four_1, best cost 41.006 + 3523.52 = 3564.52 over 58 frames.
sess8_four_1 four 
LOG (lattice-best-path[5.5.1013~6-d787]:main():lattice-best-path.cc:99) For utterance sess8_four_2, best cost 69.7986 + 4219.06 = 4288.86 over 69 frames.
sess8_four_2 four right 
LOG (lattice-best-path[5.5.1013~6-d787]:main():lattice-best-path.cc:99) For utterance sess8_four_3, best cost 42.6011 + 3906.7 = 3949.3 over 64 frames.
sess8_four_3 four 
LOG (lattice-best-path[5.5.1013~6-d787]:main():lattice-best-path.cc:99) For utterance sess8_four_4, best cost 44.2865 + 4008.74 = 4053.03 over 66 frames.
sess8_four_4 four 
LOG (lattice-best-path[5.5.1013~6-d787]:main():lattice-best-path.cc:99) For utterance sess8_left_0, best cost 41.1262 + 3275.4 = 3316.53 over 59 frames.
sess8_left_0 left 
LOG (lattice-best-path[5.5.1013~6-d787]:main():lattice-best-path.cc:99) For utterance sess8_left_1, best cost 42.6 + 3220.32 = 3262.92 over 56 frames.
sess8_left_1 left 
LOG (lattice-best-path[5.5.1013~6-d787]:main():lattice-best-path.cc:99) For utterance sess8_left_2, best cost 44.0993 + 3433.19 = 3477.29 over 59 frames.
sess8_left_2 left 
LOG (lattice-best-path[5.5.1013~6-d787]:main():lattice-best-path.cc:99) For utterance sess8_left_3, best cost 45.2434 + 3636.06 = 3681.3 over 63 frames.
sess8_left_3 left 
LOG (lattice-best-path[5.5.1013~6-d787]:main():lattice-best-path.cc:99) For utterance sess8_left_4, best cost 44.6932 + 3262.16 = 3306.85 over 56 frames.
sess8_left_4 left 
LOG (lattice-best-path[5.5.1013~6-d787]:main():lattice-best-path.cc:99) For utterance sess8_nine_0, best cost 42.8209 + 3959.19 = 4002.01 over 65 frames.
sess8_nine_0 nine 
LOG (lattice-best-path[5.5.1013~6-d787]:main():lattice-best-path.cc:99) For utterance sess8_nine_1, best cost 42.2266 + 3338.93 = 3381.16 over 60 frames.
sess8_nine_1 nine 
LOG (lattice-best-path[5.5.1013~6-d787]:main():lattice-best-path.cc:99) For utterance sess8_nine_2, best cost 42.9222 + 3792.43 = 3835.36 over 65 frames.
sess8_nine_2 nine 
LOG (lattice-best-path[5.5.1013~6-d787]:main():lattice-best-path.cc:99) For utterance sess8_nine_3, best cost 42.6061 + 3394.65 = 3437.25 over 55 frames.
sess8_nine_3 nine 
LOG (lattice-best-path[5.5.1013~6-d787]:main():lattice-best-path.cc:99) For utterance sess8_nine_4, best cost 43.6775 + 2983.07 = 3026.75 over 50 frames.
sess8_nine_4 nine 
LOG (lattice-best-path[5.5.1013~6-d787]:main():lattice-best-path.cc:99) For utterance sess8_one_0, best cost 40.6014 + 3766.15 = 3806.75 over 62 frames.
sess8_one_0 one 
LOG (lattice-best-path[5.5.1013~6-d787]:main():lattice-best-path.cc:99) For utterance sess8_one_1, best cost 42.1586 + 4039.24 = 4081.4 over 68 frames.
sess8_one_1 one 
LOG (lattice-best-path[5.5.1013~6-d787]:main():lattice-best-path.cc:99) For utterance sess8_one_2, best cost 45.4263 + 4526.63 = 4572.06 over 74 frames.
sess8_one_2 one 
LOG (lattice-best-path[5.5.1013~6-d787]:main():lattice-best-path.cc:99) For utterance sess8_one_3, best cost 41.3486 + 3443.39 = 3484.74 over 57 frames.
sess8_one_3 one 
LOG (lattice-best-path[5.5.1013~6-d787]:main():lattice-best-path.cc:99) For utterance sess8_one_4, best cost 42.7847 + 3353.09 = 3395.88 over 57 frames.
sess8_one_4 one 
LOG (lattice-best-path[5.5.1013~6-d787]:main():lattice-best-path.cc:99) For utterance sess8_right_0, best cost 52.1991 + 4823.58 = 4875.78 over 67 frames.
sess8_right_0 right 
LOG (lattice-best-path[5.5.1013~6-d787]:main():lattice-best-path.cc:99) For utterance sess8_right_1, best cost 42.1406 + 4010.61 = 4052.75 over 68 frames.
sess8_right_1 right 
LOG (lattice-best-path[5.5.1013~6-d787]:main():lattice-best-path.cc:99) For utterance sess8_right_2, best cost 44.2178 + 3544.13 = 3588.35 over 60 frames.
sess8_right_2 right 
LOG (lattice-best-path[5.5.1013~6-d787]:main():lattice-best-path.cc:99) For utterance sess8_right_3, best cost 41.5894 + 3497.29 = 3538.88 over 57 frames.
sess8_right_3 right 
LOG (lattice-best-path[5.5.1013~6-d787]:main():lattice-best-path.cc:99) For utterance sess8_right_4, best cost 41.5406 + 3754.48 = 3796.02 over 64 frames.
sess8_right_4 right 
LOG (lattice-best-path[5.5.1013~6-d787]:main():lattice-best-path.cc:99) For utterance sess8_seven_0, best cost 43.3723 + 3367.71 = 3411.08 over 55 frames.
sess8_seven_0 seven 
LOG (lattice-best-path[5.5.1013~6-d787]:main():lattice-best-path.cc:99) For utterance sess8_seven_1, best cost 44.7269 + 3706.92 = 3751.64 over 62 frames.
sess8_seven_1 seven 
LOG (lattice-best-path[5.5.1013~6-d787]:main():lattice-best-path.cc:99) For utterance sess8_seven_2, best cost 46.234 + 3629.87 = 3676.11 over 61 frames.
sess8_seven_2 seven 
LOG (lattice-best-path[5.5.1013~6-d787]:main():lattice-best-path.cc:99) For utterance sess8_seven_3, best cost 44.921 + 3567.57 = 3612.49 over 59 frames.
sess8_seven_3 seven 
LOG (lattice-best-path[5.5.1013~6-d787]:main():lattice-best-path.cc:99) For utterance sess8_seven_4, best cost 44.6625 + 3565.63 = 3610.29 over 61 frames.
sess8_seven_4 seven 
LOG (lattice-best-path[5.5.1013~6-d787]:main():lattice-best-path.cc:99) For utterance sess8_six_0, best cost 43.9009 + 3649.05 = 3692.95 over 64 frames.
sess8_six_0 six 
LOG (lattice-best-path[5.5.1013~6-d787]:main():lattice-best-path.cc:99) For utterance sess8_six_1, best cost 45.0289 + 4089.98 = 4135.01 over 67 frames.
sess8_six_1 six 
LOG (lattice-best-path[5.5.1013~6-d787]:main():lattice-best-path.cc:99) For utterance sess8_six_2, best cost 42.7359 + 3190.29 = 3233.03 over 54 frames.
sess8_six_2 six 
LOG (lattice-best-path[5.5.1013~6-d787]:main():lattice-best-path.cc:99) For utterance sess8_six_3, best cost 45.5321 + 3796.11 = 3841.64 over 64 frames.
sess8_six_3 six 
LOG (lattice-best-path[5.5.1013~6-d787]:main():lattice-best-path.cc:99) For utterance sess8_six_4, best cost 43.6213 + 4073.29 = 4116.91 over 66 frames.
sess8_six_4 six 
LOG (lattice-best-path[5.5.1013~6-d787]:main():lattice-best-path.cc:99) For utterance sess8_three_0, best cost 45.8273 + 3813.52 = 3859.34 over 59 frames.
sess8_three_0 three 
LOG (lattice-best-path[5.5.1013~6-d787]:main():lattice-best-path.cc:99) For utterance sess8_three_1, best cost 42.6636 + 3757.08 = 3799.74 over 62 frames.
sess8_three_1 three 
LOG (lattice-best-path[5.5.1013~6-d787]:main():lattice-best-path.cc:99) For utterance sess8_three_2, best cost 44.1301 + 3969.79 = 4013.92 over 67 frames.
sess8_three_2 three 
LOG (lattice-best-path[5.5.1013~6-d787]:main():lattice-best-path.cc:99) For utterance sess8_three_3, best cost 43.1867 + 3724.92 = 3768.11 over 65 frames.
sess8_three_3 three 
LOG (lattice-best-path[5.5.1013~6-d787]:main():lattice-best-path.cc:99) For utterance sess8_three_4, best cost 45.8349 + 4198.19 = 4244.03 over 72 frames.
sess8_three_4 three 
LOG (lattice-best-path[5.5.1013~6-d787]:main():lattice-best-path.cc:99) For utterance sess8_two_0, best cost 41.4555 + 3634.97 = 3676.43 over 62 frames.
sess8_two_0 two 
LOG (lattice-best-path[5.5.1013~6-d787]:main():lattice-best-path.cc:99) For utterance sess8_two_1, best cost 63.1226 + 3556.02 = 3619.14 over 58 frames.
sess8_two_1 two two 
LOG (lattice-best-path[5.5.1013~6-d787]:main():lattice-best-path.cc:99) For utterance sess8_two_2, best cost 39.6781 + 3340.51 = 3380.19 over 57 frames.
sess8_two_2 two 
LOG (lattice-best-path[5.5.1013~6-d787]:main():lattice-best-path.cc:99) For utterance sess8_two_3, best cost 36.9676 + 3176.62 = 3213.59 over 54 frames.
sess8_two_3 two 
LOG (lattice-best-path[5.5.1013~6-d787]:main():lattice-best-path.cc:99) For utterance sess8_two_4, best cost 40.8976 + 3472.02 = 3512.92 over 59 frames.
sess8_two_4 two 
LOG (lattice-best-path[5.5.1013~6-d787]:main():lattice-best-path.cc:99) For utterance sess8_up_0, best cost 42.0313 + 3288.01 = 3330.04 over 54 frames.
sess8_up_0 up 
LOG (lattice-best-path[5.5.1013~6-d787]:main():lattice-best-path.cc:99) For utterance sess8_up_1, best cost 64.5891 + 3387.2 = 3451.79 over 58 frames.
sess8_up_1 up nine 
LOG (lattice-best-path[5.5.1013~6-d787]:main():lattice-best-path.cc:99) For utterance sess8_up_2, best cost 41.8386 + 3768.16 = 3810 over 63 frames.
sess8_up_2 up 
LOG (lattice-best-path[5.5.1013~6-d787]:main():lattice-best-path.cc:99) For utterance sess8_up_3, best cost 63.6274 + 4048.99 = 4112.62 over 65 frames.
sess8_up_3 up eight 
LOG (lattice-best-path[5.5.1013~6-d787]:main():lattice-best-path.cc:99) For utterance sess8_up_4, best cost 41.6056 + 3311.42 = 3353.03 over 59 frames.
sess8_up_4 up 
LOG (lattice-best-path[5.5.1013~6-d787]:main():lattice-best-path.cc:99) For utterance sess8_zero_0, best cost 44.3554 + 3582.45 = 3626.81 over 62 frames.
sess8_zero_0 zero 
LOG (lattice-best-path[5.5.1013~6-d787]:main():lattice-best-path.cc:99) For utterance sess8_zero_1, best cost 42.6299 + 3798.63 = 3841.26 over 62 frames.
sess8_zero_1 zero 
LOG (lattice-best-path[5.5.1013~6-d787]:main():lattice-best-path.cc:99) For utterance sess8_zero_2, best cost 44.7787 + 3822.54 = 3867.32 over 63 frames.
sess8_zero_2 zero 
LOG (lattice-best-path[5.5.1013~6-d787]:main():lattice-best-path.cc:99) For utterance sess8_zero_3, best cost 40.7566 + 3368.76 = 3409.51 over 56 frames.
sess8_zero_3 zero 
LOG (lattice-best-path[5.5.1013~6-d787]:main():lattice-best-path.cc:99) For utterance sess8_zero_4, best cost 41.0004 + 2874.38 = 2915.38 over 45 frames.
sess8_zero_4 zero 
LOG (lattice-best-path[5.5.1013~6-d787]:main():lattice-best-path.cc:124) Overall cost per frame is 60.4058 = 0.735564 [graph] + 59.6703 [acoustic] over 4241 frames.
LOG (lattice-best-path[5.5.1013~6-d787]:main():lattice-best-path.cc:128) Done 70 lattices, failed for 0
# Accounting: time=0 threads=1
# Ended (code 0) at Fri Apr 22 18:09:58 CDT 2022, elapsed time 0 seconds
