# lattice-best-path --lm-scale=6 --word-symbol-table=exp/tri3a/graph/words.txt "ark:gunzip -c exp/tri3a/decode/lat.*.gz|" ark,t:exp/tri3a/decode/scoring/6.tra 
# Started at Fri Apr 22 18:09:58 CDT 2022
#
lattice-best-path --lm-scale=6 --word-symbol-table=exp/tri3a/graph/words.txt 'ark:gunzip -c exp/tri3a/decode/lat.*.gz|' ark,t:exp/tri3a/decode/scoring/6.tra 
LOG (lattice-best-path[5.5.1013~6-d787]:main():lattice-best-path.cc:99) For utterance sess8_down_0, best cost 55.0263 + 3529.19 = 3584.22 over 56 frames.
sess8_down_0 down 
LOG (lattice-best-path[5.5.1013~6-d787]:main():lattice-best-path.cc:99) For utterance sess8_down_1, best cost 54.5987 + 3917.48 = 3972.08 over 70 frames.
sess8_down_1 down 
LOG (lattice-best-path[5.5.1013~6-d787]:main():lattice-best-path.cc:99) For utterance sess8_down_2, best cost 54.5137 + 3531.82 = 3586.33 over 63 frames.
sess8_down_2 down 
LOG (lattice-best-path[5.5.1013~6-d787]:main():lattice-best-path.cc:99) For utterance sess8_down_3, best cost 50.885 + 3202.02 = 3252.91 over 58 frames.
sess8_down_3 down 
LOG (lattice-best-path[5.5.1013~6-d787]:main():lattice-best-path.cc:99) For utterance sess8_down_4, best cost 54.5605 + 3577.32 = 3631.88 over 60 frames.
sess8_down_4 down 
LOG (lattice-best-path[5.5.1013~6-d787]:main():lattice-best-path.cc:99) For utterance sess8_eight_0, best cost 47.5487 + 3225.71 = 3273.26 over 53 frames.
sess8_eight_0 eight 
LOG (lattice-best-path[5.5.1013~6-d787]:main():lattice-best-path.cc:99) For utterance sess8_eight_1, best cost 51.4792 + 3059.92 = 3111.4 over 51 frames.
sess8_eight_1 eight 
LOG (lattice-best-path[5.5.1013~6-d787]:main():lattice-best-path.cc:99) For utterance sess8_eight_2, best cost 52.3794 + 3478.05 = 3530.43 over 62 frames.
sess8_eight_2 eight 
LOG (lattice-best-path[5.5.1013~6-d787]:main():lattice-best-path.cc:99) For utterance sess8_eight_3, best cost 50.2943 + 3429.2 = 3479.5 over 60 frames.
sess8_eight_3 eight 
LOG (lattice-best-path[5.5.1013~6-d787]:main():lattice-best-path.cc:99) For utterance sess8_eight_4, best cost 52.3986 + 3211.18 = 3263.58 over 57 frames.
sess8_eight_4 eight 
LOG (lattice-best-path[5.5.1013~6-d787]:main():lattice-best-path.cc:99) For utterance sess8_five_0, best cost 52.2346 + 3650.26 = 3702.49 over 61 frames.
sess8_five_0 five 
LOG (lattice-best-path[5.5.1013~6-d787]:main():lattice-best-path.cc:99) For utterance sess8_five_1, best cost 50.3981 + 3491.99 = 3542.39 over 60 frames.
sess8_five_1 five 
LOG (lattice-best-path[5.5.1013~6-d787]:main():lattice-best-path.cc:99) For utterance sess8_five_2, best cost 50.6826 + 3495.12 = 3545.8 over 57 frames.
sess8_five_2 five 
LOG (lattice-best-path[5.5.1013~6-d787]:main():lattice-best-path.cc:99) For utterance sess8_five_3, best cost 50.7445 + 3407.66 = 3458.4 over 59 frames.
sess8_five_3 five 
LOG (lattice-best-path[5.5.1013~6-d787]:main():lattice-best-path.cc:99) For utterance sess8_five_4, best cost 51.789 + 3394.01 = 3445.8 over 59 frames.
sess8_five_4 five 
LOG (lattice-best-path[5.5.1013~6-d787]:main():lattice-best-path.cc:99) For utterance sess8_four_0, best cost 60.5874 + 4218.13 = 4278.72 over 61 frames.
sess8_four_0 four 
LOG (lattice-best-path[5.5.1013~6-d787]:main():lattice-best-path.cc:99) For utterance sess8_four_1, best cost 49.2072 + 3523.52 = 3572.72 over 58 frames.
sess8_four_1 four 
LOG (lattice-best-path[5.5.1013~6-d787]:main():lattice-best-path.cc:99) For utterance sess8_four_2, best cost 83.7584 + 4219.06 = 4302.82 over 69 frames.
sess8_four_2 four right 
LOG (lattice-best-path[5.5.1013~6-d787]:main():lattice-best-path.cc:99) For utterance sess8_four_3, best cost 51.1213 + 3906.7 = 3957.82 over 64 frames.
sess8_four_3 four 
LOG (lattice-best-path[5.5.1013~6-d787]:main():lattice-best-path.cc:99) For utterance sess8_four_4, best cost 53.1438 + 4008.74 = 4061.89 over 66 frames.
sess8_four_4 four 
LOG (lattice-best-path[5.5.1013~6-d787]:main():lattice-best-path.cc:99) For utterance sess8_left_0, best cost 49.3515 + 3275.4 = 3324.76 over 59 frames.
sess8_left_0 left 
LOG (lattice-best-path[5.5.1013~6-d787]:main():lattice-best-path.cc:99) For utterance sess8_left_1, best cost 51.12 + 3220.32 = 3271.44 over 56 frames.
sess8_left_1 left 
LOG (lattice-best-path[5.5.1013~6-d787]:main():lattice-best-path.cc:99) For utterance sess8_left_2, best cost 52.9191 + 3433.19 = 3486.11 over 59 frames.
sess8_left_2 left 
LOG (lattice-best-path[5.5.1013~6-d787]:main():lattice-best-path.cc:99) For utterance sess8_left_3, best cost 54.2921 + 3636.06 = 3690.35 over 63 frames.
sess8_left_3 left 
LOG (lattice-best-path[5.5.1013~6-d787]:main():lattice-best-path.cc:99) For utterance sess8_left_4, best cost 53.6318 + 3262.16 = 3315.79 over 56 frames.
sess8_left_4 left 
LOG (lattice-best-path[5.5.1013~6-d787]:main():lattice-best-path.cc:99) For utterance sess8_nine_0, best cost 51.3851 + 3959.19 = 4010.57 over 65 frames.
sess8_nine_0 nine 
LOG (lattice-best-path[5.5.1013~6-d787]:main():lattice-best-path.cc:99) For utterance sess8_nine_1, best cost 50.6719 + 3338.93 = 3389.6 over 60 frames.
sess8_nine_1 nine 
LOG (lattice-best-path[5.5.1013~6-d787]:main():lattice-best-path.cc:99) For utterance sess8_nine_2, best cost 51.5067 + 3792.43 = 3843.94 over 65 frames.
sess8_nine_2 nine 
LOG (lattice-best-path[5.5.1013~6-d787]:main():lattice-best-path.cc:99) For utterance sess8_nine_3, best cost 51.1273 + 3394.65 = 3445.77 over 55 frames.
sess8_nine_3 nine 
LOG (lattice-best-path[5.5.1013~6-d787]:main():lattice-best-path.cc:99) For utterance sess8_nine_4, best cost 52.413 + 2983.07 = 3035.48 over 50 frames.
sess8_nine_4 nine 
LOG (lattice-best-path[5.5.1013~6-d787]:main():lattice-best-path.cc:99) For utterance sess8_one_0, best cost 48.7217 + 3766.15 = 3814.87 over 62 frames.
sess8_one_0 one 
LOG (lattice-best-path[5.5.1013~6-d787]:main():lattice-best-path.cc:99) For utterance sess8_one_1, best cost 50.5904 + 4039.24 = 4089.83 over 68 frames.
sess8_one_1 one 
LOG (lattice-best-path[5.5.1013~6-d787]:main():lattice-best-path.cc:99) For utterance sess8_one_2, best cost 54.5116 + 4526.63 = 4581.14 over 74 frames.
sess8_one_2 one 
LOG (lattice-best-path[5.5.1013~6-d787]:main():lattice-best-path.cc:99) For utterance sess8_one_3, best cost 49.6184 + 3443.39 = 3493 over 57 frames.
sess8_one_3 one 
LOG (lattice-best-path[5.5.1013~6-d787]:main():lattice-best-path.cc:99) For utterance sess8_one_4, best cost 51.3416 + 3353.09 = 3404.44 over 57 frames.
sess8_one_4 one 
LOG (lattice-best-path[5.5.1013~6-d787]:main():lattice-best-path.cc:99) For utterance sess8_right_0, best cost 62.639 + 4823.58 = 4886.22 over 67 frames.
sess8_right_0 right 
LOG (lattice-best-path[5.5.1013~6-d787]:main():lattice-best-path.cc:99) For utterance sess8_right_1, best cost 50.5688 + 4010.61 = 4061.18 over 68 frames.
sess8_right_1 right 
LOG (lattice-best-path[5.5.1013~6-d787]:main():lattice-best-path.cc:99) For utterance sess8_right_2, best cost 53.0614 + 3544.13 = 3597.19 over 60 frames.
sess8_right_2 right 
LOG (lattice-best-path[5.5.1013~6-d787]:main():lattice-best-path.cc:99) For utterance sess8_right_3, best cost 49.9073 + 3497.29 = 3547.2 over 57 frames.
sess8_right_3 right 
LOG (lattice-best-path[5.5.1013~6-d787]:main():lattice-best-path.cc:99) For utterance sess8_right_4, best cost 49.8487 + 3754.48 = 3804.33 over 64 frames.
sess8_right_4 right 
LOG (lattice-best-path[5.5.1013~6-d787]:main():lattice-best-path.cc:99) For utterance sess8_seven_0, best cost 52.0467 + 3367.71 = 3419.76 over 55 frames.
sess8_seven_0 seven 
LOG (lattice-best-path[5.5.1013~6-d787]:main():lattice-best-path.cc:99) For utterance sess8_seven_1, best cost 53.6723 + 3706.92 = 3760.59 over 62 frames.
sess8_seven_1 seven 
LOG (lattice-best-path[5.5.1013~6-d787]:main():lattice-best-path.cc:99) For utterance sess8_seven_2, best cost 55.4808 + 3629.87 = 3685.36 over 61 frames.
sess8_seven_2 seven 
LOG (lattice-best-path[5.5.1013~6-d787]:main():lattice-best-path.cc:99) For utterance sess8_seven_3, best cost 53.9051 + 3567.57 = 3621.47 over 59 frames.
sess8_seven_3 seven 
LOG (lattice-best-path[5.5.1013~6-d787]:main():lattice-best-path.cc:99) For utterance sess8_seven_4, best cost 53.595 + 3565.63 = 3619.22 over 61 frames.
sess8_seven_4 seven 
LOG (lattice-best-path[5.5.1013~6-d787]:main():lattice-best-path.cc:99) For utterance sess8_six_0, best cost 52.6811 + 3649.05 = 3701.73 over 64 frames.
sess8_six_0 six 
LOG (lattice-best-path[5.5.1013~6-d787]:main():lattice-best-path.cc:99) For utterance sess8_six_1, best cost 54.0347 + 4089.98 = 4144.01 over 67 frames.
sess8_six_1 six 
LOG (lattice-best-path[5.5.1013~6-d787]:main():lattice-best-path.cc:99) For utterance sess8_six_2, best cost 51.2831 + 3190.29 = 3241.58 over 54 frames.
sess8_six_2 six 
LOG (lattice-best-path[5.5.1013~6-d787]:main():lattice-best-path.cc:99) For utterance sess8_six_3, best cost 54.6385 + 3796.11 = 3850.74 over 64 frames.
sess8_six_3 six 
LOG (lattice-best-path[5.5.1013~6-d787]:main():lattice-best-path.cc:99) For utterance sess8_six_4, best cost 52.3456 + 4073.29 = 4125.64 over 66 frames.
sess8_six_4 six 
LOG (lattice-best-path[5.5.1013~6-d787]:main():lattice-best-path.cc:99) For utterance sess8_three_0, best cost 54.9927 + 3813.52 = 3868.51 over 59 frames.
sess8_three_0 three 
LOG (lattice-best-path[5.5.1013~6-d787]:main():lattice-best-path.cc:99) For utterance sess8_three_1, best cost 51.1963 + 3757.08 = 3808.28 over 62 frames.
sess8_three_1 three 
LOG (lattice-best-path[5.5.1013~6-d787]:main():lattice-best-path.cc:99) For utterance sess8_three_2, best cost 52.9561 + 3969.79 = 4022.74 over 67 frames.
sess8_three_2 three 
LOG (lattice-best-path[5.5.1013~6-d787]:main():lattice-best-path.cc:99) For utterance sess8_three_3, best cost 51.8241 + 3724.92 = 3776.75 over 65 frames.
sess8_three_3 three 
LOG (lattice-best-path[5.5.1013~6-d787]:main():lattice-best-path.cc:99) For utterance sess8_three_4, best cost 55.0018 + 4198.19 = 4253.19 over 72 frames.
sess8_three_4 three 
LOG (lattice-best-path[5.5.1013~6-d787]:main():lattice-best-path.cc:99) For utterance sess8_two_0, best cost 49.7466 + 3634.97 = 3684.72 over 62 frames.
sess8_two_0 two 
LOG (lattice-best-path[5.5.1013~6-d787]:main():lattice-best-path.cc:99) For utterance sess8_two_1, best cost 75.7471 + 3556.02 = 3631.76 over 58 frames.
sess8_two_1 two two 
LOG (lattice-best-path[5.5.1013~6-d787]:main():lattice-best-path.cc:99) For utterance sess8_two_2, best cost 47.6137 + 3340.51 = 3388.13 over 57 frames.
sess8_two_2 two 
LOG (lattice-best-path[5.5.1013~6-d787]:main():lattice-best-path.cc:99) For utterance sess8_two_3, best cost 44.3611 + 3176.62 = 3220.98 over 54 frames.
sess8_two_3 two 
LOG (lattice-best-path[5.5.1013~6-d787]:main():lattice-best-path.cc:99) For utterance sess8_two_4, best cost 49.0771 + 3472.02 = 3521.1 over 59 frames.
sess8_two_4 two 
LOG (lattice-best-path[5.5.1013~6-d787]:main():lattice-best-path.cc:99) For utterance sess8_up_0, best cost 50.4376 + 3288.01 = 3338.44 over 54 frames.
sess8_up_0 up 
LOG (lattice-best-path[5.5.1013~6-d787]:main():lattice-best-path.cc:99) For utterance sess8_up_1, best cost 77.5069 + 3387.2 = 3464.7 over 58 frames.
sess8_up_1 up nine 
LOG (lattice-best-path[5.5.1013~6-d787]:main():lattice-best-path.cc:99) For utterance sess8_up_2, best cost 50.2063 + 3768.16 = 3818.37 over 63 frames.
sess8_up_2 up 
LOG (lattice-best-path[5.5.1013~6-d787]:main():lattice-best-path.cc:99) For utterance sess8_up_3, best cost 76.3529 + 4048.99 = 4125.35 over 65 frames.
sess8_up_3 up eight 
LOG (lattice-best-path[5.5.1013~6-d787]:main():lattice-best-path.cc:99) For utterance sess8_up_4, best cost 49.9267 + 3311.42 = 3361.35 over 59 frames.
sess8_up_4 up 
LOG (lattice-best-path[5.5.1013~6-d787]:main():lattice-best-path.cc:99) For utterance sess8_zero_0, best cost 53.2265 + 3582.45 = 3635.68 over 62 frames.
sess8_zero_0 zero 
LOG (lattice-best-path[5.5.1013~6-d787]:main():lattice-best-path.cc:99) For utterance sess8_zero_1, best cost 51.1559 + 3798.63 = 3849.78 over 62 frames.
sess8_zero_1 zero 
LOG (lattice-best-path[5.5.1013~6-d787]:main():lattice-best-path.cc:99) For utterance sess8_zero_2, best cost 53.7345 + 3822.54 = 3876.27 over 63 frames.
sess8_zero_2 zero 
LOG (lattice-best-path[5.5.1013~6-d787]:main():lattice-best-path.cc:99) For utterance sess8_zero_3, best cost 48.9079 + 3368.76 = 3417.67 over 56 frames.
sess8_zero_3 zero 
LOG (lattice-best-path[5.5.1013~6-d787]:main():lattice-best-path.cc:99) For utterance sess8_zero_4, best cost 49.2005 + 2874.38 = 2923.58 over 45 frames.
sess8_zero_4 zero 
LOG (lattice-best-path[5.5.1013~6-d787]:main():lattice-best-path.cc:124) Overall cost per frame is 60.553 = 0.882677 [graph] + 59.6703 [acoustic] over 4241 frames.
LOG (lattice-best-path[5.5.1013~6-d787]:main():lattice-best-path.cc:128) Done 70 lattices, failed for 0
# Accounting: time=0 threads=1
# Ended (code 0) at Fri Apr 22 18:09:58 CDT 2022, elapsed time 0 seconds
