# lattice-best-path --lm-scale=13 --word-symbol-table=exp/tri3a/graph/words.txt "ark:gunzip -c exp/tri3a/decode/lat.*.gz|" ark,t:exp/tri3a/decode/scoring/13.tra 
# Started at Sat Apr 23 11:03:58 CDT 2022
#
lattice-best-path --lm-scale=13 --word-symbol-table=exp/tri3a/graph/words.txt 'ark:gunzip -c exp/tri3a/decode/lat.*.gz|' ark,t:exp/tri3a/decode/scoring/13.tra 
LOG (lattice-best-path[5.5.1013~6-d787]:main():lattice-best-path.cc:99) For utterance sess10_down_0, best cost 109.105 + 3387.08 = 3496.18 over 62 frames.
sess10_down_0 down 
LOG (lattice-best-path[5.5.1013~6-d787]:main():lattice-best-path.cc:99) For utterance sess10_down_1, best cost 119.594 + 3735.75 = 3855.34 over 64 frames.
sess10_down_1 down 
LOG (lattice-best-path[5.5.1013~6-d787]:main():lattice-best-path.cc:99) For utterance sess10_down_2, best cost 111.148 + 3822.25 = 3933.39 over 65 frames.
sess10_down_2 down 
LOG (lattice-best-path[5.5.1013~6-d787]:main():lattice-best-path.cc:99) For utterance sess10_down_3, best cost 114.114 + 3307.65 = 3421.76 over 59 frames.
sess10_down_3 down 
LOG (lattice-best-path[5.5.1013~6-d787]:main():lattice-best-path.cc:99) For utterance sess10_down_4, best cost 115.619 + 3197 = 3312.62 over 55 frames.
sess10_down_4 down 
LOG (lattice-best-path[5.5.1013~6-d787]:main():lattice-best-path.cc:99) For utterance sess10_eight_0, best cost 116.997 + 3077.16 = 3194.15 over 53 frames.
sess10_eight_0 right 
LOG (lattice-best-path[5.5.1013~6-d787]:main():lattice-best-path.cc:99) For utterance sess10_eight_1, best cost 111.347 + 3281.21 = 3392.56 over 58 frames.
sess10_eight_1 eight 
LOG (lattice-best-path[5.5.1013~6-d787]:main():lattice-best-path.cc:99) For utterance sess10_eight_2, best cost 109.794 + 2808.15 = 2917.94 over 49 frames.
sess10_eight_2 eight 
LOG (lattice-best-path[5.5.1013~6-d787]:main():lattice-best-path.cc:99) For utterance sess10_eight_3, best cost 105.033 + 3846.82 = 3951.85 over 69 frames.
sess10_eight_3 eight 
LOG (lattice-best-path[5.5.1013~6-d787]:main():lattice-best-path.cc:99) For utterance sess10_eight_4, best cost 105.784 + 3236.33 = 3342.11 over 58 frames.
sess10_eight_4 eight 
LOG (lattice-best-path[5.5.1013~6-d787]:main():lattice-best-path.cc:99) For utterance sess10_five_0, best cost 118.915 + 3888 = 4006.91 over 68 frames.
sess10_five_0 five 
LOG (lattice-best-path[5.5.1013~6-d787]:main():lattice-best-path.cc:99) For utterance sess10_five_1, best cost 116.513 + 3505.86 = 3622.37 over 63 frames.
sess10_five_1 five 
LOG (lattice-best-path[5.5.1013~6-d787]:main():lattice-best-path.cc:99) For utterance sess10_five_2, best cost 118.645 + 3653.03 = 3771.68 over 65 frames.
sess10_five_2 five 
LOG (lattice-best-path[5.5.1013~6-d787]:main():lattice-best-path.cc:99) For utterance sess10_five_3, best cost 116.681 + 3422.31 = 3538.99 over 59 frames.
sess10_five_3 five 
LOG (lattice-best-path[5.5.1013~6-d787]:main():lattice-best-path.cc:99) For utterance sess10_five_4, best cost 113.73 + 3477.61 = 3591.34 over 62 frames.
sess10_five_4 five 
LOG (lattice-best-path[5.5.1013~6-d787]:main():lattice-best-path.cc:99) For utterance sess10_four_0, best cost 110.739 + 3742.51 = 3853.24 over 65 frames.
sess10_four_0 four 
LOG (lattice-best-path[5.5.1013~6-d787]:main():lattice-best-path.cc:99) For utterance sess10_four_1, best cost 112.45 + 3580.13 = 3692.58 over 65 frames.
sess10_four_1 four 
LOG (lattice-best-path[5.5.1013~6-d787]:main():lattice-best-path.cc:99) For utterance sess10_four_2, best cost 113.212 + 3686.15 = 3799.37 over 63 frames.
sess10_four_2 four 
LOG (lattice-best-path[5.5.1013~6-d787]:main():lattice-best-path.cc:99) For utterance sess10_four_3, best cost 103.847 + 3567.67 = 3671.52 over 61 frames.
sess10_four_3 four 
LOG (lattice-best-path[5.5.1013~6-d787]:main():lattice-best-path.cc:99) For utterance sess10_four_4, best cost 109.198 + 3361.18 = 3470.38 over 60 frames.
sess10_four_4 four 
LOG (lattice-best-path[5.5.1013~6-d787]:main():lattice-best-path.cc:99) For utterance sess10_left_0, best cost 106.963 + 3107.95 = 3214.92 over 55 frames.
sess10_left_0 left 
LOG (lattice-best-path[5.5.1013~6-d787]:main():lattice-best-path.cc:99) For utterance sess10_left_1, best cost 122.142 + 3509.14 = 3631.29 over 63 frames.
sess10_left_1 left 
LOG (lattice-best-path[5.5.1013~6-d787]:main():lattice-best-path.cc:99) For utterance sess10_left_2, best cost 111.631 + 3421.26 = 3532.89 over 60 frames.
sess10_left_2 left 
LOG (lattice-best-path[5.5.1013~6-d787]:main():lattice-best-path.cc:99) For utterance sess10_left_3, best cost 112.459 + 3472.41 = 3584.87 over 64 frames.
sess10_left_3 left 
LOG (lattice-best-path[5.5.1013~6-d787]:main():lattice-best-path.cc:99) For utterance sess10_left_4, best cost 110.65 + 3631.97 = 3742.62 over 66 frames.
sess10_left_4 left 
LOG (lattice-best-path[5.5.1013~6-d787]:main():lattice-best-path.cc:99) For utterance sess10_nine_0, best cost 110.376 + 3561.63 = 3672 over 66 frames.
sess10_nine_0 nine 
LOG (lattice-best-path[5.5.1013~6-d787]:main():lattice-best-path.cc:99) For utterance sess10_nine_1, best cost 109.199 + 3390.62 = 3499.82 over 63 frames.
sess10_nine_1 nine 
LOG (lattice-best-path[5.5.1013~6-d787]:main():lattice-best-path.cc:99) For utterance sess10_nine_2, best cost 110.984 + 3317.24 = 3428.22 over 58 frames.
sess10_nine_2 right 
LOG (lattice-best-path[5.5.1013~6-d787]:main():lattice-best-path.cc:99) For utterance sess10_nine_3, best cost 101.345 + 3414.2 = 3515.54 over 62 frames.
sess10_nine_3 eight 
LOG (lattice-best-path[5.5.1013~6-d787]:main():lattice-best-path.cc:99) For utterance sess10_nine_4, best cost 104.712 + 2874.94 = 2979.66 over 49 frames.
sess10_nine_4 nine 
LOG (lattice-best-path[5.5.1013~6-d787]:main():lattice-best-path.cc:99) For utterance sess10_one_0, best cost 113.665 + 3714.9 = 3828.56 over 65 frames.
sess10_one_0 one 
LOG (lattice-best-path[5.5.1013~6-d787]:main():lattice-best-path.cc:99) For utterance sess10_one_1, best cost 106.275 + 3388.25 = 3494.52 over 59 frames.
sess10_one_1 one 
LOG (lattice-best-path[5.5.1013~6-d787]:main():lattice-best-path.cc:99) For utterance sess10_one_2, best cost 110.525 + 3095.93 = 3206.45 over 57 frames.
sess10_one_2 one 
LOG (lattice-best-path[5.5.1013~6-d787]:main():lattice-best-path.cc:99) For utterance sess10_one_3, best cost 115.518 + 3892 = 4007.52 over 70 frames.
sess10_one_3 one 
LOG (lattice-best-path[5.5.1013~6-d787]:main():lattice-best-path.cc:99) For utterance sess10_one_4, best cost 109.367 + 3681.85 = 3791.22 over 66 frames.
sess10_one_4 one 
LOG (lattice-best-path[5.5.1013~6-d787]:main():lattice-best-path.cc:99) For utterance sess10_right_0, best cost 116.275 + 3632.72 = 3749 over 62 frames.
sess10_right_0 right 
LOG (lattice-best-path[5.5.1013~6-d787]:main():lattice-best-path.cc:99) For utterance sess10_right_1, best cost 110.612 + 3748.49 = 3859.1 over 67 frames.
sess10_right_1 three 
LOG (lattice-best-path[5.5.1013~6-d787]:main():lattice-best-path.cc:99) For utterance sess10_right_2, best cost 109.189 + 3853.21 = 3962.4 over 67 frames.
sess10_right_2 three 
LOG (lattice-best-path[5.5.1013~6-d787]:main():lattice-best-path.cc:99) For utterance sess10_right_3, best cost 116.341 + 3655.35 = 3771.69 over 63 frames.
sess10_right_3 right 
LOG (lattice-best-path[5.5.1013~6-d787]:main():lattice-best-path.cc:99) For utterance sess10_right_4, best cost 105.984 + 3147.94 = 3253.92 over 56 frames.
sess10_right_4 right 
LOG (lattice-best-path[5.5.1013~6-d787]:main():lattice-best-path.cc:99) For utterance sess10_seven_0, best cost 109.27 + 3065.36 = 3174.63 over 59 frames.
sess10_seven_0 seven 
LOG (lattice-best-path[5.5.1013~6-d787]:main():lattice-best-path.cc:99) For utterance sess10_seven_1, best cost 111.501 + 3363.53 = 3475.03 over 59 frames.
sess10_seven_1 seven 
LOG (lattice-best-path[5.5.1013~6-d787]:main():lattice-best-path.cc:99) For utterance sess10_seven_2, best cost 113.616 + 3371.85 = 3485.47 over 60 frames.
sess10_seven_2 seven 
LOG (lattice-best-path[5.5.1013~6-d787]:main():lattice-best-path.cc:99) For utterance sess10_seven_3, best cost 112.851 + 3605.56 = 3718.41 over 61 frames.
sess10_seven_3 seven 
LOG (lattice-best-path[5.5.1013~6-d787]:main():lattice-best-path.cc:99) For utterance sess10_seven_4, best cost 111.343 + 3179.1 = 3290.44 over 61 frames.
sess10_seven_4 seven 
LOG (lattice-best-path[5.5.1013~6-d787]:main():lattice-best-path.cc:99) For utterance sess10_six_0, best cost 125.706 + 3634.52 = 3760.22 over 64 frames.
sess10_six_0 six 
LOG (lattice-best-path[5.5.1013~6-d787]:main():lattice-best-path.cc:99) For utterance sess10_six_1, best cost 111.937 + 3375.28 = 3487.21 over 60 frames.
sess10_six_1 six 
LOG (lattice-best-path[5.5.1013~6-d787]:main():lattice-best-path.cc:99) For utterance sess10_six_2, best cost 107.433 + 3411.36 = 3518.79 over 62 frames.
sess10_six_2 six 
LOG (lattice-best-path[5.5.1013~6-d787]:main():lattice-best-path.cc:99) For utterance sess10_six_3, best cost 112.206 + 3828.79 = 3941 over 72 frames.
sess10_six_3 six 
LOG (lattice-best-path[5.5.1013~6-d787]:main():lattice-best-path.cc:99) For utterance sess10_six_4, best cost 121.408 + 3415.38 = 3536.79 over 64 frames.
sess10_six_4 six 
LOG (lattice-best-path[5.5.1013~6-d787]:main():lattice-best-path.cc:99) For utterance sess10_three_0, best cost 109.994 + 3625.93 = 3735.93 over 65 frames.
sess10_three_0 three 
LOG (lattice-best-path[5.5.1013~6-d787]:main():lattice-best-path.cc:99) For utterance sess10_three_1, best cost 108.314 + 3472.65 = 3580.97 over 63 frames.
sess10_three_1 three 
LOG (lattice-best-path[5.5.1013~6-d787]:main():lattice-best-path.cc:99) For utterance sess10_three_2, best cost 116.883 + 3550.93 = 3667.82 over 61 frames.
sess10_three_2 three 
LOG (lattice-best-path[5.5.1013~6-d787]:main():lattice-best-path.cc:99) For utterance sess10_three_3, best cost 109.054 + 3485.78 = 3594.83 over 61 frames.
sess10_three_3 three 
LOG (lattice-best-path[5.5.1013~6-d787]:main():lattice-best-path.cc:99) For utterance sess10_three_4, best cost 108.957 + 3375.26 = 3484.22 over 61 frames.
sess10_three_4 three 
LOG (lattice-best-path[5.5.1013~6-d787]:main():lattice-best-path.cc:99) For utterance sess10_two_0, best cost 108.014 + 3111.55 = 3219.57 over 56 frames.
sess10_two_0 two 
LOG (lattice-best-path[5.5.1013~6-d787]:main():lattice-best-path.cc:99) For utterance sess10_two_1, best cost 100.147 + 2722.27 = 2822.41 over 47 frames.
sess10_two_1 two 
LOG (lattice-best-path[5.5.1013~6-d787]:main():lattice-best-path.cc:99) For utterance sess10_two_2, best cost 100.59 + 3310.19 = 3410.78 over 56 frames.
sess10_two_2 two 
LOG (lattice-best-path[5.5.1013~6-d787]:main():lattice-best-path.cc:99) For utterance sess10_two_3, best cost 101.216 + 3675.99 = 3777.21 over 61 frames.
sess10_two_3 two 
LOG (lattice-best-path[5.5.1013~6-d787]:main():lattice-best-path.cc:99) For utterance sess10_two_4, best cost 111.779 + 3367.69 = 3479.47 over 60 frames.
sess10_two_4 two 
LOG (lattice-best-path[5.5.1013~6-d787]:main():lattice-best-path.cc:99) For utterance sess10_up_0, best cost 101.574 + 3083.24 = 3184.82 over 56 frames.
sess10_up_0 up 
LOG (lattice-best-path[5.5.1013~6-d787]:main():lattice-best-path.cc:99) For utterance sess10_up_1, best cost 99.0941 + 3085.44 = 3184.53 over 55 frames.
sess10_up_1 up 
LOG (lattice-best-path[5.5.1013~6-d787]:main():lattice-best-path.cc:99) For utterance sess10_up_2, best cost 109.333 + 3496.25 = 3605.58 over 64 frames.
sess10_up_2 up 
LOG (lattice-best-path[5.5.1013~6-d787]:main():lattice-best-path.cc:99) For utterance sess10_up_3, best cost 105.953 + 3013.68 = 3119.63 over 53 frames.
sess10_up_3 up 
LOG (lattice-best-path[5.5.1013~6-d787]:main():lattice-best-path.cc:99) For utterance sess10_up_4, best cost 109.124 + 3245.53 = 3354.66 over 59 frames.
sess10_up_4 up 
LOG (lattice-best-path[5.5.1013~6-d787]:main():lattice-best-path.cc:99) For utterance sess10_zero_0, best cost 113.081 + 3522.41 = 3635.49 over 61 frames.
sess10_zero_0 zero 
LOG (lattice-best-path[5.5.1013~6-d787]:main():lattice-best-path.cc:99) For utterance sess10_zero_1, best cost 108.112 + 3601.54 = 3709.66 over 63 frames.
sess10_zero_1 zero 
LOG (lattice-best-path[5.5.1013~6-d787]:main():lattice-best-path.cc:99) For utterance sess10_zero_2, best cost 108.517 + 3404.56 = 3513.07 over 53 frames.
sess10_zero_2 down 
LOG (lattice-best-path[5.5.1013~6-d787]:main():lattice-best-path.cc:99) For utterance sess10_zero_3, best cost 106.014 + 3254.81 = 3360.83 over 58 frames.
sess10_zero_3 zero 
LOG (lattice-best-path[5.5.1013~6-d787]:main():lattice-best-path.cc:99) For utterance sess10_zero_4, best cost 109.364 + 3564.62 = 3673.98 over 57 frames.
sess10_zero_4 zero 
LOG (lattice-best-path[5.5.1013~6-d787]:main():lattice-best-path.cc:124) Overall cost per frame is 58.3273 = 1.82202 [graph] + 56.5053 [acoustic] over 4253 frames.
LOG (lattice-best-path[5.5.1013~6-d787]:main():lattice-best-path.cc:128) Done 70 lattices, failed for 0
# Accounting: time=0 threads=1
# Ended (code 0) at Sat Apr 23 11:03:58 CDT 2022, elapsed time 0 seconds
