# lattice-best-path --lm-scale=4 --word-symbol-table=exp/tri3a/graph/words.txt "ark:gunzip -c exp/tri3a/decode/lat.*.gz|" ark,t:exp/tri3a/decode/scoring/4.tra 
# Started at Fri Apr 22 18:09:58 CDT 2022
#
lattice-best-path --lm-scale=4 --word-symbol-table=exp/tri3a/graph/words.txt 'ark:gunzip -c exp/tri3a/decode/lat.*.gz|' ark,t:exp/tri3a/decode/scoring/4.tra 
LOG (lattice-best-path[5.5.1013~6-d787]:main():lattice-best-path.cc:99) For utterance sess8_down_0, best cost 36.6842 + 3529.19 = 3565.88 over 56 frames.
sess8_down_0 down 
LOG (lattice-best-path[5.5.1013~6-d787]:main():lattice-best-path.cc:99) For utterance sess8_down_1, best cost 36.3991 + 3917.48 = 3953.88 over 70 frames.
sess8_down_1 down 
LOG (lattice-best-path[5.5.1013~6-d787]:main():lattice-best-path.cc:99) For utterance sess8_down_2, best cost 36.3425 + 3531.82 = 3568.16 over 63 frames.
sess8_down_2 down 
LOG (lattice-best-path[5.5.1013~6-d787]:main():lattice-best-path.cc:99) For utterance sess8_down_3, best cost 33.9234 + 3202.02 = 3235.95 over 58 frames.
sess8_down_3 down 
LOG (lattice-best-path[5.5.1013~6-d787]:main():lattice-best-path.cc:99) For utterance sess8_down_4, best cost 36.3737 + 3577.32 = 3613.69 over 60 frames.
sess8_down_4 down 
LOG (lattice-best-path[5.5.1013~6-d787]:main():lattice-best-path.cc:99) For utterance sess8_eight_0, best cost 31.6992 + 3225.71 = 3257.41 over 53 frames.
sess8_eight_0 eight 
LOG (lattice-best-path[5.5.1013~6-d787]:main():lattice-best-path.cc:99) For utterance sess8_eight_1, best cost 34.3195 + 3059.92 = 3094.24 over 51 frames.
sess8_eight_1 eight 
LOG (lattice-best-path[5.5.1013~6-d787]:main():lattice-best-path.cc:99) For utterance sess8_eight_2, best cost 34.9196 + 3478.05 = 3512.97 over 62 frames.
sess8_eight_2 eight 
LOG (lattice-best-path[5.5.1013~6-d787]:main():lattice-best-path.cc:99) For utterance sess8_eight_3, best cost 33.5296 + 3429.2 = 3462.73 over 60 frames.
sess8_eight_3 eight 
LOG (lattice-best-path[5.5.1013~6-d787]:main():lattice-best-path.cc:99) For utterance sess8_eight_4, best cost 34.9324 + 3211.18 = 3246.11 over 57 frames.
sess8_eight_4 eight 
LOG (lattice-best-path[5.5.1013~6-d787]:main():lattice-best-path.cc:99) For utterance sess8_five_0, best cost 34.8231 + 3650.26 = 3685.08 over 61 frames.
sess8_five_0 five 
LOG (lattice-best-path[5.5.1013~6-d787]:main():lattice-best-path.cc:99) For utterance sess8_five_1, best cost 33.5987 + 3491.99 = 3525.59 over 60 frames.
sess8_five_1 five 
LOG (lattice-best-path[5.5.1013~6-d787]:main():lattice-best-path.cc:99) For utterance sess8_five_2, best cost 33.7884 + 3495.12 = 3528.91 over 57 frames.
sess8_five_2 five 
LOG (lattice-best-path[5.5.1013~6-d787]:main():lattice-best-path.cc:99) For utterance sess8_five_3, best cost 33.8297 + 3407.66 = 3441.49 over 59 frames.
sess8_five_3 five 
LOG (lattice-best-path[5.5.1013~6-d787]:main():lattice-best-path.cc:99) For utterance sess8_five_4, best cost 34.526 + 3394.01 = 3428.54 over 59 frames.
sess8_five_4 five 
LOG (lattice-best-path[5.5.1013~6-d787]:main():lattice-best-path.cc:99) For utterance sess8_four_0, best cost 40.3916 + 4218.13 = 4258.52 over 61 frames.
sess8_four_0 four 
LOG (lattice-best-path[5.5.1013~6-d787]:main():lattice-best-path.cc:99) For utterance sess8_four_1, best cost 32.8048 + 3523.52 = 3556.32 over 58 frames.
sess8_four_1 four 
LOG (lattice-best-path[5.5.1013~6-d787]:main():lattice-best-path.cc:99) For utterance sess8_four_2, best cost 55.8389 + 4219.06 = 4274.9 over 69 frames.
sess8_four_2 four right 
LOG (lattice-best-path[5.5.1013~6-d787]:main():lattice-best-path.cc:99) For utterance sess8_four_3, best cost 34.0808 + 3906.7 = 3940.78 over 64 frames.
sess8_four_3 four 
LOG (lattice-best-path[5.5.1013~6-d787]:main():lattice-best-path.cc:99) For utterance sess8_four_4, best cost 35.4292 + 4008.74 = 4044.17 over 66 frames.
sess8_four_4 four 
LOG (lattice-best-path[5.5.1013~6-d787]:main():lattice-best-path.cc:99) For utterance sess8_left_0, best cost 32.901 + 3275.4 = 3308.3 over 59 frames.
sess8_left_0 left 
LOG (lattice-best-path[5.5.1013~6-d787]:main():lattice-best-path.cc:99) For utterance sess8_left_1, best cost 34.08 + 3220.32 = 3254.4 over 56 frames.
sess8_left_1 left 
LOG (lattice-best-path[5.5.1013~6-d787]:main():lattice-best-path.cc:99) For utterance sess8_left_2, best cost 35.2794 + 3433.19 = 3468.47 over 59 frames.
sess8_left_2 left 
LOG (lattice-best-path[5.5.1013~6-d787]:main():lattice-best-path.cc:99) For utterance sess8_left_3, best cost 36.1947 + 3636.06 = 3672.26 over 63 frames.
sess8_left_3 left 
LOG (lattice-best-path[5.5.1013~6-d787]:main():lattice-best-path.cc:99) For utterance sess8_left_4, best cost 35.7546 + 3262.16 = 3297.91 over 56 frames.
sess8_left_4 left 
LOG (lattice-best-path[5.5.1013~6-d787]:main():lattice-best-path.cc:99) For utterance sess8_nine_0, best cost 34.2567 + 3959.19 = 3993.45 over 65 frames.
sess8_nine_0 nine 
LOG (lattice-best-path[5.5.1013~6-d787]:main():lattice-best-path.cc:99) For utterance sess8_nine_1, best cost 33.7813 + 3338.93 = 3372.71 over 60 frames.
sess8_nine_1 nine 
LOG (lattice-best-path[5.5.1013~6-d787]:main():lattice-best-path.cc:99) For utterance sess8_nine_2, best cost 34.3378 + 3792.43 = 3826.77 over 65 frames.
sess8_nine_2 nine 
LOG (lattice-best-path[5.5.1013~6-d787]:main():lattice-best-path.cc:99) For utterance sess8_nine_3, best cost 34.0849 + 3394.65 = 3428.73 over 55 frames.
sess8_nine_3 nine 
LOG (lattice-best-path[5.5.1013~6-d787]:main():lattice-best-path.cc:99) For utterance sess8_nine_4, best cost 34.942 + 2983.07 = 3018.01 over 50 frames.
sess8_nine_4 nine 
LOG (lattice-best-path[5.5.1013~6-d787]:main():lattice-best-path.cc:99) For utterance sess8_one_0, best cost 32.4812 + 3766.15 = 3798.63 over 62 frames.
sess8_one_0 one 
LOG (lattice-best-path[5.5.1013~6-d787]:main():lattice-best-path.cc:99) For utterance sess8_one_1, best cost 33.7269 + 4039.24 = 4072.97 over 68 frames.
sess8_one_1 one 
LOG (lattice-best-path[5.5.1013~6-d787]:main():lattice-best-path.cc:99) For utterance sess8_one_2, best cost 36.3411 + 4526.63 = 4562.97 over 74 frames.
sess8_one_2 one 
LOG (lattice-best-path[5.5.1013~6-d787]:main():lattice-best-path.cc:99) For utterance sess8_one_3, best cost 33.0789 + 3443.39 = 3476.47 over 57 frames.
sess8_one_3 one 
LOG (lattice-best-path[5.5.1013~6-d787]:main():lattice-best-path.cc:99) For utterance sess8_one_4, best cost 34.2277 + 3353.09 = 3387.32 over 57 frames.
sess8_one_4 one 
LOG (lattice-best-path[5.5.1013~6-d787]:main():lattice-best-path.cc:99) For utterance sess8_right_0, best cost 41.7593 + 4823.58 = 4865.34 over 67 frames.
sess8_right_0 right 
LOG (lattice-best-path[5.5.1013~6-d787]:main():lattice-best-path.cc:99) For utterance sess8_right_1, best cost 33.7125 + 4010.61 = 4044.32 over 68 frames.
sess8_right_1 right 
LOG (lattice-best-path[5.5.1013~6-d787]:main():lattice-best-path.cc:99) For utterance sess8_right_2, best cost 35.3742 + 3544.13 = 3579.5 over 60 frames.
sess8_right_2 right 
LOG (lattice-best-path[5.5.1013~6-d787]:main():lattice-best-path.cc:99) For utterance sess8_right_3, best cost 33.2715 + 3497.29 = 3530.56 over 57 frames.
sess8_right_3 right 
LOG (lattice-best-path[5.5.1013~6-d787]:main():lattice-best-path.cc:99) For utterance sess8_right_4, best cost 33.2325 + 3754.48 = 3787.71 over 64 frames.
sess8_right_4 right 
LOG (lattice-best-path[5.5.1013~6-d787]:main():lattice-best-path.cc:99) For utterance sess8_seven_0, best cost 34.6978 + 3367.71 = 3402.41 over 55 frames.
sess8_seven_0 seven 
LOG (lattice-best-path[5.5.1013~6-d787]:main():lattice-best-path.cc:99) For utterance sess8_seven_1, best cost 35.7815 + 3706.92 = 3742.7 over 62 frames.
sess8_seven_1 seven 
LOG (lattice-best-path[5.5.1013~6-d787]:main():lattice-best-path.cc:99) For utterance sess8_seven_2, best cost 36.9872 + 3629.87 = 3666.86 over 61 frames.
sess8_seven_2 seven 
LOG (lattice-best-path[5.5.1013~6-d787]:main():lattice-best-path.cc:99) For utterance sess8_seven_3, best cost 35.9368 + 3567.57 = 3603.5 over 59 frames.
sess8_seven_3 seven 
LOG (lattice-best-path[5.5.1013~6-d787]:main():lattice-best-path.cc:99) For utterance sess8_seven_4, best cost 35.73 + 3565.63 = 3601.36 over 61 frames.
sess8_seven_4 seven 
LOG (lattice-best-path[5.5.1013~6-d787]:main():lattice-best-path.cc:99) For utterance sess8_six_0, best cost 35.1207 + 3649.05 = 3684.17 over 64 frames.
sess8_six_0 six 
LOG (lattice-best-path[5.5.1013~6-d787]:main():lattice-best-path.cc:99) For utterance sess8_six_1, best cost 36.0231 + 4089.98 = 4126 over 67 frames.
sess8_six_1 six 
LOG (lattice-best-path[5.5.1013~6-d787]:main():lattice-best-path.cc:99) For utterance sess8_six_2, best cost 34.1887 + 3190.29 = 3224.48 over 54 frames.
sess8_six_2 six 
LOG (lattice-best-path[5.5.1013~6-d787]:main():lattice-best-path.cc:99) For utterance sess8_six_3, best cost 36.4257 + 3796.11 = 3832.53 over 64 frames.
sess8_six_3 six 
LOG (lattice-best-path[5.5.1013~6-d787]:main():lattice-best-path.cc:99) For utterance sess8_six_4, best cost 34.8971 + 4073.29 = 4108.19 over 66 frames.
sess8_six_4 six 
LOG (lattice-best-path[5.5.1013~6-d787]:main():lattice-best-path.cc:99) For utterance sess8_three_0, best cost 36.6618 + 3813.52 = 3850.18 over 59 frames.
sess8_three_0 three 
LOG (lattice-best-path[5.5.1013~6-d787]:main():lattice-best-path.cc:99) For utterance sess8_three_1, best cost 34.1308 + 3757.08 = 3791.21 over 62 frames.
sess8_three_1 three 
LOG (lattice-best-path[5.5.1013~6-d787]:main():lattice-best-path.cc:99) For utterance sess8_three_2, best cost 35.3041 + 3969.79 = 4005.09 over 67 frames.
sess8_three_2 three 
LOG (lattice-best-path[5.5.1013~6-d787]:main():lattice-best-path.cc:99) For utterance sess8_three_3, best cost 34.5494 + 3724.92 = 3759.47 over 65 frames.
sess8_three_3 three 
LOG (lattice-best-path[5.5.1013~6-d787]:main():lattice-best-path.cc:99) For utterance sess8_three_4, best cost 36.6679 + 4198.19 = 4234.86 over 72 frames.
sess8_three_4 three 
LOG (lattice-best-path[5.5.1013~6-d787]:main():lattice-best-path.cc:99) For utterance sess8_two_0, best cost 33.1644 + 3634.97 = 3668.14 over 62 frames.
sess8_two_0 two 
LOG (lattice-best-path[5.5.1013~6-d787]:main():lattice-best-path.cc:99) For utterance sess8_two_1, best cost 50.498 + 3556.02 = 3606.51 over 58 frames.
sess8_two_1 two two 
LOG (lattice-best-path[5.5.1013~6-d787]:main():lattice-best-path.cc:99) For utterance sess8_two_2, best cost 31.7425 + 3340.51 = 3372.26 over 57 frames.
sess8_two_2 two 
LOG (lattice-best-path[5.5.1013~6-d787]:main():lattice-best-path.cc:99) For utterance sess8_two_3, best cost 29.5741 + 3176.62 = 3206.19 over 54 frames.
sess8_two_3 two 
LOG (lattice-best-path[5.5.1013~6-d787]:main():lattice-best-path.cc:99) For utterance sess8_two_4, best cost 32.7181 + 3472.02 = 3504.74 over 59 frames.
sess8_two_4 two 
LOG (lattice-best-path[5.5.1013~6-d787]:main():lattice-best-path.cc:99) For utterance sess8_up_0, best cost 33.6251 + 3288.01 = 3321.63 over 54 frames.
sess8_up_0 up 
LOG (lattice-best-path[5.5.1013~6-d787]:main():lattice-best-path.cc:99) For utterance sess8_up_1, best cost 51.6713 + 3387.2 = 3438.87 over 58 frames.
sess8_up_1 up nine 
LOG (lattice-best-path[5.5.1013~6-d787]:main():lattice-best-path.cc:99) For utterance sess8_up_2, best cost 33.4709 + 3768.16 = 3801.63 over 63 frames.
sess8_up_2 up 
LOG (lattice-best-path[5.5.1013~6-d787]:main():lattice-best-path.cc:99) For utterance sess8_up_3, best cost 50.9019 + 4048.99 = 4099.9 over 65 frames.
sess8_up_3 up eight 
LOG (lattice-best-path[5.5.1013~6-d787]:main():lattice-best-path.cc:99) For utterance sess8_up_4, best cost 33.2844 + 3311.42 = 3344.71 over 59 frames.
sess8_up_4 up 
LOG (lattice-best-path[5.5.1013~6-d787]:main():lattice-best-path.cc:99) For utterance sess8_zero_0, best cost 35.4844 + 3582.45 = 3617.94 over 62 frames.
sess8_zero_0 zero 
LOG (lattice-best-path[5.5.1013~6-d787]:main():lattice-best-path.cc:99) For utterance sess8_zero_1, best cost 34.104 + 3798.63 = 3832.73 over 62 frames.
sess8_zero_1 zero 
LOG (lattice-best-path[5.5.1013~6-d787]:main():lattice-best-path.cc:99) For utterance sess8_zero_2, best cost 35.823 + 3822.54 = 3858.36 over 63 frames.
sess8_zero_2 zero 
LOG (lattice-best-path[5.5.1013~6-d787]:main():lattice-best-path.cc:99) For utterance sess8_zero_3, best cost 32.6052 + 3368.76 = 3401.36 over 56 frames.
sess8_zero_3 zero 
LOG (lattice-best-path[5.5.1013~6-d787]:main():lattice-best-path.cc:99) For utterance sess8_zero_4, best cost 32.8003 + 2874.38 = 2907.18 over 45 frames.
sess8_zero_4 zero 
LOG (lattice-best-path[5.5.1013~6-d787]:main():lattice-best-path.cc:124) Overall cost per frame is 60.2587 = 0.588451 [graph] + 59.6703 [acoustic] over 4241 frames.
LOG (lattice-best-path[5.5.1013~6-d787]:main():lattice-best-path.cc:128) Done 70 lattices, failed for 0
# Accounting: time=0 threads=1
# Ended (code 0) at Fri Apr 22 18:09:58 CDT 2022, elapsed time 0 seconds
