# gunzip -c exp/tri3a/decode/depth_tmp.*.gz | steps/diagnostic/analyze_lattice_depth_stats.py exp/tri3a/graph exp/tri3a/decode/ali_frame_tmp.gz 
# Started at Fri Apr 22 16:27:30 CDT 2022
#
The total amount of data analyzed assuming 100 frames per second is 0.0 hours
Overall, lattice depth (10,50,90-percentile)=(1,1,2) and mean=1.2
Nonsilence phones as a group account for 74.5% of frames, with lattice depth (10,50,90-percentile)=(1,1,2) and mean=1.2
Phone sil accounts for 25.5% of frames, with lattice depth (10,50,90-percentile)=(1,1,2) and mean=1.3
Phone n_E accounts for 8.9% of frames, with lattice depth (10,50,90-percentile)=(1,1,2) and mean=1.2
Phone t_E accounts for 6.5% of frames, with lattice depth (10,50,90-percentile)=(1,2,3) and mean=1.8
Phone uw1_E accounts for 4.9% of frames, with lattice depth (10,50,90-percentile)=(1,1,2) and mean=1.2
Phone p_E accounts for 3.8% of frames, with lattice depth (10,50,90-percentile)=(1,1,2) and mean=1.3
Phone ih1_I accounts for 3.5% of frames, with lattice depth (10,50,90-percentile)=(1,1,1) and mean=1.0
Phone ao1_I accounts for 3.4% of frames, with lattice depth (10,50,90-percentile)=(1,1,1) and mean=1.1
Phone ay1_I accounts for 3.1% of frames, with lattice depth (10,50,90-percentile)=(1,1,2) and mean=1.4
Phone f_B accounts for 3.0% of frames, with lattice depth (10,50,90-percentile)=(1,1,1) and mean=1.0
Phone iy1_E accounts for 2.9% of frames, with lattice depth (10,50,90-percentile)=(1,1,2) and mean=1.2
Phone v_E accounts for 2.8% of frames, with lattice depth (10,50,90-percentile)=(1,1,2) and mean=1.2
Phone ey1_B accounts for 2.6% of frames, with lattice depth (10,50,90-percentile)=(1,2,2) and mean=1.8
Phone r_B accounts for 2.6% of frames, with lattice depth (10,50,90-percentile)=(1,2,3) and mean=1.8
Phone eh1_I accounts for 2.3% of frames, with lattice depth (10,50,90-percentile)=(1,1,1) and mean=1.0
Phone r_I accounts for 2.0% of frames, with lattice depth (10,50,90-percentile)=(1,1,1) and mean=1.0
Phone th_B accounts for 2.0% of frames, with lattice depth (10,50,90-percentile)=(1,1,1) and mean=1.0
Phone d_B accounts for 1.8% of frames, with lattice depth (10,50,90-percentile)=(1,1,1) and mean=1.0
Phone z_B accounts for 1.8% of frames, with lattice depth (10,50,90-percentile)=(1,1,1) and mean=1.0
Phone k_I accounts for 1.8% of frames, with lattice depth (10,50,90-percentile)=(1,1,1) and mean=1.0
Phone r_E accounts for 1.6% of frames, with lattice depth (10,50,90-percentile)=(1,1,1) and mean=1.1
Phone ow0_E accounts for 1.6% of frames, with lattice depth (10,50,90-percentile)=(1,1,1) and mean=1.0
Phone w_B accounts for 1.6% of frames, with lattice depth (10,50,90-percentile)=(1,1,1) and mean=1.0
Phone s_B accounts for 1.5% of frames, with lattice depth (10,50,90-percentile)=(1,1,1) and mean=1.0
Phone l_B accounts for 1.4% of frames, with lattice depth (10,50,90-percentile)=(1,1,1) and mean=1.0
Phone n_B accounts for 1.3% of frames, with lattice depth (10,50,90-percentile)=(1,2,2) and mean=1.6
Phone ah1_B accounts for 1.2% of frames, with lattice depth (10,50,90-percentile)=(1,1,1) and mean=1.0
Phone aw1_I accounts for 1.1% of frames, with lattice depth (10,50,90-percentile)=(1,1,1) and mean=1.0
Phone ah1_I accounts for 0.9% of frames, with lattice depth (10,50,90-percentile)=(1,1,1) and mean=1.0
Phone ah0_I accounts for 0.8% of frames, with lattice depth (10,50,90-percentile)=(1,1,1) and mean=1.0
Phone s_E accounts for 0.6% of frames, with lattice depth (10,50,90-percentile)=(1,1,1) and mean=1.0
# Accounting: time=0 threads=1
# Ended (code 0) at Fri Apr 22 16:27:30 CDT 2022, elapsed time 0 seconds
