# lattice-depth-per-frame "ark:gunzip -c exp/tri3a/decode/lat.1.gz|" "ark,t:|gzip -c > exp/tri3a/decode/depth_tmp.1.gz" ark:- | lattice-best-path --acoustic-scale=0.1 ark:- ark:/dev/null "ark,t:|gzip -c >exp/tri3a/decode/ali_tmp.1.gz" 
# Started at Sat Apr 23 11:03:57 CDT 2022
#
lattice-depth-per-frame 'ark:gunzip -c exp/tri3a/decode/lat.1.gz|' 'ark,t:|gzip -c > exp/tri3a/decode/depth_tmp.1.gz' ark:- 
lattice-best-path --acoustic-scale=0.1 ark:- ark:/dev/null 'ark,t:|gzip -c >exp/tri3a/decode/ali_tmp.1.gz' 
LOG (lattice-best-path[5.5.1013~6-d787]:main():lattice-best-path.cc:99) For utterance sess10_down_0, best cost 8.39269 + 338.708 = 347.101 over 62 frames.
LOG (lattice-best-path[5.5.1013~6-d787]:main():lattice-best-path.cc:99) For utterance sess10_down_1, best cost 9.19958 + 373.575 = 382.774 over 64 frames.
LOG (lattice-best-path[5.5.1013~6-d787]:main():lattice-best-path.cc:99) For utterance sess10_down_2, best cost 8.54981 + 382.225 = 390.774 over 65 frames.
LOG (lattice-best-path[5.5.1013~6-d787]:main():lattice-best-path.cc:99) For utterance sess10_down_3, best cost 8.77798 + 330.765 = 339.543 over 59 frames.
LOG (lattice-best-path[5.5.1013~6-d787]:main():lattice-best-path.cc:99) For utterance sess10_down_4, best cost 8.89373 + 319.7 = 328.594 over 55 frames.
LOG (lattice-best-path[5.5.1013~6-d787]:main():lattice-best-path.cc:99) For utterance sess10_eight_0, best cost 8.9998 + 307.716 = 316.715 over 53 frames.
LOG (lattice-best-path[5.5.1013~6-d787]:main():lattice-best-path.cc:99) For utterance sess10_eight_1, best cost 8.56519 + 328.121 = 336.687 over 58 frames.
LOG (lattice-best-path[5.5.1013~6-d787]:main():lattice-best-path.cc:99) For utterance sess10_eight_2, best cost 8.4457 + 280.815 = 289.26 over 49 frames.
LOG (lattice-best-path[5.5.1013~6-d787]:main():lattice-best-path.cc:99) For utterance sess10_eight_3, best cost 8.07948 + 384.682 = 392.761 over 69 frames.
LOG (lattice-best-path[5.5.1013~6-d787]:main():lattice-best-path.cc:99) For utterance sess10_eight_4, best cost 8.13722 + 323.633 = 331.77 over 58 frames.
LOG (lattice-best-path[5.5.1013~6-d787]:main():lattice-best-path.cc:99) For utterance sess10_five_0, best cost 9.14732 + 388.8 = 397.947 over 68 frames.
LOG (lattice-best-path[5.5.1013~6-d787]:main():lattice-best-path.cc:99) For utterance sess10_five_1, best cost 8.96256 + 350.586 = 359.548 over 63 frames.
LOG (lattice-best-path[5.5.1013~6-d787]:main():lattice-best-path.cc:99) For utterance sess10_five_2, best cost 9.12651 + 365.303 = 374.43 over 65 frames.
LOG (lattice-best-path[5.5.1013~6-d787]:main():lattice-best-path.cc:99) For utterance sess10_five_3, best cost 8.97544 + 342.231 = 351.207 over 59 frames.
LOG (lattice-best-path[5.5.1013~6-d787]:main():lattice-best-path.cc:99) For utterance sess10_five_4, best cost 8.74845 + 347.761 = 356.509 over 62 frames.
LOG (lattice-best-path[5.5.1013~6-d787]:main():lattice-best-path.cc:99) For utterance sess10_four_0, best cost 8.5184 + 374.251 = 382.769 over 65 frames.
LOG (lattice-depth-per-frame[5.5.1013~6-d787]:main():lattice-depth-per-frame.cc:82) Done 70 lattices.
LOG (lattice-best-path[5.5.1013~6-d787]:main():lattice-best-path.cc:99) For utterance sess10_four_1, best cost 8.65001 + 358.013 = 366.663 over 65 frames.
LOG (lattice-best-path[5.5.1013~6-d787]:main():lattice-best-path.cc:99) For utterance sess10_four_2, best cost 8.70864 + 368.615 = 377.324 over 63 frames.
LOG (lattice-best-path[5.5.1013~6-d787]:main():lattice-best-path.cc:99) For utterance sess10_four_3, best cost 7.98822 + 356.767 = 364.755 over 61 frames.
LOG (lattice-best-path[5.5.1013~6-d787]:main():lattice-best-path.cc:99) For utterance sess10_four_4, best cost 8.39986 + 336.118 = 344.518 over 60 frames.
LOG (lattice-best-path[5.5.1013~6-d787]:main():lattice-best-path.cc:99) For utterance sess10_left_0, best cost 8.22789 + 310.795 = 319.023 over 55 frames.
LOG (lattice-best-path[5.5.1013~6-d787]:main():lattice-best-path.cc:99) For utterance sess10_left_1, best cost 9.39551 + 350.914 = 360.31 over 63 frames.
LOG (lattice-best-path[5.5.1013~6-d787]:main():lattice-best-path.cc:99) For utterance sess10_left_2, best cost 8.58701 + 342.126 = 350.713 over 60 frames.
LOG (lattice-best-path[5.5.1013~6-d787]:main():lattice-best-path.cc:99) For utterance sess10_left_3, best cost 8.6507 + 347.241 = 355.891 over 64 frames.
LOG (lattice-best-path[5.5.1013~6-d787]:main():lattice-best-path.cc:99) For utterance sess10_left_4, best cost 8.51153 + 363.197 = 371.708 over 66 frames.
LOG (lattice-best-path[5.5.1013~6-d787]:main():lattice-best-path.cc:99) For utterance sess10_nine_0, best cost 8.49047 + 356.163 = 364.653 over 66 frames.
LOG (lattice-best-path[5.5.1013~6-d787]:main():lattice-best-path.cc:99) For utterance sess10_nine_1, best cost 8.39993 + 339.062 = 347.462 over 63 frames.
LOG (lattice-best-path[5.5.1013~6-d787]:main():lattice-best-path.cc:99) For utterance sess10_nine_2, best cost 8.53727 + 331.724 = 340.261 over 58 frames.
LOG (lattice-best-path[5.5.1013~6-d787]:main():lattice-best-path.cc:99) For utterance sess10_nine_3, best cost 7.79574 + 341.42 = 349.215 over 62 frames.
LOG (lattice-best-path[5.5.1013~6-d787]:main():lattice-best-path.cc:99) For utterance sess10_nine_4, best cost 8.05474 + 287.494 = 295.549 over 49 frames.
LOG (lattice-best-path[5.5.1013~6-d787]:main():lattice-best-path.cc:99) For utterance sess10_one_0, best cost 8.74348 + 371.49 = 380.233 over 65 frames.
LOG (lattice-best-path[5.5.1013~6-d787]:main():lattice-best-path.cc:99) For utterance sess10_one_1, best cost 8.17497 + 338.825 = 347 over 59 frames.
LOG (lattice-best-path[5.5.1013~6-d787]:main():lattice-best-path.cc:99) For utterance sess10_one_2, best cost 8.50191 + 309.593 = 318.095 over 57 frames.
LOG (lattice-best-path[5.5.1013~6-d787]:main():lattice-best-path.cc:99) For utterance sess10_one_3, best cost 8.88604 + 389.2 = 398.086 over 70 frames.
LOG (lattice-best-path[5.5.1013~6-d787]:main():lattice-best-path.cc:99) For utterance sess10_one_4, best cost 8.41286 + 368.185 = 376.598 over 66 frames.
LOG (lattice-best-path[5.5.1013~6-d787]:main():lattice-best-path.cc:99) For utterance sess10_right_0, best cost 13.4229 + 358.252 = 371.675 over 62 frames.
LOG (lattice-best-path[5.5.1013~6-d787]:main():lattice-best-path.cc:99) For utterance sess10_right_1, best cost 8.50862 + 374.849 = 383.357 over 67 frames.
LOG (lattice-best-path[5.5.1013~6-d787]:main():lattice-best-path.cc:99) For utterance sess10_right_2, best cost 8.39912 + 385.321 = 393.72 over 67 frames.
LOG (lattice-best-path[5.5.1013~6-d787]:main():lattice-best-path.cc:99) For utterance sess10_right_3, best cost 8.94927 + 365.535 = 374.484 over 63 frames.
LOG (lattice-best-path[5.5.1013~6-d787]:main():lattice-best-path.cc:99) For utterance sess10_right_4, best cost 8.15262 + 314.794 = 322.946 over 56 frames.
LOG (lattice-best-path[5.5.1013~6-d787]:main():lattice-best-path.cc:99) For utterance sess10_seven_0, best cost 8.40539 + 306.536 = 314.941 over 59 frames.
LOG (lattice-best-path[5.5.1013~6-d787]:main():lattice-best-path.cc:99) For utterance sess10_seven_1, best cost 8.57702 + 336.353 = 344.93 over 59 frames.
LOG (lattice-best-path[5.5.1013~6-d787]:main():lattice-best-path.cc:99) For utterance sess10_seven_2, best cost 8.73969 + 337.185 = 345.925 over 60 frames.
LOG (lattice-best-path[5.5.1013~6-d787]:main():lattice-best-path.cc:99) For utterance sess10_seven_3, best cost 8.68087 + 360.556 = 369.237 over 61 frames.
LOG (lattice-best-path[5.5.1013~6-d787]:main():lattice-best-path.cc:99) For utterance sess10_seven_4, best cost 8.56487 + 317.91 = 326.475 over 61 frames.
LOG (lattice-best-path[5.5.1013~6-d787]:main():lattice-best-path.cc:99) For utterance sess10_six_0, best cost 9.66973 + 363.452 = 373.122 over 64 frames.
LOG (lattice-best-path[5.5.1013~6-d787]:main():lattice-best-path.cc:99) For utterance sess10_six_1, best cost 8.61056 + 337.528 = 346.138 over 60 frames.
LOG (lattice-best-path[5.5.1013~6-d787]:main():lattice-best-path.cc:99) For utterance sess10_six_2, best cost 8.26405 + 341.136 = 349.4 over 62 frames.
LOG (lattice-best-path[5.5.1013~6-d787]:main():lattice-best-path.cc:99) For utterance sess10_six_3, best cost 8.63121 + 382.879 = 391.511 over 72 frames.
LOG (lattice-best-path[5.5.1013~6-d787]:main():lattice-best-path.cc:99) For utterance sess10_six_4, best cost 9.3391 + 341.538 = 350.877 over 64 frames.
LOG (lattice-best-path[5.5.1013~6-d787]:main():lattice-best-path.cc:99) For utterance sess10_three_0, best cost 8.46108 + 362.593 = 371.054 over 65 frames.
LOG (lattice-best-path[5.5.1013~6-d787]:main():lattice-best-path.cc:99) For utterance sess10_three_1, best cost 8.33187 + 347.265 = 355.597 over 63 frames.
LOG (lattice-best-path[5.5.1013~6-d787]:main():lattice-best-path.cc:99) For utterance sess10_three_2, best cost 8.991 + 355.093 = 364.084 over 61 frames.
LOG (lattice-best-path[5.5.1013~6-d787]:main():lattice-best-path.cc:99) For utterance sess10_three_3, best cost 8.38876 + 348.578 = 356.967 over 61 frames.
LOG (lattice-best-path[5.5.1013~6-d787]:main():lattice-best-path.cc:99) For utterance sess10_three_4, best cost 8.38131 + 337.526 = 345.908 over 61 frames.
LOG (lattice-best-path[5.5.1013~6-d787]:main():lattice-best-path.cc:99) For utterance sess10_two_0, best cost 8.30877 + 311.155 = 319.464 over 56 frames.
LOG (lattice-best-path[5.5.1013~6-d787]:main():lattice-best-path.cc:99) For utterance sess10_two_1, best cost 7.70359 + 272.227 = 279.93 over 47 frames.
LOG (lattice-best-path[5.5.1013~6-d787]:main():lattice-best-path.cc:99) For utterance sess10_two_2, best cost 7.73772 + 331.019 = 338.757 over 56 frames.
LOG (lattice-best-path[5.5.1013~6-d787]:main():lattice-best-path.cc:99) For utterance sess10_two_3, best cost 7.78588 + 367.599 = 375.385 over 61 frames.
LOG (lattice-best-path[5.5.1013~6-d787]:main():lattice-best-path.cc:99) For utterance sess10_two_4, best cost 8.5984 + 336.769 = 345.367 over 60 frames.
LOG (lattice-best-path[5.5.1013~6-d787]:main():lattice-best-path.cc:99) For utterance sess10_up_0, best cost 7.81337 + 308.324 = 316.138 over 56 frames.
LOG (lattice-best-path[5.5.1013~6-d787]:main():lattice-best-path.cc:99) For utterance sess10_up_1, best cost 7.62262 + 308.544 = 316.167 over 55 frames.
LOG (lattice-best-path[5.5.1013~6-d787]:main():lattice-best-path.cc:99) For utterance sess10_up_2, best cost 8.41027 + 349.625 = 358.035 over 64 frames.
LOG (lattice-best-path[5.5.1013~6-d787]:main():lattice-best-path.cc:99) For utterance sess10_up_3, best cost 8.15023 + 301.368 = 309.518 over 53 frames.
LOG (lattice-best-path[5.5.1013~6-d787]:main():lattice-best-path.cc:99) For utterance sess10_up_4, best cost 8.39417 + 324.553 = 332.947 over 59 frames.
LOG (lattice-best-path[5.5.1013~6-d787]:main():lattice-best-path.cc:99) For utterance sess10_zero_0, best cost 8.6985 + 352.241 = 360.939 over 61 frames.
LOG (lattice-best-path[5.5.1013~6-d787]:main():lattice-best-path.cc:99) For utterance sess10_zero_1, best cost 8.31631 + 360.154 = 368.471 over 63 frames.
LOG (lattice-best-path[5.5.1013~6-d787]:main():lattice-best-path.cc:99) For utterance sess10_zero_2, best cost 8.34746 + 340.456 = 348.803 over 53 frames.
LOG (lattice-best-path[5.5.1013~6-d787]:main():lattice-best-path.cc:99) For utterance sess10_zero_3, best cost 8.1549 + 325.481 = 333.636 over 58 frames.
LOG (lattice-best-path[5.5.1013~6-d787]:main():lattice-best-path.cc:99) For utterance sess10_zero_4, best cost 8.4126 + 356.462 = 364.874 over 57 frames.
LOG (lattice-best-path[5.5.1013~6-d787]:main():lattice-best-path.cc:124) Overall cost per frame is 5.79055 = 0.141209 [graph] + 5.64935 [acoustic] over 4253 frames.
LOG (lattice-best-path[5.5.1013~6-d787]:main():lattice-best-path.cc:128) Done 70 lattices, failed for 0
# Accounting: time=0 threads=1
# Ended (code 0) at Sat Apr 23 11:03:57 CDT 2022, elapsed time 0 seconds
