# gunzip -c exp/tri2a/decode/depth_tmp.*.gz | steps/diagnostic/analyze_lattice_depth_stats.py exp/tri2a/graph exp/tri2a/decode/ali_frame_tmp.gz 
# Started at Mon Apr 25 20:45:32 CDT 2022
#
The total amount of data analyzed assuming 100 frames per second is 0.0 hours
Overall, lattice depth (10,50,90-percentile)=(1,1,3) and mean=1.7
Nonsilence phones as a group account for 70.6% of frames, with lattice depth (10,50,90-percentile)=(1,1,3) and mean=1.7
Phone sil accounts for 29.4% of frames, with lattice depth (10,50,90-percentile)=(1,1,3) and mean=1.7
Phone t_E accounts for 7.6% of frames, with lattice depth (10,50,90-percentile)=(1,2,3) and mean=1.9
Phone n_E accounts for 5.7% of frames, with lattice depth (10,50,90-percentile)=(1,1,2) and mean=1.3
Phone r_I accounts for 4.0% of frames, with lattice depth (10,50,90-percentile)=(1,1,9) and mean=2.8
Phone ay1_I accounts for 3.8% of frames, with lattice depth (10,50,90-percentile)=(1,1,2) and mean=1.5
Phone p_E accounts for 3.7% of frames, with lattice depth (10,50,90-percentile)=(1,1,1) and mean=1.1
Phone v_E accounts for 3.3% of frames, with lattice depth (10,50,90-percentile)=(1,1,2) and mean=1.2
Phone iy1_E accounts for 3.1% of frames, with lattice depth (10,50,90-percentile)=(1,1,6) and mean=2.5
Phone r_B accounts for 3.0% of frames, with lattice depth (10,50,90-percentile)=(1,1,2) and mean=1.6
Phone uw1_E accounts for 2.8% of frames, with lattice depth (10,50,90-percentile)=(1,2,7) and mean=3.4
Phone ey1_B accounts for 2.6% of frames, with lattice depth (10,50,90-percentile)=(2,2,3) and mean=2.4
Phone k_I accounts for 2.6% of frames, with lattice depth (10,50,90-percentile)=(1,2,6) and mean=2.5
Phone z_B accounts for 2.2% of frames, with lattice depth (10,50,90-percentile)=(1,1,1) and mean=1.3
Phone eh1_I accounts for 2.2% of frames, with lattice depth (10,50,90-percentile)=(1,1,2) and mean=1.2
Phone th_B accounts for 2.1% of frames, with lattice depth (10,50,90-percentile)=(1,1,5) and mean=2.0
Phone t_B accounts for 1.9% of frames, with lattice depth (10,50,90-percentile)=(1,2,2) and mean=1.6
Phone ow0_E accounts for 1.8% of frames, with lattice depth (10,50,90-percentile)=(1,1,1) and mean=1.6
Phone aw1_I accounts for 1.7% of frames, with lattice depth (10,50,90-percentile)=(1,1,1) and mean=1.0
Phone ih1_I accounts for 1.7% of frames, with lattice depth (10,50,90-percentile)=(1,1,3) and mean=1.7
Phone d_B accounts for 1.6% of frames, with lattice depth (10,50,90-percentile)=(1,1,1) and mean=1.0
Phone f_B accounts for 1.5% of frames, with lattice depth (10,50,90-percentile)=(1,1,1) and mean=1.0
Phone s_B accounts for 1.4% of frames, with lattice depth (10,50,90-percentile)=(1,1,2) and mean=1.4
Phone ao1_I accounts for 1.3% of frames, with lattice depth (10,50,90-percentile)=(1,1,1) and mean=1.0
Phone r_E accounts for 1.3% of frames, with lattice depth (10,50,90-percentile)=(1,1,2) and mean=1.4
Phone w_B accounts for 1.2% of frames, with lattice depth (10,50,90-percentile)=(1,1,2) and mean=1.2
Phone v_I accounts for 1.1% of frames, with lattice depth (10,50,90-percentile)=(1,1,1) and mean=1.0
Phone ah1_I accounts for 1.1% of frames, with lattice depth (10,50,90-percentile)=(1,1,2) and mean=1.4
Phone l_B accounts for 1.0% of frames, with lattice depth (10,50,90-percentile)=(1,2,2) and mean=1.6
Phone ah1_B accounts for 0.9% of frames, with lattice depth (10,50,90-percentile)=(1,1,1) and mean=1.0
Phone ah0_I accounts for 0.9% of frames, with lattice depth (10,50,90-percentile)=(1,1,1) and mean=1.0
Phone f_I accounts for 0.5% of frames, with lattice depth (10,50,90-percentile)=(1,2,2) and mean=1.6
Phone n_B accounts for 0.5% of frames, with lattice depth (10,50,90-percentile)=(1,1,3) and mean=1.7
# Accounting: time=0 threads=1
# Ended (code 0) at Mon Apr 25 20:45:32 CDT 2022, elapsed time 0 seconds
