# gmm-latgen-faster --max-active=7000 --beam=13.0 --lattice-beam=6.0 --acoustic-scale=0.083333 --allow-partial=true --word-symbol-table=exp/tri2a/graph/words.txt exp/tri2a/final.mdl exp/tri2a/graph/HCLG.fst "ark,s,cs:apply-cmvn  --utt2spk=ark:data/test/split1/1/utt2spk scp:data/test/split1/1/cmvn.scp scp:data/test/split1/1/feats.scp ark:- | add-deltas  ark:- ark:- |" "ark:|gzip -c > exp/tri2a/decode/lat.1.gz" 
# Started at Sat Apr 23 13:39:33 CDT 2022
#
gmm-latgen-faster --max-active=7000 --beam=13.0 --lattice-beam=6.0 --acoustic-scale=0.083333 --allow-partial=true --word-symbol-table=exp/tri2a/graph/words.txt exp/tri2a/final.mdl exp/tri2a/graph/HCLG.fst 'ark,s,cs:apply-cmvn  --utt2spk=ark:data/test/split1/1/utt2spk scp:data/test/split1/1/cmvn.scp scp:data/test/split1/1/feats.scp ark:- | add-deltas  ark:- ark:- |' 'ark:|gzip -c > exp/tri2a/decode/lat.1.gz' 
add-deltas ark:- ark:- 
apply-cmvn --utt2spk=ark:data/test/split1/1/utt2spk scp:data/test/split1/1/cmvn.scp scp:data/test/split1/1/feats.scp ark:- 
sess10_down_0 eight 
LOG (gmm-latgen-faster[5.5.1017~3-12a20]:DecodeUtteranceLatticeFaster():decoder-wrappers.cc:375) Log-like per frame for utterance sess10_down_0 is -12.8329 over 60 frames.
sess10_down_1 down 
LOG (gmm-latgen-faster[5.5.1017~3-12a20]:DecodeUtteranceLatticeFaster():decoder-wrappers.cc:375) Log-like per frame for utterance sess10_down_1 is -12.7064 over 60 frames.
sess10_down_2 down 
LOG (gmm-latgen-faster[5.5.1017~3-12a20]:DecodeUtteranceLatticeFaster():decoder-wrappers.cc:375) Log-like per frame for utterance sess10_down_2 is -13.1823 over 65 frames.
sess10_eight_0 eight 
LOG (gmm-latgen-faster[5.5.1017~3-12a20]:DecodeUtteranceLatticeFaster():decoder-wrappers.cc:375) Log-like per frame for utterance sess10_eight_0 is -12.5854 over 54 frames.
sess10_eight_1 nine 
LOG (gmm-latgen-faster[5.5.1017~3-12a20]:DecodeUtteranceLatticeFaster():decoder-wrappers.cc:375) Log-like per frame for utterance sess10_eight_1 is -12.189 over 56 frames.
sess10_eight_2 nine 
LOG (gmm-latgen-faster[5.5.1017~3-12a20]:DecodeUtteranceLatticeFaster():decoder-wrappers.cc:375) Log-like per frame for utterance sess10_eight_2 is -12.6204 over 60 frames.
sess10_five_0 five 
LOG (gmm-latgen-faster[5.5.1017~3-12a20]:DecodeUtteranceLatticeFaster():decoder-wrappers.cc:375) Log-like per frame for utterance sess10_five_0 is -12.6997 over 69 frames.
sess10_five_1 five 
LOG (gmm-latgen-faster[5.5.1017~3-12a20]:DecodeUtteranceLatticeFaster():decoder-wrappers.cc:375) Log-like per frame for utterance sess10_five_1 is -12.5756 over 66 frames.
sess10_five_2 nine five 
LOG (gmm-latgen-faster[5.5.1017~3-12a20]:DecodeUtteranceLatticeFaster():decoder-wrappers.cc:375) Log-like per frame for utterance sess10_five_2 is -13.4948 over 63 frames.
sess10_four_0 four 
LOG (gmm-latgen-faster[5.5.1017~3-12a20]:DecodeUtteranceLatticeFaster():decoder-wrappers.cc:375) Log-like per frame for utterance sess10_four_0 is -13.1034 over 54 frames.
sess10_four_1 four 
LOG (gmm-latgen-faster[5.5.1017~3-12a20]:DecodeUtteranceLatticeFaster():decoder-wrappers.cc:375) Log-like per frame for utterance sess10_four_1 is -12.8693 over 71 frames.
sess10_four_2 four nine 
LOG (gmm-latgen-faster[5.5.1017~3-12a20]:DecodeUtteranceLatticeFaster():decoder-wrappers.cc:375) Log-like per frame for utterance sess10_four_2 is -13.2819 over 66 frames.
sess10_left_0 left 
LOG (gmm-latgen-faster[5.5.1017~3-12a20]:DecodeUtteranceLatticeFaster():decoder-wrappers.cc:375) Log-like per frame for utterance sess10_left_0 is -12.7362 over 68 frames.
sess10_left_1 left 
LOG (gmm-latgen-faster[5.5.1017~3-12a20]:DecodeUtteranceLatticeFaster():decoder-wrappers.cc:375) Log-like per frame for utterance sess10_left_1 is -13.013 over 64 frames.
sess10_left_2 left 
LOG (gmm-latgen-faster[5.5.1017~3-12a20]:DecodeUtteranceLatticeFaster():decoder-wrappers.cc:375) Log-like per frame for utterance sess10_left_2 is -12.3684 over 65 frames.
sess10_nine_0 nine 
LOG (gmm-latgen-faster[5.5.1017~3-12a20]:DecodeUtteranceLatticeFaster():decoder-wrappers.cc:375) Log-like per frame for utterance sess10_nine_0 is -12.3286 over 69 frames.
sess10_nine_1 nine 
LOG (gmm-latgen-faster[5.5.1017~3-12a20]:DecodeUtteranceLatticeFaster():decoder-wrappers.cc:375) Log-like per frame for utterance sess10_nine_1 is -12.5625 over 60 frames.
sess10_nine_2 nine 
LOG (gmm-latgen-faster[5.5.1017~3-12a20]:DecodeUtteranceLatticeFaster():decoder-wrappers.cc:375) Log-like per frame for utterance sess10_nine_2 is -12.6515 over 62 frames.
sess10_one_0 one 
LOG (gmm-latgen-faster[5.5.1017~3-12a20]:DecodeUtteranceLatticeFaster():decoder-wrappers.cc:375) Log-like per frame for utterance sess10_one_0 is -13.3553 over 64 frames.
sess10_one_1 one 
LOG (gmm-latgen-faster[5.5.1017~3-12a20]:DecodeUtteranceLatticeFaster():decoder-wrappers.cc:375) Log-like per frame for utterance sess10_one_1 is -13.1277 over 67 frames.
sess10_one_2 right 
LOG (gmm-latgen-faster[5.5.1017~3-12a20]:DecodeUtteranceLatticeFaster():decoder-wrappers.cc:375) Log-like per frame for utterance sess10_one_2 is -13.0586 over 70 frames.
sess10_right_0 right 
LOG (gmm-latgen-faster[5.5.1017~3-12a20]:DecodeUtteranceLatticeFaster():decoder-wrappers.cc:375) Log-like per frame for utterance sess10_right_0 is -13.0967 over 63 frames.
sess10_right_1 right 
LOG (gmm-latgen-faster[5.5.1017~3-12a20]:DecodeUtteranceLatticeFaster():decoder-wrappers.cc:375) Log-like per frame for utterance sess10_right_1 is -13.6911 over 70 frames.
sess10_right_2 right 
LOG (gmm-latgen-faster[5.5.1017~3-12a20]:DecodeUtteranceLatticeFaster():decoder-wrappers.cc:375) Log-like per frame for utterance sess10_right_2 is -13.0794 over 68 frames.
sess10_seven_0 seven 
LOG (gmm-latgen-faster[5.5.1017~3-12a20]:DecodeUtteranceLatticeFaster():decoder-wrappers.cc:375) Log-like per frame for utterance sess10_seven_0 is -12.8346 over 64 frames.
sess10_seven_1 seven 
LOG (gmm-latgen-faster[5.5.1017~3-12a20]:DecodeUtteranceLatticeFaster():decoder-wrappers.cc:375) Log-like per frame for utterance sess10_seven_1 is -12.7557 over 58 frames.
sess10_seven_2 seven 
LOG (gmm-latgen-faster[5.5.1017~3-12a20]:DecodeUtteranceLatticeFaster():decoder-wrappers.cc:375) Log-like per frame for utterance sess10_seven_2 is -12.7634 over 58 frames.
sess10_six_0 six 
LOG (gmm-latgen-faster[5.5.1017~3-12a20]:DecodeUtteranceLatticeFaster():decoder-wrappers.cc:375) Log-like per frame for utterance sess10_six_0 is -13.0197 over 58 frames.
sess10_six_1 six 
LOG (gmm-latgen-faster[5.5.1017~3-12a20]:DecodeUtteranceLatticeFaster():decoder-wrappers.cc:375) Log-like per frame for utterance sess10_six_1 is -12.3138 over 65 frames.
sess10_six_2 six 
LOG (gmm-latgen-faster[5.5.1017~3-12a20]:DecodeUtteranceLatticeFaster():decoder-wrappers.cc:375) Log-like per frame for utterance sess10_six_2 is -12.4203 over 65 frames.
sess10_three_0 three 
LOG (gmm-latgen-faster[5.5.1017~3-12a20]:DecodeUtteranceLatticeFaster():decoder-wrappers.cc:375) Log-like per frame for utterance sess10_three_0 is -12.9276 over 64 frames.
sess10_three_1 three 
LOG (gmm-latgen-faster[5.5.1017~3-12a20]:DecodeUtteranceLatticeFaster():decoder-wrappers.cc:375) Log-like per frame for utterance sess10_three_1 is -13.5286 over 71 frames.
LOG (apply-cmvn[5.5.1017~3-12a20]:main():apply-cmvn.cc:162) Applied cepstral mean normalization to 41 utterances, errors on 0
sess10_three_2 three 
LOG (gmm-latgen-faster[5.5.1017~3-12a20]:DecodeUtteranceLatticeFaster():decoder-wrappers.cc:375) Log-like per frame for utterance sess10_three_2 is -12.427 over 70 frames.
sess10_two_0 four 
LOG (gmm-latgen-faster[5.5.1017~3-12a20]:DecodeUtteranceLatticeFaster():decoder-wrappers.cc:375) Log-like per frame for utterance sess10_two_0 is -13.4465 over 65 frames.
sess10_two_1 four 
LOG (gmm-latgen-faster[5.5.1017~3-12a20]:DecodeUtteranceLatticeFaster():decoder-wrappers.cc:375) Log-like per frame for utterance sess10_two_1 is -12.682 over 63 frames.
sess10_two_2 two 
LOG (gmm-latgen-faster[5.5.1017~3-12a20]:DecodeUtteranceLatticeFaster():decoder-wrappers.cc:375) Log-like per frame for utterance sess10_two_2 is -12.4229 over 64 frames.
sess10_up_0 nine 
LOG (gmm-latgen-faster[5.5.1017~3-12a20]:DecodeUtteranceLatticeFaster():decoder-wrappers.cc:375) Log-like per frame for utterance sess10_up_0 is -12.556 over 68 frames.
sess10_up_1 up 
LOG (gmm-latgen-faster[5.5.1017~3-12a20]:DecodeUtteranceLatticeFaster():decoder-wrappers.cc:375) Log-like per frame for utterance sess10_up_1 is -12.7656 over 54 frames.
sess10_up_2 four 
LOG (gmm-latgen-faster[5.5.1017~3-12a20]:DecodeUtteranceLatticeFaster():decoder-wrappers.cc:375) Log-like per frame for utterance sess10_up_2 is -13.1036 over 60 frames.
sess10_zero_1 zero 
LOG (gmm-latgen-faster[5.5.1017~3-12a20]:DecodeUtteranceLatticeFaster():decoder-wrappers.cc:375) Log-like per frame for utterance sess10_zero_1 is -12.8475 over 58 frames.
sess10_zero_2 zero 
LOG (gmm-latgen-faster[5.5.1017~3-12a20]:DecodeUtteranceLatticeFaster():decoder-wrappers.cc:375) Log-like per frame for utterance sess10_zero_2 is -13.0898 over 60 frames.
LOG (gmm-latgen-faster[5.5.1017~3-12a20]:main():gmm-latgen-faster.cc:176) Time taken 0.311757s: real-time factor assuming 100 frames/sec is 0.0119953
LOG (gmm-latgen-faster[5.5.1017~3-12a20]:main():gmm-latgen-faster.cc:179) Done 41 utterances, failed for 0
LOG (gmm-latgen-faster[5.5.1017~3-12a20]:main():gmm-latgen-faster.cc:181) Overall log-likelihood per frame is -12.8611 over 2599 frames.
# Accounting: time=0 threads=1
# Ended (code 0) at Sat Apr 23 13:39:33 CDT 2022, elapsed time 0 seconds
