# lattice-depth-per-frame "ark:gunzip -c exp/tri2a/decode/lat.1.gz|" "ark,t:|gzip -c > exp/tri2a/decode/depth_tmp.1.gz" ark:- | lattice-best-path --acoustic-scale=0.1 ark:- ark:/dev/null "ark,t:|gzip -c >exp/tri2a/decode/ali_tmp.1.gz" 
# Started at Sat Apr 23 11:02:56 CDT 2022
#
lattice-depth-per-frame 'ark:gunzip -c exp/tri2a/decode/lat.1.gz|' 'ark,t:|gzip -c > exp/tri2a/decode/depth_tmp.1.gz' ark:- 
lattice-best-path --acoustic-scale=0.1 ark:- ark:/dev/null 'ark,t:|gzip -c >exp/tri2a/decode/ali_tmp.1.gz' 
LOG (lattice-best-path[5.5.1013~6-d787]:main():lattice-best-path.cc:99) For utterance sess10_down_0, best cost 8.9771 + 948.985 = 957.962 over 62 frames.
LOG (lattice-best-path[5.5.1013~6-d787]:main():lattice-best-path.cc:99) For utterance sess10_down_1, best cost 8.94207 + 993.526 = 1002.47 over 64 frames.
LOG (lattice-best-path[5.5.1013~6-d787]:main():lattice-best-path.cc:99) For utterance sess10_down_2, best cost 8.47275 + 1028.52 = 1037 over 65 frames.
LOG (lattice-best-path[5.5.1013~6-d787]:main():lattice-best-path.cc:99) For utterance sess10_down_3, best cost 9.07314 + 916.102 = 925.175 over 59 frames.
LOG (lattice-best-path[5.5.1013~6-d787]:main():lattice-best-path.cc:99) For utterance sess10_down_4, best cost 8.37342 + 865.916 = 874.29 over 55 frames.
LOG (lattice-best-path[5.5.1013~6-d787]:main():lattice-best-path.cc:99) For utterance sess10_eight_0, best cost 8.3788 + 795.586 = 803.965 over 53 frames.
LOG (lattice-best-path[5.5.1013~6-d787]:main():lattice-best-path.cc:99) For utterance sess10_eight_1, best cost 8.45803 + 890.089 = 898.547 over 58 frames.
LOG (lattice-best-path[5.5.1013~6-d787]:main():lattice-best-path.cc:99) For utterance sess10_eight_2, best cost 8.35169 + 741.718 = 750.07 over 49 frames.
LOG (lattice-best-path[5.5.1013~6-d787]:main():lattice-best-path.cc:99) For utterance sess10_eight_3, best cost 8.71701 + 1023.73 = 1032.45 over 69 frames.
LOG (lattice-best-path[5.5.1013~6-d787]:main():lattice-best-path.cc:99) For utterance sess10_eight_4, best cost 8.99214 + 873.483 = 882.475 over 58 frames.
LOG (lattice-best-path[5.5.1013~6-d787]:main():lattice-best-path.cc:99) For utterance sess10_five_0, best cost 8.53648 + 1018.03 = 1026.57 over 68 frames.
LOG (lattice-best-path[5.5.1013~6-d787]:main():lattice-best-path.cc:99) For utterance sess10_five_1, best cost 8.89494 + 962.271 = 971.166 over 63 frames.
LOG (lattice-best-path[5.5.1013~6-d787]:main():lattice-best-path.cc:99) For utterance sess10_five_2, best cost 9.04446 + 957.062 = 966.107 over 65 frames.
LOG (lattice-best-path[5.5.1013~6-d787]:main():lattice-best-path.cc:99) For utterance sess10_five_3, best cost 8.97109 + 923.669 = 932.64 over 59 frames.
LOG (lattice-best-path[5.5.1013~6-d787]:main():lattice-best-path.cc:99) For utterance sess10_five_4, best cost 8.45191 + 924.034 = 932.486 over 62 frames.
LOG (lattice-best-path[5.5.1013~6-d787]:main():lattice-best-path.cc:99) For utterance sess10_four_0, best cost 8.49286 + 1005.99 = 1014.49 over 65 frames.
LOG (lattice-best-path[5.5.1013~6-d787]:main():lattice-best-path.cc:99) For utterance sess10_four_1, best cost 8.72539 + 1001.12 = 1009.85 over 65 frames.
LOG (lattice-best-path[5.5.1013~6-d787]:main():lattice-best-path.cc:99) For utterance sess10_four_2, best cost 9.07714 + 1000.05 = 1009.13 over 63 frames.
LOG (lattice-best-path[5.5.1013~6-d787]:main():lattice-best-path.cc:99) For utterance sess10_four_3, best cost 8.15224 + 951.425 = 959.578 over 61 frames.
LOG (lattice-depth-per-frame[5.5.1013~6-d787]:main():lattice-depth-per-frame.cc:82) Done 70 lattices.
LOG (lattice-best-path[5.5.1013~6-d787]:main():lattice-best-path.cc:99) For utterance sess10_four_4, best cost 8.55158 + 927.935 = 936.486 over 60 frames.
LOG (lattice-best-path[5.5.1013~6-d787]:main():lattice-best-path.cc:99) For utterance sess10_left_0, best cost 9.25895 + 861.912 = 871.171 over 55 frames.
LOG (lattice-best-path[5.5.1013~6-d787]:main():lattice-best-path.cc:99) For utterance sess10_left_1, best cost 10.0283 + 963.138 = 973.166 over 63 frames.
LOG (lattice-best-path[5.5.1013~6-d787]:main():lattice-best-path.cc:99) For utterance sess10_left_2, best cost 13.6679 + 951.365 = 965.033 over 60 frames.
LOG (lattice-best-path[5.5.1013~6-d787]:main():lattice-best-path.cc:99) For utterance sess10_left_3, best cost 8.87431 + 970.773 = 979.647 over 64 frames.
LOG (lattice-best-path[5.5.1013~6-d787]:main():lattice-best-path.cc:99) For utterance sess10_left_4, best cost 13.4203 + 1009.36 = 1022.78 over 66 frames.
LOG (lattice-best-path[5.5.1013~6-d787]:main():lattice-best-path.cc:99) For utterance sess10_nine_0, best cost 8.65578 + 998.161 = 1006.82 over 66 frames.
LOG (lattice-best-path[5.5.1013~6-d787]:main():lattice-best-path.cc:99) For utterance sess10_nine_1, best cost 8.73952 + 937.628 = 946.367 over 63 frames.
LOG (lattice-best-path[5.5.1013~6-d787]:main():lattice-best-path.cc:99) For utterance sess10_nine_2, best cost 9.2565 + 833.364 = 842.62 over 58 frames.
LOG (lattice-best-path[5.5.1013~6-d787]:main():lattice-best-path.cc:99) For utterance sess10_nine_3, best cost 8.92726 + 901.114 = 910.041 over 62 frames.
LOG (lattice-best-path[5.5.1013~6-d787]:main():lattice-best-path.cc:99) For utterance sess10_nine_4, best cost 8.44794 + 773.583 = 782.031 over 49 frames.
LOG (lattice-best-path[5.5.1013~6-d787]:main():lattice-best-path.cc:99) For utterance sess10_one_0, best cost 8.36803 + 999.63 = 1008 over 65 frames.
LOG (lattice-best-path[5.5.1013~6-d787]:main():lattice-best-path.cc:99) For utterance sess10_one_1, best cost 8.08175 + 928.086 = 936.168 over 59 frames.
LOG (lattice-best-path[5.5.1013~6-d787]:main():lattice-best-path.cc:99) For utterance sess10_one_2, best cost 8.14884 + 863.164 = 871.313 over 57 frames.
LOG (lattice-best-path[5.5.1013~6-d787]:main():lattice-best-path.cc:99) For utterance sess10_one_3, best cost 8.24314 + 1080.98 = 1089.23 over 70 frames.
LOG (lattice-best-path[5.5.1013~6-d787]:main():lattice-best-path.cc:99) For utterance sess10_one_4, best cost 8.28442 + 1008.43 = 1016.72 over 66 frames.
LOG (lattice-best-path[5.5.1013~6-d787]:main():lattice-best-path.cc:99) For utterance sess10_right_0, best cost 8.81851 + 941.803 = 950.622 over 62 frames.
LOG (lattice-best-path[5.5.1013~6-d787]:main():lattice-best-path.cc:99) For utterance sess10_right_1, best cost 9.02352 + 1025.14 = 1034.17 over 67 frames.
LOG (lattice-best-path[5.5.1013~6-d787]:main():lattice-best-path.cc:99) For utterance sess10_right_2, best cost 8.24336 + 1046.94 = 1055.18 over 67 frames.
LOG (lattice-best-path[5.5.1013~6-d787]:main():lattice-best-path.cc:99) For utterance sess10_right_3, best cost 8.82338 + 981.734 = 990.557 over 63 frames.
LOG (lattice-best-path[5.5.1013~6-d787]:main():lattice-best-path.cc:99) For utterance sess10_right_4, best cost 8.13531 + 880.747 = 888.882 over 56 frames.
LOG (lattice-best-path[5.5.1013~6-d787]:main():lattice-best-path.cc:99) For utterance sess10_seven_0, best cost 8.6078 + 846.272 = 854.879 over 59 frames.
LOG (lattice-best-path[5.5.1013~6-d787]:main():lattice-best-path.cc:99) For utterance sess10_seven_1, best cost 9.29196 + 912.674 = 921.966 over 59 frames.
LOG (lattice-best-path[5.5.1013~6-d787]:main():lattice-best-path.cc:99) For utterance sess10_seven_2, best cost 8.94947 + 906.291 = 915.241 over 60 frames.
LOG (lattice-best-path[5.5.1013~6-d787]:main():lattice-best-path.cc:99) For utterance sess10_seven_3, best cost 8.86029 + 955.458 = 964.319 over 61 frames.
LOG (lattice-best-path[5.5.1013~6-d787]:main():lattice-best-path.cc:99) For utterance sess10_seven_4, best cost 9.20042 + 922.977 = 932.177 over 61 frames.
LOG (lattice-best-path[5.5.1013~6-d787]:main():lattice-best-path.cc:99) For utterance sess10_six_0, best cost 9.42328 + 957.144 = 966.567 over 64 frames.
LOG (lattice-best-path[5.5.1013~6-d787]:main():lattice-best-path.cc:99) For utterance sess10_six_1, best cost 8.87411 + 912.407 = 921.281 over 60 frames.
LOG (lattice-best-path[5.5.1013~6-d787]:main():lattice-best-path.cc:99) For utterance sess10_six_2, best cost 8.12781 + 940.38 = 948.508 over 62 frames.
LOG (lattice-best-path[5.5.1013~6-d787]:main():lattice-best-path.cc:99) For utterance sess10_six_3, best cost 13.8952 + 1059.84 = 1073.73 over 72 frames.
LOG (lattice-best-path[5.5.1013~6-d787]:main():lattice-best-path.cc:99) For utterance sess10_six_4, best cost 8.91494 + 971.112 = 980.027 over 64 frames.
LOG (lattice-best-path[5.5.1013~6-d787]:main():lattice-best-path.cc:99) For utterance sess10_three_0, best cost 8.45169 + 1003.55 = 1012 over 65 frames.
LOG (lattice-best-path[5.5.1013~6-d787]:main():lattice-best-path.cc:99) For utterance sess10_three_1, best cost 13.4451 + 994.785 = 1008.23 over 63 frames.
LOG (lattice-best-path[5.5.1013~6-d787]:main():lattice-best-path.cc:99) For utterance sess10_three_2, best cost 8.58779 + 987.093 = 995.681 over 61 frames.
LOG (lattice-best-path[5.5.1013~6-d787]:main():lattice-best-path.cc:99) For utterance sess10_three_3, best cost 8.80648 + 970.453 = 979.259 over 61 frames.
LOG (lattice-best-path[5.5.1013~6-d787]:main():lattice-best-path.cc:99) For utterance sess10_three_4, best cost 8.45289 + 955.397 = 963.85 over 61 frames.
LOG (lattice-best-path[5.5.1013~6-d787]:main():lattice-best-path.cc:99) For utterance sess10_two_0, best cost 8.34379 + 882.41 = 890.753 over 56 frames.
LOG (lattice-best-path[5.5.1013~6-d787]:main():lattice-best-path.cc:99) For utterance sess10_two_1, best cost 8.06075 + 719.45 = 727.511 over 47 frames.
LOG (lattice-best-path[5.5.1013~6-d787]:main():lattice-best-path.cc:99) For utterance sess10_two_2, best cost 13.2566 + 868.105 = 881.361 over 56 frames.
LOG (lattice-best-path[5.5.1013~6-d787]:main():lattice-best-path.cc:99) For utterance sess10_two_3, best cost 16.1138 + 949.654 = 965.768 over 61 frames.
LOG (lattice-best-path[5.5.1013~6-d787]:main():lattice-best-path.cc:99) For utterance sess10_two_4, best cost 8.46012 + 917.766 = 926.226 over 60 frames.
LOG (lattice-best-path[5.5.1013~6-d787]:main():lattice-best-path.cc:99) For utterance sess10_up_0, best cost 12.7292 + 852.709 = 865.438 over 56 frames.
LOG (lattice-best-path[5.5.1013~6-d787]:main():lattice-best-path.cc:99) For utterance sess10_up_1, best cost 8.12128 + 862.865 = 870.987 over 55 frames.
LOG (lattice-best-path[5.5.1013~6-d787]:main():lattice-best-path.cc:99) For utterance sess10_up_2, best cost 8.61405 + 934.608 = 943.222 over 64 frames.
LOG (lattice-best-path[5.5.1013~6-d787]:main():lattice-best-path.cc:99) For utterance sess10_up_3, best cost 8.18453 + 806.79 = 814.975 over 53 frames.
LOG (lattice-best-path[5.5.1013~6-d787]:main():lattice-best-path.cc:99) For utterance sess10_up_4, best cost 8.49965 + 891.114 = 899.614 over 59 frames.
LOG (lattice-best-path[5.5.1013~6-d787]:main():lattice-best-path.cc:99) For utterance sess10_zero_0, best cost 8.67554 + 951.639 = 960.315 over 61 frames.
LOG (lattice-best-path[5.5.1013~6-d787]:main():lattice-best-path.cc:99) For utterance sess10_zero_1, best cost 8.48625 + 968.49 = 976.976 over 63 frames.
LOG (lattice-best-path[5.5.1013~6-d787]:main():lattice-best-path.cc:99) For utterance sess10_zero_2, best cost 8.94718 + 859.613 = 868.56 over 53 frames.
LOG (lattice-best-path[5.5.1013~6-d787]:main():lattice-best-path.cc:99) For utterance sess10_zero_3, best cost 8.7453 + 886.585 = 895.33 over 58 frames.
LOG (lattice-best-path[5.5.1013~6-d787]:main():lattice-best-path.cc:99) For utterance sess10_zero_4, best cost 8.52667 + 915.789 = 924.316 over 57 frames.
LOG (lattice-best-path[5.5.1013~6-d787]:main():lattice-best-path.cc:124) Overall cost per frame is 15.4979 = 0.151125 [graph] + 15.3468 [acoustic] over 4253 frames.
LOG (lattice-best-path[5.5.1013~6-d787]:main():lattice-best-path.cc:128) Done 70 lattices, failed for 0
# Accounting: time=0 threads=1
# Ended (code 0) at Sat Apr 23 11:02:56 CDT 2022, elapsed time 0 seconds
