# ali-to-post "ark:gunzip -c exp/tri3a_ali/pre_ali.1.gz|" ark:- | weight-silence-post 0.0 1:2:3:4:5:6:7:8:9:10 exp/tri3a/final.mdl ark:- ark:- | gmm-est-fmllr --fmllr-update-type=full --spk2utt=ark:data/train/split1/1/spk2utt exp/tri3a/final.mdl "ark,s,cs:apply-cmvn  --utt2spk=ark:data/train/split1/1/utt2spk scp:data/train/split1/1/cmvn.scp scp:data/train/split1/1/feats.scp ark:- | splice-feats  ark:- ark:- | transform-feats exp/tri3a/final.mat ark:- ark:- |" ark,s,cs:- ark:exp/tri3a_ali/trans.1 
# Started at Sat Apr 23 12:42:23 CDT 2022
#
ali-to-post 'ark:gunzip -c exp/tri3a_ali/pre_ali.1.gz|' ark:- 
weight-silence-post 0.0 1:2:3:4:5:6:7:8:9:10 exp/tri3a/final.mdl ark:- ark:- 
gmm-est-fmllr --fmllr-update-type=full --spk2utt=ark:data/train/split1/1/spk2utt exp/tri3a/final.mdl 'ark,s,cs:apply-cmvn  --utt2spk=ark:data/train/split1/1/utt2spk scp:data/train/split1/1/cmvn.scp scp:data/train/split1/1/feats.scp ark:- | splice-feats  ark:- ark:- | transform-feats exp/tri3a/final.mat ark:- ark:- |' ark,s,cs:- ark:exp/tri3a_ali/trans.1 
transform-feats exp/tri3a/final.mat ark:- ark:- 
splice-feats ark:- ark:- 
apply-cmvn --utt2spk=ark:data/train/split1/1/utt2spk scp:data/train/split1/1/cmvn.scp scp:data/train/split1/1/feats.scp ark:- 
LOG (gmm-est-fmllr[5.5.1017~3-12a20]:ComputeFmllrMatrixDiagGmmFull():fmllr-diag-gmm.cc:262) fMLLR objf improvement is 0.269191 per frame over 6689 frames.
LOG (gmm-est-fmllr[5.5.1017~3-12a20]:main():gmm-est-fmllr.cc:143) For speaker sess3, auxf-impr from fMLLR is 0.269191, over 6689 frames.
LOG (gmm-est-fmllr[5.5.1017~3-12a20]:ComputeFmllrMatrixDiagGmmFull():fmllr-diag-gmm.cc:262) fMLLR objf improvement is 0.293612 per frame over 7028 frames.
LOG (gmm-est-fmllr[5.5.1017~3-12a20]:main():gmm-est-fmllr.cc:143) For speaker sess4, auxf-impr from fMLLR is 0.293612, over 7028 frames.
LOG (gmm-est-fmllr[5.5.1017~3-12a20]:ComputeFmllrMatrixDiagGmmFull():fmllr-diag-gmm.cc:262) fMLLR objf improvement is 0.369567 per frame over 6331 frames.
LOG (gmm-est-fmllr[5.5.1017~3-12a20]:main():gmm-est-fmllr.cc:143) For speaker sess5, auxf-impr from fMLLR is 0.369567, over 6331 frames.
LOG (gmm-est-fmllr[5.5.1017~3-12a20]:ComputeFmllrMatrixDiagGmmFull():fmllr-diag-gmm.cc:262) fMLLR objf improvement is 0.551437 per frame over 3393 frames.
LOG (gmm-est-fmllr[5.5.1017~3-12a20]:main():gmm-est-fmllr.cc:143) For speaker sess6, auxf-impr from fMLLR is 0.551437, over 3393 frames.
LOG (ali-to-post[5.5.1017~3-12a20]:main():ali-to-post.cc:73) Converted 700 alignments.
LOG (gmm-est-fmllr[5.5.1017~3-12a20]:ComputeFmllrMatrixDiagGmmFull():fmllr-diag-gmm.cc:262) fMLLR objf improvement is 0.641252 per frame over 3426 frames.
LOG (gmm-est-fmllr[5.5.1017~3-12a20]:main():gmm-est-fmllr.cc:143) For speaker sess7, auxf-impr from fMLLR is 0.641252, over 3426 frames.
LOG (weight-silence-post[5.5.1017~3-12a20]:main():weight-silence-post.cc:95) Done 700 posteriors.
LOG (gmm-est-fmllr[5.5.1017~3-12a20]:ComputeFmllrMatrixDiagGmmFull():fmllr-diag-gmm.cc:262) fMLLR objf improvement is 0.634302 per frame over 3423 frames.
LOG (gmm-est-fmllr[5.5.1017~3-12a20]:main():gmm-est-fmllr.cc:143) For speaker sess8, auxf-impr from fMLLR is 0.634302, over 3423 frames.
LOG (apply-cmvn[5.5.1017~3-12a20]:main():apply-cmvn.cc:162) Applied cepstral mean normalization to 700 utterances, errors on 0
LOG (transform-feats[5.5.1017~3-12a20]:main():transform-feats.cc:158) Overall average [pseudo-]logdet is -15.6 over 42908 frames.
LOG (transform-feats[5.5.1017~3-12a20]:main():transform-feats.cc:161) Applied transform to 700 utterances; 0 had errors.
LOG (gmm-est-fmllr[5.5.1017~3-12a20]:ComputeFmllrMatrixDiagGmmFull():fmllr-diag-gmm.cc:262) fMLLR objf improvement is 0.801973 per frame over 3589 frames.
LOG (gmm-est-fmllr[5.5.1017~3-12a20]:main():gmm-est-fmllr.cc:143) For speaker sess9, auxf-impr from fMLLR is 0.801973, over 3589 frames.
LOG (gmm-est-fmllr[5.5.1017~3-12a20]:main():gmm-est-fmllr.cc:188) Done 700 files, 0 with no posts, 0 with other errors.
LOG (gmm-est-fmllr[5.5.1017~3-12a20]:main():gmm-est-fmllr.cc:190) Overall fMLLR auxf impr per frame is 0.452236 over 33879 frames.
# Accounting: time=0 threads=1
# Ended (code 0) at Sat Apr 23 12:42:23 CDT 2022, elapsed time 0 seconds
