# lattice-best-path --lm-scale=6 --word-symbol-table=exp/tri2a/graph/words.txt "ark:gunzip -c exp/tri2a/decode/lat.*.gz|" ark,t:exp/tri2a/decode/scoring/6.tra 
# Started at Mon Apr 25 20:45:32 CDT 2022
#
lattice-best-path --lm-scale=6 --word-symbol-table=exp/tri2a/graph/words.txt 'ark:gunzip -c exp/tri2a/decode/lat.*.gz|' ark,t:exp/tri2a/decode/scoring/6.tra 
LOG (lattice-best-path[5.5.1017~3-12a20]:main():lattice-best-path.cc:99) For utterance sess15_down_0, best cost 55.6013 + 9561.17 = 9616.77 over 59 frames.
sess15_down_0 down 
LOG (lattice-best-path[5.5.1017~3-12a20]:main():lattice-best-path.cc:99) For utterance sess15_down_1, best cost 55.6959 + 10123.4 = 10179.1 over 63 frames.
sess15_down_1 down 
LOG (lattice-best-path[5.5.1017~3-12a20]:main():lattice-best-path.cc:99) For utterance sess15_down_2, best cost 53.9935 + 9667.26 = 9721.25 over 60 frames.
sess15_down_2 down 
LOG (lattice-best-path[5.5.1017~3-12a20]:main():lattice-best-path.cc:99) For utterance sess15_down_3, best cost 53.5114 + 10301.2 = 10354.7 over 63 frames.
sess15_down_3 down 
LOG (lattice-best-path[5.5.1017~3-12a20]:main():lattice-best-path.cc:99) For utterance sess15_down_4, best cost 53.9749 + 8545.32 = 8599.3 over 54 frames.
sess15_down_4 down 
LOG (lattice-best-path[5.5.1017~3-12a20]:main():lattice-best-path.cc:99) For utterance sess15_eight_0, best cost 49.6127 + 7745.41 = 7795.02 over 50 frames.
sess15_eight_0 eight 
LOG (lattice-best-path[5.5.1017~3-12a20]:main():lattice-best-path.cc:99) For utterance sess15_eight_1, best cost 45.3549 + 8918.87 = 8964.23 over 56 frames.
sess15_eight_1 eight 
LOG (lattice-best-path[5.5.1017~3-12a20]:main():lattice-best-path.cc:99) For utterance sess15_eight_2, best cost 49.8904 + 7772.81 = 7822.7 over 50 frames.
sess15_eight_2 eight 
LOG (lattice-best-path[5.5.1017~3-12a20]:main():lattice-best-path.cc:99) For utterance sess15_eight_3, best cost 53.9267 + 8731.54 = 8785.46 over 56 frames.
sess15_eight_3 right 
LOG (lattice-best-path[5.5.1017~3-12a20]:main():lattice-best-path.cc:99) For utterance sess15_eight_4, best cost 53.7285 + 8770.56 = 8824.29 over 55 frames.
sess15_eight_4 right 
LOG (lattice-best-path[5.5.1017~3-12a20]:main():lattice-best-path.cc:99) For utterance sess15_five_0, best cost 46.5326 + 8443.18 = 8489.72 over 53 frames.
sess15_five_0 five 
LOG (lattice-best-path[5.5.1017~3-12a20]:main():lattice-best-path.cc:99) For utterance sess15_five_1, best cost 53.1861 + 10938.9 = 10992 over 66 frames.
sess15_five_1 five 
LOG (lattice-best-path[5.5.1017~3-12a20]:main():lattice-best-path.cc:99) For utterance sess15_five_2, best cost 51.0745 + 8383.42 = 8434.5 over 53 frames.
sess15_five_2 five 
LOG (lattice-best-path[5.5.1017~3-12a20]:main():lattice-best-path.cc:99) For utterance sess15_five_3, best cost 52.3562 + 8872.2 = 8924.55 over 57 frames.
sess15_five_3 five 
LOG (lattice-best-path[5.5.1017~3-12a20]:main():lattice-best-path.cc:99) For utterance sess15_five_4, best cost 47.1006 + 9329.57 = 9376.67 over 54 frames.
sess15_five_4 five 
LOG (lattice-best-path[5.5.1017~3-12a20]:main():lattice-best-path.cc:99) For utterance sess15_four_0, best cost 53.2564 + 9107.54 = 9160.8 over 57 frames.
sess15_four_0 four 
LOG (lattice-best-path[5.5.1017~3-12a20]:main():lattice-best-path.cc:99) For utterance sess15_four_1, best cost 51.6512 + 9402.15 = 9453.8 over 56 frames.
sess15_four_1 three 
LOG (lattice-best-path[5.5.1017~3-12a20]:main():lattice-best-path.cc:99) For utterance sess15_four_2, best cost 51.1691 + 8458.98 = 8510.15 over 52 frames.
sess15_four_2 four 
LOG (lattice-best-path[5.5.1017~3-12a20]:main():lattice-best-path.cc:99) For utterance sess15_four_3, best cost 53.4754 + 9102.94 = 9156.42 over 57 frames.
sess15_four_3 four 
LOG (lattice-best-path[5.5.1017~3-12a20]:main():lattice-best-path.cc:99) For utterance sess15_four_4, best cost 51.9471 + 10015.5 = 10067.4 over 64 frames.
sess15_four_4 four 
LOG (lattice-best-path[5.5.1017~3-12a20]:main():lattice-best-path.cc:99) For utterance sess15_left_0, best cost 50.1596 + 7850.81 = 7900.97 over 49 frames.
sess15_left_0 left 
LOG (lattice-best-path[5.5.1017~3-12a20]:main():lattice-best-path.cc:99) For utterance sess15_left_1, best cost 53.1078 + 9151.49 = 9204.59 over 59 frames.
sess15_left_1 left 
LOG (lattice-best-path[5.5.1017~3-12a20]:main():lattice-best-path.cc:99) For utterance sess15_left_2, best cost 52.7177 + 8866.88 = 8919.6 over 55 frames.
sess15_left_2 left 
LOG (lattice-best-path[5.5.1017~3-12a20]:main():lattice-best-path.cc:99) For utterance sess15_left_3, best cost 50.8407 + 7457.33 = 7508.17 over 48 frames.
sess15_left_3 left 
LOG (lattice-best-path[5.5.1017~3-12a20]:main():lattice-best-path.cc:99) For utterance sess15_left_4, best cost 52.9418 + 9029.09 = 9082.03 over 57 frames.
sess15_left_4 left 
LOG (lattice-best-path[5.5.1017~3-12a20]:main():lattice-best-path.cc:99) For utterance sess15_nine_0, best cost 50.4059 + 8442.6 = 8493.01 over 57 frames.
sess15_nine_0 eight 
LOG (lattice-best-path[5.5.1017~3-12a20]:main():lattice-best-path.cc:99) For utterance sess15_nine_1, best cost 51.9777 + 7819.85 = 7871.83 over 51 frames.
sess15_nine_1 eight 
LOG (lattice-best-path[5.5.1017~3-12a20]:main():lattice-best-path.cc:99) For utterance sess15_nine_2, best cost 53.3188 + 8704.2 = 8757.52 over 55 frames.
sess15_nine_2 nine 
LOG (lattice-best-path[5.5.1017~3-12a20]:main():lattice-best-path.cc:99) For utterance sess15_nine_3, best cost 51.0015 + 8377.57 = 8428.57 over 53 frames.
sess15_nine_3 eight 
LOG (lattice-best-path[5.5.1017~3-12a20]:main():lattice-best-path.cc:99) For utterance sess15_nine_4, best cost 52.5548 + 8279.17 = 8331.73 over 56 frames.
sess15_nine_4 nine 
LOG (lattice-best-path[5.5.1017~3-12a20]:main():lattice-best-path.cc:99) For utterance sess15_one_0, best cost 48.0538 + 9288.73 = 9336.79 over 57 frames.
sess15_one_0 right 
LOG (lattice-best-path[5.5.1017~3-12a20]:main():lattice-best-path.cc:99) For utterance sess15_one_1, best cost 51.4271 + 8793.95 = 8845.38 over 55 frames.
sess15_one_1 one 
LOG (lattice-best-path[5.5.1017~3-12a20]:main():lattice-best-path.cc:99) For utterance sess15_one_2, best cost 49.5352 + 10767.8 = 10817.4 over 68 frames.
sess15_one_2 one 
LOG (lattice-best-path[5.5.1017~3-12a20]:main():lattice-best-path.cc:99) For utterance sess15_one_3, best cost 50.8249 + 8805.52 = 8856.34 over 53 frames.
sess15_one_3 one 
LOG (lattice-best-path[5.5.1017~3-12a20]:main():lattice-best-path.cc:99) For utterance sess15_one_4, best cost 51.6978 + 9368.93 = 9420.63 over 60 frames.
sess15_one_4 one 
LOG (lattice-best-path[5.5.1017~3-12a20]:main():lattice-best-path.cc:99) For utterance sess15_right_0, best cost 46.8926 + 9159.15 = 9206.04 over 55 frames.
sess15_right_0 right 
LOG (lattice-best-path[5.5.1017~3-12a20]:main():lattice-best-path.cc:99) For utterance sess15_right_1, best cost 52.7645 + 9710.78 = 9763.55 over 59 frames.
sess15_right_1 three 
LOG (lattice-best-path[5.5.1017~3-12a20]:main():lattice-best-path.cc:99) For utterance sess15_right_2, best cost 51.8405 + 9154.65 = 9206.49 over 57 frames.
sess15_right_2 right 
LOG (lattice-best-path[5.5.1017~3-12a20]:main():lattice-best-path.cc:99) For utterance sess15_right_3, best cost 52.1621 + 10160.1 = 10212.2 over 63 frames.
sess15_right_3 right 
LOG (lattice-best-path[5.5.1017~3-12a20]:main():lattice-best-path.cc:99) For utterance sess15_right_4, best cost 53.9847 + 10221.7 = 10275.7 over 61 frames.
sess15_right_4 right 
LOG (lattice-best-path[5.5.1017~3-12a20]:main():lattice-best-path.cc:99) For utterance sess15_seven_0, best cost 57.1869 + 9385.56 = 9442.74 over 58 frames.
sess15_seven_0 seven 
LOG (lattice-best-path[5.5.1017~3-12a20]:main():lattice-best-path.cc:99) For utterance sess15_seven_1, best cost 56.4918 + 8399.77 = 8456.26 over 53 frames.
sess15_seven_1 seven 
LOG (lattice-best-path[5.5.1017~3-12a20]:main():lattice-best-path.cc:99) For utterance sess15_seven_2, best cost 54.4994 + 7871.74 = 7926.24 over 51 frames.
sess15_seven_2 seven 
LOG (lattice-best-path[5.5.1017~3-12a20]:main():lattice-best-path.cc:99) For utterance sess15_seven_3, best cost 54.5805 + 8867.88 = 8922.46 over 55 frames.
sess15_seven_3 seven 
LOG (lattice-best-path[5.5.1017~3-12a20]:main():lattice-best-path.cc:99) For utterance sess15_seven_4, best cost 52.9919 + 9575.94 = 9628.93 over 59 frames.
sess15_seven_4 seven 
LOG (lattice-best-path[5.5.1017~3-12a20]:main():lattice-best-path.cc:99) For utterance sess15_six_0, best cost 68.9834 + 8562.35 = 8631.33 over 52 frames.
sess15_six_0 six 
LOG (lattice-best-path[5.5.1017~3-12a20]:main():lattice-best-path.cc:99) For utterance sess15_six_1, best cost 51.0542 + 8764.93 = 8815.99 over 53 frames.
sess15_six_1 six 
LOG (lattice-best-path[5.5.1017~3-12a20]:main():lattice-best-path.cc:99) For utterance sess15_six_2, best cost 49.9858 + 9260.64 = 9310.62 over 57 frames.
sess15_six_2 six 
LOG (lattice-best-path[5.5.1017~3-12a20]:main():lattice-best-path.cc:99) For utterance sess15_six_3, best cost 50.857 + 8452.92 = 8503.77 over 53 frames.
sess15_six_3 six 
LOG (lattice-best-path[5.5.1017~3-12a20]:main():lattice-best-path.cc:99) For utterance sess15_six_4, best cost 79.3559 + 10438.5 = 10517.9 over 62 frames.
sess15_six_4 right right 
LOG (lattice-best-path[5.5.1017~3-12a20]:main():lattice-best-path.cc:99) For utterance sess15_three_0, best cost 52.0168 + 8916.1 = 8968.11 over 53 frames.
sess15_three_0 three 
LOG (lattice-best-path[5.5.1017~3-12a20]:main():lattice-best-path.cc:99) For utterance sess15_three_1, best cost 52.5826 + 8984.42 = 9037 over 55 frames.
sess15_three_1 three 
LOG (lattice-best-path[5.5.1017~3-12a20]:main():lattice-best-path.cc:99) For utterance sess15_three_2, best cost 52.0792 + 9797.68 = 9849.76 over 59 frames.
sess15_three_2 three 
LOG (lattice-best-path[5.5.1017~3-12a20]:main():lattice-best-path.cc:99) For utterance sess15_three_3, best cost 53.0894 + 9676.36 = 9729.45 over 60 frames.
sess15_three_3 three 
LOG (lattice-best-path[5.5.1017~3-12a20]:main():lattice-best-path.cc:99) For utterance sess15_three_4, best cost 52.42 + 8899.84 = 8952.26 over 56 frames.
sess15_three_4 three 
LOG (lattice-best-path[5.5.1017~3-12a20]:main():lattice-best-path.cc:99) For utterance sess15_two_0, best cost 74.6979 + 9768.31 = 9843.01 over 57 frames.
sess15_two_0 two right 
LOG (lattice-best-path[5.5.1017~3-12a20]:main():lattice-best-path.cc:99) For utterance sess15_two_1, best cost 49.1531 + 9246.62 = 9295.77 over 57 frames.
sess15_two_1 two 
LOG (lattice-best-path[5.5.1017~3-12a20]:main():lattice-best-path.cc:99) For utterance sess15_two_2, best cost 78.9399 + 9662.15 = 9741.09 over 59 frames.
sess15_two_2 two two 
LOG (lattice-best-path[5.5.1017~3-12a20]:main():lattice-best-path.cc:99) For utterance sess15_two_3, best cost 50.0391 + 8598.65 = 8648.69 over 53 frames.
sess15_two_3 two 
LOG (lattice-best-path[5.5.1017~3-12a20]:main():lattice-best-path.cc:99) For utterance sess15_two_4, best cost 49.8817 + 8708.9 = 8758.78 over 55 frames.
sess15_two_4 two 
LOG (lattice-best-path[5.5.1017~3-12a20]:main():lattice-best-path.cc:99) For utterance sess15_up_0, best cost 44.7229 + 7567.85 = 7612.57 over 46 frames.
sess15_up_0 up 
LOG (lattice-best-path[5.5.1017~3-12a20]:main():lattice-best-path.cc:99) For utterance sess15_up_1, best cost 45.2943 + 8016.24 = 8061.53 over 47 frames.
sess15_up_1 up 
LOG (lattice-best-path[5.5.1017~3-12a20]:main():lattice-best-path.cc:99) For utterance sess15_up_2, best cost 48.3724 + 8501.06 = 8549.43 over 51 frames.
sess15_up_2 up 
LOG (lattice-best-path[5.5.1017~3-12a20]:main():lattice-best-path.cc:99) For utterance sess15_up_3, best cost 48.4253 + 8179.4 = 8227.82 over 50 frames.
sess15_up_3 up 
LOG (lattice-best-path[5.5.1017~3-12a20]:main():lattice-best-path.cc:99) For utterance sess15_up_4, best cost 49.6528 + 9005.84 = 9055.5 over 56 frames.
sess15_up_4 up 
LOG (lattice-best-path[5.5.1017~3-12a20]:main():lattice-best-path.cc:99) For utterance sess15_zero_0, best cost 59.1694 + 9907.29 = 9966.46 over 61 frames.
sess15_zero_0 zero 
LOG (lattice-best-path[5.5.1017~3-12a20]:main():lattice-best-path.cc:99) For utterance sess15_zero_1, best cost 54.6823 + 10405.2 = 10459.9 over 64 frames.
sess15_zero_1 zero 
LOG (lattice-best-path[5.5.1017~3-12a20]:main():lattice-best-path.cc:99) For utterance sess15_zero_2, best cost 55.9273 + 11025.4 = 11081.3 over 66 frames.
sess15_zero_2 zero 
LOG (lattice-best-path[5.5.1017~3-12a20]:main():lattice-best-path.cc:99) For utterance sess15_zero_3, best cost 53.488 + 8970.62 = 9024.11 over 56 frames.
sess15_zero_3 zero 
LOG (lattice-best-path[5.5.1017~3-12a20]:main():lattice-best-path.cc:99) For utterance sess15_zero_4, best cost 57.665 + 9675.64 = 9733.31 over 59 frames.
sess15_zero_4 zero 
LOG (lattice-best-path[5.5.1017~3-12a20]:main():lattice-best-path.cc:124) Overall cost per frame is 162.2 = 0.94602 [graph] + 161.254 [acoustic] over 3936 frames.
LOG (lattice-best-path[5.5.1017~3-12a20]:main():lattice-best-path.cc:128) Done 70 lattices, failed for 0
# Accounting: time=0 threads=1
# Ended (code 0) at Mon Apr 25 20:45:32 CDT 2022, elapsed time 0 seconds
