# lattice-best-path --lm-scale=4 --word-symbol-table=exp/tri2a/graph/words.txt "ark:gunzip -c exp/tri2a/decode/lat.*.gz|" ark,t:exp/tri2a/decode/scoring/4.tra 
# Started at Fri Apr 22 18:09:07 CDT 2022
#
lattice-best-path --lm-scale=4 --word-symbol-table=exp/tri2a/graph/words.txt 'ark:gunzip -c exp/tri2a/decode/lat.*.gz|' ark,t:exp/tri2a/decode/scoring/4.tra 
LOG (lattice-best-path[5.5.1013~6-d787]:main():lattice-best-path.cc:99) For utterance sess8_down_0, best cost 54.024 + 9242.65 = 9296.67 over 56 frames.
sess8_down_0 down eight 
LOG (lattice-best-path[5.5.1013~6-d787]:main():lattice-best-path.cc:99) For utterance sess8_down_1, best cost 36.8554 + 10532.9 = 10569.8 over 70 frames.
sess8_down_1 down 
LOG (lattice-best-path[5.5.1013~6-d787]:main():lattice-best-path.cc:99) For utterance sess8_down_2, best cost 36.395 + 9677.57 = 9713.97 over 63 frames.
sess8_down_2 down 
LOG (lattice-best-path[5.5.1013~6-d787]:main():lattice-best-path.cc:99) For utterance sess8_down_3, best cost 36.3895 + 8616.99 = 8653.38 over 58 frames.
sess8_down_3 down 
LOG (lattice-best-path[5.5.1013~6-d787]:main():lattice-best-path.cc:99) For utterance sess8_down_4, best cost 35.9726 + 9368.45 = 9404.42 over 60 frames.
sess8_down_4 down 
LOG (lattice-best-path[5.5.1013~6-d787]:main():lattice-best-path.cc:99) For utterance sess8_eight_0, best cost 33.7231 + 8157.76 = 8191.48 over 53 frames.
sess8_eight_0 eight 
LOG (lattice-best-path[5.5.1013~6-d787]:main():lattice-best-path.cc:99) For utterance sess8_eight_1, best cost 51.5727 + 8042.41 = 8093.99 over 51 frames.
sess8_eight_1 eight eight 
LOG (lattice-best-path[5.5.1013~6-d787]:main():lattice-best-path.cc:99) For utterance sess8_eight_2, best cost 34.9753 + 9162.3 = 9197.28 over 62 frames.
sess8_eight_2 eight 
LOG (lattice-best-path[5.5.1013~6-d787]:main():lattice-best-path.cc:99) For utterance sess8_eight_3, best cost 33.8471 + 9220.43 = 9254.28 over 60 frames.
sess8_eight_3 eight 
LOG (lattice-best-path[5.5.1013~6-d787]:main():lattice-best-path.cc:99) For utterance sess8_eight_4, best cost 34.363 + 8574.48 = 8608.84 over 57 frames.
sess8_eight_4 eight 
LOG (lattice-best-path[5.5.1013~6-d787]:main():lattice-best-path.cc:99) For utterance sess8_five_0, best cost 52.497 + 9538.87 = 9591.36 over 61 frames.
sess8_five_0 five eight 
LOG (lattice-best-path[5.5.1013~6-d787]:main():lattice-best-path.cc:99) For utterance sess8_five_1, best cost 33.4717 + 9495.98 = 9529.45 over 60 frames.
sess8_five_1 five 
LOG (lattice-best-path[5.5.1013~6-d787]:main():lattice-best-path.cc:99) For utterance sess8_five_2, best cost 33.7694 + 9292.47 = 9326.24 over 57 frames.
sess8_five_2 five 
LOG (lattice-best-path[5.5.1013~6-d787]:main():lattice-best-path.cc:99) For utterance sess8_five_3, best cost 53.391 + 9150.01 = 9203.4 over 59 frames.
sess8_five_3 five nine 
LOG (lattice-best-path[5.5.1013~6-d787]:main():lattice-best-path.cc:99) For utterance sess8_five_4, best cost 33.7164 + 9240.02 = 9273.74 over 59 frames.
sess8_five_4 five 
LOG (lattice-best-path[5.5.1013~6-d787]:main():lattice-best-path.cc:99) For utterance sess8_four_0, best cost 52.8245 + 10626.1 = 10679 over 61 frames.
sess8_four_0 four five 
LOG (lattice-best-path[5.5.1013~6-d787]:main():lattice-best-path.cc:99) For utterance sess8_four_1, best cost 35.5582 + 9178.36 = 9213.92 over 58 frames.
sess8_four_1 four 
LOG (lattice-best-path[5.5.1013~6-d787]:main():lattice-best-path.cc:99) For utterance sess8_four_2, best cost 34.3784 + 10831.3 = 10865.7 over 69 frames.
sess8_four_2 four 
LOG (lattice-best-path[5.5.1013~6-d787]:main():lattice-best-path.cc:99) For utterance sess8_four_3, best cost 34.3329 + 10192.3 = 10226.7 over 64 frames.
sess8_four_3 four 
LOG (lattice-best-path[5.5.1013~6-d787]:main():lattice-best-path.cc:99) For utterance sess8_four_4, best cost 55.9303 + 10758 = 10813.9 over 66 frames.
sess8_four_4 four nine 
LOG (lattice-best-path[5.5.1013~6-d787]:main():lattice-best-path.cc:99) For utterance sess8_left_0, best cost 33.9869 + 8482.07 = 8516.05 over 59 frames.
sess8_left_0 left 
LOG (lattice-best-path[5.5.1013~6-d787]:main():lattice-best-path.cc:99) For utterance sess8_left_1, best cost 36.1549 + 8672.18 = 8708.33 over 56 frames.
sess8_left_1 left 
LOG (lattice-best-path[5.5.1013~6-d787]:main():lattice-best-path.cc:99) For utterance sess8_left_2, best cost 34.3531 + 9179.27 = 9213.62 over 59 frames.
sess8_left_2 seven 
LOG (lattice-best-path[5.5.1013~6-d787]:main():lattice-best-path.cc:99) For utterance sess8_left_3, best cost 34.3315 + 9486.82 = 9521.15 over 63 frames.
sess8_left_3 left 
LOG (lattice-best-path[5.5.1013~6-d787]:main():lattice-best-path.cc:99) For utterance sess8_left_4, best cost 37.2929 + 8696.06 = 8733.35 over 56 frames.
sess8_left_4 left 
LOG (lattice-best-path[5.5.1013~6-d787]:main():lattice-best-path.cc:99) For utterance sess8_nine_0, best cost 33.9041 + 10051.4 = 10085.4 over 65 frames.
sess8_nine_0 nine 
LOG (lattice-best-path[5.5.1013~6-d787]:main():lattice-best-path.cc:99) For utterance sess8_nine_1, best cost 33.3555 + 9080.49 = 9113.84 over 60 frames.
sess8_nine_1 nine 
LOG (lattice-best-path[5.5.1013~6-d787]:main():lattice-best-path.cc:99) For utterance sess8_nine_2, best cost 33.5058 + 10118.3 = 10151.8 over 65 frames.
sess8_nine_2 eight 
LOG (lattice-best-path[5.5.1013~6-d787]:main():lattice-best-path.cc:99) For utterance sess8_nine_3, best cost 34.449 + 8971.37 = 9005.82 over 55 frames.
sess8_nine_3 eight 
LOG (lattice-best-path[5.5.1013~6-d787]:main():lattice-best-path.cc:99) For utterance sess8_nine_4, best cost 32.6781 + 7647.08 = 7679.76 over 50 frames.
sess8_nine_4 nine 
LOG (lattice-best-path[5.5.1013~6-d787]:main():lattice-best-path.cc:99) For utterance sess8_one_0, best cost 33.3195 + 9778.52 = 9811.84 over 62 frames.
sess8_one_0 one 
LOG (lattice-best-path[5.5.1013~6-d787]:main():lattice-best-path.cc:99) For utterance sess8_one_1, best cost 54.9887 + 10539.1 = 10594 over 68 frames.
sess8_one_1 one nine 
LOG (lattice-best-path[5.5.1013~6-d787]:main():lattice-best-path.cc:99) For utterance sess8_one_2, best cost 36.9955 + 11828.5 = 11865.5 over 74 frames.
sess8_one_2 one 
LOG (lattice-best-path[5.5.1013~6-d787]:main():lattice-best-path.cc:99) For utterance sess8_one_3, best cost 53.4172 + 9214.92 = 9268.34 over 57 frames.
sess8_one_3 one eight 
LOG (lattice-best-path[5.5.1013~6-d787]:main():lattice-best-path.cc:99) For utterance sess8_one_4, best cost 53.147 + 9029.29 = 9082.44 over 57 frames.
sess8_one_4 one nine 
LOG (lattice-best-path[5.5.1013~6-d787]:main():lattice-best-path.cc:99) For utterance sess8_right_0, best cost 59.2358 + 11951.9 = 12011.2 over 67 frames.
sess8_right_0 right four 
LOG (lattice-best-path[5.5.1013~6-d787]:main():lattice-best-path.cc:99) For utterance sess8_right_1, best cost 35.2931 + 10586.5 = 10621.8 over 68 frames.
sess8_right_1 right 
LOG (lattice-best-path[5.5.1013~6-d787]:main():lattice-best-path.cc:99) For utterance sess8_right_2, best cost 33.4559 + 9363.27 = 9396.73 over 60 frames.
sess8_right_2 right 
LOG (lattice-best-path[5.5.1013~6-d787]:main():lattice-best-path.cc:99) For utterance sess8_right_3, best cost 34.3399 + 8927.28 = 8961.62 over 57 frames.
sess8_right_3 right 
LOG (lattice-best-path[5.5.1013~6-d787]:main():lattice-best-path.cc:99) For utterance sess8_right_4, best cost 36.5927 + 9948.42 = 9985.01 over 64 frames.
sess8_right_4 right 
LOG (lattice-best-path[5.5.1013~6-d787]:main():lattice-best-path.cc:99) For utterance sess8_seven_0, best cost 35.9301 + 8502.75 = 8538.68 over 55 frames.
sess8_seven_0 seven 
LOG (lattice-best-path[5.5.1013~6-d787]:main():lattice-best-path.cc:99) For utterance sess8_seven_1, best cost 38.4483 + 9859.6 = 9898.05 over 62 frames.
sess8_seven_1 seven 
LOG (lattice-best-path[5.5.1013~6-d787]:main():lattice-best-path.cc:99) For utterance sess8_seven_2, best cost 38.3154 + 9386.69 = 9425 over 61 frames.
sess8_seven_2 seven 
LOG (lattice-best-path[5.5.1013~6-d787]:main():lattice-best-path.cc:99) For utterance sess8_seven_3, best cost 34.5185 + 9020.91 = 9055.43 over 59 frames.
sess8_seven_3 seven 
LOG (lattice-best-path[5.5.1013~6-d787]:main():lattice-best-path.cc:99) For utterance sess8_seven_4, best cost 35.4758 + 9329.15 = 9364.62 over 61 frames.
sess8_seven_4 seven 
LOG (lattice-best-path[5.5.1013~6-d787]:main():lattice-best-path.cc:99) For utterance sess8_six_0, best cost 34.7193 + 9381.14 = 9415.86 over 64 frames.
sess8_six_0 six 
LOG (lattice-best-path[5.5.1013~6-d787]:main():lattice-best-path.cc:99) For utterance sess8_six_1, best cost 36.0542 + 10676.7 = 10712.7 over 67 frames.
sess8_six_1 six 
LOG (lattice-best-path[5.5.1013~6-d787]:main():lattice-best-path.cc:99) For utterance sess8_six_2, best cost 34.3279 + 8319.89 = 8354.22 over 54 frames.
sess8_six_2 six 
LOG (lattice-best-path[5.5.1013~6-d787]:main():lattice-best-path.cc:99) For utterance sess8_six_3, best cost 35.9361 + 9989.84 = 10025.8 over 64 frames.
sess8_six_3 six 
LOG (lattice-best-path[5.5.1013~6-d787]:main():lattice-best-path.cc:99) For utterance sess8_six_4, best cost 33.6839 + 10142.7 = 10176.4 over 66 frames.
sess8_six_4 six 
LOG (lattice-best-path[5.5.1013~6-d787]:main():lattice-best-path.cc:99) For utterance sess8_three_0, best cost 36.4435 + 9425.92 = 9462.37 over 59 frames.
sess8_three_0 three 
LOG (lattice-best-path[5.5.1013~6-d787]:main():lattice-best-path.cc:99) For utterance sess8_three_1, best cost 33.9605 + 9904.76 = 9938.72 over 62 frames.
sess8_three_1 three 
LOG (lattice-best-path[5.5.1013~6-d787]:main():lattice-best-path.cc:99) For utterance sess8_three_2, best cost 35.1667 + 10452.8 = 10488 over 67 frames.
sess8_three_2 three 
LOG (lattice-best-path[5.5.1013~6-d787]:main():lattice-best-path.cc:99) For utterance sess8_three_3, best cost 54.471 + 10126.9 = 10181.4 over 65 frames.
sess8_three_3 three eight 
LOG (lattice-best-path[5.5.1013~6-d787]:main():lattice-best-path.cc:99) For utterance sess8_three_4, best cost 34.4694 + 11094.7 = 11129.2 over 72 frames.
sess8_three_4 three 
LOG (lattice-best-path[5.5.1013~6-d787]:main():lattice-best-path.cc:99) For utterance sess8_two_0, best cost 30.1875 + 9905.51 = 9935.7 over 62 frames.
sess8_two_0 two 
LOG (lattice-best-path[5.5.1013~6-d787]:main():lattice-best-path.cc:99) For utterance sess8_two_1, best cost 51.4531 + 9373.95 = 9425.4 over 58 frames.
sess8_two_1 two eight 
LOG (lattice-best-path[5.5.1013~6-d787]:main():lattice-best-path.cc:99) For utterance sess8_two_2, best cost 29.8653 + 9101.3 = 9131.17 over 57 frames.
sess8_two_2 two 
LOG (lattice-best-path[5.5.1013~6-d787]:main():lattice-best-path.cc:99) For utterance sess8_two_3, best cost 33.4488 + 8414.32 = 8447.77 over 54 frames.
sess8_two_3 zero 
LOG (lattice-best-path[5.5.1013~6-d787]:main():lattice-best-path.cc:99) For utterance sess8_two_4, best cost 33.0076 + 9107.52 = 9140.53 over 59 frames.
sess8_two_4 two 
LOG (lattice-best-path[5.5.1013~6-d787]:main():lattice-best-path.cc:99) For utterance sess8_up_0, best cost 33.1478 + 8277.53 = 8310.68 over 54 frames.
sess8_up_0 up 
LOG (lattice-best-path[5.5.1013~6-d787]:main():lattice-best-path.cc:99) For utterance sess8_up_1, best cost 50.1139 + 9060.05 = 9110.16 over 58 frames.
sess8_up_1 up eight 
LOG (lattice-best-path[5.5.1013~6-d787]:main():lattice-best-path.cc:99) For utterance sess8_up_2, best cost 51.4916 + 9995.52 = 10047 over 63 frames.
sess8_up_2 up nine 
LOG (lattice-best-path[5.5.1013~6-d787]:main():lattice-best-path.cc:99) For utterance sess8_up_3, best cost 50.4699 + 10036 = 10086.4 over 65 frames.
sess8_up_3 up eight 
LOG (lattice-best-path[5.5.1013~6-d787]:main():lattice-best-path.cc:99) For utterance sess8_up_4, best cost 33.7286 + 8910.88 = 8944.61 over 59 frames.
sess8_up_4 up 
LOG (lattice-best-path[5.5.1013~6-d787]:main():lattice-best-path.cc:99) For utterance sess8_zero_0, best cost 36.2691 + 9536.46 = 9572.73 over 62 frames.
sess8_zero_0 zero 
LOG (lattice-best-path[5.5.1013~6-d787]:main():lattice-best-path.cc:99) For utterance sess8_zero_1, best cost 36.6573 + 10198.3 = 10234.9 over 62 frames.
sess8_zero_1 zero 
LOG (lattice-best-path[5.5.1013~6-d787]:main():lattice-best-path.cc:99) For utterance sess8_zero_2, best cost 37.3777 + 10026.1 = 10063.4 over 63 frames.
sess8_zero_2 zero 
LOG (lattice-best-path[5.5.1013~6-d787]:main():lattice-best-path.cc:99) For utterance sess8_zero_3, best cost 37.1486 + 8825.07 = 8862.22 over 56 frames.
sess8_zero_3 zero 
LOG (lattice-best-path[5.5.1013~6-d787]:main():lattice-best-path.cc:99) For utterance sess8_zero_4, best cost 34.229 + 7601.96 = 7636.19 over 45 frames.
sess8_zero_4 zero 
LOG (lattice-best-path[5.5.1013~6-d787]:main():lattice-best-path.cc:124) Overall cost per frame is 157.31 = 0.639779 [graph] + 156.67 [acoustic] over 4241 frames.
LOG (lattice-best-path[5.5.1013~6-d787]:main():lattice-best-path.cc:128) Done 70 lattices, failed for 0
# Accounting: time=0 threads=1
# Ended (code 0) at Fri Apr 22 18:09:07 CDT 2022, elapsed time 0 seconds
