# lattice-best-path --lm-scale=5 --word-symbol-table=exp/tri2a/graph/words.txt "ark:gunzip -c exp/tri2a/decode/lat.*.gz|" ark,t:exp/tri2a/decode/scoring/5.tra 
# Started at Sat Apr 23 11:02:57 CDT 2022
#
lattice-best-path --lm-scale=5 --word-symbol-table=exp/tri2a/graph/words.txt 'ark:gunzip -c exp/tri2a/decode/lat.*.gz|' ark,t:exp/tri2a/decode/scoring/5.tra 
LOG (lattice-best-path[5.5.1013~6-d787]:main():lattice-best-path.cc:99) For utterance sess10_down_0, best cost 44.8855 + 9489.85 = 9534.73 over 62 frames.
sess10_down_0 down 
LOG (lattice-best-path[5.5.1013~6-d787]:main():lattice-best-path.cc:99) For utterance sess10_down_1, best cost 44.7103 + 9935.26 = 9979.97 over 64 frames.
sess10_down_1 down 
LOG (lattice-best-path[5.5.1013~6-d787]:main():lattice-best-path.cc:99) For utterance sess10_down_2, best cost 42.3637 + 10285.2 = 10327.6 over 65 frames.
sess10_down_2 down 
LOG (lattice-best-path[5.5.1013~6-d787]:main():lattice-best-path.cc:99) For utterance sess10_down_3, best cost 45.3657 + 9161.02 = 9206.39 over 59 frames.
sess10_down_3 down 
LOG (lattice-best-path[5.5.1013~6-d787]:main():lattice-best-path.cc:99) For utterance sess10_down_4, best cost 41.8671 + 8659.16 = 8701.03 over 55 frames.
sess10_down_4 down 
LOG (lattice-best-path[5.5.1013~6-d787]:main():lattice-best-path.cc:99) For utterance sess10_eight_0, best cost 41.894 + 7955.86 = 7997.75 over 53 frames.
sess10_eight_0 eight 
LOG (lattice-best-path[5.5.1013~6-d787]:main():lattice-best-path.cc:99) For utterance sess10_eight_1, best cost 42.2902 + 8900.89 = 8943.18 over 58 frames.
sess10_eight_1 nine 
LOG (lattice-best-path[5.5.1013~6-d787]:main():lattice-best-path.cc:99) For utterance sess10_eight_2, best cost 41.7584 + 7417.18 = 7458.94 over 49 frames.
sess10_eight_2 eight 
LOG (lattice-best-path[5.5.1013~6-d787]:main():lattice-best-path.cc:99) For utterance sess10_eight_3, best cost 43.5851 + 10237.3 = 10280.9 over 69 frames.
sess10_eight_3 right 
LOG (lattice-best-path[5.5.1013~6-d787]:main():lattice-best-path.cc:99) For utterance sess10_eight_4, best cost 44.9607 + 8734.83 = 8779.79 over 58 frames.
sess10_eight_4 nine 
LOG (lattice-best-path[5.5.1013~6-d787]:main():lattice-best-path.cc:99) For utterance sess10_five_0, best cost 42.6824 + 10180.3 = 10223 over 68 frames.
sess10_five_0 five 
LOG (lattice-best-path[5.5.1013~6-d787]:main():lattice-best-path.cc:99) For utterance sess10_five_1, best cost 44.4747 + 9622.71 = 9667.18 over 63 frames.
sess10_five_1 five 
LOG (lattice-best-path[5.5.1013~6-d787]:main():lattice-best-path.cc:99) For utterance sess10_five_2, best cost 45.2223 + 9570.62 = 9615.85 over 65 frames.
sess10_five_2 five 
LOG (lattice-best-path[5.5.1013~6-d787]:main():lattice-best-path.cc:99) For utterance sess10_five_3, best cost 44.8554 + 9236.69 = 9281.54 over 59 frames.
sess10_five_3 five 
LOG (lattice-best-path[5.5.1013~6-d787]:main():lattice-best-path.cc:99) For utterance sess10_five_4, best cost 42.2595 + 9240.34 = 9282.6 over 62 frames.
sess10_five_4 five 
LOG (lattice-best-path[5.5.1013~6-d787]:main():lattice-best-path.cc:99) For utterance sess10_four_0, best cost 42.4643 + 10059.9 = 10102.4 over 65 frames.
sess10_four_0 four 
LOG (lattice-best-path[5.5.1013~6-d787]:main():lattice-best-path.cc:99) For utterance sess10_four_1, best cost 43.6269 + 10011.2 = 10054.8 over 65 frames.
sess10_four_1 four 
LOG (lattice-best-path[5.5.1013~6-d787]:main():lattice-best-path.cc:99) For utterance sess10_four_2, best cost 45.3857 + 10000.5 = 10045.9 over 63 frames.
sess10_four_2 four 
LOG (lattice-best-path[5.5.1013~6-d787]:main():lattice-best-path.cc:99) For utterance sess10_four_3, best cost 40.7612 + 9514.25 = 9555.02 over 61 frames.
sess10_four_3 four 
LOG (lattice-best-path[5.5.1013~6-d787]:main():lattice-best-path.cc:99) For utterance sess10_four_4, best cost 42.7579 + 9279.35 = 9322.1 over 60 frames.
sess10_four_4 four 
LOG (lattice-best-path[5.5.1013~6-d787]:main():lattice-best-path.cc:99) For utterance sess10_left_0, best cost 46.2948 + 8619.12 = 8665.41 over 55 frames.
sess10_left_0 left 
LOG (lattice-best-path[5.5.1013~6-d787]:main():lattice-best-path.cc:99) For utterance sess10_left_1, best cost 50.1414 + 9631.38 = 9681.52 over 63 frames.
sess10_left_1 left 
LOG (lattice-best-path[5.5.1013~6-d787]:main():lattice-best-path.cc:99) For utterance sess10_left_2, best cost 68.3394 + 9513.65 = 9581.99 over 60 frames.
sess10_left_2 left nine 
LOG (lattice-best-path[5.5.1013~6-d787]:main():lattice-best-path.cc:99) For utterance sess10_left_3, best cost 44.3716 + 9707.73 = 9752.1 over 64 frames.
sess10_left_3 left 
LOG (lattice-best-path[5.5.1013~6-d787]:main():lattice-best-path.cc:99) For utterance sess10_left_4, best cost 67.1014 + 10093.6 = 10160.7 over 66 frames.
sess10_left_4 left nine 
LOG (lattice-best-path[5.5.1013~6-d787]:main():lattice-best-path.cc:99) For utterance sess10_nine_0, best cost 43.2789 + 9981.61 = 10024.9 over 66 frames.
sess10_nine_0 nine 
LOG (lattice-best-path[5.5.1013~6-d787]:main():lattice-best-path.cc:99) For utterance sess10_nine_1, best cost 43.6976 + 9376.28 = 9419.98 over 63 frames.
sess10_nine_1 nine 
LOG (lattice-best-path[5.5.1013~6-d787]:main():lattice-best-path.cc:99) For utterance sess10_nine_2, best cost 46.2825 + 8333.64 = 8379.92 over 58 frames.
sess10_nine_2 nine 
LOG (lattice-best-path[5.5.1013~6-d787]:main():lattice-best-path.cc:99) For utterance sess10_nine_3, best cost 44.6363 + 9011.14 = 9055.78 over 62 frames.
sess10_nine_3 nine 
LOG (lattice-best-path[5.5.1013~6-d787]:main():lattice-best-path.cc:99) For utterance sess10_nine_4, best cost 42.2397 + 7735.83 = 7778.07 over 49 frames.
sess10_nine_4 nine 
LOG (lattice-best-path[5.5.1013~6-d787]:main():lattice-best-path.cc:99) For utterance sess10_one_0, best cost 41.8402 + 9996.3 = 10038.1 over 65 frames.
sess10_one_0 one 
LOG (lattice-best-path[5.5.1013~6-d787]:main():lattice-best-path.cc:99) For utterance sess10_one_1, best cost 40.4087 + 9280.86 = 9321.27 over 59 frames.
sess10_one_1 one 
LOG (lattice-best-path[5.5.1013~6-d787]:main():lattice-best-path.cc:99) For utterance sess10_one_2, best cost 40.7442 + 8631.64 = 8672.39 over 57 frames.
sess10_one_2 one 
LOG (lattice-best-path[5.5.1013~6-d787]:main():lattice-best-path.cc:99) For utterance sess10_one_3, best cost 41.2157 + 10809.8 = 10851 over 70 frames.
sess10_one_3 one 
LOG (lattice-best-path[5.5.1013~6-d787]:main():lattice-best-path.cc:99) For utterance sess10_one_4, best cost 41.4221 + 10084.3 = 10125.7 over 66 frames.
sess10_one_4 one 
LOG (lattice-best-path[5.5.1013~6-d787]:main():lattice-best-path.cc:99) For utterance sess10_right_0, best cost 44.0925 + 9418.03 = 9462.12 over 62 frames.
sess10_right_0 right 
LOG (lattice-best-path[5.5.1013~6-d787]:main():lattice-best-path.cc:99) For utterance sess10_right_1, best cost 45.1176 + 10251.4 = 10296.6 over 67 frames.
sess10_right_1 right 
LOG (lattice-best-path[5.5.1013~6-d787]:main():lattice-best-path.cc:99) For utterance sess10_right_2, best cost 41.2168 + 10469.4 = 10510.6 over 67 frames.
sess10_right_2 right 
LOG (lattice-best-path[5.5.1013~6-d787]:main():lattice-best-path.cc:99) For utterance sess10_right_3, best cost 44.1169 + 9817.34 = 9861.45 over 63 frames.
sess10_right_3 one 
LOG (lattice-best-path[5.5.1013~6-d787]:main():lattice-best-path.cc:99) For utterance sess10_right_4, best cost 40.6766 + 8807.47 = 8848.15 over 56 frames.
sess10_right_4 right 
LOG (lattice-best-path[5.5.1013~6-d787]:main():lattice-best-path.cc:99) For utterance sess10_seven_0, best cost 43.039 + 8462.72 = 8505.76 over 59 frames.
sess10_seven_0 seven 
LOG (lattice-best-path[5.5.1013~6-d787]:main():lattice-best-path.cc:99) For utterance sess10_seven_1, best cost 46.4598 + 9126.74 = 9173.2 over 59 frames.
sess10_seven_1 seven 
LOG (lattice-best-path[5.5.1013~6-d787]:main():lattice-best-path.cc:99) For utterance sess10_seven_2, best cost 44.7474 + 9062.91 = 9107.66 over 60 frames.
sess10_seven_2 seven 
LOG (lattice-best-path[5.5.1013~6-d787]:main():lattice-best-path.cc:99) For utterance sess10_seven_3, best cost 44.3015 + 9554.58 = 9598.89 over 61 frames.
sess10_seven_3 seven 
LOG (lattice-best-path[5.5.1013~6-d787]:main():lattice-best-path.cc:99) For utterance sess10_seven_4, best cost 46.0021 + 9229.77 = 9275.77 over 61 frames.
sess10_seven_4 seven 
LOG (lattice-best-path[5.5.1013~6-d787]:main():lattice-best-path.cc:99) For utterance sess10_six_0, best cost 47.1164 + 9571.44 = 9618.55 over 64 frames.
sess10_six_0 seven 
LOG (lattice-best-path[5.5.1013~6-d787]:main():lattice-best-path.cc:99) For utterance sess10_six_1, best cost 44.3705 + 9124.07 = 9168.44 over 60 frames.
sess10_six_1 six 
LOG (lattice-best-path[5.5.1013~6-d787]:main():lattice-best-path.cc:99) For utterance sess10_six_2, best cost 40.6391 + 9403.8 = 9444.44 over 62 frames.
sess10_six_2 six 
LOG (lattice-best-path[5.5.1013~6-d787]:main():lattice-best-path.cc:99) For utterance sess10_six_3, best cost 69.476 + 10598.4 = 10667.8 over 72 frames.
sess10_six_3 six nine 
LOG (lattice-best-path[5.5.1013~6-d787]:main():lattice-best-path.cc:99) For utterance sess10_six_4, best cost 44.5747 + 9711.12 = 9755.69 over 64 frames.
sess10_six_4 six 
LOG (lattice-best-path[5.5.1013~6-d787]:main():lattice-best-path.cc:99) For utterance sess10_three_0, best cost 42.2585 + 10035.5 = 10077.8 over 65 frames.
sess10_three_0 three 
LOG (lattice-best-path[5.5.1013~6-d787]:main():lattice-best-path.cc:99) For utterance sess10_three_1, best cost 67.2256 + 9947.85 = 10015.1 over 63 frames.
sess10_three_1 three nine 
LOG (lattice-best-path[5.5.1013~6-d787]:main():lattice-best-path.cc:99) For utterance sess10_three_2, best cost 42.939 + 9870.93 = 9913.87 over 61 frames.
sess10_three_2 three 
LOG (lattice-best-path[5.5.1013~6-d787]:main():lattice-best-path.cc:99) For utterance sess10_three_3, best cost 66.7173 + 9673.18 = 9739.9 over 61 frames.
sess10_three_3 three nine 
LOG (lattice-best-path[5.5.1013~6-d787]:main():lattice-best-path.cc:99) For utterance sess10_three_4, best cost 68.2895 + 9527.5 = 9595.79 over 61 frames.
sess10_three_4 three nine 
LOG (lattice-best-path[5.5.1013~6-d787]:main():lattice-best-path.cc:99) For utterance sess10_two_0, best cost 41.719 + 8824.1 = 8865.81 over 56 frames.
sess10_two_0 two 
LOG (lattice-best-path[5.5.1013~6-d787]:main():lattice-best-path.cc:99) For utterance sess10_two_1, best cost 40.3038 + 7194.5 = 7234.8 over 47 frames.
sess10_two_1 two 
LOG (lattice-best-path[5.5.1013~6-d787]:main():lattice-best-path.cc:99) For utterance sess10_two_2, best cost 66.2828 + 8681.05 = 8747.33 over 56 frames.
sess10_two_2 two nine 
LOG (lattice-best-path[5.5.1013~6-d787]:main():lattice-best-path.cc:99) For utterance sess10_two_3, best cost 80.5691 + 9496.54 = 9577.11 over 61 frames.
sess10_two_3 two eight 
LOG (lattice-best-path[5.5.1013~6-d787]:main():lattice-best-path.cc:99) For utterance sess10_two_4, best cost 42.3006 + 9177.66 = 9219.96 over 60 frames.
sess10_two_4 two 
LOG (lattice-best-path[5.5.1013~6-d787]:main():lattice-best-path.cc:99) For utterance sess10_up_0, best cost 63.6458 + 8527.09 = 8590.73 over 56 frames.
sess10_up_0 up right 
LOG (lattice-best-path[5.5.1013~6-d787]:main():lattice-best-path.cc:99) For utterance sess10_up_1, best cost 40.6064 + 8628.65 = 8669.26 over 55 frames.
sess10_up_1 up 
LOG (lattice-best-path[5.5.1013~6-d787]:main():lattice-best-path.cc:99) For utterance sess10_up_2, best cost 43.0703 + 9346.08 = 9389.15 over 64 frames.
sess10_up_2 up 
LOG (lattice-best-path[5.5.1013~6-d787]:main():lattice-best-path.cc:99) For utterance sess10_up_3, best cost 40.9226 + 8067.9 = 8108.83 over 53 frames.
sess10_up_3 up 
LOG (lattice-best-path[5.5.1013~6-d787]:main():lattice-best-path.cc:99) For utterance sess10_up_4, best cost 42.4983 + 8911.14 = 8953.64 over 59 frames.
sess10_up_4 up 
LOG (lattice-best-path[5.5.1013~6-d787]:main():lattice-best-path.cc:99) For utterance sess10_zero_0, best cost 43.3777 + 9516.39 = 9559.77 over 61 frames.
sess10_zero_0 zero 
LOG (lattice-best-path[5.5.1013~6-d787]:main():lattice-best-path.cc:99) For utterance sess10_zero_1, best cost 42.4313 + 9684.9 = 9727.33 over 63 frames.
sess10_zero_1 zero 
LOG (lattice-best-path[5.5.1013~6-d787]:main():lattice-best-path.cc:99) For utterance sess10_zero_2, best cost 44.7359 + 8596.13 = 8640.86 over 53 frames.
sess10_zero_2 zero 
LOG (lattice-best-path[5.5.1013~6-d787]:main():lattice-best-path.cc:99) For utterance sess10_zero_3, best cost 43.7265 + 8865.85 = 8909.57 over 58 frames.
sess10_zero_3 zero 
LOG (lattice-best-path[5.5.1013~6-d787]:main():lattice-best-path.cc:99) For utterance sess10_zero_4, best cost 42.6334 + 9157.89 = 9200.53 over 57 frames.
sess10_zero_4 zero 
LOG (lattice-best-path[5.5.1013~6-d787]:main():lattice-best-path.cc:124) Overall cost per frame is 154.221 = 0.767079 [graph] + 153.454 [acoustic] over 4253 frames.
LOG (lattice-best-path[5.5.1013~6-d787]:main():lattice-best-path.cc:128) Done 70 lattices, failed for 0
# Accounting: time=0 threads=1
# Ended (code 0) at Sat Apr 23 11:02:57 CDT 2022, elapsed time 0 seconds
