# lattice-best-path --lm-scale=13 --word-symbol-table=exp/tri2a/graph/words.txt "ark:gunzip -c exp/tri2a/decode/lat.*.gz|" ark,t:exp/tri2a/decode/scoring/13.tra 
# Started at Sat Apr 23 12:42:06 CDT 2022
#
lattice-best-path --lm-scale=13 --word-symbol-table=exp/tri2a/graph/words.txt 'ark:gunzip -c exp/tri2a/decode/lat.*.gz|' ark,t:exp/tri2a/decode/scoring/13.tra 
LOG (lattice-best-path[5.5.1017~3-12a20]:main():lattice-best-path.cc:99) For utterance sess10_down_0, best cost 117.397 + 9494.31 = 9611.71 over 62 frames.
sess10_down_0 down 
LOG (lattice-best-path[5.5.1017~3-12a20]:main():lattice-best-path.cc:99) For utterance sess10_down_1, best cost 119.365 + 9878.42 = 9997.79 over 64 frames.
sess10_down_1 down 
LOG (lattice-best-path[5.5.1017~3-12a20]:main():lattice-best-path.cc:99) For utterance sess10_down_2, best cost 119.723 + 10284.2 = 10403.9 over 65 frames.
sess10_down_2 down 
LOG (lattice-best-path[5.5.1017~3-12a20]:main():lattice-best-path.cc:99) For utterance sess10_down_3, best cost 118.17 + 9203.22 = 9321.39 over 59 frames.
sess10_down_3 down 
LOG (lattice-best-path[5.5.1017~3-12a20]:main():lattice-best-path.cc:99) For utterance sess10_down_4, best cost 108.878 + 8701.5 = 8810.38 over 55 frames.
sess10_down_4 down 
LOG (lattice-best-path[5.5.1017~3-12a20]:main():lattice-best-path.cc:99) For utterance sess10_eight_0, best cost 115.291 + 7925.66 = 8040.95 over 53 frames.
sess10_eight_0 nine 
LOG (lattice-best-path[5.5.1017~3-12a20]:main():lattice-best-path.cc:99) For utterance sess10_eight_1, best cost 106.157 + 8856.54 = 8962.7 over 58 frames.
sess10_eight_1 eight 
LOG (lattice-best-path[5.5.1017~3-12a20]:main():lattice-best-path.cc:99) For utterance sess10_eight_2, best cost 115.048 + 7405.3 = 7520.35 over 49 frames.
sess10_eight_2 eight 
LOG (lattice-best-path[5.5.1017~3-12a20]:main():lattice-best-path.cc:99) For utterance sess10_eight_3, best cost 110.755 + 10225 = 10335.8 over 69 frames.
sess10_eight_3 right 
LOG (lattice-best-path[5.5.1017~3-12a20]:main():lattice-best-path.cc:99) For utterance sess10_eight_4, best cost 106.988 + 8776.82 = 8883.8 over 58 frames.
sess10_eight_4 nine 
LOG (lattice-best-path[5.5.1017~3-12a20]:main():lattice-best-path.cc:99) For utterance sess10_five_0, best cost 109.836 + 10178 = 10287.8 over 68 frames.
sess10_five_0 five 
LOG (lattice-best-path[5.5.1017~3-12a20]:main():lattice-best-path.cc:99) For utterance sess10_five_1, best cost 114.147 + 9621.53 = 9735.68 over 63 frames.
sess10_five_1 five 
LOG (lattice-best-path[5.5.1017~3-12a20]:main():lattice-best-path.cc:99) For utterance sess10_five_2, best cost 115.293 + 9510.28 = 9625.57 over 65 frames.
sess10_five_2 five 
LOG (lattice-best-path[5.5.1017~3-12a20]:main():lattice-best-path.cc:99) For utterance sess10_five_3, best cost 114.298 + 9226.92 = 9341.22 over 59 frames.
sess10_five_3 five 
LOG (lattice-best-path[5.5.1017~3-12a20]:main():lattice-best-path.cc:99) For utterance sess10_five_4, best cost 109.137 + 9161.15 = 9270.29 over 62 frames.
sess10_five_4 five 
LOG (lattice-best-path[5.5.1017~3-12a20]:main():lattice-best-path.cc:99) For utterance sess10_four_0, best cost 109.889 + 10047.6 = 10157.5 over 65 frames.
sess10_four_0 four 
LOG (lattice-best-path[5.5.1017~3-12a20]:main():lattice-best-path.cc:99) For utterance sess10_four_1, best cost 112.214 + 9963.6 = 10075.8 over 65 frames.
sess10_four_1 four 
LOG (lattice-best-path[5.5.1017~3-12a20]:main():lattice-best-path.cc:99) For utterance sess10_four_2, best cost 113.047 + 10079.8 = 10192.9 over 63 frames.
sess10_four_2 four 
LOG (lattice-best-path[5.5.1017~3-12a20]:main():lattice-best-path.cc:99) For utterance sess10_four_3, best cost 105.678 + 9515.27 = 9620.95 over 61 frames.
sess10_four_3 four 
LOG (lattice-best-path[5.5.1017~3-12a20]:main():lattice-best-path.cc:99) For utterance sess10_four_4, best cost 111.746 + 9225.04 = 9336.78 over 60 frames.
sess10_four_4 four 
LOG (lattice-best-path[5.5.1017~3-12a20]:main():lattice-best-path.cc:99) For utterance sess10_left_0, best cost 104.887 + 8697.18 = 8802.07 over 55 frames.
sess10_left_0 left 
LOG (lattice-best-path[5.5.1017~3-12a20]:main():lattice-best-path.cc:99) For utterance sess10_left_1, best cost 113.336 + 9715.7 = 9829.03 over 63 frames.
sess10_left_1 left 
LOG (lattice-best-path[5.5.1017~3-12a20]:main():lattice-best-path.cc:99) For utterance sess10_left_2, best cost 102.465 + 9575.53 = 9678 over 60 frames.
sess10_left_2 left 
LOG (lattice-best-path[5.5.1017~3-12a20]:main():lattice-best-path.cc:99) For utterance sess10_left_3, best cost 103.632 + 9700.47 = 9804.1 over 64 frames.
sess10_left_3 left 
LOG (lattice-best-path[5.5.1017~3-12a20]:main():lattice-best-path.cc:99) For utterance sess10_left_4, best cost 107.581 + 10201 = 10308.5 over 66 frames.
sess10_left_4 left 
LOG (lattice-best-path[5.5.1017~3-12a20]:main():lattice-best-path.cc:99) For utterance sess10_nine_0, best cost 114.256 + 10002 = 10116.2 over 66 frames.
sess10_nine_0 nine 
LOG (lattice-best-path[5.5.1017~3-12a20]:main():lattice-best-path.cc:99) For utterance sess10_nine_1, best cost 107.427 + 9410.85 = 9518.28 over 63 frames.
sess10_nine_1 nine 
LOG (lattice-best-path[5.5.1017~3-12a20]:main():lattice-best-path.cc:99) For utterance sess10_nine_2, best cost 101.59 + 8296.91 = 8398.5 over 58 frames.
sess10_nine_2 eight 
LOG (lattice-best-path[5.5.1017~3-12a20]:main():lattice-best-path.cc:99) For utterance sess10_nine_3, best cost 114.268 + 9076.89 = 9191.16 over 62 frames.
sess10_nine_3 nine 
LOG (lattice-best-path[5.5.1017~3-12a20]:main():lattice-best-path.cc:99) For utterance sess10_nine_4, best cost 102.827 + 7764.13 = 7866.95 over 49 frames.
sess10_nine_4 nine 
LOG (lattice-best-path[5.5.1017~3-12a20]:main():lattice-best-path.cc:99) For utterance sess10_one_0, best cost 111.403 + 10069.2 = 10180.6 over 65 frames.
sess10_one_0 one 
LOG (lattice-best-path[5.5.1017~3-12a20]:main():lattice-best-path.cc:99) For utterance sess10_one_1, best cost 102.952 + 9300.84 = 9403.79 over 59 frames.
sess10_one_1 one 
LOG (lattice-best-path[5.5.1017~3-12a20]:main():lattice-best-path.cc:99) For utterance sess10_one_2, best cost 103.499 + 8694.12 = 8797.62 over 57 frames.
sess10_one_2 one 
LOG (lattice-best-path[5.5.1017~3-12a20]:main():lattice-best-path.cc:99) For utterance sess10_one_3, best cost 105.283 + 10847.7 = 10953 over 70 frames.
sess10_one_3 right 
LOG (lattice-best-path[5.5.1017~3-12a20]:main():lattice-best-path.cc:99) For utterance sess10_one_4, best cost 103.743 + 10107.8 = 10211.6 over 66 frames.
sess10_one_4 one 
LOG (lattice-best-path[5.5.1017~3-12a20]:main():lattice-best-path.cc:99) For utterance sess10_right_0, best cost 110.034 + 9358.66 = 9468.7 over 62 frames.
sess10_right_0 right 
LOG (lattice-best-path[5.5.1017~3-12a20]:main():lattice-best-path.cc:99) For utterance sess10_right_1, best cost 110.644 + 10147.9 = 10258.5 over 67 frames.
sess10_right_1 right 
LOG (lattice-best-path[5.5.1017~3-12a20]:main():lattice-best-path.cc:99) For utterance sess10_right_2, best cost 109.665 + 10465.6 = 10575.2 over 67 frames.
sess10_right_2 right 
LOG (lattice-best-path[5.5.1017~3-12a20]:main():lattice-best-path.cc:99) For utterance sess10_right_3, best cost 115.192 + 9785.22 = 9900.41 over 63 frames.
sess10_right_3 one 
LOG (lattice-best-path[5.5.1017~3-12a20]:main():lattice-best-path.cc:99) For utterance sess10_right_4, best cost 102.445 + 8806.03 = 8908.48 over 56 frames.
sess10_right_4 right 
LOG (lattice-best-path[5.5.1017~3-12a20]:main():lattice-best-path.cc:99) For utterance sess10_seven_0, best cost 124.2 + 8403.82 = 8528.02 over 59 frames.
sess10_seven_0 seven 
LOG (lattice-best-path[5.5.1017~3-12a20]:main():lattice-best-path.cc:99) For utterance sess10_seven_1, best cost 124.594 + 9153.73 = 9278.32 over 59 frames.
sess10_seven_1 seven 
LOG (lattice-best-path[5.5.1017~3-12a20]:main():lattice-best-path.cc:99) For utterance sess10_seven_2, best cost 117.464 + 9041.25 = 9158.71 over 60 frames.
sess10_seven_2 seven 
LOG (lattice-best-path[5.5.1017~3-12a20]:main():lattice-best-path.cc:99) For utterance sess10_seven_3, best cost 118.964 + 9596.89 = 9715.85 over 61 frames.
sess10_seven_3 seven 
LOG (lattice-best-path[5.5.1017~3-12a20]:main():lattice-best-path.cc:99) For utterance sess10_seven_4, best cost 116.243 + 9228.42 = 9344.67 over 61 frames.
sess10_seven_4 seven 
LOG (lattice-best-path[5.5.1017~3-12a20]:main():lattice-best-path.cc:99) For utterance sess10_six_0, best cost 105.886 + 9618.15 = 9724.03 over 64 frames.
sess10_six_0 six 
LOG (lattice-best-path[5.5.1017~3-12a20]:main():lattice-best-path.cc:99) For utterance sess10_six_1, best cost 114.643 + 9154.88 = 9269.53 over 60 frames.
sess10_six_1 six 
LOG (lattice-best-path[5.5.1017~3-12a20]:main():lattice-best-path.cc:99) For utterance sess10_six_2, best cost 103.3 + 9380.45 = 9483.75 over 62 frames.
sess10_six_2 six 
LOG (lattice-best-path[5.5.1017~3-12a20]:main():lattice-best-path.cc:99) For utterance sess10_six_3, best cost 108.45 + 10735.8 = 10844.2 over 72 frames.
sess10_six_3 six 
LOG (lattice-best-path[5.5.1017~3-12a20]:main():lattice-best-path.cc:99) For utterance sess10_six_4, best cost 102.724 + 9664.06 = 9766.78 over 64 frames.
sess10_six_4 six 
LOG (lattice-best-path[5.5.1017~3-12a20]:main():lattice-best-path.cc:99) For utterance sess10_three_0, best cost 115.76 + 9976.28 = 10092 over 65 frames.
sess10_three_0 three 
LOG (lattice-best-path[5.5.1017~3-12a20]:main():lattice-best-path.cc:99) For utterance sess10_three_1, best cost 109.183 + 10039.3 = 10148.5 over 63 frames.
sess10_three_1 three 
LOG (lattice-best-path[5.5.1017~3-12a20]:main():lattice-best-path.cc:99) For utterance sess10_three_2, best cost 108.994 + 9845.74 = 9954.73 over 61 frames.
sess10_three_2 three 
LOG (lattice-best-path[5.5.1017~3-12a20]:main():lattice-best-path.cc:99) For utterance sess10_three_3, best cost 113.333 + 9642.4 = 9755.73 over 61 frames.
sess10_three_3 three 
LOG (lattice-best-path[5.5.1017~3-12a20]:main():lattice-best-path.cc:99) For utterance sess10_three_4, best cost 108.537 + 9541.14 = 9649.67 over 61 frames.
sess10_three_4 three 
LOG (lattice-best-path[5.5.1017~3-12a20]:main():lattice-best-path.cc:99) For utterance sess10_two_0, best cost 98.3268 + 8818.1 = 8916.43 over 56 frames.
sess10_two_0 two 
LOG (lattice-best-path[5.5.1017~3-12a20]:main():lattice-best-path.cc:99) For utterance sess10_two_1, best cost 102.438 + 7192.14 = 7294.58 over 47 frames.
sess10_two_1 two 
LOG (lattice-best-path[5.5.1017~3-12a20]:main():lattice-best-path.cc:99) For utterance sess10_two_2, best cost 100.755 + 8729.17 = 8829.93 over 56 frames.
sess10_two_2 two 
LOG (lattice-best-path[5.5.1017~3-12a20]:main():lattice-best-path.cc:99) For utterance sess10_two_3, best cost 105.82 + 9557.55 = 9663.37 over 61 frames.
sess10_two_3 two 
LOG (lattice-best-path[5.5.1017~3-12a20]:main():lattice-best-path.cc:99) For utterance sess10_two_4, best cost 105.298 + 9131.27 = 9236.57 over 60 frames.
sess10_two_4 two 
LOG (lattice-best-path[5.5.1017~3-12a20]:main():lattice-best-path.cc:99) For utterance sess10_up_0, best cost 101.776 + 8537.22 = 8639 over 56 frames.
sess10_up_0 up 
LOG (lattice-best-path[5.5.1017~3-12a20]:main():lattice-best-path.cc:99) For utterance sess10_up_1, best cost 109.025 + 8650.68 = 8759.71 over 55 frames.
sess10_up_1 up 
LOG (lattice-best-path[5.5.1017~3-12a20]:main():lattice-best-path.cc:99) For utterance sess10_up_2, best cost 111.968 + 9341.95 = 9453.92 over 64 frames.
sess10_up_2 up 
LOG (lattice-best-path[5.5.1017~3-12a20]:main():lattice-best-path.cc:99) For utterance sess10_up_3, best cost 109.101 + 8046.92 = 8156.02 over 53 frames.
sess10_up_3 up 
LOG (lattice-best-path[5.5.1017~3-12a20]:main():lattice-best-path.cc:99) For utterance sess10_up_4, best cost 163.542 + 8830.93 = 8994.47 over 59 frames.
sess10_up_4 up two 
LOG (lattice-best-path[5.5.1017~3-12a20]:main():lattice-best-path.cc:99) For utterance sess10_zero_0, best cost 115.858 + 9564.23 = 9680.08 over 61 frames.
sess10_zero_0 zero 
LOG (lattice-best-path[5.5.1017~3-12a20]:main():lattice-best-path.cc:99) For utterance sess10_zero_1, best cost 113.126 + 9699.81 = 9812.94 over 63 frames.
sess10_zero_1 zero 
LOG (lattice-best-path[5.5.1017~3-12a20]:main():lattice-best-path.cc:99) For utterance sess10_zero_2, best cost 117.11 + 8536.41 = 8653.52 over 53 frames.
sess10_zero_2 zero 
LOG (lattice-best-path[5.5.1017~3-12a20]:main():lattice-best-path.cc:99) For utterance sess10_zero_3, best cost 111.557 + 8892.14 = 9003.7 over 58 frames.
sess10_zero_3 zero 
LOG (lattice-best-path[5.5.1017~3-12a20]:main():lattice-best-path.cc:99) For utterance sess10_zero_4, best cost 120.05 + 9182.28 = 9302.33 over 57 frames.
sess10_zero_4 zero 
LOG (lattice-best-path[5.5.1017~3-12a20]:main():lattice-best-path.cc:124) Overall cost per frame is 155.376 = 1.82888 [graph] + 153.547 [acoustic] over 4253 frames.
LOG (lattice-best-path[5.5.1017~3-12a20]:main():lattice-best-path.cc:128) Done 70 lattices, failed for 0
# Accounting: time=0 threads=1
# Ended (code 0) at Sat Apr 23 12:42:06 CDT 2022, elapsed time 0 seconds
