# lattice-best-path --lm-scale=8 --word-symbol-table=exp/tri2a/graph/words.txt "ark:gunzip -c exp/tri2a/decode/lat.*.gz|" ark,t:exp/tri2a/decode/scoring/8.tra 
# Started at Fri Apr 22 16:26:49 CDT 2022
#
lattice-best-path --lm-scale=8 --word-symbol-table=exp/tri2a/graph/words.txt 'ark:gunzip -c exp/tri2a/decode/lat.*.gz|' ark,t:exp/tri2a/decode/scoring/8.tra 
LOG (lattice-best-path[5.5.1013~6-d787]:main():lattice-best-path.cc:99) For utterance sess5_down_0, best cost 66.4853 + 8041.31 = 8107.79 over 49 frames.
sess5_down_0 down 
LOG (lattice-best-path[5.5.1013~6-d787]:main():lattice-best-path.cc:99) For utterance sess5_down_1, best cost 78.8593 + 10523.2 = 10602.1 over 64 frames.
sess5_down_1 down 
LOG (lattice-best-path[5.5.1013~6-d787]:main():lattice-best-path.cc:99) For utterance sess5_down_2, best cost 71.8258 + 8440.18 = 8512.01 over 52 frames.
sess5_down_2 down 
LOG (lattice-best-path[5.5.1013~6-d787]:main():lattice-best-path.cc:99) For utterance sess5_down_3, best cost 69.7303 + 8848.8 = 8918.53 over 54 frames.
sess5_down_3 down 
LOG (lattice-best-path[5.5.1013~6-d787]:main():lattice-best-path.cc:99) For utterance sess5_down_4, best cost 67.2612 + 8442.74 = 8510 over 51 frames.
sess5_down_4 down 
LOG (lattice-best-path[5.5.1013~6-d787]:main():lattice-best-path.cc:99) For utterance sess5_eight_0, best cost 68.3238 + 8635.68 = 8704 over 52 frames.
sess5_eight_0 eight 
LOG (lattice-best-path[5.5.1013~6-d787]:main():lattice-best-path.cc:99) For utterance sess5_eight_1, best cost 68.2119 + 8722.01 = 8790.22 over 54 frames.
sess5_eight_1 eight 
LOG (lattice-best-path[5.5.1013~6-d787]:main():lattice-best-path.cc:99) For utterance sess5_eight_2, best cost 69.6323 + 7715.93 = 7785.56 over 47 frames.
sess5_eight_2 down 
LOG (lattice-best-path[5.5.1013~6-d787]:main():lattice-best-path.cc:99) For utterance sess5_eight_3, best cost 62.3277 + 7770.92 = 7833.25 over 47 frames.
sess5_eight_3 eight 
LOG (lattice-best-path[5.5.1013~6-d787]:main():lattice-best-path.cc:99) For utterance sess5_eight_4, best cost 69.5101 + 9218.24 = 9287.75 over 59 frames.
sess5_eight_4 eight 
LOG (lattice-best-path[5.5.1013~6-d787]:main():lattice-best-path.cc:99) For utterance sess5_five_0, best cost 67.4162 + 8770.55 = 8837.97 over 53 frames.
sess5_five_0 five 
LOG (lattice-best-path[5.5.1013~6-d787]:main():lattice-best-path.cc:99) For utterance sess5_five_1, best cost 67.9045 + 9910.19 = 9978.1 over 60 frames.
sess5_five_1 five 
LOG (lattice-best-path[5.5.1013~6-d787]:main():lattice-best-path.cc:99) For utterance sess5_five_2, best cost 68.7294 + 9353.11 = 9421.84 over 55 frames.
sess5_five_2 five 
LOG (lattice-best-path[5.5.1013~6-d787]:main():lattice-best-path.cc:99) For utterance sess5_five_3, best cost 66.3333 + 8235.33 = 8301.66 over 51 frames.
sess5_five_3 five 
LOG (lattice-best-path[5.5.1013~6-d787]:main():lattice-best-path.cc:99) For utterance sess5_five_4, best cost 68.9669 + 9703.99 = 9772.96 over 60 frames.
sess5_five_4 five 
LOG (lattice-best-path[5.5.1013~6-d787]:main():lattice-best-path.cc:99) For utterance sess5_four_0, best cost 69.61 + 8718.89 = 8788.5 over 54 frames.
sess5_four_0 four 
LOG (lattice-best-path[5.5.1013~6-d787]:main():lattice-best-path.cc:99) For utterance sess5_four_1, best cost 75.7163 + 11984.3 = 12060 over 74 frames.
sess5_four_1 four 
LOG (lattice-best-path[5.5.1013~6-d787]:main():lattice-best-path.cc:99) For utterance sess5_four_2, best cost 68.4124 + 9760.29 = 9828.7 over 60 frames.
sess5_four_2 four 
LOG (lattice-best-path[5.5.1013~6-d787]:main():lattice-best-path.cc:99) For utterance sess5_four_3, best cost 69.5896 + 10469.8 = 10539.4 over 64 frames.
sess5_four_3 four 
LOG (lattice-best-path[5.5.1013~6-d787]:main():lattice-best-path.cc:99) For utterance sess5_four_4, best cost 68.1565 + 10103.7 = 10171.9 over 61 frames.
sess5_four_4 four 
LOG (lattice-best-path[5.5.1013~6-d787]:main():lattice-best-path.cc:99) For utterance sess5_left_0, best cost 69.8806 + 8609.63 = 8679.51 over 52 frames.
sess5_left_0 left 
LOG (lattice-best-path[5.5.1013~6-d787]:main():lattice-best-path.cc:99) For utterance sess5_left_1, best cost 66.8431 + 8688.88 = 8755.72 over 55 frames.
sess5_left_1 left 
LOG (lattice-best-path[5.5.1013~6-d787]:main():lattice-best-path.cc:99) For utterance sess5_left_2, best cost 67.4986 + 9464.23 = 9531.73 over 57 frames.
sess5_left_2 left 
LOG (lattice-best-path[5.5.1013~6-d787]:main():lattice-best-path.cc:99) For utterance sess5_left_3, best cost 68.1756 + 7977.98 = 8046.16 over 52 frames.
sess5_left_3 left 
LOG (lattice-best-path[5.5.1013~6-d787]:main():lattice-best-path.cc:99) For utterance sess5_left_4, best cost 67.7249 + 8940.49 = 9008.21 over 57 frames.
sess5_left_4 left 
LOG (lattice-best-path[5.5.1013~6-d787]:main():lattice-best-path.cc:99) For utterance sess5_nine_0, best cost 71.4492 + 8877.72 = 8949.17 over 54 frames.
sess5_nine_0 nine 
LOG (lattice-best-path[5.5.1013~6-d787]:main():lattice-best-path.cc:99) For utterance sess5_nine_1, best cost 69.1942 + 8438.5 = 8507.7 over 53 frames.
sess5_nine_1 nine 
LOG (lattice-best-path[5.5.1013~6-d787]:main():lattice-best-path.cc:99) For utterance sess5_nine_2, best cost 66.9089 + 8074.07 = 8140.98 over 51 frames.
sess5_nine_2 eight 
LOG (lattice-best-path[5.5.1013~6-d787]:main():lattice-best-path.cc:99) For utterance sess5_nine_3, best cost 70.9503 + 9664.6 = 9735.55 over 59 frames.
sess5_nine_3 nine 
LOG (lattice-best-path[5.5.1013~6-d787]:main():lattice-best-path.cc:99) For utterance sess5_nine_4, best cost 70.3359 + 9175.39 = 9245.72 over 56 frames.
sess5_nine_4 nine 
LOG (lattice-best-path[5.5.1013~6-d787]:main():lattice-best-path.cc:99) For utterance sess5_one_0, best cost 71.1701 + 8417.44 = 8488.61 over 54 frames.
sess5_one_0 one 
LOG (lattice-best-path[5.5.1013~6-d787]:main():lattice-best-path.cc:99) For utterance sess5_one_1, best cost 65.9448 + 8907.72 = 8973.66 over 53 frames.
sess5_one_1 one 
LOG (lattice-best-path[5.5.1013~6-d787]:main():lattice-best-path.cc:99) For utterance sess5_one_2, best cost 63.3068 + 8908.34 = 8971.65 over 55 frames.
sess5_one_2 one 
LOG (lattice-best-path[5.5.1013~6-d787]:main():lattice-best-path.cc:99) For utterance sess5_one_3, best cost 65.6408 + 8733.52 = 8799.16 over 52 frames.
sess5_one_3 one 
LOG (lattice-best-path[5.5.1013~6-d787]:main():lattice-best-path.cc:99) For utterance sess5_one_4, best cost 66.6426 + 8972.59 = 9039.24 over 54 frames.
sess5_one_4 one 
LOG (lattice-best-path[5.5.1013~6-d787]:main():lattice-best-path.cc:99) For utterance sess5_right_0, best cost 66.4229 + 9953.49 = 10019.9 over 63 frames.
sess5_right_0 one 
LOG (lattice-best-path[5.5.1013~6-d787]:main():lattice-best-path.cc:99) For utterance sess5_right_1, best cost 68.6819 + 8904.34 = 8973.03 over 55 frames.
sess5_right_1 right 
LOG (lattice-best-path[5.5.1013~6-d787]:main():lattice-best-path.cc:99) For utterance sess5_right_2, best cost 68.3403 + 8566.78 = 8635.12 over 51 frames.
sess5_right_2 right 
LOG (lattice-best-path[5.5.1013~6-d787]:main():lattice-best-path.cc:99) For utterance sess5_right_3, best cost 71.7056 + 9898.92 = 9970.62 over 62 frames.
sess5_right_3 one 
LOG (lattice-best-path[5.5.1013~6-d787]:main():lattice-best-path.cc:99) For utterance sess5_right_4, best cost 69.685 + 9675.44 = 9745.12 over 61 frames.
sess5_right_4 right 
LOG (lattice-best-path[5.5.1013~6-d787]:main():lattice-best-path.cc:99) For utterance sess5_seven_0, best cost 70.0754 + 8585.98 = 8656.05 over 53 frames.
sess5_seven_0 seven 
LOG (lattice-best-path[5.5.1013~6-d787]:main():lattice-best-path.cc:99) For utterance sess5_seven_1, best cost 74.5706 + 9430.42 = 9504.99 over 60 frames.
sess5_seven_1 seven 
LOG (lattice-best-path[5.5.1013~6-d787]:main():lattice-best-path.cc:99) For utterance sess5_seven_2, best cost 72.3832 + 8648.99 = 8721.38 over 57 frames.
sess5_seven_2 seven 
LOG (lattice-best-path[5.5.1013~6-d787]:main():lattice-best-path.cc:99) For utterance sess5_seven_3, best cost 26.8661 + 4808.4 = 4835.27 over 26 frames.
sess5_seven_3 
LOG (lattice-best-path[5.5.1013~6-d787]:main():lattice-best-path.cc:99) For utterance sess5_seven_4, best cost 72.2156 + 8771.17 = 8843.38 over 55 frames.
sess5_seven_4 seven 
LOG (lattice-best-path[5.5.1013~6-d787]:main():lattice-best-path.cc:99) For utterance sess5_six_0, best cost 68.7141 + 8268.53 = 8337.24 over 50 frames.
sess5_six_0 six 
LOG (lattice-best-path[5.5.1013~6-d787]:main():lattice-best-path.cc:99) For utterance sess5_six_1, best cost 70.4965 + 8842.18 = 8912.68 over 55 frames.
sess5_six_1 six 
LOG (lattice-best-path[5.5.1013~6-d787]:main():lattice-best-path.cc:99) For utterance sess5_six_2, best cost 64.1898 + 7629.19 = 7693.38 over 45 frames.
sess5_six_2 six 
LOG (lattice-best-path[5.5.1013~6-d787]:main():lattice-best-path.cc:99) For utterance sess5_six_3, best cost 69.9333 + 8581.14 = 8651.07 over 51 frames.
sess5_six_3 six 
LOG (lattice-best-path[5.5.1013~6-d787]:main():lattice-best-path.cc:99) For utterance sess5_six_4, best cost 70.4104 + 10084.4 = 10154.8 over 60 frames.
sess5_six_4 six 
LOG (lattice-best-path[5.5.1013~6-d787]:main():lattice-best-path.cc:99) For utterance sess5_three_0, best cost 72.3526 + 9397.71 = 9470.06 over 58 frames.
sess5_three_0 three 
LOG (lattice-best-path[5.5.1013~6-d787]:main():lattice-best-path.cc:99) For utterance sess5_three_1, best cost 67.9372 + 8223.25 = 8291.19 over 50 frames.
sess5_three_1 three 
LOG (lattice-best-path[5.5.1013~6-d787]:main():lattice-best-path.cc:99) For utterance sess5_three_2, best cost 68.2247 + 10467.8 = 10536 over 61 frames.
sess5_three_2 three 
LOG (lattice-best-path[5.5.1013~6-d787]:main():lattice-best-path.cc:99) For utterance sess5_three_3, best cost 71.9346 + 10022.7 = 10094.6 over 61 frames.
sess5_three_3 three 
LOG (lattice-best-path[5.5.1013~6-d787]:main():lattice-best-path.cc:99) For utterance sess5_three_4, best cost 73.5507 + 10638.9 = 10712.5 over 65 frames.
sess5_three_4 three 
LOG (lattice-best-path[5.5.1013~6-d787]:main():lattice-best-path.cc:99) For utterance sess5_two_0, best cost 59.2455 + 8908.66 = 8967.9 over 54 frames.
sess5_two_0 two 
LOG (lattice-best-path[5.5.1013~6-d787]:main():lattice-best-path.cc:99) For utterance sess5_two_1, best cost 76.4448 + 10315.5 = 10391.9 over 63 frames.
sess5_two_1 four 
LOG (lattice-best-path[5.5.1013~6-d787]:main():lattice-best-path.cc:99) For utterance sess5_two_2, best cost 65.2704 + 9480.48 = 9545.75 over 59 frames.
sess5_two_2 two 
LOG (lattice-best-path[5.5.1013~6-d787]:main():lattice-best-path.cc:99) For utterance sess5_two_3, best cost 58.9717 + 7279.84 = 7338.81 over 45 frames.
sess5_two_3 two 
LOG (lattice-best-path[5.5.1013~6-d787]:main():lattice-best-path.cc:99) For utterance sess5_two_4, best cost 65.7871 + 9396.09 = 9461.88 over 57 frames.
sess5_two_4 two 
LOG (lattice-best-path[5.5.1013~6-d787]:main():lattice-best-path.cc:99) For utterance sess5_up_0, best cost 65.552 + 8219.97 = 8285.52 over 49 frames.
sess5_up_0 up 
LOG (lattice-best-path[5.5.1013~6-d787]:main():lattice-best-path.cc:99) For utterance sess5_up_1, best cost 62.1016 + 8251.6 = 8313.71 over 50 frames.
sess5_up_1 up 
LOG (lattice-best-path[5.5.1013~6-d787]:main():lattice-best-path.cc:99) For utterance sess5_up_2, best cost 62.0365 + 8496.83 = 8558.86 over 52 frames.
sess5_up_2 up 
LOG (lattice-best-path[5.5.1013~6-d787]:main():lattice-best-path.cc:99) For utterance sess5_up_3, best cost 101.805 + 8704.74 = 8806.54 over 51 frames.
sess5_up_3 up right 
LOG (lattice-best-path[5.5.1013~6-d787]:main():lattice-best-path.cc:99) For utterance sess5_up_4, best cost 100.417 + 7696.56 = 7796.97 over 47 frames.
sess5_up_4 up eight 
LOG (lattice-best-path[5.5.1013~6-d787]:main():lattice-best-path.cc:99) For utterance sess5_zero_0, best cost 67.0316 + 8111.68 = 8178.72 over 47 frames.
sess5_zero_0 zero 
LOG (lattice-best-path[5.5.1013~6-d787]:main():lattice-best-path.cc:99) For utterance sess5_zero_1, best cost 74.0012 + 10771.4 = 10845.4 over 63 frames.
sess5_zero_1 zero 
LOG (lattice-best-path[5.5.1013~6-d787]:main():lattice-best-path.cc:99) For utterance sess5_zero_2, best cost 73.9631 + 10389.2 = 10463.2 over 62 frames.
sess5_zero_2 zero 
LOG (lattice-best-path[5.5.1013~6-d787]:main():lattice-best-path.cc:99) For utterance sess5_zero_3, best cost 68.8104 + 9170.87 = 9239.68 over 55 frames.
sess5_zero_3 zero 
LOG (lattice-best-path[5.5.1013~6-d787]:main():lattice-best-path.cc:99) For utterance sess5_zero_4, best cost 69.5279 + 10330.3 = 10399.8 over 61 frames.
sess5_zero_4 zero 
LOG (lattice-best-path[5.5.1013~6-d787]:main():lattice-best-path.cc:124) Overall cost per frame is 164.972 = 1.256 [graph] + 163.716 [acoustic] over 3849 frames.
LOG (lattice-best-path[5.5.1013~6-d787]:main():lattice-best-path.cc:128) Done 70 lattices, failed for 0
# Accounting: time=0 threads=1
# Ended (code 0) at Fri Apr 22 16:26:49 CDT 2022, elapsed time 0 seconds
