# lattice-best-path --lm-scale=7 --word-symbol-table=exp/tri2a/graph/words.txt "ark:gunzip -c exp/tri2a/decode/lat.*.gz|" ark,t:exp/tri2a/decode/scoring/7.tra 
# Started at Fri Apr 22 16:26:49 CDT 2022
#
lattice-best-path --lm-scale=7 --word-symbol-table=exp/tri2a/graph/words.txt 'ark:gunzip -c exp/tri2a/decode/lat.*.gz|' ark,t:exp/tri2a/decode/scoring/7.tra 
LOG (lattice-best-path[5.5.1013~6-d787]:main():lattice-best-path.cc:99) For utterance sess5_down_0, best cost 58.1746 + 8041.31 = 8099.48 over 49 frames.
sess5_down_0 down 
LOG (lattice-best-path[5.5.1013~6-d787]:main():lattice-best-path.cc:99) For utterance sess5_down_1, best cost 69.0019 + 10523.2 = 10592.2 over 64 frames.
sess5_down_1 down 
LOG (lattice-best-path[5.5.1013~6-d787]:main():lattice-best-path.cc:99) For utterance sess5_down_2, best cost 62.8476 + 8440.18 = 8503.03 over 52 frames.
sess5_down_2 down 
LOG (lattice-best-path[5.5.1013~6-d787]:main():lattice-best-path.cc:99) For utterance sess5_down_3, best cost 61.014 + 8848.8 = 8909.81 over 54 frames.
sess5_down_3 down 
LOG (lattice-best-path[5.5.1013~6-d787]:main():lattice-best-path.cc:99) For utterance sess5_down_4, best cost 58.8535 + 8442.74 = 8501.59 over 51 frames.
sess5_down_4 down 
LOG (lattice-best-path[5.5.1013~6-d787]:main():lattice-best-path.cc:99) For utterance sess5_eight_0, best cost 59.7833 + 8635.68 = 8695.46 over 52 frames.
sess5_eight_0 eight 
LOG (lattice-best-path[5.5.1013~6-d787]:main():lattice-best-path.cc:99) For utterance sess5_eight_1, best cost 59.6854 + 8722.01 = 8781.7 over 54 frames.
sess5_eight_1 eight 
LOG (lattice-best-path[5.5.1013~6-d787]:main():lattice-best-path.cc:99) For utterance sess5_eight_2, best cost 60.9283 + 7715.93 = 7776.86 over 47 frames.
sess5_eight_2 down 
LOG (lattice-best-path[5.5.1013~6-d787]:main():lattice-best-path.cc:99) For utterance sess5_eight_3, best cost 54.5368 + 7770.92 = 7825.46 over 47 frames.
sess5_eight_3 eight 
LOG (lattice-best-path[5.5.1013~6-d787]:main():lattice-best-path.cc:99) For utterance sess5_eight_4, best cost 62.9874 + 9215.99 = 9278.97 over 59 frames.
sess5_eight_4 nine 
LOG (lattice-best-path[5.5.1013~6-d787]:main():lattice-best-path.cc:99) For utterance sess5_five_0, best cost 58.9892 + 8770.55 = 8829.54 over 53 frames.
sess5_five_0 five 
LOG (lattice-best-path[5.5.1013~6-d787]:main():lattice-best-path.cc:99) For utterance sess5_five_1, best cost 59.4164 + 9910.19 = 9969.61 over 60 frames.
sess5_five_1 five 
LOG (lattice-best-path[5.5.1013~6-d787]:main():lattice-best-path.cc:99) For utterance sess5_five_2, best cost 60.1383 + 9353.11 = 9413.25 over 55 frames.
sess5_five_2 five 
LOG (lattice-best-path[5.5.1013~6-d787]:main():lattice-best-path.cc:99) For utterance sess5_five_3, best cost 58.0416 + 8235.33 = 8293.37 over 51 frames.
sess5_five_3 five 
LOG (lattice-best-path[5.5.1013~6-d787]:main():lattice-best-path.cc:99) For utterance sess5_five_4, best cost 60.346 + 9703.99 = 9764.34 over 60 frames.
sess5_five_4 five 
LOG (lattice-best-path[5.5.1013~6-d787]:main():lattice-best-path.cc:99) For utterance sess5_four_0, best cost 60.9088 + 8718.89 = 8779.8 over 54 frames.
sess5_four_0 four 
LOG (lattice-best-path[5.5.1013~6-d787]:main():lattice-best-path.cc:99) For utterance sess5_four_1, best cost 66.2517 + 11984.3 = 12050.6 over 74 frames.
sess5_four_1 four 
LOG (lattice-best-path[5.5.1013~6-d787]:main():lattice-best-path.cc:99) For utterance sess5_four_2, best cost 59.8608 + 9760.29 = 9820.15 over 60 frames.
sess5_four_2 four 
LOG (lattice-best-path[5.5.1013~6-d787]:main():lattice-best-path.cc:99) For utterance sess5_four_3, best cost 60.8909 + 10469.8 = 10530.7 over 64 frames.
sess5_four_3 four 
LOG (lattice-best-path[5.5.1013~6-d787]:main():lattice-best-path.cc:99) For utterance sess5_four_4, best cost 59.637 + 10103.7 = 10163.4 over 61 frames.
sess5_four_4 four 
LOG (lattice-best-path[5.5.1013~6-d787]:main():lattice-best-path.cc:99) For utterance sess5_left_0, best cost 61.1455 + 8609.63 = 8670.77 over 52 frames.
sess5_left_0 left 
LOG (lattice-best-path[5.5.1013~6-d787]:main():lattice-best-path.cc:99) For utterance sess5_left_1, best cost 58.4877 + 8688.88 = 8747.37 over 55 frames.
sess5_left_1 left 
LOG (lattice-best-path[5.5.1013~6-d787]:main():lattice-best-path.cc:99) For utterance sess5_left_2, best cost 59.0613 + 9464.23 = 9523.29 over 57 frames.
sess5_left_2 left 
LOG (lattice-best-path[5.5.1013~6-d787]:main():lattice-best-path.cc:99) For utterance sess5_left_3, best cost 59.6537 + 7977.98 = 8037.63 over 52 frames.
sess5_left_3 left 
LOG (lattice-best-path[5.5.1013~6-d787]:main():lattice-best-path.cc:99) For utterance sess5_left_4, best cost 59.2593 + 8940.49 = 8999.75 over 57 frames.
sess5_left_4 left 
LOG (lattice-best-path[5.5.1013~6-d787]:main():lattice-best-path.cc:99) For utterance sess5_nine_0, best cost 62.518 + 8877.72 = 8940.24 over 54 frames.
sess5_nine_0 nine 
LOG (lattice-best-path[5.5.1013~6-d787]:main():lattice-best-path.cc:99) For utterance sess5_nine_1, best cost 60.5449 + 8438.5 = 8499.05 over 53 frames.
sess5_nine_1 nine 
LOG (lattice-best-path[5.5.1013~6-d787]:main():lattice-best-path.cc:99) For utterance sess5_nine_2, best cost 58.5453 + 8074.07 = 8132.61 over 51 frames.
sess5_nine_2 eight 
LOG (lattice-best-path[5.5.1013~6-d787]:main():lattice-best-path.cc:99) For utterance sess5_nine_3, best cost 62.0816 + 9664.6 = 9726.68 over 59 frames.
sess5_nine_3 nine 
LOG (lattice-best-path[5.5.1013~6-d787]:main():lattice-best-path.cc:99) For utterance sess5_nine_4, best cost 61.5439 + 9175.39 = 9236.93 over 56 frames.
sess5_nine_4 nine 
LOG (lattice-best-path[5.5.1013~6-d787]:main():lattice-best-path.cc:99) For utterance sess5_one_0, best cost 62.2738 + 8417.44 = 8479.71 over 54 frames.
sess5_one_0 one 
LOG (lattice-best-path[5.5.1013~6-d787]:main():lattice-best-path.cc:99) For utterance sess5_one_1, best cost 57.7017 + 8907.72 = 8965.42 over 53 frames.
sess5_one_1 one 
LOG (lattice-best-path[5.5.1013~6-d787]:main():lattice-best-path.cc:99) For utterance sess5_one_2, best cost 55.3934 + 8908.34 = 8963.74 over 55 frames.
sess5_one_2 one 
LOG (lattice-best-path[5.5.1013~6-d787]:main():lattice-best-path.cc:99) For utterance sess5_one_3, best cost 57.4357 + 8733.52 = 8790.95 over 52 frames.
sess5_one_3 one 
LOG (lattice-best-path[5.5.1013~6-d787]:main():lattice-best-path.cc:99) For utterance sess5_one_4, best cost 58.3123 + 8972.59 = 9030.91 over 54 frames.
sess5_one_4 one 
LOG (lattice-best-path[5.5.1013~6-d787]:main():lattice-best-path.cc:99) For utterance sess5_right_0, best cost 58.12 + 9953.49 = 10011.6 over 63 frames.
sess5_right_0 one 
LOG (lattice-best-path[5.5.1013~6-d787]:main():lattice-best-path.cc:99) For utterance sess5_right_1, best cost 60.0966 + 8904.34 = 8964.44 over 55 frames.
sess5_right_1 right 
LOG (lattice-best-path[5.5.1013~6-d787]:main():lattice-best-path.cc:99) For utterance sess5_right_2, best cost 59.7978 + 8566.78 = 8626.58 over 51 frames.
sess5_right_2 right 
LOG (lattice-best-path[5.5.1013~6-d787]:main():lattice-best-path.cc:99) For utterance sess5_right_3, best cost 62.7424 + 9898.92 = 9961.66 over 62 frames.
sess5_right_3 one 
LOG (lattice-best-path[5.5.1013~6-d787]:main():lattice-best-path.cc:99) For utterance sess5_right_4, best cost 60.9743 + 9675.44 = 9736.41 over 61 frames.
sess5_right_4 right 
LOG (lattice-best-path[5.5.1013~6-d787]:main():lattice-best-path.cc:99) For utterance sess5_seven_0, best cost 61.316 + 8585.98 = 8647.29 over 53 frames.
sess5_seven_0 seven 
LOG (lattice-best-path[5.5.1013~6-d787]:main():lattice-best-path.cc:99) For utterance sess5_seven_1, best cost 65.2493 + 9430.42 = 9495.67 over 60 frames.
sess5_seven_1 seven 
LOG (lattice-best-path[5.5.1013~6-d787]:main():lattice-best-path.cc:99) For utterance sess5_seven_2, best cost 63.3353 + 8648.99 = 8712.33 over 57 frames.
sess5_seven_2 seven 
LOG (lattice-best-path[5.5.1013~6-d787]:main():lattice-best-path.cc:99) For utterance sess5_seven_3, best cost 23.5078 + 4808.4 = 4831.91 over 26 frames.
sess5_seven_3 
LOG (lattice-best-path[5.5.1013~6-d787]:main():lattice-best-path.cc:99) For utterance sess5_seven_4, best cost 63.1887 + 8771.17 = 8834.36 over 55 frames.
sess5_seven_4 seven 
LOG (lattice-best-path[5.5.1013~6-d787]:main():lattice-best-path.cc:99) For utterance sess5_six_0, best cost 60.1249 + 8268.53 = 8328.65 over 50 frames.
sess5_six_0 six 
LOG (lattice-best-path[5.5.1013~6-d787]:main():lattice-best-path.cc:99) For utterance sess5_six_1, best cost 61.6844 + 8842.18 = 8903.86 over 55 frames.
sess5_six_1 six 
LOG (lattice-best-path[5.5.1013~6-d787]:main():lattice-best-path.cc:99) For utterance sess5_six_2, best cost 56.1661 + 7629.19 = 7685.36 over 45 frames.
sess5_six_2 six 
LOG (lattice-best-path[5.5.1013~6-d787]:main():lattice-best-path.cc:99) For utterance sess5_six_3, best cost 61.1917 + 8581.14 = 8642.33 over 51 frames.
sess5_six_3 six 
LOG (lattice-best-path[5.5.1013~6-d787]:main():lattice-best-path.cc:99) For utterance sess5_six_4, best cost 61.6091 + 10084.4 = 10146 over 60 frames.
sess5_six_4 six 
LOG (lattice-best-path[5.5.1013~6-d787]:main():lattice-best-path.cc:99) For utterance sess5_three_0, best cost 63.3085 + 9397.71 = 9461.01 over 58 frames.
sess5_three_0 three 
LOG (lattice-best-path[5.5.1013~6-d787]:main():lattice-best-path.cc:99) For utterance sess5_three_1, best cost 59.445 + 8223.25 = 8282.69 over 50 frames.
sess5_three_1 three 
LOG (lattice-best-path[5.5.1013~6-d787]:main():lattice-best-path.cc:99) For utterance sess5_three_2, best cost 59.6966 + 10467.8 = 10527.5 over 61 frames.
sess5_three_2 three 
LOG (lattice-best-path[5.5.1013~6-d787]:main():lattice-best-path.cc:99) For utterance sess5_three_3, best cost 62.9428 + 10022.7 = 10085.6 over 61 frames.
sess5_three_3 three 
LOG (lattice-best-path[5.5.1013~6-d787]:main():lattice-best-path.cc:99) For utterance sess5_three_4, best cost 64.3569 + 10638.9 = 10703.3 over 65 frames.
sess5_three_4 three 
LOG (lattice-best-path[5.5.1013~6-d787]:main():lattice-best-path.cc:99) For utterance sess5_two_0, best cost 51.8398 + 8908.66 = 8960.5 over 54 frames.
sess5_two_0 two 
LOG (lattice-best-path[5.5.1013~6-d787]:main():lattice-best-path.cc:99) For utterance sess5_two_1, best cost 66.8892 + 10315.5 = 10382.4 over 63 frames.
sess5_two_1 four 
LOG (lattice-best-path[5.5.1013~6-d787]:main():lattice-best-path.cc:99) For utterance sess5_two_2, best cost 57.1116 + 9480.48 = 9537.59 over 59 frames.
sess5_two_2 two 
LOG (lattice-best-path[5.5.1013~6-d787]:main():lattice-best-path.cc:99) For utterance sess5_two_3, best cost 51.6002 + 7279.84 = 7331.44 over 45 frames.
sess5_two_3 two 
LOG (lattice-best-path[5.5.1013~6-d787]:main():lattice-best-path.cc:99) For utterance sess5_two_4, best cost 57.5637 + 9396.09 = 9453.65 over 57 frames.
sess5_two_4 two 
LOG (lattice-best-path[5.5.1013~6-d787]:main():lattice-best-path.cc:99) For utterance sess5_up_0, best cost 57.358 + 8219.97 = 8277.33 over 49 frames.
sess5_up_0 up 
LOG (lattice-best-path[5.5.1013~6-d787]:main():lattice-best-path.cc:99) For utterance sess5_up_1, best cost 54.3389 + 8251.6 = 8305.94 over 50 frames.
sess5_up_1 up 
LOG (lattice-best-path[5.5.1013~6-d787]:main():lattice-best-path.cc:99) For utterance sess5_up_2, best cost 54.282 + 8496.83 = 8551.11 over 52 frames.
sess5_up_2 up 
LOG (lattice-best-path[5.5.1013~6-d787]:main():lattice-best-path.cc:99) For utterance sess5_up_3, best cost 89.0794 + 8704.74 = 8793.82 over 51 frames.
sess5_up_3 up right 
LOG (lattice-best-path[5.5.1013~6-d787]:main():lattice-best-path.cc:99) For utterance sess5_up_4, best cost 87.8647 + 7696.56 = 7784.42 over 47 frames.
sess5_up_4 up eight 
LOG (lattice-best-path[5.5.1013~6-d787]:main():lattice-best-path.cc:99) For utterance sess5_zero_0, best cost 58.6526 + 8111.68 = 8170.34 over 47 frames.
sess5_zero_0 zero 
LOG (lattice-best-path[5.5.1013~6-d787]:main():lattice-best-path.cc:99) For utterance sess5_zero_1, best cost 64.7511 + 10771.4 = 10836.1 over 63 frames.
sess5_zero_1 zero 
LOG (lattice-best-path[5.5.1013~6-d787]:main():lattice-best-path.cc:99) For utterance sess5_zero_2, best cost 64.7177 + 10389.2 = 10453.9 over 62 frames.
sess5_zero_2 zero 
LOG (lattice-best-path[5.5.1013~6-d787]:main():lattice-best-path.cc:99) For utterance sess5_zero_3, best cost 60.2091 + 9170.87 = 9231.08 over 55 frames.
sess5_zero_3 zero 
LOG (lattice-best-path[5.5.1013~6-d787]:main():lattice-best-path.cc:99) For utterance sess5_zero_4, best cost 60.837 + 10330.3 = 10391.1 over 61 frames.
sess5_zero_4 zero 
LOG (lattice-best-path[5.5.1013~6-d787]:main():lattice-best-path.cc:124) Overall cost per frame is 164.815 = 1.09956 [graph] + 163.716 [acoustic] over 3849 frames.
LOG (lattice-best-path[5.5.1013~6-d787]:main():lattice-best-path.cc:128) Done 70 lattices, failed for 0
# Accounting: time=0 threads=1
# Ended (code 0) at Fri Apr 22 16:26:49 CDT 2022, elapsed time 0 seconds
