# lattice-best-path --lm-scale=11 --word-symbol-table=exp/tri2a/graph/words.txt "ark:gunzip -c exp/tri2a/decode/lat.*.gz|" ark,t:exp/tri2a/decode/scoring/11.tra 
# Started at Sat Apr 23 11:02:57 CDT 2022
#
lattice-best-path --lm-scale=11 --word-symbol-table=exp/tri2a/graph/words.txt 'ark:gunzip -c exp/tri2a/decode/lat.*.gz|' ark,t:exp/tri2a/decode/scoring/11.tra 
LOG (lattice-best-path[5.5.1013~6-d787]:main():lattice-best-path.cc:99) For utterance sess10_down_0, best cost 98.7481 + 9489.85 = 9588.59 over 62 frames.
sess10_down_0 down 
LOG (lattice-best-path[5.5.1013~6-d787]:main():lattice-best-path.cc:99) For utterance sess10_down_1, best cost 98.3627 + 9935.26 = 10033.6 over 64 frames.
sess10_down_1 down 
LOG (lattice-best-path[5.5.1013~6-d787]:main():lattice-best-path.cc:99) For utterance sess10_down_2, best cost 93.2002 + 10285.2 = 10378.4 over 65 frames.
sess10_down_2 down 
LOG (lattice-best-path[5.5.1013~6-d787]:main():lattice-best-path.cc:99) For utterance sess10_down_3, best cost 99.8045 + 9161.02 = 9260.83 over 59 frames.
sess10_down_3 down 
LOG (lattice-best-path[5.5.1013~6-d787]:main():lattice-best-path.cc:99) For utterance sess10_down_4, best cost 92.1077 + 8659.16 = 8751.27 over 55 frames.
sess10_down_4 down 
LOG (lattice-best-path[5.5.1013~6-d787]:main():lattice-best-path.cc:99) For utterance sess10_eight_0, best cost 92.1668 + 7955.86 = 8048.03 over 53 frames.
sess10_eight_0 eight 
LOG (lattice-best-path[5.5.1013~6-d787]:main():lattice-best-path.cc:99) For utterance sess10_eight_1, best cost 93.0384 + 8900.89 = 8993.93 over 58 frames.
sess10_eight_1 nine 
LOG (lattice-best-path[5.5.1013~6-d787]:main():lattice-best-path.cc:99) For utterance sess10_eight_2, best cost 91.8685 + 7417.18 = 7509.05 over 49 frames.
sess10_eight_2 eight 
LOG (lattice-best-path[5.5.1013~6-d787]:main():lattice-best-path.cc:99) For utterance sess10_eight_3, best cost 95.8871 + 10237.3 = 10333.2 over 69 frames.
sess10_eight_3 right 
LOG (lattice-best-path[5.5.1013~6-d787]:main():lattice-best-path.cc:99) For utterance sess10_eight_4, best cost 98.9135 + 8734.83 = 8833.74 over 58 frames.
sess10_eight_4 nine 
LOG (lattice-best-path[5.5.1013~6-d787]:main():lattice-best-path.cc:99) For utterance sess10_five_0, best cost 93.9013 + 10180.3 = 10274.2 over 68 frames.
sess10_five_0 five 
LOG (lattice-best-path[5.5.1013~6-d787]:main():lattice-best-path.cc:99) For utterance sess10_five_1, best cost 97.8443 + 9622.71 = 9720.55 over 63 frames.
sess10_five_1 five 
LOG (lattice-best-path[5.5.1013~6-d787]:main():lattice-best-path.cc:99) For utterance sess10_five_2, best cost 99.489 + 9570.62 = 9670.11 over 65 frames.
sess10_five_2 five 
LOG (lattice-best-path[5.5.1013~6-d787]:main():lattice-best-path.cc:99) For utterance sess10_five_3, best cost 98.682 + 9236.69 = 9335.37 over 59 frames.
sess10_five_3 five 
LOG (lattice-best-path[5.5.1013~6-d787]:main():lattice-best-path.cc:99) For utterance sess10_five_4, best cost 92.971 + 9240.34 = 9333.31 over 62 frames.
sess10_five_4 five 
LOG (lattice-best-path[5.5.1013~6-d787]:main():lattice-best-path.cc:99) For utterance sess10_four_0, best cost 93.4215 + 10059.9 = 10153.4 over 65 frames.
sess10_four_0 four 
LOG (lattice-best-path[5.5.1013~6-d787]:main():lattice-best-path.cc:99) For utterance sess10_four_1, best cost 95.9792 + 10011.2 = 10107.2 over 65 frames.
sess10_four_1 four 
LOG (lattice-best-path[5.5.1013~6-d787]:main():lattice-best-path.cc:99) For utterance sess10_four_2, best cost 99.8486 + 10000.5 = 10100.4 over 63 frames.
sess10_four_2 four 
LOG (lattice-best-path[5.5.1013~6-d787]:main():lattice-best-path.cc:99) For utterance sess10_four_3, best cost 89.6746 + 9514.25 = 9603.93 over 61 frames.
sess10_four_3 four 
LOG (lattice-best-path[5.5.1013~6-d787]:main():lattice-best-path.cc:99) For utterance sess10_four_4, best cost 94.0674 + 9279.35 = 9373.41 over 60 frames.
sess10_four_4 four 
LOG (lattice-best-path[5.5.1013~6-d787]:main():lattice-best-path.cc:99) For utterance sess10_left_0, best cost 101.848 + 8619.12 = 8720.97 over 55 frames.
sess10_left_0 left 
LOG (lattice-best-path[5.5.1013~6-d787]:main():lattice-best-path.cc:99) For utterance sess10_left_1, best cost 110.311 + 9631.38 = 9741.69 over 63 frames.
sess10_left_1 left 
LOG (lattice-best-path[5.5.1013~6-d787]:main():lattice-best-path.cc:99) For utterance sess10_left_2, best cost 150.347 + 9513.65 = 9664 over 60 frames.
sess10_left_2 left nine 
LOG (lattice-best-path[5.5.1013~6-d787]:main():lattice-best-path.cc:99) For utterance sess10_left_3, best cost 97.6174 + 9707.73 = 9805.34 over 64 frames.
sess10_left_3 left 
LOG (lattice-best-path[5.5.1013~6-d787]:main():lattice-best-path.cc:99) For utterance sess10_left_4, best cost 147.623 + 10093.6 = 10241.3 over 66 frames.
sess10_left_4 left nine 
LOG (lattice-best-path[5.5.1013~6-d787]:main():lattice-best-path.cc:99) For utterance sess10_nine_0, best cost 95.2136 + 9981.61 = 10076.8 over 66 frames.
sess10_nine_0 nine 
LOG (lattice-best-path[5.5.1013~6-d787]:main():lattice-best-path.cc:99) For utterance sess10_nine_1, best cost 96.1347 + 9376.28 = 9472.41 over 63 frames.
sess10_nine_1 nine 
LOG (lattice-best-path[5.5.1013~6-d787]:main():lattice-best-path.cc:99) For utterance sess10_nine_2, best cost 101.821 + 8333.64 = 8435.46 over 58 frames.
sess10_nine_2 nine 
LOG (lattice-best-path[5.5.1013~6-d787]:main():lattice-best-path.cc:99) For utterance sess10_nine_3, best cost 98.1999 + 9011.14 = 9109.34 over 62 frames.
sess10_nine_3 nine 
LOG (lattice-best-path[5.5.1013~6-d787]:main():lattice-best-path.cc:99) For utterance sess10_nine_4, best cost 92.9274 + 7735.83 = 7828.76 over 49 frames.
sess10_nine_4 nine 
LOG (lattice-best-path[5.5.1013~6-d787]:main():lattice-best-path.cc:99) For utterance sess10_one_0, best cost 92.0484 + 9996.3 = 10088.4 over 65 frames.
sess10_one_0 one 
LOG (lattice-best-path[5.5.1013~6-d787]:main():lattice-best-path.cc:99) For utterance sess10_one_1, best cost 88.8992 + 9280.86 = 9369.76 over 59 frames.
sess10_one_1 one 
LOG (lattice-best-path[5.5.1013~6-d787]:main():lattice-best-path.cc:99) For utterance sess10_one_2, best cost 89.6372 + 8631.64 = 8721.28 over 57 frames.
sess10_one_2 one 
LOG (lattice-best-path[5.5.1013~6-d787]:main():lattice-best-path.cc:99) For utterance sess10_one_3, best cost 90.6746 + 10809.8 = 10900.5 over 70 frames.
sess10_one_3 one 
LOG (lattice-best-path[5.5.1013~6-d787]:main():lattice-best-path.cc:99) For utterance sess10_one_4, best cost 91.1286 + 10084.3 = 10175.4 over 66 frames.
sess10_one_4 one 
LOG (lattice-best-path[5.5.1013~6-d787]:main():lattice-best-path.cc:99) For utterance sess10_right_0, best cost 97.0036 + 9418.03 = 9515.03 over 62 frames.
sess10_right_0 right 
LOG (lattice-best-path[5.5.1013~6-d787]:main():lattice-best-path.cc:99) For utterance sess10_right_1, best cost 99.2587 + 10251.4 = 10350.7 over 67 frames.
sess10_right_1 right 
LOG (lattice-best-path[5.5.1013~6-d787]:main():lattice-best-path.cc:99) For utterance sess10_right_2, best cost 90.6769 + 10469.4 = 10560 over 67 frames.
sess10_right_2 right 
LOG (lattice-best-path[5.5.1013~6-d787]:main():lattice-best-path.cc:99) For utterance sess10_right_3, best cost 97.0572 + 9817.34 = 9914.39 over 63 frames.
sess10_right_3 one 
LOG (lattice-best-path[5.5.1013~6-d787]:main():lattice-best-path.cc:99) For utterance sess10_right_4, best cost 89.4884 + 8807.47 = 8896.96 over 56 frames.
sess10_right_4 right 
LOG (lattice-best-path[5.5.1013~6-d787]:main():lattice-best-path.cc:99) For utterance sess10_seven_0, best cost 94.6858 + 8462.72 = 8557.4 over 59 frames.
sess10_seven_0 seven 
LOG (lattice-best-path[5.5.1013~6-d787]:main():lattice-best-path.cc:99) For utterance sess10_seven_1, best cost 102.212 + 9126.74 = 9228.95 over 59 frames.
sess10_seven_1 seven 
LOG (lattice-best-path[5.5.1013~6-d787]:main():lattice-best-path.cc:99) For utterance sess10_seven_2, best cost 98.4442 + 9062.91 = 9161.36 over 60 frames.
sess10_seven_2 seven 
LOG (lattice-best-path[5.5.1013~6-d787]:main():lattice-best-path.cc:99) For utterance sess10_seven_3, best cost 97.4632 + 9554.58 = 9652.05 over 61 frames.
sess10_seven_3 seven 
LOG (lattice-best-path[5.5.1013~6-d787]:main():lattice-best-path.cc:99) For utterance sess10_seven_4, best cost 101.205 + 9229.77 = 9330.97 over 61 frames.
sess10_seven_4 seven 
LOG (lattice-best-path[5.5.1013~6-d787]:main():lattice-best-path.cc:99) For utterance sess10_six_0, best cost 103.656 + 9571.44 = 9675.09 over 64 frames.
sess10_six_0 seven 
LOG (lattice-best-path[5.5.1013~6-d787]:main():lattice-best-path.cc:99) For utterance sess10_six_1, best cost 97.6152 + 9124.07 = 9221.68 over 60 frames.
sess10_six_1 six 
LOG (lattice-best-path[5.5.1013~6-d787]:main():lattice-best-path.cc:99) For utterance sess10_six_2, best cost 89.4059 + 9403.8 = 9493.21 over 62 frames.
sess10_six_2 six 
LOG (lattice-best-path[5.5.1013~6-d787]:main():lattice-best-path.cc:99) For utterance sess10_six_3, best cost 152.847 + 10598.4 = 10751.2 over 72 frames.
sess10_six_3 six nine 
LOG (lattice-best-path[5.5.1013~6-d787]:main():lattice-best-path.cc:99) For utterance sess10_six_4, best cost 98.0644 + 9711.12 = 9809.18 over 64 frames.
sess10_six_4 six 
LOG (lattice-best-path[5.5.1013~6-d787]:main():lattice-best-path.cc:99) For utterance sess10_three_0, best cost 92.9686 + 10035.5 = 10128.5 over 65 frames.
sess10_three_0 three 
LOG (lattice-best-path[5.5.1013~6-d787]:main():lattice-best-path.cc:99) For utterance sess10_three_1, best cost 147.896 + 9947.85 = 10095.7 over 63 frames.
sess10_three_1 three nine 
LOG (lattice-best-path[5.5.1013~6-d787]:main():lattice-best-path.cc:99) For utterance sess10_three_2, best cost 94.4657 + 9870.93 = 9965.39 over 61 frames.
sess10_three_2 three 
LOG (lattice-best-path[5.5.1013~6-d787]:main():lattice-best-path.cc:99) For utterance sess10_three_3, best cost 96.8712 + 9704.53 = 9801.4 over 61 frames.
sess10_three_3 three 
LOG (lattice-best-path[5.5.1013~6-d787]:main():lattice-best-path.cc:99) For utterance sess10_three_4, best cost 92.9818 + 9553.97 = 9646.95 over 61 frames.
sess10_three_4 three 
LOG (lattice-best-path[5.5.1013~6-d787]:main():lattice-best-path.cc:99) For utterance sess10_two_0, best cost 91.7817 + 8824.1 = 8915.88 over 56 frames.
sess10_two_0 two 
LOG (lattice-best-path[5.5.1013~6-d787]:main():lattice-best-path.cc:99) For utterance sess10_two_1, best cost 88.6683 + 7194.5 = 7283.17 over 47 frames.
sess10_two_1 two 
LOG (lattice-best-path[5.5.1013~6-d787]:main():lattice-best-path.cc:99) For utterance sess10_two_2, best cost 145.822 + 8681.05 = 8826.87 over 56 frames.
sess10_two_2 two nine 
LOG (lattice-best-path[5.5.1013~6-d787]:main():lattice-best-path.cc:99) For utterance sess10_two_3, best cost 177.252 + 9496.54 = 9673.8 over 61 frames.
sess10_two_3 two eight 
LOG (lattice-best-path[5.5.1013~6-d787]:main():lattice-best-path.cc:99) For utterance sess10_two_4, best cost 93.0613 + 9177.66 = 9270.72 over 60 frames.
sess10_two_4 two 
LOG (lattice-best-path[5.5.1013~6-d787]:main():lattice-best-path.cc:99) For utterance sess10_up_0, best cost 84.4976 + 8581.79 = 8666.29 over 56 frames.
sess10_up_0 up 
LOG (lattice-best-path[5.5.1013~6-d787]:main():lattice-best-path.cc:99) For utterance sess10_up_1, best cost 89.3341 + 8628.65 = 8717.99 over 55 frames.
sess10_up_1 up 
LOG (lattice-best-path[5.5.1013~6-d787]:main():lattice-best-path.cc:99) For utterance sess10_up_2, best cost 94.7546 + 9346.08 = 9440.84 over 64 frames.
sess10_up_2 up 
LOG (lattice-best-path[5.5.1013~6-d787]:main():lattice-best-path.cc:99) For utterance sess10_up_3, best cost 90.0298 + 8067.9 = 8157.93 over 53 frames.
sess10_up_3 up 
LOG (lattice-best-path[5.5.1013~6-d787]:main():lattice-best-path.cc:99) For utterance sess10_up_4, best cost 93.4962 + 8911.14 = 9004.64 over 59 frames.
sess10_up_4 up 
LOG (lattice-best-path[5.5.1013~6-d787]:main():lattice-best-path.cc:99) For utterance sess10_zero_0, best cost 95.431 + 9516.39 = 9611.82 over 61 frames.
sess10_zero_0 zero 
LOG (lattice-best-path[5.5.1013~6-d787]:main():lattice-best-path.cc:99) For utterance sess10_zero_1, best cost 93.3488 + 9684.9 = 9778.25 over 63 frames.
sess10_zero_1 zero 
LOG (lattice-best-path[5.5.1013~6-d787]:main():lattice-best-path.cc:99) For utterance sess10_zero_2, best cost 98.419 + 8596.13 = 8694.55 over 53 frames.
sess10_zero_2 zero 
LOG (lattice-best-path[5.5.1013~6-d787]:main():lattice-best-path.cc:99) For utterance sess10_zero_3, best cost 96.1983 + 8865.85 = 8962.05 over 58 frames.
sess10_zero_3 zero 
LOG (lattice-best-path[5.5.1013~6-d787]:main():lattice-best-path.cc:99) For utterance sess10_zero_4, best cost 93.7934 + 9157.89 = 9251.68 over 57 frames.
sess10_zero_4 zero 
LOG (lattice-best-path[5.5.1013~6-d787]:main():lattice-best-path.cc:124) Overall cost per frame is 155.13 = 1.64932 [graph] + 153.48 [acoustic] over 4253 frames.
LOG (lattice-best-path[5.5.1013~6-d787]:main():lattice-best-path.cc:128) Done 70 lattices, failed for 0
# Accounting: time=0 threads=1
# Ended (code 0) at Sat Apr 23 11:02:57 CDT 2022, elapsed time 0 seconds
