# gmm-acc-stats-ali exp/tri3a/16.mdl "ark,s,cs:apply-cmvn  --utt2spk=ark:data/train/split1/1/utt2spk scp:data/train/split1/1/cmvn.scp scp:data/train/split1/1/feats.scp ark:- | splice-feats  ark:- ark:- | transform-feats exp/tri3a/12.mat ark:- ark:- |" "ark,s,cs:gunzip -c exp/tri3a/ali.1.gz|" exp/tri3a/16.1.acc 
# Started at Mon Apr 25 20:45:43 CDT 2022
#
gmm-acc-stats-ali exp/tri3a/16.mdl 'ark,s,cs:apply-cmvn  --utt2spk=ark:data/train/split1/1/utt2spk scp:data/train/split1/1/cmvn.scp scp:data/train/split1/1/feats.scp ark:- | splice-feats  ark:- ark:- | transform-feats exp/tri3a/12.mat ark:- ark:- |' 'ark,s,cs:gunzip -c exp/tri3a/ali.1.gz|' exp/tri3a/16.1.acc 
transform-feats exp/tri3a/12.mat ark:- ark:- 
splice-feats ark:- ark:- 
apply-cmvn --utt2spk=ark:data/train/split1/1/utt2spk scp:data/train/split1/1/cmvn.scp scp:data/train/split1/1/feats.scp ark:- 
LOG (gmm-acc-stats-ali[5.5.1017~3-12a20]:main():gmm-acc-stats-ali.cc:105) Processed 50 utterances; for utterance sess14_eight_3 avg. like is -53.9641 over 55 frames.
LOG (gmm-acc-stats-ali[5.5.1017~3-12a20]:main():gmm-acc-stats-ali.cc:105) Processed 100 utterances; for utterance sess14_two_3 avg. like is -55.1506 over 61 frames.
LOG (gmm-acc-stats-ali[5.5.1017~3-12a20]:main():gmm-acc-stats-ali.cc:105) Processed 150 utterances; for utterance sess3_four_8 avg. like is -52.6372 over 67 frames.
LOG (gmm-acc-stats-ali[5.5.1017~3-12a20]:main():gmm-acc-stats-ali.cc:105) Processed 200 utterances; for utterance sess3_seven_8 avg. like is -51.255 over 62 frames.
LOG (gmm-acc-stats-ali[5.5.1017~3-12a20]:main():gmm-acc-stats-ali.cc:105) Processed 250 utterances; for utterance sess3_zero_8 avg. like is -55.725 over 63 frames.
LOG (gmm-acc-stats-ali[5.5.1017~3-12a20]:main():gmm-acc-stats-ali.cc:105) Processed 300 utterances; for utterance sess4_left_8 avg. like is -53.0242 over 60 frames.
LOG (gmm-acc-stats-ali[5.5.1017~3-12a20]:main():gmm-acc-stats-ali.cc:105) Processed 350 utterances; for utterance sess4_six_8 avg. like is -52.688 over 73 frames.
LOG (gmm-acc-stats-ali[5.5.1017~3-12a20]:main():gmm-acc-stats-ali.cc:105) Processed 400 utterances; for utterance sess5_down_8 avg. like is -55.0637 over 54 frames.
LOG (gmm-acc-stats-ali[5.5.1017~3-12a20]:main():gmm-acc-stats-ali.cc:105) Processed 450 utterances; for utterance sess5_nine_8 avg. like is -53.8093 over 59 frames.
LOG (gmm-acc-stats-ali[5.5.1017~3-12a20]:main():gmm-acc-stats-ali.cc:105) Processed 500 utterances; for utterance sess5_three_8 avg. like is -55.2994 over 61 frames.
LOG (gmm-acc-stats-ali[5.5.1017~3-12a20]:main():gmm-acc-stats-ali.cc:105) Processed 550 utterances; for utterance sess6_four_3 avg. like is -54.1196 over 64 frames.
LOG (gmm-acc-stats-ali[5.5.1017~3-12a20]:main():gmm-acc-stats-ali.cc:105) Processed 600 utterances; for utterance sess6_zero_3 avg. like is -53.2163 over 67 frames.
LOG (gmm-acc-stats-ali[5.5.1017~3-12a20]:main():gmm-acc-stats-ali.cc:105) Processed 650 utterances; for utterance sess7_six_3 avg. like is -51.7991 over 59 frames.
LOG (gmm-acc-stats-ali[5.5.1017~3-12a20]:main():gmm-acc-stats-ali.cc:105) Processed 700 utterances; for utterance sess8_nine_3 avg. like is -51.244 over 55 frames.
LOG (gmm-acc-stats-ali[5.5.1017~3-12a20]:main():gmm-acc-stats-ali.cc:105) Processed 750 utterances; for utterance sess9_five_2 avg. like is -50.4828 over 65 frames.
LOG (apply-cmvn[5.5.1017~3-12a20]:main():apply-cmvn.cc:162) Applied cepstral mean normalization to 783 utterances, errors on 0
LOG (transform-feats[5.5.1017~3-12a20]:main():transform-feats.cc:158) Overall average [pseudo-]logdet is -16.9446 over 47895 frames.
LOG (transform-feats[5.5.1017~3-12a20]:main():transform-feats.cc:161) Applied transform to 783 utterances; 0 had errors.
LOG (gmm-acc-stats-ali[5.5.1017~3-12a20]:main():gmm-acc-stats-ali.cc:112) Done 783 files, 0 with errors.
LOG (gmm-acc-stats-ali[5.5.1017~3-12a20]:main():gmm-acc-stats-ali.cc:115) Overall avg like per frame (Gaussian only) = -52.7103 over 47895 frames.
LOG (gmm-acc-stats-ali[5.5.1017~3-12a20]:main():gmm-acc-stats-ali.cc:123) Written accs.
# Accounting: time=0 threads=1
# Ended (code 0) at Mon Apr 25 20:45:43 CDT 2022, elapsed time 0 seconds
