# gmm-acc-stats-ali exp/tri3a/25.mdl "ark,s,cs:apply-cmvn  --utt2spk=ark:data/train/split1/1/utt2spk scp:data/train/split1/1/cmvn.scp scp:data/train/split1/1/feats.scp ark:- | splice-feats  ark:- ark:- | transform-feats exp/tri3a/12.mat ark:- ark:- |" "ark,s,cs:gunzip -c exp/tri3a/ali.1.gz|" exp/tri3a/25.1.acc 
# Started at Sat Apr 23 12:42:17 CDT 2022
#
gmm-acc-stats-ali exp/tri3a/25.mdl 'ark,s,cs:apply-cmvn  --utt2spk=ark:data/train/split1/1/utt2spk scp:data/train/split1/1/cmvn.scp scp:data/train/split1/1/feats.scp ark:- | splice-feats  ark:- ark:- | transform-feats exp/tri3a/12.mat ark:- ark:- |' 'ark,s,cs:gunzip -c exp/tri3a/ali.1.gz|' exp/tri3a/25.1.acc 
transform-feats exp/tri3a/12.mat ark:- ark:- 
apply-cmvn --utt2spk=ark:data/train/split1/1/utt2spk scp:data/train/split1/1/cmvn.scp scp:data/train/split1/1/feats.scp ark:- 
splice-feats ark:- ark:- 
LOG (gmm-acc-stats-ali[5.5.1017~3-12a20]:main():gmm-acc-stats-ali.cc:105) Processed 50 utterances; for utterance sess3_left_9 avg. like is -54.8748 over 56 frames.
LOG (gmm-acc-stats-ali[5.5.1017~3-12a20]:main():gmm-acc-stats-ali.cc:105) Processed 100 utterances; for utterance sess3_six_9 avg. like is -54.1724 over 62 frames.
LOG (gmm-acc-stats-ali[5.5.1017~3-12a20]:main():gmm-acc-stats-ali.cc:105) Processed 150 utterances; for utterance sess4_down_9 avg. like is -52.3884 over 66 frames.
LOG (gmm-acc-stats-ali[5.5.1017~3-12a20]:main():gmm-acc-stats-ali.cc:105) Processed 200 utterances; for utterance sess4_nine_9 avg. like is -53.6538 over 87 frames.
LOG (gmm-acc-stats-ali[5.5.1017~3-12a20]:main():gmm-acc-stats-ali.cc:105) Processed 250 utterances; for utterance sess4_three_9 avg. like is -55.9556 over 68 frames.
LOG (gmm-acc-stats-ali[5.5.1017~3-12a20]:main():gmm-acc-stats-ali.cc:105) Processed 300 utterances; for utterance sess5_eight_9 avg. like is -54.6634 over 59 frames.
LOG (gmm-acc-stats-ali[5.5.1017~3-12a20]:main():gmm-acc-stats-ali.cc:105) Processed 350 utterances; for utterance sess5_one_9 avg. like is -53.8618 over 54 frames.
LOG (gmm-acc-stats-ali[5.5.1017~3-12a20]:main():gmm-acc-stats-ali.cc:105) Processed 400 utterances; for utterance sess5_two_9 avg. like is -53.8348 over 57 frames.
LOG (gmm-acc-stats-ali[5.5.1017~3-12a20]:main():gmm-acc-stats-ali.cc:105) Processed 450 utterances; for utterance sess6_nine_4 avg. like is -50.7102 over 57 frames.
LOG (gmm-acc-stats-ali[5.5.1017~3-12a20]:main():gmm-acc-stats-ali.cc:105) Processed 500 utterances; for utterance sess7_eight_4 avg. like is -51.6294 over 61 frames.
LOG (gmm-acc-stats-ali[5.5.1017~3-12a20]:main():gmm-acc-stats-ali.cc:105) Processed 550 utterances; for utterance sess7_two_4 avg. like is -53.9278 over 65 frames.
LOG (gmm-acc-stats-ali[5.5.1017~3-12a20]:main():gmm-acc-stats-ali.cc:105) Processed 600 utterances; for utterance sess8_right_4 avg. like is -50.4853 over 64 frames.
LOG (gmm-acc-stats-ali[5.5.1017~3-12a20]:main():gmm-acc-stats-ali.cc:105) Processed 650 utterances; for utterance sess9_four_4 avg. like is -52.4899 over 60 frames.
LOG (apply-cmvn[5.5.1017~3-12a20]:main():apply-cmvn.cc:162) Applied cepstral mean normalization to 700 utterances, errors on 0
LOG (transform-feats[5.5.1017~3-12a20]:main():transform-feats.cc:158) Overall average [pseudo-]logdet is -15.6 over 42908 frames.
LOG (transform-feats[5.5.1017~3-12a20]:main():transform-feats.cc:161) Applied transform to 700 utterances; 0 had errors.
LOG (gmm-acc-stats-ali[5.5.1017~3-12a20]:main():gmm-acc-stats-ali.cc:105) Processed 700 utterances; for utterance sess9_zero_4 avg. like is -50.5737 over 58 frames.
LOG (gmm-acc-stats-ali[5.5.1017~3-12a20]:main():gmm-acc-stats-ali.cc:112) Done 700 files, 0 with errors.
LOG (gmm-acc-stats-ali[5.5.1017~3-12a20]:main():gmm-acc-stats-ali.cc:115) Overall avg like per frame (Gaussian only) = -52.9104 over 42908 frames.
LOG (gmm-acc-stats-ali[5.5.1017~3-12a20]:main():gmm-acc-stats-ali.cc:123) Written accs.
# Accounting: time=1 threads=1
# Ended (code 0) at Sat Apr 23 12:42:18 CDT 2022, elapsed time 1 seconds
