# gmm-acc-stats-ali exp/tri3a/3.mdl "ark,s,cs:apply-cmvn  --utt2spk=ark:data/train/split1/1/utt2spk scp:data/train/split1/1/cmvn.scp scp:data/train/split1/1/feats.scp ark:- | splice-feats  ark:- ark:- | transform-feats exp/tri3a/2.mat ark:- ark:- |" "ark,s,cs:gunzip -c exp/tri3a/ali.1.gz|" exp/tri3a/3.1.acc 
# Started at Fri Apr 22 16:26:55 CDT 2022
#
gmm-acc-stats-ali exp/tri3a/3.mdl 'ark,s,cs:apply-cmvn  --utt2spk=ark:data/train/split1/1/utt2spk scp:data/train/split1/1/cmvn.scp scp:data/train/split1/1/feats.scp ark:- | splice-feats  ark:- ark:- | transform-feats exp/tri3a/2.mat ark:- ark:- |' 'ark,s,cs:gunzip -c exp/tri3a/ali.1.gz|' exp/tri3a/3.1.acc 
apply-cmvn --utt2spk=ark:data/train/split1/1/utt2spk scp:data/train/split1/1/cmvn.scp scp:data/train/split1/1/feats.scp ark:- 
splice-feats ark:- ark:- 
transform-feats exp/tri3a/2.mat ark:- ark:- 
LOG (gmm-acc-stats-ali[5.5.1013~6-d787]:main():gmm-acc-stats-ali.cc:105) Processed 50 utterances; for utterance sess3_left_9 avg. like is -59.8638 over 56 frames.
LOG (gmm-acc-stats-ali[5.5.1013~6-d787]:main():gmm-acc-stats-ali.cc:105) Processed 100 utterances; for utterance sess3_six_9 avg. like is -59.8497 over 62 frames.
LOG (gmm-acc-stats-ali[5.5.1013~6-d787]:main():gmm-acc-stats-ali.cc:105) Processed 150 utterances; for utterance sess4_down_9 avg. like is -57.6302 over 66 frames.
LOG (gmm-acc-stats-ali[5.5.1013~6-d787]:main():gmm-acc-stats-ali.cc:105) Processed 200 utterances; for utterance sess4_nine_9 avg. like is -60.119 over 87 frames.
LOG (gmm-acc-stats-ali[5.5.1013~6-d787]:main():gmm-acc-stats-ali.cc:105) Processed 250 utterances; for utterance sess4_three_9 avg. like is -59.0778 over 68 frames.
LOG (gmm-acc-stats-ali[5.5.1013~6-d787]:main():gmm-acc-stats-ali.cc:105) Processed 300 utterances; for utterance sess5_four_4 avg. like is -57.9786 over 61 frames.
LOG (gmm-acc-stats-ali[5.5.1013~6-d787]:main():gmm-acc-stats-ali.cc:105) Processed 350 utterances; for utterance sess5_zero_4 avg. like is -58.8609 over 57 frames.
LOG (gmm-acc-stats-ali[5.5.1013~6-d787]:main():gmm-acc-stats-ali.cc:105) Processed 400 utterances; for utterance sess6_six_4 avg. like is -57.3783 over 57 frames.
LOG (apply-cmvn[5.5.1013~6-d787]:main():apply-cmvn.cc:162) Applied cepstral mean normalization to 420 utterances, errors on 0
LOG (transform-feats[5.5.1013~6-d787]:main():transform-feats.cc:158) Overall average [pseudo-]logdet is -17.4158 over 26233 frames.
LOG (transform-feats[5.5.1013~6-d787]:main():transform-feats.cc:161) Applied transform to 420 utterances; 0 had errors.
LOG (gmm-acc-stats-ali[5.5.1013~6-d787]:main():gmm-acc-stats-ali.cc:112) Done 420 files, 0 with errors.
LOG (gmm-acc-stats-ali[5.5.1013~6-d787]:main():gmm-acc-stats-ali.cc:115) Overall avg like per frame (Gaussian only) = -58.5508 over 26233 frames.
LOG (gmm-acc-stats-ali[5.5.1013~6-d787]:main():gmm-acc-stats-ali.cc:123) Written accs.
# Accounting: time=1 threads=1
# Ended (code 0) at Fri Apr 22 16:26:56 CDT 2022, elapsed time 1 seconds
