# build-tree --verbose=1 --max-leaves=3500 --cluster-thresh=-1 exp/tri3a/treeacc data/lang/phones/roots.int exp/tri3a/questions.qst data/lang/topo exp/tri3a/tree 
# Started at Sat Apr 23 12:42:08 CDT 2022
#
build-tree --verbose=1 --max-leaves=3500 --cluster-thresh=-1 exp/tri3a/treeacc data/lang/phones/roots.int exp/tri3a/questions.qst data/lang/topo exp/tri3a/tree 
LOG (build-tree[5.5.1017~3-12a20]:main():build-tree.cc:104) Number of separate statistics is 202
LOG (build-tree[5.5.1017~3-12a20]:BuildTree():build-tree.cc:161) BuildTree: before building trees, map has 26 leaves.
LOG (build-tree[5.5.1017~3-12a20]:SplitDecisionTree():build-tree-utils.cc:577) DoDecisionTreeSplit: split 90 times, #leaves now 116
LOG (build-tree[5.5.1017~3-12a20]:BuildTree():build-tree.cc:187) Setting clustering threshold to smallest split 310.17
VLOG[1] (build-tree[5.5.1017~3-12a20]:BuildTree():build-tree.cc:196) After decision tree split, num-leaves = 116, like-impr = 3.72385 per frame over 42908 frames.
VLOG[1] (build-tree[5.5.1017~3-12a20]:BuildTree():build-tree.cc:200) Including just phones that were split, improvement is 3.72385 per frame over 42908 frames.
LOG (build-tree[5.5.1017~3-12a20]:BuildTree():build-tree.cc:215) BuildTree: removed 3 leaves.
VLOG[1] (build-tree[5.5.1017~3-12a20]:ClusterEventMapToNClustersRestrictedByMap():build-tree-utils.cc:914) Number of non-empty clusters in map = 25
VLOG[1] (build-tree[5.5.1017~3-12a20]:ClusterEventMapToNClustersRestrictedByMap():build-tree-utils.cc:915) Number of non-empty clusters = 112
LOG (build-tree[5.5.1017~3-12a20]:BuildTree():build-tree.cc:231) BuildTree: Rounded num leaves to multiple of 8 by removing 1 leaves.
VLOG[1] (build-tree[5.5.1017~3-12a20]:BuildTree():build-tree.cc:256) Objf change due to clustering -0.0247273 per frame.
VLOG[1] (build-tree[5.5.1017~3-12a20]:BuildTree():build-tree.cc:259) Normalizing over only split phones, this is: -0.0247273 per frame.
VLOG[1] (build-tree[5.5.1017~3-12a20]:BuildTree():build-tree.cc:262) Num-leaves is now 112
VLOG[1] (build-tree[5.5.1017~3-12a20]:main():build-tree.cc:143) For pdf-id 1, low count 0
VLOG[1] (build-tree[5.5.1017~3-12a20]:main():build-tree.cc:143) For pdf-id 8, low count 68
VLOG[1] (build-tree[5.5.1017~3-12a20]:main():build-tree.cc:143) For pdf-id 9, low count 84
VLOG[1] (build-tree[5.5.1017~3-12a20]:main():build-tree.cc:143) For pdf-id 21, low count 98
VLOG[1] (build-tree[5.5.1017~3-12a20]:main():build-tree.cc:143) For pdf-id 24, low count 65
VLOG[1] (build-tree[5.5.1017~3-12a20]:main():build-tree.cc:143) For pdf-id 26, low count 21
VLOG[1] (build-tree[5.5.1017~3-12a20]:main():build-tree.cc:143) For pdf-id 41, low count 89
VLOG[1] (build-tree[5.5.1017~3-12a20]:main():build-tree.cc:143) For pdf-id 81, low count 85
VLOG[1] (build-tree[5.5.1017~3-12a20]:main():build-tree.cc:143) For pdf-id 94, low count 87
VLOG[1] (build-tree[5.5.1017~3-12a20]:main():build-tree.cc:143) For pdf-id 98, low count 31
WARNING (build-tree[5.5.1017~3-12a20]:main():build-tree.cc:185) Saw no stats for following phones: 2 3 4 5 6 7 8 9 10 11 12 14 16 18 19 20 22 23 24 26 27 28 30 32 33 34 35 36 38 40 41 42 44 46 47 48 50 51 53 54 55 56 58 60 61 62 65 66 67 69 70 71 73 74 78 81 82 85 86 88 89 90 91 93 94 95 98 100 101 102 104 105 106 
LOG (build-tree[5.5.1017~3-12a20]:main():build-tree.cc:189) Wrote tree
# Accounting: time=0 threads=1
# Ended (code 0) at Sat Apr 23 12:42:08 CDT 2022, elapsed time 0 seconds
