gmm-init-model --write-occs=exp/tri3a/1.occs exp/tri3a/tree exp/tri3a/treeacc data/lang/topo exp/tri3a/1.mdl 
LOG (gmm-init-model[5.5.1013~6-d787]:main():gmm-init-model.cc:271) Number of separate statistics is 203
WARNING (gmm-init-model[5.5.1013~6-d787]:InitAmGmm():gmm-init-model.cc:55) Tree has pdf-id 1 with no stats; corresponding phone list: 6 7 8 9 10 
WARNING (gmm-init-model[5.5.1013~6-d787]:InitAmGmm():gmm-init-model.cc:83) Very small count for state 3: 89; corresponding phone list: 15 16 17 18 
WARNING (gmm-init-model[5.5.1013~6-d787]:InitAmGmm():gmm-init-model.cc:83) Very small count for state 20: 81; corresponding phone list: 83 
WARNING (gmm-init-model[5.5.1013~6-d787]:InitAmGmm():gmm-init-model.cc:83) Very small count for state 21: 96; corresponding phone list: 87 88 89 90 
WARNING (gmm-init-model[5.5.1013~6-d787]:InitAmGmm():gmm-init-model.cc:83) Very small count for state 24: 83; corresponding phone list: 99 100 101 102 
WARNING (gmm-init-model[5.5.1013~6-d787]:InitAmGmm():gmm-init-model.cc:83) Very small count for state 29: 69; corresponding phone list: 1 2 3 4 5 
WARNING (gmm-init-model[5.5.1013~6-d787]:InitAmGmm():gmm-init-model.cc:83) Very small count for state 39: 99; corresponding phone list: 79 80 81 82 
WARNING (gmm-init-model[5.5.1013~6-d787]:InitAmGmm():gmm-init-model.cc:83) Very small count for state 62: 58; corresponding phone list: 15 16 17 18 
WARNING (gmm-init-model[5.5.1013~6-d787]:InitAmGmm():gmm-init-model.cc:83) Very small count for state 63: 73; corresponding phone list: 43 44 45 46 
WARNING (gmm-init-model[5.5.1013~6-d787]:InitAmGmm():gmm-init-model.cc:83) Very small count for state 65: 99; corresponding phone list: 59 60 61 62 
WARNING (gmm-init-model[5.5.1013~6-d787]:InitAmGmm():gmm-init-model.cc:83) Very small count for state 67: 88; corresponding phone list: 75 76 77 78 
WARNING (gmm-init-model[5.5.1013~6-d787]:InitAmGmm():gmm-init-model.cc:83) Very small count for state 69: 52; corresponding phone list: 75 76 77 78 
WARNING (gmm-init-model[5.5.1013~6-d787]:InitAmGmm():gmm-init-model.cc:83) Very small count for state 79: 94; corresponding phone list: 35 36 37 38 
WARNING (gmm-init-model[5.5.1013~6-d787]:InitAmGmm():gmm-init-model.cc:83) Very small count for state 81: 23; corresponding phone list: 79 80 81 82 
WARNING (gmm-init-model[5.5.1013~6-d787]:InitAmGmm():gmm-init-model.cc:83) Very small count for state 97: 80; corresponding phone list: 47 48 49 50 
WARNING (gmm-init-model[5.5.1013~6-d787]:InitAmGmm():gmm-init-model.cc:83) Very small count for state 100: 92; corresponding phone list: 63 64 65 66 
WARNING (gmm-init-model[5.5.1013~6-d787]:InitAmGmm():gmm-init-model.cc:83) Very small count for state 103: 76; corresponding phone list: 91 92 93 94 
LOG (gmm-init-model[5.5.1013~6-d787]:main():gmm-init-model.cc:306) Wrote model.
