# ali-to-post "ark:gunzip -c exp/tri2a_ali/ali.1.gz|" ark:- | weight-silence-post 0.0 1:2:3:4:5:6:7:8:9:10 exp/tri2a_ali/final.mdl ark:- ark:- | acc-lda --rand-prune=4.0 exp/tri2a_ali/final.mdl "ark,s,cs:apply-cmvn  --utt2spk=ark:data/train/split1/1/utt2spk scp:data/train/split1/1/cmvn.scp scp:data/train/split1/1/feats.scp ark:- | splice-feats  ark:- ark:- |" ark,s,cs:- exp/tri3a/lda.1.acc 
# Started at Fri Apr 22 18:09:08 CDT 2022
#
ali-to-post 'ark:gunzip -c exp/tri2a_ali/ali.1.gz|' ark:- 
weight-silence-post 0.0 1:2:3:4:5:6:7:8:9:10 exp/tri2a_ali/final.mdl ark:- ark:- 
acc-lda --rand-prune=4.0 exp/tri2a_ali/final.mdl 'ark,s,cs:apply-cmvn  --utt2spk=ark:data/train/split1/1/utt2spk scp:data/train/split1/1/cmvn.scp scp:data/train/split1/1/feats.scp ark:- | splice-feats  ark:- ark:- |' ark,s,cs:- exp/tri3a/lda.1.acc 
apply-cmvn --utt2spk=ark:data/train/split1/1/utt2spk scp:data/train/split1/1/cmvn.scp scp:data/train/split1/1/feats.scp ark:- 
splice-feats ark:- ark:- 
LOG (acc-lda[5.5.1013~6-d787]:main():acc-lda.cc:114) Done 100 utterances.
LOG (acc-lda[5.5.1013~6-d787]:main():acc-lda.cc:114) Done 200 utterances.
LOG (acc-lda[5.5.1013~6-d787]:main():acc-lda.cc:114) Done 300 utterances.
LOG (ali-to-post[5.5.1013~6-d787]:main():ali-to-post.cc:73) Converted 560 alignments.
LOG (acc-lda[5.5.1013~6-d787]:main():acc-lda.cc:114) Done 400 utterances.
LOG (weight-silence-post[5.5.1013~6-d787]:main():weight-silence-post.cc:95) Done 560 posteriors.
LOG (acc-lda[5.5.1013~6-d787]:main():acc-lda.cc:114) Done 500 utterances.
LOG (apply-cmvn[5.5.1013~6-d787]:main():apply-cmvn.cc:162) Applied cepstral mean normalization to 560 utterances, errors on 0
LOG (acc-lda[5.5.1013~6-d787]:main():acc-lda.cc:117) Done 560 files, failed for 0
LOG (acc-lda[5.5.1013~6-d787]:main():acc-lda.cc:122) Written statistics.
# Accounting: time=1 threads=1
# Ended (code 0) at Fri Apr 22 18:09:09 CDT 2022, elapsed time 1 seconds
