# ali-to-post "ark:gunzip -c exp/tri3a/ali.1.gz|" ark:- | weight-silence-post 0.0 1:2:3:4:5:6:7:8:9:10 exp/tri3a/6.mdl ark:- ark:- | gmm-acc-mllt --rand-prune=4.0 exp/tri3a/6.mdl "ark,s,cs:apply-cmvn  --utt2spk=ark:data/train/split1/1/utt2spk scp:data/train/split1/1/cmvn.scp scp:data/train/split1/1/feats.scp ark:- | splice-feats  ark:- ark:- | transform-feats exp/tri3a/4.mat ark:- ark:- |" ark,s,o,cs:- exp/tri3a/6.1.macc 
# Started at Sat Apr 23 13:39:38 CDT 2022
#
weight-silence-post 0.0 1:2:3:4:5:6:7:8:9:10 exp/tri3a/6.mdl ark:- ark:- 
ali-to-post 'ark:gunzip -c exp/tri3a/ali.1.gz|' ark:- 
gmm-acc-mllt --rand-prune=4.0 exp/tri3a/6.mdl 'ark,s,cs:apply-cmvn  --utt2spk=ark:data/train/split1/1/utt2spk scp:data/train/split1/1/cmvn.scp scp:data/train/split1/1/feats.scp ark:- | splice-feats  ark:- ark:- | transform-feats exp/tri3a/4.mat ark:- ark:- |' ark,s,o,cs:- exp/tri3a/6.1.macc 
splice-feats ark:- ark:- 
transform-feats exp/tri3a/4.mat ark:- ark:- 
apply-cmvn --utt2spk=ark:data/train/split1/1/utt2spk scp:data/train/split1/1/cmvn.scp scp:data/train/split1/1/feats.scp ark:- 
LOG (gmm-acc-mllt[5.5.1017~3-12a20]:main():gmm-acc-mllt.cc:108) Average like for this file is -55.4274 over 52 frames.
LOG (gmm-acc-mllt[5.5.1017~3-12a20]:main():gmm-acc-mllt.cc:108) Average like for this file is -56.6128 over 49 frames.
LOG (gmm-acc-mllt[5.5.1017~3-12a20]:main():gmm-acc-mllt.cc:108) Average like for this file is -56.4435 over 45 frames.
LOG (gmm-acc-mllt[5.5.1017~3-12a20]:main():gmm-acc-mllt.cc:108) Average like for this file is -55.8119 over 39 frames.
LOG (gmm-acc-mllt[5.5.1017~3-12a20]:main():gmm-acc-mllt.cc:108) Average like for this file is -57.2405 over 53 frames.
LOG (gmm-acc-mllt[5.5.1017~3-12a20]:main():gmm-acc-mllt.cc:108) Average like for this file is -55.3698 over 51 frames.
LOG (gmm-acc-mllt[5.5.1017~3-12a20]:main():gmm-acc-mllt.cc:108) Average like for this file is -55.1318 over 52 frames.
LOG (gmm-acc-mllt[5.5.1017~3-12a20]:main():gmm-acc-mllt.cc:108) Average like for this file is -55.2426 over 48 frames.
LOG (gmm-acc-mllt[5.5.1017~3-12a20]:main():gmm-acc-mllt.cc:108) Average like for this file is -63.3742 over 37 frames.
LOG (gmm-acc-mllt[5.5.1017~3-12a20]:main():gmm-acc-mllt.cc:108) Average like for this file is -53.2893 over 44 frames.
LOG (gmm-acc-mllt[5.5.1017~3-12a20]:main():gmm-acc-mllt.cc:114) Avg like per frame so far is -56.2522
LOG (gmm-acc-mllt[5.5.1017~3-12a20]:main():gmm-acc-mllt.cc:108) Average like for this file is -55.5772 over 47 frames.
LOG (gmm-acc-mllt[5.5.1017~3-12a20]:main():gmm-acc-mllt.cc:108) Average like for this file is -55.1478 over 48 frames.
LOG (gmm-acc-mllt[5.5.1017~3-12a20]:main():gmm-acc-mllt.cc:108) Average like for this file is -53.6815 over 40 frames.
LOG (gmm-acc-mllt[5.5.1017~3-12a20]:main():gmm-acc-mllt.cc:108) Average like for this file is -55.1305 over 37 frames.
LOG (gmm-acc-mllt[5.5.1017~3-12a20]:main():gmm-acc-mllt.cc:108) Average like for this file is -53.7175 over 53 frames.
LOG (gmm-acc-mllt[5.5.1017~3-12a20]:main():gmm-acc-mllt.cc:108) Average like for this file is -57.9417 over 36 frames.
LOG (gmm-acc-mllt[5.5.1017~3-12a20]:main():gmm-acc-mllt.cc:108) Average like for this file is -53.8007 over 27 frames.
LOG (gmm-acc-mllt[5.5.1017~3-12a20]:main():gmm-acc-mllt.cc:108) Average like for this file is -57.714 over 33 frames.
LOG (gmm-acc-mllt[5.5.1017~3-12a20]:main():gmm-acc-mllt.cc:108) Average like for this file is -53.5545 over 45 frames.
LOG (gmm-acc-mllt[5.5.1017~3-12a20]:main():gmm-acc-mllt.cc:108) Average like for this file is -55.0638 over 41 frames.
LOG (gmm-acc-mllt[5.5.1017~3-12a20]:main():gmm-acc-mllt.cc:114) Avg like per frame so far is -55.6928
LOG (gmm-acc-mllt[5.5.1017~3-12a20]:main():gmm-acc-mllt.cc:108) Average like for this file is -54.4851 over 58 frames.
LOG (gmm-acc-mllt[5.5.1017~3-12a20]:main():gmm-acc-mllt.cc:108) Average like for this file is -54.4279 over 49 frames.
LOG (gmm-acc-mllt[5.5.1017~3-12a20]:main():gmm-acc-mllt.cc:108) Average like for this file is -54.4163 over 61 frames.
LOG (gmm-acc-mllt[5.5.1017~3-12a20]:main():gmm-acc-mllt.cc:108) Average like for this file is -53.7631 over 62 frames.
LOG (gmm-acc-mllt[5.5.1017~3-12a20]:main():gmm-acc-mllt.cc:108) Average like for this file is -53.2947 over 68 frames.
LOG (gmm-acc-mllt[5.5.1017~3-12a20]:main():gmm-acc-mllt.cc:108) Average like for this file is -56.4853 over 50 frames.
LOG (gmm-acc-mllt[5.5.1017~3-12a20]:main():gmm-acc-mllt.cc:108) Average like for this file is -53.2884 over 54 frames.
LOG (gmm-acc-mllt[5.5.1017~3-12a20]:main():gmm-acc-mllt.cc:108) Average like for this file is -58.4725 over 56 frames.
LOG (gmm-acc-mllt[5.5.1017~3-12a20]:main():gmm-acc-mllt.cc:108) Average like for this file is -57.7784 over 57 frames.
LOG (gmm-acc-mllt[5.5.1017~3-12a20]:main():gmm-acc-mllt.cc:108) Average like for this file is -56.399 over 59 frames.
LOG (gmm-acc-mllt[5.5.1017~3-12a20]:main():gmm-acc-mllt.cc:114) Avg like per frame so far is -55.509
LOG (gmm-acc-mllt[5.5.1017~3-12a20]:main():gmm-acc-mllt.cc:108) Average like for this file is -57.6186 over 44 frames.
LOG (gmm-acc-mllt[5.5.1017~3-12a20]:main():gmm-acc-mllt.cc:108) Average like for this file is -57.519 over 59 frames.
LOG (gmm-acc-mllt[5.5.1017~3-12a20]:main():gmm-acc-mllt.cc:108) Average like for this file is -54.9994 over 52 frames.
LOG (gmm-acc-mllt[5.5.1017~3-12a20]:main():gmm-acc-mllt.cc:108) Average like for this file is -57.0504 over 44 frames.
LOG (gmm-acc-mllt[5.5.1017~3-12a20]:main():gmm-acc-mllt.cc:108) Average like for this file is -54.2061 over 60 frames.
LOG (gmm-acc-mllt[5.5.1017~3-12a20]:main():gmm-acc-mllt.cc:108) Average like for this file is -56.0509 over 47 frames.
LOG (gmm-acc-mllt[5.5.1017~3-12a20]:main():gmm-acc-mllt.cc:108) Average like for this file is -70.2718 over 19 frames.
LOG (gmm-acc-mllt[5.5.1017~3-12a20]:main():gmm-acc-mllt.cc:108) Average like for this file is -56.3603 over 47 frames.
LOG (gmm-acc-mllt[5.5.1017~3-12a20]:main():gmm-acc-mllt.cc:108) Average like for this file is -57.8955 over 47 frames.
LOG (gmm-acc-mllt[5.5.1017~3-12a20]:main():gmm-acc-mllt.cc:108) Average like for this file is -56.8315 over 40 frames.
LOG (gmm-acc-mllt[5.5.1017~3-12a20]:main():gmm-acc-mllt.cc:114) Avg like per frame so far is -55.868
LOG (gmm-acc-mllt[5.5.1017~3-12a20]:main():gmm-acc-mllt.cc:108) Average like for this file is -53.3665 over 41 frames.
LOG (gmm-acc-mllt[5.5.1017~3-12a20]:main():gmm-acc-mllt.cc:108) Average like for this file is -56.7548 over 32 frames.
LOG (gmm-acc-mllt[5.5.1017~3-12a20]:main():gmm-acc-mllt.cc:108) Average like for this file is -52.2888 over 56 frames.
LOG (gmm-acc-mllt[5.5.1017~3-12a20]:main():gmm-acc-mllt.cc:108) Average like for this file is -55.8104 over 44 frames.
LOG (gmm-acc-mllt[5.5.1017~3-12a20]:main():gmm-acc-mllt.cc:108) Average like for this file is -56.4728 over 32 frames.
LOG (gmm-acc-mllt[5.5.1017~3-12a20]:main():gmm-acc-mllt.cc:108) Average like for this file is -53.3436 over 50 frames.
LOG (gmm-acc-mllt[5.5.1017~3-12a20]:main():gmm-acc-mllt.cc:108) Average like for this file is -58.461 over 42 frames.
LOG (gmm-acc-mllt[5.5.1017~3-12a20]:main():gmm-acc-mllt.cc:108) Average like for this file is -57.2662 over 28 frames.
LOG (gmm-acc-mllt[5.5.1017~3-12a20]:main():gmm-acc-mllt.cc:108) Average like for this file is -53.2396 over 52 frames.
LOG (gmm-acc-mllt[5.5.1017~3-12a20]:main():gmm-acc-mllt.cc:108) Average like for this file is -55.6127 over 38 frames.
LOG (gmm-acc-mllt[5.5.1017~3-12a20]:main():gmm-acc-mllt.cc:114) Avg like per frame so far is -55.7035
LOG (gmm-acc-mllt[5.5.1017~3-12a20]:main():gmm-acc-mllt.cc:108) Average like for this file is -56.1726 over 43 frames.
LOG (gmm-acc-mllt[5.5.1017~3-12a20]:main():gmm-acc-mllt.cc:108) Average like for this file is -58.1419 over 37 frames.
LOG (gmm-acc-mllt[5.5.1017~3-12a20]:main():gmm-acc-mllt.cc:108) Average like for this file is -52.16 over 50 frames.
LOG (gmm-acc-mllt[5.5.1017~3-12a20]:main():gmm-acc-mllt.cc:108) Average like for this file is -56.5269 over 48 frames.
LOG (gmm-acc-mllt[5.5.1017~3-12a20]:main():gmm-acc-mllt.cc:108) Average like for this file is -50.7434 over 69 frames.
LOG (gmm-acc-mllt[5.5.1017~3-12a20]:main():gmm-acc-mllt.cc:108) Average like for this file is -52.6294 over 49 frames.
LOG (gmm-acc-mllt[5.5.1017~3-12a20]:main():gmm-acc-mllt.cc:108) Average like for this file is -59.7398 over 43 frames.
LOG (gmm-acc-mllt[5.5.1017~3-12a20]:main():gmm-acc-mllt.cc:108) Average like for this file is -55.2097 over 45 frames.
LOG (gmm-acc-mllt[5.5.1017~3-12a20]:main():gmm-acc-mllt.cc:108) Average like for this file is -52.9546 over 44 frames.
LOG (gmm-acc-mllt[5.5.1017~3-12a20]:main():gmm-acc-mllt.cc:108) Average like for this file is -52.0141 over 53 frames.
LOG (gmm-acc-mllt[5.5.1017~3-12a20]:main():gmm-acc-mllt.cc:114) Avg like per frame so far is -55.4593
LOG (gmm-acc-mllt[5.5.1017~3-12a20]:main():gmm-acc-mllt.cc:108) Average like for this file is -56.6904 over 34 frames.
LOG (gmm-acc-mllt[5.5.1017~3-12a20]:main():gmm-acc-mllt.cc:108) Average like for this file is -56.7029 over 47 frames.
LOG (gmm-acc-mllt[5.5.1017~3-12a20]:main():gmm-acc-mllt.cc:108) Average like for this file is -53.2005 over 58 frames.
LOG (gmm-acc-mllt[5.5.1017~3-12a20]:main():gmm-acc-mllt.cc:108) Average like for this file is -50.9585 over 47 frames.
LOG (gmm-acc-mllt[5.5.1017~3-12a20]:main():gmm-acc-mllt.cc:108) Average like for this file is -55.8542 over 58 frames.
LOG (gmm-acc-mllt[5.5.1017~3-12a20]:main():gmm-acc-mllt.cc:108) Average like for this file is -54.8034 over 54 frames.
LOG (gmm-acc-mllt[5.5.1017~3-12a20]:main():gmm-acc-mllt.cc:108) Average like for this file is -57.7693 over 55 frames.
LOG (gmm-acc-mllt[5.5.1017~3-12a20]:main():gmm-acc-mllt.cc:108) Average like for this file is -53.4114 over 47 frames.
LOG (gmm-acc-mllt[5.5.1017~3-12a20]:main():gmm-acc-mllt.cc:108) Average like for this file is -54.6044 over 43 frames.
LOG (gmm-acc-mllt[5.5.1017~3-12a20]:main():gmm-acc-mllt.cc:108) Average like for this file is -53.5905 over 50 frames.
LOG (gmm-acc-mllt[5.5.1017~3-12a20]:main():gmm-acc-mllt.cc:114) Avg like per frame so far is -55.352
LOG (gmm-acc-mllt[5.5.1017~3-12a20]:main():gmm-acc-mllt.cc:108) Average like for this file is -57.4339 over 44 frames.
LOG (gmm-acc-mllt[5.5.1017~3-12a20]:main():gmm-acc-mllt.cc:108) Average like for this file is -56.3179 over 48 frames.
LOG (gmm-acc-mllt[5.5.1017~3-12a20]:main():gmm-acc-mllt.cc:108) Average like for this file is -56.703 over 36 frames.
LOG (gmm-acc-mllt[5.5.1017~3-12a20]:main():gmm-acc-mllt.cc:108) Average like for this file is -58.8197 over 37 frames.
LOG (gmm-acc-mllt[5.5.1017~3-12a20]:main():gmm-acc-mllt.cc:108) Average like for this file is -56.0788 over 38 frames.
LOG (gmm-acc-mllt[5.5.1017~3-12a20]:main():gmm-acc-mllt.cc:108) Average like for this file is -58.1268 over 48 frames.
LOG (gmm-acc-mllt[5.5.1017~3-12a20]:main():gmm-acc-mllt.cc:108) Average like for this file is -58.8823 over 38 frames.
LOG (gmm-acc-mllt[5.5.1017~3-12a20]:main():gmm-acc-mllt.cc:108) Average like for this file is -54.9301 over 48 frames.
LOG (gmm-acc-mllt[5.5.1017~3-12a20]:main():gmm-acc-mllt.cc:108) Average like for this file is -59.9756 over 44 frames.
LOG (gmm-acc-mllt[5.5.1017~3-12a20]:main():gmm-acc-mllt.cc:108) Average like for this file is -57.6276 over 51 frames.
LOG (gmm-acc-mllt[5.5.1017~3-12a20]:main():gmm-acc-mllt.cc:114) Avg like per frame so far is -55.5956
LOG (gmm-acc-mllt[5.5.1017~3-12a20]:main():gmm-acc-mllt.cc:108) Average like for this file is -53.6644 over 47 frames.
LOG (gmm-acc-mllt[5.5.1017~3-12a20]:main():gmm-acc-mllt.cc:108) Average like for this file is -55.7658 over 44 frames.
LOG (gmm-acc-mllt[5.5.1017~3-12a20]:main():gmm-acc-mllt.cc:108) Average like for this file is -51.9959 over 53 frames.
LOG (gmm-acc-mllt[5.5.1017~3-12a20]:main():gmm-acc-mllt.cc:108) Average like for this file is -61.2868 over 23 frames.
LOG (gmm-acc-mllt[5.5.1017~3-12a20]:main():gmm-acc-mllt.cc:108) Average like for this file is -54.054 over 49 frames.
LOG (gmm-acc-mllt[5.5.1017~3-12a20]:main():gmm-acc-mllt.cc:108) Average like for this file is -53.6475 over 55 frames.
LOG (gmm-acc-mllt[5.5.1017~3-12a20]:main():gmm-acc-mllt.cc:108) Average like for this file is -65.1225 over 50 frames.
LOG (gmm-acc-mllt[5.5.1017~3-12a20]:main():gmm-acc-mllt.cc:108) Average like for this file is -55.591 over 71 frames.
LOG (gmm-acc-mllt[5.5.1017~3-12a20]:main():gmm-acc-mllt.cc:108) Average like for this file is -52.7331 over 46 frames.
LOG (gmm-acc-mllt[5.5.1017~3-12a20]:main():gmm-acc-mllt.cc:108) Average like for this file is -55.2446 over 56 frames.
LOG (gmm-acc-mllt[5.5.1017~3-12a20]:main():gmm-acc-mllt.cc:114) Avg like per frame so far is -55.5953
LOG (gmm-acc-mllt[5.5.1017~3-12a20]:main():gmm-acc-mllt.cc:108) Average like for this file is -55.6114 over 52 frames.
LOG (gmm-acc-mllt[5.5.1017~3-12a20]:main():gmm-acc-mllt.cc:108) Average like for this file is -58.7462 over 51 frames.
LOG (gmm-acc-mllt[5.5.1017~3-12a20]:main():gmm-acc-mllt.cc:108) Average like for this file is -58.7642 over 34 frames.
LOG (gmm-acc-mllt[5.5.1017~3-12a20]:main():gmm-acc-mllt.cc:108) Average like for this file is -54.8875 over 36 frames.
LOG (gmm-acc-mllt[5.5.1017~3-12a20]:main():gmm-acc-mllt.cc:108) Average like for this file is -55.2534 over 52 frames.
LOG (gmm-acc-mllt[5.5.1017~3-12a20]:main():gmm-acc-mllt.cc:108) Average like for this file is -55.4314 over 40 frames.
LOG (gmm-acc-mllt[5.5.1017~3-12a20]:main():gmm-acc-mllt.cc:108) Average like for this file is -57.1312 over 39 frames.
LOG (gmm-acc-mllt[5.5.1017~3-12a20]:main():gmm-acc-mllt.cc:108) Average like for this file is -56.7089 over 41 frames.
LOG (gmm-acc-mllt[5.5.1017~3-12a20]:main():gmm-acc-mllt.cc:108) Average like for this file is -55.5329 over 52 frames.
LOG (gmm-acc-mllt[5.5.1017~3-12a20]:main():gmm-acc-mllt.cc:108) Average like for this file is -60.5306 over 34 frames.
LOG (gmm-acc-mllt[5.5.1017~3-12a20]:main():gmm-acc-mllt.cc:114) Avg like per frame so far is -55.7005
LOG (gmm-acc-mllt[5.5.1017~3-12a20]:main():gmm-acc-mllt.cc:108) Average like for this file is -54.3337 over 59 frames.
LOG (gmm-acc-mllt[5.5.1017~3-12a20]:main():gmm-acc-mllt.cc:108) Average like for this file is -55.3069 over 63 frames.
LOG (gmm-acc-mllt[5.5.1017~3-12a20]:main():gmm-acc-mllt.cc:108) Average like for this file is -56.6739 over 58 frames.
LOG (gmm-acc-mllt[5.5.1017~3-12a20]:main():gmm-acc-mllt.cc:108) Average like for this file is -62.8042 over 45 frames.
LOG (gmm-acc-mllt[5.5.1017~3-12a20]:main():gmm-acc-mllt.cc:108) Average like for this file is -57.0052 over 45 frames.
LOG (gmm-acc-mllt[5.5.1017~3-12a20]:main():gmm-acc-mllt.cc:108) Average like for this file is -57.9246 over 58 frames.
LOG (gmm-acc-mllt[5.5.1017~3-12a20]:main():gmm-acc-mllt.cc:108) Average like for this file is -56.0095 over 55 frames.
LOG (gmm-acc-mllt[5.5.1017~3-12a20]:main():gmm-acc-mllt.cc:108) Average like for this file is -55.5017 over 58 frames.
LOG (gmm-acc-mllt[5.5.1017~3-12a20]:main():gmm-acc-mllt.cc:108) Average like for this file is -58.2834 over 53 frames.
LOG (gmm-acc-mllt[5.5.1017~3-12a20]:main():gmm-acc-mllt.cc:108) Average like for this file is -56.928 over 61 frames.
LOG (gmm-acc-mllt[5.5.1017~3-12a20]:main():gmm-acc-mllt.cc:114) Avg like per frame so far is -55.8301
LOG (gmm-acc-mllt[5.5.1017~3-12a20]:main():gmm-acc-mllt.cc:108) Average like for this file is -56.7812 over 53 frames.
LOG (gmm-acc-mllt[5.5.1017~3-12a20]:main():gmm-acc-mllt.cc:108) Average like for this file is -56.2511 over 44 frames.
LOG (gmm-acc-mllt[5.5.1017~3-12a20]:main():gmm-acc-mllt.cc:108) Average like for this file is -59.0866 over 42 frames.
LOG (gmm-acc-mllt[5.5.1017~3-12a20]:main():gmm-acc-mllt.cc:108) Average like for this file is -56.5605 over 41 frames.
LOG (gmm-acc-mllt[5.5.1017~3-12a20]:main():gmm-acc-mllt.cc:108) Average like for this file is -57.9465 over 45 frames.
LOG (gmm-acc-mllt[5.5.1017~3-12a20]:main():gmm-acc-mllt.cc:108) Average like for this file is -56.1466 over 41 frames.
LOG (gmm-acc-mllt[5.5.1017~3-12a20]:main():gmm-acc-mllt.cc:108) Average like for this file is -56.9179 over 53 frames.
LOG (gmm-acc-mllt[5.5.1017~3-12a20]:main():gmm-acc-mllt.cc:108) Average like for this file is -58.5462 over 47 frames.
LOG (gmm-acc-mllt[5.5.1017~3-12a20]:main():gmm-acc-mllt.cc:108) Average like for this file is -55.8852 over 34 frames.
LOG (gmm-acc-mllt[5.5.1017~3-12a20]:main():gmm-acc-mllt.cc:108) Average like for this file is -58.1732 over 50 frames.
LOG (gmm-acc-mllt[5.5.1017~3-12a20]:main():gmm-acc-mllt.cc:114) Avg like per frame so far is -55.9446
LOG (gmm-acc-mllt[5.5.1017~3-12a20]:main():gmm-acc-mllt.cc:108) Average like for this file is -53.7877 over 47 frames.
LOG (gmm-acc-mllt[5.5.1017~3-12a20]:main():gmm-acc-mllt.cc:108) Average like for this file is -52.5374 over 45 frames.
LOG (gmm-acc-mllt[5.5.1017~3-12a20]:main():gmm-acc-mllt.cc:108) Average like for this file is -58.2014 over 30 frames.
LOG (gmm-acc-mllt[5.5.1017~3-12a20]:main():gmm-acc-mllt.cc:108) Average like for this file is -56.7133 over 35 frames.
LOG (gmm-acc-mllt[5.5.1017~3-12a20]:main():gmm-acc-mllt.cc:108) Average like for this file is -54.123 over 56 frames.
LOG (gmm-acc-mllt[5.5.1017~3-12a20]:main():gmm-acc-mllt.cc:108) Average like for this file is -57.2981 over 35 frames.
LOG (gmm-acc-mllt[5.5.1017~3-12a20]:main():gmm-acc-mllt.cc:108) Average like for this file is -55.4184 over 33 frames.
LOG (gmm-acc-mllt[5.5.1017~3-12a20]:main():gmm-acc-mllt.cc:108) Average like for this file is -56.3158 over 36 frames.
LOG (gmm-acc-mllt[5.5.1017~3-12a20]:main():gmm-acc-mllt.cc:108) Average like for this file is -53.6917 over 35 frames.
LOG (gmm-acc-mllt[5.5.1017~3-12a20]:main():gmm-acc-mllt.cc:108) Average like for this file is -59.6559 over 31 frames.
LOG (gmm-acc-mllt[5.5.1017~3-12a20]:main():gmm-acc-mllt.cc:114) Avg like per frame so far is -55.9144
LOG (gmm-acc-mllt[5.5.1017~3-12a20]:main():gmm-acc-mllt.cc:108) Average like for this file is -55.8965 over 58 frames.
LOG (gmm-acc-mllt[5.5.1017~3-12a20]:main():gmm-acc-mllt.cc:108) Average like for this file is -59.5749 over 62 frames.
LOG (gmm-acc-mllt[5.5.1017~3-12a20]:main():gmm-acc-mllt.cc:108) Average like for this file is -59.9572 over 47 frames.
LOG (gmm-acc-mllt[5.5.1017~3-12a20]:main():gmm-acc-mllt.cc:108) Average like for this file is -55.6015 over 53 frames.
LOG (gmm-acc-mllt[5.5.1017~3-12a20]:main():gmm-acc-mllt.cc:108) Average like for this file is -58.0782 over 54 frames.
LOG (gmm-acc-mllt[5.5.1017~3-12a20]:main():gmm-acc-mllt.cc:108) Average like for this file is -55.0093 over 48 frames.
LOG (gmm-acc-mllt[5.5.1017~3-12a20]:main():gmm-acc-mllt.cc:108) Average like for this file is -56.3898 over 55 frames.
LOG (gmm-acc-mllt[5.5.1017~3-12a20]:main():gmm-acc-mllt.cc:108) Average like for this file is -58.2598 over 50 frames.
LOG (gmm-acc-mllt[5.5.1017~3-12a20]:main():gmm-acc-mllt.cc:108) Average like for this file is -58.5952 over 55 frames.
LOG (gmm-acc-mllt[5.5.1017~3-12a20]:main():gmm-acc-mllt.cc:108) Average like for this file is -59.5062 over 56 frames.
LOG (gmm-acc-mllt[5.5.1017~3-12a20]:main():gmm-acc-mllt.cc:114) Avg like per frame so far is -56.061
LOG (gmm-acc-mllt[5.5.1017~3-12a20]:main():gmm-acc-mllt.cc:108) Average like for this file is -56.0827 over 41 frames.
LOG (gmm-acc-mllt[5.5.1017~3-12a20]:main():gmm-acc-mllt.cc:108) Average like for this file is -63.005 over 45 frames.
LOG (gmm-acc-mllt[5.5.1017~3-12a20]:main():gmm-acc-mllt.cc:108) Average like for this file is -59.7845 over 57 frames.
LOG (gmm-acc-mllt[5.5.1017~3-12a20]:main():gmm-acc-mllt.cc:108) Average like for this file is -61.1027 over 42 frames.
LOG (gmm-acc-mllt[5.5.1017~3-12a20]:main():gmm-acc-mllt.cc:108) Average like for this file is -58.2908 over 55 frames.
LOG (gmm-acc-mllt[5.5.1017~3-12a20]:main():gmm-acc-mllt.cc:108) Average like for this file is -56.5145 over 39 frames.
LOG (gmm-acc-mllt[5.5.1017~3-12a20]:main():gmm-acc-mllt.cc:108) Average like for this file is -62.2293 over 44 frames.
LOG (gmm-acc-mllt[5.5.1017~3-12a20]:main():gmm-acc-mllt.cc:108) Average like for this file is -57.6714 over 43 frames.
LOG (gmm-acc-mllt[5.5.1017~3-12a20]:main():gmm-acc-mllt.cc:108) Average like for this file is -67.6713 over 57 frames.
LOG (gmm-acc-mllt[5.5.1017~3-12a20]:main():gmm-acc-mllt.cc:108) Average like for this file is -52.7943 over 60 frames.
LOG (gmm-acc-mllt[5.5.1017~3-12a20]:main():gmm-acc-mllt.cc:114) Avg like per frame so far is -56.2994
LOG (gmm-acc-mllt[5.5.1017~3-12a20]:main():gmm-acc-mllt.cc:108) Average like for this file is -55.4559 over 36 frames.
LOG (gmm-acc-mllt[5.5.1017~3-12a20]:main():gmm-acc-mllt.cc:108) Average like for this file is -53.4681 over 38 frames.
LOG (gmm-acc-mllt[5.5.1017~3-12a20]:main():gmm-acc-mllt.cc:108) Average like for this file is -55.8376 over 47 frames.
LOG (gmm-acc-mllt[5.5.1017~3-12a20]:main():gmm-acc-mllt.cc:108) Average like for this file is -56.3593 over 52 frames.
LOG (gmm-acc-mllt[5.5.1017~3-12a20]:main():gmm-acc-mllt.cc:108) Average like for this file is -56.5067 over 33 frames.
LOG (gmm-acc-mllt[5.5.1017~3-12a20]:main():gmm-acc-mllt.cc:108) Average like for this file is -55.2136 over 41 frames.
LOG (gmm-acc-mllt[5.5.1017~3-12a20]:main():gmm-acc-mllt.cc:108) Average like for this file is -58.16 over 46 frames.
LOG (gmm-acc-mllt[5.5.1017~3-12a20]:main():gmm-acc-mllt.cc:108) Average like for this file is -61.8012 over 45 frames.
LOG (gmm-acc-mllt[5.5.1017~3-12a20]:main():gmm-acc-mllt.cc:108) Average like for this file is -60.5806 over 49 frames.
LOG (gmm-acc-mllt[5.5.1017~3-12a20]:main():gmm-acc-mllt.cc:108) Average like for this file is -57.8355 over 57 frames.
LOG (gmm-acc-mllt[5.5.1017~3-12a20]:main():gmm-acc-mllt.cc:114) Avg like per frame so far is -56.3575
LOG (gmm-acc-mllt[5.5.1017~3-12a20]:main():gmm-acc-mllt.cc:108) Average like for this file is -54.5931 over 57 frames.
LOG (gmm-acc-mllt[5.5.1017~3-12a20]:main():gmm-acc-mllt.cc:108) Average like for this file is -58.1449 over 61 frames.
LOG (gmm-acc-mllt[5.5.1017~3-12a20]:main():gmm-acc-mllt.cc:108) Average like for this file is -55.5562 over 58 frames.
LOG (gmm-acc-mllt[5.5.1017~3-12a20]:main():gmm-acc-mllt.cc:108) Average like for this file is -57.0057 over 58 frames.
LOG (gmm-acc-mllt[5.5.1017~3-12a20]:main():gmm-acc-mllt.cc:108) Average like for this file is -56.773 over 53 frames.
LOG (gmm-acc-mllt[5.5.1017~3-12a20]:main():gmm-acc-mllt.cc:108) Average like for this file is -56.7529 over 51 frames.
LOG (gmm-acc-mllt[5.5.1017~3-12a20]:main():gmm-acc-mllt.cc:108) Average like for this file is -54.5581 over 66 frames.
LOG (gmm-acc-mllt[5.5.1017~3-12a20]:main():gmm-acc-mllt.cc:108) Average like for this file is -58.915 over 52 frames.
LOG (gmm-acc-mllt[5.5.1017~3-12a20]:main():gmm-acc-mllt.cc:108) Average like for this file is -57.1258 over 50 frames.
LOG (gmm-acc-mllt[5.5.1017~3-12a20]:main():gmm-acc-mllt.cc:108) Average like for this file is -58.4492 over 66 frames.
LOG (gmm-acc-mllt[5.5.1017~3-12a20]:main():gmm-acc-mllt.cc:114) Avg like per frame so far is -56.3863
LOG (gmm-acc-mllt[5.5.1017~3-12a20]:main():gmm-acc-mllt.cc:108) Average like for this file is -58.3627 over 45 frames.
LOG (gmm-acc-mllt[5.5.1017~3-12a20]:main():gmm-acc-mllt.cc:108) Average like for this file is -58.3583 over 53 frames.
LOG (gmm-acc-mllt[5.5.1017~3-12a20]:main():gmm-acc-mllt.cc:108) Average like for this file is -57.9215 over 48 frames.
LOG (gmm-acc-mllt[5.5.1017~3-12a20]:main():gmm-acc-mllt.cc:108) Average like for this file is -58.3346 over 49 frames.
LOG (gmm-acc-mllt[5.5.1017~3-12a20]:main():gmm-acc-mllt.cc:108) Average like for this file is -59.6486 over 54 frames.
LOG (gmm-acc-mllt[5.5.1017~3-12a20]:main():gmm-acc-mllt.cc:108) Average like for this file is -57.4834 over 43 frames.
LOG (gmm-acc-mllt[5.5.1017~3-12a20]:main():gmm-acc-mllt.cc:108) Average like for this file is -56.6665 over 50 frames.
LOG (gmm-acc-mllt[5.5.1017~3-12a20]:main():gmm-acc-mllt.cc:108) Average like for this file is -57.5904 over 54 frames.
LOG (gmm-acc-mllt[5.5.1017~3-12a20]:main():gmm-acc-mllt.cc:108) Average like for this file is -56.763 over 43 frames.
LOG (gmm-acc-mllt[5.5.1017~3-12a20]:main():gmm-acc-mllt.cc:108) Average like for this file is -64.8047 over 66 frames.
LOG (gmm-acc-mllt[5.5.1017~3-12a20]:main():gmm-acc-mllt.cc:114) Avg like per frame so far is -56.5303
LOG (gmm-acc-mllt[5.5.1017~3-12a20]:main():gmm-acc-mllt.cc:108) Average like for this file is -53.2152 over 53 frames.
LOG (gmm-acc-mllt[5.5.1017~3-12a20]:main():gmm-acc-mllt.cc:108) Average like for this file is -56.5295 over 36 frames.
LOG (gmm-acc-mllt[5.5.1017~3-12a20]:main():gmm-acc-mllt.cc:108) Average like for this file is -53.8408 over 43 frames.
LOG (gmm-acc-mllt[5.5.1017~3-12a20]:main():gmm-acc-mllt.cc:108) Average like for this file is -54.0404 over 49 frames.
LOG (gmm-acc-mllt[5.5.1017~3-12a20]:main():gmm-acc-mllt.cc:108) Average like for this file is -52.5687 over 63 frames.
LOG (gmm-acc-mllt[5.5.1017~3-12a20]:main():gmm-acc-mllt.cc:108) Average like for this file is -55.3215 over 34 frames.
LOG (gmm-acc-mllt[5.5.1017~3-12a20]:main():gmm-acc-mllt.cc:108) Average like for this file is -54.2685 over 55 frames.
LOG (gmm-acc-mllt[5.5.1017~3-12a20]:main():gmm-acc-mllt.cc:108) Average like for this file is -55.9299 over 51 frames.
LOG (gmm-acc-mllt[5.5.1017~3-12a20]:main():gmm-acc-mllt.cc:108) Average like for this file is -57.6993 over 39 frames.
LOG (gmm-acc-mllt[5.5.1017~3-12a20]:main():gmm-acc-mllt.cc:108) Average like for this file is -56.7332 over 49 frames.
LOG (gmm-acc-mllt[5.5.1017~3-12a20]:main():gmm-acc-mllt.cc:114) Avg like per frame so far is -56.4416
LOG (gmm-acc-mllt[5.5.1017~3-12a20]:main():gmm-acc-mllt.cc:108) Average like for this file is -52.2231 over 47 frames.
LOG (gmm-acc-mllt[5.5.1017~3-12a20]:main():gmm-acc-mllt.cc:108) Average like for this file is -56.0145 over 37 frames.
LOG (gmm-acc-mllt[5.5.1017~3-12a20]:main():gmm-acc-mllt.cc:108) Average like for this file is -54.4581 over 54 frames.
LOG (gmm-acc-mllt[5.5.1017~3-12a20]:main():gmm-acc-mllt.cc:108) Average like for this file is -55.2493 over 46 frames.
LOG (gmm-acc-mllt[5.5.1017~3-12a20]:main():gmm-acc-mllt.cc:108) Average like for this file is -53.2062 over 30 frames.
LOG (gmm-acc-mllt[5.5.1017~3-12a20]:main():gmm-acc-mllt.cc:108) Average like for this file is -58.6521 over 40 frames.
LOG (gmm-acc-mllt[5.5.1017~3-12a20]:main():gmm-acc-mllt.cc:108) Average like for this file is -54.5504 over 44 frames.
LOG (gmm-acc-mllt[5.5.1017~3-12a20]:main():gmm-acc-mllt.cc:108) Average like for this file is -56.3783 over 42 frames.
LOG (gmm-acc-mllt[5.5.1017~3-12a20]:main():gmm-acc-mllt.cc:108) Average like for this file is -55.0816 over 49 frames.
LOG (gmm-acc-mllt[5.5.1017~3-12a20]:main():gmm-acc-mllt.cc:108) Average like for this file is -55.5206 over 70 frames.
LOG (gmm-acc-mllt[5.5.1017~3-12a20]:main():gmm-acc-mllt.cc:114) Avg like per frame so far is -56.3784
LOG (gmm-acc-mllt[5.5.1017~3-12a20]:main():gmm-acc-mllt.cc:108) Average like for this file is -54.8302 over 59 frames.
LOG (gmm-acc-mllt[5.5.1017~3-12a20]:main():gmm-acc-mllt.cc:108) Average like for this file is -53.5272 over 60 frames.
LOG (gmm-acc-mllt[5.5.1017~3-12a20]:main():gmm-acc-mllt.cc:108) Average like for this file is -63.5389 over 56 frames.
LOG (gmm-acc-mllt[5.5.1017~3-12a20]:main():gmm-acc-mllt.cc:108) Average like for this file is -57.4748 over 47 frames.
LOG (gmm-acc-mllt[5.5.1017~3-12a20]:main():gmm-acc-mllt.cc:108) Average like for this file is -56.6001 over 41 frames.
LOG (gmm-acc-mllt[5.5.1017~3-12a20]:main():gmm-acc-mllt.cc:108) Average like for this file is -55.5553 over 52 frames.
LOG (gmm-acc-mllt[5.5.1017~3-12a20]:main():gmm-acc-mllt.cc:108) Average like for this file is -60.6688 over 57 frames.
LOG (gmm-acc-mllt[5.5.1017~3-12a20]:main():gmm-acc-mllt.cc:108) Average like for this file is -57.6625 over 54 frames.
LOG (gmm-acc-mllt[5.5.1017~3-12a20]:main():gmm-acc-mllt.cc:108) Average like for this file is -57.4118 over 36 frames.
LOG (gmm-acc-mllt[5.5.1017~3-12a20]:main():gmm-acc-mllt.cc:108) Average like for this file is -58.5791 over 38 frames.
LOG (gmm-acc-mllt[5.5.1017~3-12a20]:main():gmm-acc-mllt.cc:114) Avg like per frame so far is -56.4374
LOG (gmm-acc-mllt[5.5.1017~3-12a20]:main():gmm-acc-mllt.cc:108) Average like for this file is -59.9087 over 48 frames.
LOG (gmm-acc-mllt[5.5.1017~3-12a20]:main():gmm-acc-mllt.cc:108) Average like for this file is -57.4521 over 46 frames.
LOG (gmm-acc-mllt[5.5.1017~3-12a20]:main():gmm-acc-mllt.cc:108) Average like for this file is -64.2174 over 38 frames.
LOG (gmm-acc-mllt[5.5.1017~3-12a20]:main():gmm-acc-mllt.cc:108) Average like for this file is -55.5392 over 56 frames.
LOG (gmm-acc-mllt[5.5.1017~3-12a20]:main():gmm-acc-mllt.cc:108) Average like for this file is -56.9633 over 40 frames.
LOG (gmm-acc-mllt[5.5.1017~3-12a20]:main():gmm-acc-mllt.cc:108) Average like for this file is -56.5885 over 47 frames.
LOG (gmm-acc-mllt[5.5.1017~3-12a20]:main():gmm-acc-mllt.cc:108) Average like for this file is -60.4348 over 53 frames.
LOG (gmm-acc-mllt[5.5.1017~3-12a20]:main():gmm-acc-mllt.cc:108) Average like for this file is -58.7533 over 49 frames.
LOG (gmm-acc-mllt[5.5.1017~3-12a20]:main():gmm-acc-mllt.cc:108) Average like for this file is -59.7796 over 36 frames.
LOG (gmm-acc-mllt[5.5.1017~3-12a20]:main():gmm-acc-mllt.cc:108) Average like for this file is -61.8485 over 42 frames.
LOG (gmm-acc-mllt[5.5.1017~3-12a20]:main():gmm-acc-mllt.cc:114) Avg like per frame so far is -56.5481
LOG (gmm-acc-mllt[5.5.1017~3-12a20]:main():gmm-acc-mllt.cc:108) Average like for this file is -51.9046 over 51 frames.
LOG (gmm-acc-mllt[5.5.1017~3-12a20]:main():gmm-acc-mllt.cc:108) Average like for this file is -55.4231 over 48 frames.
LOG (gmm-acc-mllt[5.5.1017~3-12a20]:main():gmm-acc-mllt.cc:108) Average like for this file is -54.888 over 51 frames.
LOG (gmm-acc-mllt[5.5.1017~3-12a20]:main():gmm-acc-mllt.cc:108) Average like for this file is -57.0747 over 62 frames.
LOG (gmm-acc-mllt[5.5.1017~3-12a20]:main():gmm-acc-mllt.cc:108) Average like for this file is -53.8742 over 46 frames.
LOG (gmm-acc-mllt[5.5.1017~3-12a20]:main():gmm-acc-mllt.cc:108) Average like for this file is -59.2698 over 54 frames.
LOG (gmm-acc-mllt[5.5.1017~3-12a20]:main():gmm-acc-mllt.cc:108) Average like for this file is -56.3906 over 49 frames.
LOG (gmm-acc-mllt[5.5.1017~3-12a20]:main():gmm-acc-mllt.cc:108) Average like for this file is -58.3281 over 36 frames.
LOG (gmm-acc-mllt[5.5.1017~3-12a20]:main():gmm-acc-mllt.cc:108) Average like for this file is -54.7851 over 56 frames.
LOG (gmm-acc-mllt[5.5.1017~3-12a20]:main():gmm-acc-mllt.cc:108) Average like for this file is -53.6404 over 63 frames.
LOG (gmm-acc-mllt[5.5.1017~3-12a20]:main():gmm-acc-mllt.cc:114) Avg like per frame so far is -56.4986
LOG (gmm-acc-mllt[5.5.1017~3-12a20]:main():gmm-acc-mllt.cc:108) Average like for this file is -56.57 over 45 frames.
LOG (gmm-acc-mllt[5.5.1017~3-12a20]:main():gmm-acc-mllt.cc:108) Average like for this file is -58.8668 over 40 frames.
LOG (gmm-acc-mllt[5.5.1017~3-12a20]:main():gmm-acc-mllt.cc:108) Average like for this file is -55.1905 over 52 frames.
LOG (gmm-acc-mllt[5.5.1017~3-12a20]:main():gmm-acc-mllt.cc:108) Average like for this file is -61.0083 over 49 frames.
LOG (gmm-acc-mllt[5.5.1017~3-12a20]:main():gmm-acc-mllt.cc:108) Average like for this file is -55.7628 over 49 frames.
LOG (gmm-acc-mllt[5.5.1017~3-12a20]:main():gmm-acc-mllt.cc:108) Average like for this file is -55.3523 over 42 frames.
LOG (gmm-acc-mllt[5.5.1017~3-12a20]:main():gmm-acc-mllt.cc:108) Average like for this file is -55.0429 over 44 frames.
LOG (gmm-acc-mllt[5.5.1017~3-12a20]:main():gmm-acc-mllt.cc:108) Average like for this file is -57.1104 over 36 frames.
LOG (gmm-acc-mllt[5.5.1017~3-12a20]:main():gmm-acc-mllt.cc:108) Average like for this file is -56.6059 over 42 frames.
LOG (gmm-acc-mllt[5.5.1017~3-12a20]:main():gmm-acc-mllt.cc:108) Average like for this file is -57.5915 over 38 frames.
LOG (gmm-acc-mllt[5.5.1017~3-12a20]:main():gmm-acc-mllt.cc:114) Avg like per frame so far is -56.5135
LOG (gmm-acc-mllt[5.5.1017~3-12a20]:main():gmm-acc-mllt.cc:108) Average like for this file is -57.2648 over 55 frames.
LOG (gmm-acc-mllt[5.5.1017~3-12a20]:main():gmm-acc-mllt.cc:108) Average like for this file is -55.7094 over 58 frames.
LOG (gmm-acc-mllt[5.5.1017~3-12a20]:main():gmm-acc-mllt.cc:108) Average like for this file is -53.8756 over 62 frames.
LOG (gmm-acc-mllt[5.5.1017~3-12a20]:main():gmm-acc-mllt.cc:108) Average like for this file is -59.1677 over 61 frames.
LOG (gmm-acc-mllt[5.5.1017~3-12a20]:main():gmm-acc-mllt.cc:108) Average like for this file is -55.9324 over 63 frames.
LOG (gmm-acc-mllt[5.5.1017~3-12a20]:main():gmm-acc-mllt.cc:108) Average like for this file is -55.0336 over 54 frames.
LOG (gmm-acc-mllt[5.5.1017~3-12a20]:main():gmm-acc-mllt.cc:108) Average like for this file is -62.4156 over 37 frames.
LOG (gmm-acc-mllt[5.5.1017~3-12a20]:main():gmm-acc-mllt.cc:108) Average like for this file is -53.0141 over 61 frames.
LOG (gmm-acc-mllt[5.5.1017~3-12a20]:main():gmm-acc-mllt.cc:108) Average like for this file is -60.135 over 45 frames.
LOG (gmm-acc-mllt[5.5.1017~3-12a20]:main():gmm-acc-mllt.cc:108) Average like for this file is -57.4474 over 60 frames.
LOG (gmm-acc-mllt[5.5.1017~3-12a20]:main():gmm-acc-mllt.cc:114) Avg like per frame so far is -56.5219
LOG (gmm-acc-mllt[5.5.1017~3-12a20]:main():gmm-acc-mllt.cc:108) Average like for this file is -61.4651 over 40 frames.
LOG (gmm-acc-mllt[5.5.1017~3-12a20]:main():gmm-acc-mllt.cc:108) Average like for this file is -55.9806 over 60 frames.
LOG (gmm-acc-mllt[5.5.1017~3-12a20]:main():gmm-acc-mllt.cc:108) Average like for this file is -61.484 over 61 frames.
LOG (gmm-acc-mllt[5.5.1017~3-12a20]:main():gmm-acc-mllt.cc:108) Average like for this file is -58.7321 over 49 frames.
LOG (gmm-acc-mllt[5.5.1017~3-12a20]:main():gmm-acc-mllt.cc:108) Average like for this file is -57.6236 over 50 frames.
LOG (gmm-acc-mllt[5.5.1017~3-12a20]:main():gmm-acc-mllt.cc:108) Average like for this file is -58.2467 over 43 frames.
LOG (gmm-acc-mllt[5.5.1017~3-12a20]:main():gmm-acc-mllt.cc:108) Average like for this file is -56.5089 over 51 frames.
LOG (gmm-acc-mllt[5.5.1017~3-12a20]:main():gmm-acc-mllt.cc:108) Average like for this file is -59.5739 over 54 frames.
LOG (gmm-acc-mllt[5.5.1017~3-12a20]:main():gmm-acc-mllt.cc:108) Average like for this file is -56.826 over 43 frames.
LOG (gmm-acc-mllt[5.5.1017~3-12a20]:main():gmm-acc-mllt.cc:108) Average like for this file is -59.3533 over 51 frames.
LOG (gmm-acc-mllt[5.5.1017~3-12a20]:main():gmm-acc-mllt.cc:114) Avg like per frame so far is -56.6042
LOG (gmm-acc-mllt[5.5.1017~3-12a20]:main():gmm-acc-mllt.cc:108) Average like for this file is -56.3008 over 33 frames.
LOG (gmm-acc-mllt[5.5.1017~3-12a20]:main():gmm-acc-mllt.cc:108) Average like for this file is -55.0905 over 41 frames.
LOG (gmm-acc-mllt[5.5.1017~3-12a20]:main():gmm-acc-mllt.cc:108) Average like for this file is -54.8029 over 48 frames.
LOG (gmm-acc-mllt[5.5.1017~3-12a20]:main():gmm-acc-mllt.cc:108) Average like for this file is -55.3406 over 38 frames.
LOG (gmm-acc-mllt[5.5.1017~3-12a20]:main():gmm-acc-mllt.cc:108) Average like for this file is -57.0103 over 44 frames.
LOG (gmm-acc-mllt[5.5.1017~3-12a20]:main():gmm-acc-mllt.cc:108) Average like for this file is -52.2371 over 53 frames.
LOG (gmm-acc-mllt[5.5.1017~3-12a20]:main():gmm-acc-mllt.cc:108) Average like for this file is -53.1819 over 29 frames.
LOG (gmm-acc-mllt[5.5.1017~3-12a20]:main():gmm-acc-mllt.cc:108) Average like for this file is -53.0234 over 42 frames.
LOG (gmm-acc-mllt[5.5.1017~3-12a20]:main():gmm-acc-mllt.cc:108) Average like for this file is -58.8961 over 42 frames.
LOG (gmm-acc-mllt[5.5.1017~3-12a20]:main():gmm-acc-mllt.cc:108) Average like for this file is -56.4194 over 34 frames.
LOG (gmm-acc-mllt[5.5.1017~3-12a20]:main():gmm-acc-mllt.cc:114) Avg like per frame so far is -56.5592
LOG (gmm-acc-mllt[5.5.1017~3-12a20]:main():gmm-acc-mllt.cc:108) Average like for this file is -56.8272 over 53 frames.
LOG (gmm-acc-mllt[5.5.1017~3-12a20]:main():gmm-acc-mllt.cc:108) Average like for this file is -60.0446 over 61 frames.
LOG (gmm-acc-mllt[5.5.1017~3-12a20]:main():gmm-acc-mllt.cc:108) Average like for this file is -61.0279 over 50 frames.
LOG (gmm-acc-mllt[5.5.1017~3-12a20]:main():gmm-acc-mllt.cc:108) Average like for this file is -54.5825 over 66 frames.
LOG (gmm-acc-mllt[5.5.1017~3-12a20]:main():gmm-acc-mllt.cc:108) Average like for this file is -58.22 over 58 frames.
LOG (gmm-acc-mllt[5.5.1017~3-12a20]:main():gmm-acc-mllt.cc:108) Average like for this file is -57.4936 over 61 frames.
LOG (gmm-acc-mllt[5.5.1017~3-12a20]:main():gmm-acc-mllt.cc:108) Average like for this file is -56.4724 over 57 frames.
LOG (gmm-acc-mllt[5.5.1017~3-12a20]:main():gmm-acc-mllt.cc:108) Average like for this file is -54.7867 over 58 frames.
LOG (gmm-acc-mllt[5.5.1017~3-12a20]:main():gmm-acc-mllt.cc:108) Average like for this file is -52.6205 over 56 frames.
LOG (gmm-acc-mllt[5.5.1017~3-12a20]:main():gmm-acc-mllt.cc:108) Average like for this file is -57.887 over 53 frames.
LOG (gmm-acc-mllt[5.5.1017~3-12a20]:main():gmm-acc-mllt.cc:114) Avg like per frame so far is -56.5752
LOG (gmm-acc-mllt[5.5.1017~3-12a20]:main():gmm-acc-mllt.cc:108) Average like for this file is -57.1045 over 42 frames.
LOG (gmm-acc-mllt[5.5.1017~3-12a20]:main():gmm-acc-mllt.cc:108) Average like for this file is -55.5755 over 44 frames.
LOG (gmm-acc-mllt[5.5.1017~3-12a20]:main():gmm-acc-mllt.cc:108) Average like for this file is -53.3559 over 38 frames.
LOG (gmm-acc-mllt[5.5.1017~3-12a20]:main():gmm-acc-mllt.cc:108) Average like for this file is -57.4595 over 36 frames.
LOG (gmm-acc-mllt[5.5.1017~3-12a20]:main():gmm-acc-mllt.cc:108) Average like for this file is -57.2319 over 40 frames.
LOG (gmm-acc-mllt[5.5.1017~3-12a20]:main():gmm-acc-mllt.cc:108) Average like for this file is -58.171 over 31 frames.
LOG (gmm-acc-mllt[5.5.1017~3-12a20]:main():gmm-acc-mllt.cc:108) Average like for this file is -61.4254 over 37 frames.
LOG (gmm-acc-mllt[5.5.1017~3-12a20]:main():gmm-acc-mllt.cc:108) Average like for this file is -55.0168 over 36 frames.
LOG (gmm-acc-mllt[5.5.1017~3-12a20]:main():gmm-acc-mllt.cc:108) Average like for this file is -56.9339 over 43 frames.
LOG (gmm-acc-mllt[5.5.1017~3-12a20]:main():gmm-acc-mllt.cc:108) Average like for this file is -55.9358 over 43 frames.
LOG (gmm-acc-mllt[5.5.1017~3-12a20]:main():gmm-acc-mllt.cc:114) Avg like per frame so far is -56.5806
LOG (gmm-acc-mllt[5.5.1017~3-12a20]:main():gmm-acc-mllt.cc:108) Average like for this file is -57.4466 over 32 frames.
LOG (gmm-acc-mllt[5.5.1017~3-12a20]:main():gmm-acc-mllt.cc:108) Average like for this file is -58.9842 over 42 frames.
LOG (gmm-acc-mllt[5.5.1017~3-12a20]:main():gmm-acc-mllt.cc:108) Average like for this file is -56.9022 over 42 frames.
LOG (gmm-acc-mllt[5.5.1017~3-12a20]:main():gmm-acc-mllt.cc:108) Average like for this file is -57.2234 over 44 frames.
LOG (gmm-acc-mllt[5.5.1017~3-12a20]:main():gmm-acc-mllt.cc:108) Average like for this file is -53.7431 over 40 frames.
LOG (gmm-acc-mllt[5.5.1017~3-12a20]:main():gmm-acc-mllt.cc:108) Average like for this file is -56.3563 over 35 frames.
LOG (gmm-acc-mllt[5.5.1017~3-12a20]:main():gmm-acc-mllt.cc:108) Average like for this file is -55.9442 over 40 frames.
LOG (gmm-acc-mllt[5.5.1017~3-12a20]:main():gmm-acc-mllt.cc:108) Average like for this file is -54.1305 over 40 frames.
LOG (gmm-acc-mllt[5.5.1017~3-12a20]:main():gmm-acc-mllt.cc:108) Average like for this file is -55.4596 over 38 frames.
LOG (gmm-acc-mllt[5.5.1017~3-12a20]:main():gmm-acc-mllt.cc:108) Average like for this file is -57.1544 over 33 frames.
LOG (gmm-acc-mllt[5.5.1017~3-12a20]:main():gmm-acc-mllt.cc:114) Avg like per frame so far is -56.5737
LOG (gmm-acc-mllt[5.5.1017~3-12a20]:main():gmm-acc-mllt.cc:108) Average like for this file is -57.8789 over 45 frames.
LOG (gmm-acc-mllt[5.5.1017~3-12a20]:main():gmm-acc-mllt.cc:108) Average like for this file is -53.108 over 43 frames.
LOG (gmm-acc-mllt[5.5.1017~3-12a20]:main():gmm-acc-mllt.cc:108) Average like for this file is -56.848 over 50 frames.
LOG (gmm-acc-mllt[5.5.1017~3-12a20]:main():gmm-acc-mllt.cc:108) Average like for this file is -55.0182 over 51 frames.
LOG (gmm-acc-mllt[5.5.1017~3-12a20]:main():gmm-acc-mllt.cc:108) Average like for this file is -54.0002 over 53 frames.
LOG (gmm-acc-mllt[5.5.1017~3-12a20]:main():gmm-acc-mllt.cc:108) Average like for this file is -56.0948 over 45 frames.
LOG (gmm-acc-mllt[5.5.1017~3-12a20]:main():gmm-acc-mllt.cc:108) Average like for this file is -55.9583 over 50 frames.
LOG (gmm-acc-mllt[5.5.1017~3-12a20]:main():gmm-acc-mllt.cc:108) Average like for this file is -57.6092 over 48 frames.
LOG (gmm-acc-mllt[5.5.1017~3-12a20]:main():gmm-acc-mllt.cc:108) Average like for this file is -53.2874 over 48 frames.
LOG (gmm-acc-mllt[5.5.1017~3-12a20]:main():gmm-acc-mllt.cc:108) Average like for this file is -56.941 over 46 frames.
LOG (gmm-acc-mllt[5.5.1017~3-12a20]:main():gmm-acc-mllt.cc:114) Avg like per frame so far is -56.5441
LOG (gmm-acc-mllt[5.5.1017~3-12a20]:main():gmm-acc-mllt.cc:108) Average like for this file is -58.2603 over 48 frames.
LOG (gmm-acc-mllt[5.5.1017~3-12a20]:main():gmm-acc-mllt.cc:108) Average like for this file is -53.656 over 44 frames.
LOG (gmm-acc-mllt[5.5.1017~3-12a20]:main():gmm-acc-mllt.cc:108) Average like for this file is -55.7371 over 50 frames.
LOG (gmm-acc-mllt[5.5.1017~3-12a20]:main():gmm-acc-mllt.cc:108) Average like for this file is -58.1832 over 30 frames.
LOG (gmm-acc-mllt[5.5.1017~3-12a20]:main():gmm-acc-mllt.cc:108) Average like for this file is -54.6702 over 51 frames.
LOG (gmm-acc-mllt[5.5.1017~3-12a20]:main():gmm-acc-mllt.cc:108) Average like for this file is -58.1849 over 41 frames.
LOG (gmm-acc-mllt[5.5.1017~3-12a20]:main():gmm-acc-mllt.cc:108) Average like for this file is -54.3477 over 44 frames.
LOG (gmm-acc-mllt[5.5.1017~3-12a20]:main():gmm-acc-mllt.cc:108) Average like for this file is -55.4692 over 42 frames.
LOG (gmm-acc-mllt[5.5.1017~3-12a20]:main():gmm-acc-mllt.cc:108) Average like for this file is -57.4303 over 42 frames.
LOG (gmm-acc-mllt[5.5.1017~3-12a20]:main():gmm-acc-mllt.cc:108) Average like for this file is -56.3276 over 48 frames.
LOG (gmm-acc-mllt[5.5.1017~3-12a20]:main():gmm-acc-mllt.cc:114) Avg like per frame so far is -56.5323
LOG (gmm-acc-mllt[5.5.1017~3-12a20]:main():gmm-acc-mllt.cc:108) Average like for this file is -54.6441 over 39 frames.
LOG (gmm-acc-mllt[5.5.1017~3-12a20]:main():gmm-acc-mllt.cc:108) Average like for this file is -56.365 over 43 frames.
LOG (gmm-acc-mllt[5.5.1017~3-12a20]:main():gmm-acc-mllt.cc:108) Average like for this file is -53.5927 over 45 frames.
LOG (gmm-acc-mllt[5.5.1017~3-12a20]:main():gmm-acc-mllt.cc:108) Average like for this file is -54.494 over 42 frames.
LOG (gmm-acc-mllt[5.5.1017~3-12a20]:main():gmm-acc-mllt.cc:108) Average like for this file is -57.4826 over 45 frames.
LOG (gmm-acc-mllt[5.5.1017~3-12a20]:main():gmm-acc-mllt.cc:108) Average like for this file is -55.4248 over 38 frames.
LOG (gmm-acc-mllt[5.5.1017~3-12a20]:main():gmm-acc-mllt.cc:108) Average like for this file is -55.5915 over 44 frames.
LOG (gmm-acc-mllt[5.5.1017~3-12a20]:main():gmm-acc-mllt.cc:108) Average like for this file is -55.9206 over 45 frames.
LOG (gmm-acc-mllt[5.5.1017~3-12a20]:main():gmm-acc-mllt.cc:108) Average like for this file is -51.9881 over 43 frames.
LOG (gmm-acc-mllt[5.5.1017~3-12a20]:main():gmm-acc-mllt.cc:108) Average like for this file is -54.3887 over 38 frames.
LOG (gmm-acc-mllt[5.5.1017~3-12a20]:main():gmm-acc-mllt.cc:114) Avg like per frame so far is -56.4909
LOG (gmm-acc-mllt[5.5.1017~3-12a20]:main():gmm-acc-mllt.cc:108) Average like for this file is -56.215 over 40 frames.
LOG (gmm-acc-mllt[5.5.1017~3-12a20]:main():gmm-acc-mllt.cc:108) Average like for this file is -52.5739 over 42 frames.
LOG (gmm-acc-mllt[5.5.1017~3-12a20]:main():gmm-acc-mllt.cc:108) Average like for this file is -53.8697 over 46 frames.
LOG (gmm-acc-mllt[5.5.1017~3-12a20]:main():gmm-acc-mllt.cc:108) Average like for this file is -55.8917 over 48 frames.
LOG (gmm-acc-mllt[5.5.1017~3-12a20]:main():gmm-acc-mllt.cc:108) Average like for this file is -53.92 over 44 frames.
LOG (gmm-acc-mllt[5.5.1017~3-12a20]:main():gmm-acc-mllt.cc:108) Average like for this file is -56.5647 over 41 frames.
LOG (gmm-acc-mllt[5.5.1017~3-12a20]:main():gmm-acc-mllt.cc:108) Average like for this file is -53.6342 over 43 frames.
LOG (gmm-acc-mllt[5.5.1017~3-12a20]:main():gmm-acc-mllt.cc:108) Average like for this file is -55.1782 over 39 frames.
LOG (gmm-acc-mllt[5.5.1017~3-12a20]:main():gmm-acc-mllt.cc:108) Average like for this file is -55.3058 over 38 frames.
LOG (gmm-acc-mllt[5.5.1017~3-12a20]:main():gmm-acc-mllt.cc:108) Average like for this file is -55.6773 over 45 frames.
LOG (gmm-acc-mllt[5.5.1017~3-12a20]:main():gmm-acc-mllt.cc:114) Avg like per frame so far is -56.4478
LOG (gmm-acc-mllt[5.5.1017~3-12a20]:main():gmm-acc-mllt.cc:108) Average like for this file is -52.2267 over 43 frames.
LOG (gmm-acc-mllt[5.5.1017~3-12a20]:main():gmm-acc-mllt.cc:108) Average like for this file is -56.8738 over 45 frames.
LOG (gmm-acc-mllt[5.5.1017~3-12a20]:main():gmm-acc-mllt.cc:108) Average like for this file is -55.9756 over 44 frames.
LOG (gmm-acc-mllt[5.5.1017~3-12a20]:main():gmm-acc-mllt.cc:108) Average like for this file is -55.763 over 49 frames.
LOG (gmm-acc-mllt[5.5.1017~3-12a20]:main():gmm-acc-mllt.cc:108) Average like for this file is -55.3996 over 51 frames.
LOG (gmm-acc-mllt[5.5.1017~3-12a20]:main():gmm-acc-mllt.cc:108) Average like for this file is -54.8335 over 36 frames.
LOG (gmm-acc-mllt[5.5.1017~3-12a20]:main():gmm-acc-mllt.cc:108) Average like for this file is -57.9121 over 44 frames.
LOG (gmm-acc-mllt[5.5.1017~3-12a20]:main():gmm-acc-mllt.cc:108) Average like for this file is -52.8373 over 44 frames.
LOG (gmm-acc-mllt[5.5.1017~3-12a20]:main():gmm-acc-mllt.cc:108) Average like for this file is -57.427 over 43 frames.
LOG (gmm-acc-mllt[5.5.1017~3-12a20]:main():gmm-acc-mllt.cc:108) Average like for this file is -57.4952 over 43 frames.
LOG (gmm-acc-mllt[5.5.1017~3-12a20]:main():gmm-acc-mllt.cc:114) Avg like per frame so far is -56.4274
LOG (gmm-acc-mllt[5.5.1017~3-12a20]:main():gmm-acc-mllt.cc:108) Average like for this file is -55.9947 over 46 frames.
LOG (gmm-acc-mllt[5.5.1017~3-12a20]:main():gmm-acc-mllt.cc:108) Average like for this file is -54.4115 over 41 frames.
LOG (gmm-acc-mllt[5.5.1017~3-12a20]:main():gmm-acc-mllt.cc:108) Average like for this file is -57.6982 over 41 frames.
LOG (gmm-acc-mllt[5.5.1017~3-12a20]:main():gmm-acc-mllt.cc:108) Average like for this file is -55.9584 over 35 frames.
LOG (gmm-acc-mllt[5.5.1017~3-12a20]:main():gmm-acc-mllt.cc:108) Average like for this file is -56.6209 over 38 frames.
LOG (gmm-acc-mllt[5.5.1017~3-12a20]:main():gmm-acc-mllt.cc:108) Average like for this file is -56.6375 over 42 frames.
LOG (gmm-acc-mllt[5.5.1017~3-12a20]:main():gmm-acc-mllt.cc:108) Average like for this file is -55.2641 over 40 frames.
LOG (gmm-acc-mllt[5.5.1017~3-12a20]:main():gmm-acc-mllt.cc:108) Average like for this file is -58.7096 over 42 frames.
LOG (gmm-acc-mllt[5.5.1017~3-12a20]:main():gmm-acc-mllt.cc:108) Average like for this file is -57.1785 over 35 frames.
LOG (gmm-acc-mllt[5.5.1017~3-12a20]:main():gmm-acc-mllt.cc:108) Average like for this file is -57.535 over 43 frames.
LOG (gmm-acc-mllt[5.5.1017~3-12a20]:main():gmm-acc-mllt.cc:114) Avg like per frame so far is -56.4317
LOG (gmm-acc-mllt[5.5.1017~3-12a20]:main():gmm-acc-mllt.cc:108) Average like for this file is -52.9286 over 46 frames.
LOG (gmm-acc-mllt[5.5.1017~3-12a20]:main():gmm-acc-mllt.cc:108) Average like for this file is -56.0511 over 43 frames.
LOG (gmm-acc-mllt[5.5.1017~3-12a20]:main():gmm-acc-mllt.cc:108) Average like for this file is -54.9327 over 44 frames.
LOG (gmm-acc-mllt[5.5.1017~3-12a20]:main():gmm-acc-mllt.cc:108) Average like for this file is -57.8171 over 43 frames.
LOG (gmm-acc-mllt[5.5.1017~3-12a20]:main():gmm-acc-mllt.cc:108) Average like for this file is -55.6418 over 41 frames.
LOG (gmm-acc-mllt[5.5.1017~3-12a20]:main():gmm-acc-mllt.cc:108) Average like for this file is -55.4015 over 41 frames.
LOG (gmm-acc-mllt[5.5.1017~3-12a20]:main():gmm-acc-mllt.cc:108) Average like for this file is -53.8467 over 42 frames.
LOG (gmm-acc-mllt[5.5.1017~3-12a20]:main():gmm-acc-mllt.cc:108) Average like for this file is -52.9833 over 46 frames.
LOG (gmm-acc-mllt[5.5.1017~3-12a20]:main():gmm-acc-mllt.cc:108) Average like for this file is -79.056 over 15 frames.
LOG (gmm-acc-mllt[5.5.1017~3-12a20]:main():gmm-acc-mllt.cc:108) Average like for this file is -56.204 over 44 frames.
LOG (gmm-acc-mllt[5.5.1017~3-12a20]:main():gmm-acc-mllt.cc:114) Avg like per frame so far is -56.4203
LOG (gmm-acc-mllt[5.5.1017~3-12a20]:main():gmm-acc-mllt.cc:108) Average like for this file is -58.3909 over 35 frames.
LOG (gmm-acc-mllt[5.5.1017~3-12a20]:main():gmm-acc-mllt.cc:108) Average like for this file is -56.135 over 43 frames.
LOG (gmm-acc-mllt[5.5.1017~3-12a20]:main():gmm-acc-mllt.cc:108) Average like for this file is -55.6022 over 39 frames.
LOG (gmm-acc-mllt[5.5.1017~3-12a20]:main():gmm-acc-mllt.cc:108) Average like for this file is -54.5311 over 41 frames.
LOG (gmm-acc-mllt[5.5.1017~3-12a20]:main():gmm-acc-mllt.cc:108) Average like for this file is -55.7625 over 45 frames.
LOG (gmm-acc-mllt[5.5.1017~3-12a20]:main():gmm-acc-mllt.cc:108) Average like for this file is -55.5149 over 43 frames.
LOG (gmm-acc-mllt[5.5.1017~3-12a20]:main():gmm-acc-mllt.cc:108) Average like for this file is -54.7656 over 34 frames.
LOG (gmm-acc-mllt[5.5.1017~3-12a20]:main():gmm-acc-mllt.cc:108) Average like for this file is -55.7785 over 38 frames.
LOG (gmm-acc-mllt[5.5.1017~3-12a20]:main():gmm-acc-mllt.cc:108) Average like for this file is -56.4241 over 36 frames.
LOG (gmm-acc-mllt[5.5.1017~3-12a20]:main():gmm-acc-mllt.cc:108) Average like for this file is -56.7479 over 36 frames.
LOG (gmm-acc-mllt[5.5.1017~3-12a20]:main():gmm-acc-mllt.cc:114) Avg like per frame so far is -56.4095
LOG (gmm-acc-mllt[5.5.1017~3-12a20]:main():gmm-acc-mllt.cc:108) Average like for this file is -57.5836 over 46 frames.
LOG (gmm-acc-mllt[5.5.1017~3-12a20]:main():gmm-acc-mllt.cc:108) Average like for this file is -56.6239 over 42 frames.
LOG (gmm-acc-mllt[5.5.1017~3-12a20]:main():gmm-acc-mllt.cc:108) Average like for this file is -57.1305 over 46 frames.
LOG (gmm-acc-mllt[5.5.1017~3-12a20]:main():gmm-acc-mllt.cc:108) Average like for this file is -54.4337 over 49 frames.
LOG (gmm-acc-mllt[5.5.1017~3-12a20]:main():gmm-acc-mllt.cc:108) Average like for this file is -55.6676 over 48 frames.
LOG (gmm-acc-mllt[5.5.1017~3-12a20]:main():gmm-acc-mllt.cc:108) Average like for this file is -56.8777 over 48 frames.
LOG (gmm-acc-mllt[5.5.1017~3-12a20]:main():gmm-acc-mllt.cc:108) Average like for this file is -56.1259 over 38 frames.
LOG (gmm-acc-mllt[5.5.1017~3-12a20]:main():gmm-acc-mllt.cc:108) Average like for this file is -56.3887 over 50 frames.
LOG (gmm-acc-mllt[5.5.1017~3-12a20]:main():gmm-acc-mllt.cc:108) Average like for this file is -57.9662 over 45 frames.
LOG (gmm-acc-mllt[5.5.1017~3-12a20]:main():gmm-acc-mllt.cc:108) Average like for this file is -56.2468 over 53 frames.
LOG (gmm-acc-mllt[5.5.1017~3-12a20]:main():gmm-acc-mllt.cc:114) Avg like per frame so far is -56.4115
LOG (gmm-acc-mllt[5.5.1017~3-12a20]:main():gmm-acc-mllt.cc:108) Average like for this file is -56.1506 over 44 frames.
LOG (gmm-acc-mllt[5.5.1017~3-12a20]:main():gmm-acc-mllt.cc:108) Average like for this file is -55.7782 over 42 frames.
LOG (gmm-acc-mllt[5.5.1017~3-12a20]:main():gmm-acc-mllt.cc:108) Average like for this file is -57.5897 over 39 frames.
LOG (gmm-acc-mllt[5.5.1017~3-12a20]:main():gmm-acc-mllt.cc:108) Average like for this file is -54.2615 over 335 frames.
LOG (gmm-acc-mllt[5.5.1017~3-12a20]:main():gmm-acc-mllt.cc:108) Average like for this file is -56.8553 over 41 frames.
LOG (gmm-acc-mllt[5.5.1017~3-12a20]:main():gmm-acc-mllt.cc:108) Average like for this file is -56.7552 over 33 frames.
LOG (gmm-acc-mllt[5.5.1017~3-12a20]:main():gmm-acc-mllt.cc:108) Average like for this file is -60.0195 over 47 frames.
LOG (gmm-acc-mllt[5.5.1017~3-12a20]:main():gmm-acc-mllt.cc:108) Average like for this file is -56.3479 over 43 frames.
LOG (gmm-acc-mllt[5.5.1017~3-12a20]:main():gmm-acc-mllt.cc:108) Average like for this file is -55.0809 over 36 frames.
LOG (gmm-acc-mllt[5.5.1017~3-12a20]:main():gmm-acc-mllt.cc:108) Average like for this file is -56.4456 over 42 frames.
LOG (gmm-acc-mllt[5.5.1017~3-12a20]:main():gmm-acc-mllt.cc:114) Avg like per frame so far is -56.3816
LOG (gmm-acc-mllt[5.5.1017~3-12a20]:main():gmm-acc-mllt.cc:108) Average like for this file is -55.8483 over 31 frames.
LOG (gmm-acc-mllt[5.5.1017~3-12a20]:main():gmm-acc-mllt.cc:108) Average like for this file is -56.4185 over 42 frames.
LOG (gmm-acc-mllt[5.5.1017~3-12a20]:main():gmm-acc-mllt.cc:108) Average like for this file is -54.4034 over 39 frames.
LOG (gmm-acc-mllt[5.5.1017~3-12a20]:main():gmm-acc-mllt.cc:108) Average like for this file is -56.9804 over 30 frames.
LOG (gmm-acc-mllt[5.5.1017~3-12a20]:main():gmm-acc-mllt.cc:108) Average like for this file is -55.657 over 38 frames.
LOG (gmm-acc-mllt[5.5.1017~3-12a20]:main():gmm-acc-mllt.cc:108) Average like for this file is -54.3762 over 42 frames.
LOG (gmm-acc-mllt[5.5.1017~3-12a20]:main():gmm-acc-mllt.cc:108) Average like for this file is -57.3025 over 38 frames.
LOG (gmm-acc-mllt[5.5.1017~3-12a20]:main():gmm-acc-mllt.cc:108) Average like for this file is -56.4817 over 40 frames.
LOG (gmm-acc-mllt[5.5.1017~3-12a20]:main():gmm-acc-mllt.cc:108) Average like for this file is -56.5489 over 43 frames.
LOG (gmm-acc-mllt[5.5.1017~3-12a20]:main():gmm-acc-mllt.cc:108) Average like for this file is -54.4161 over 38 frames.
LOG (gmm-acc-mllt[5.5.1017~3-12a20]:main():gmm-acc-mllt.cc:114) Avg like per frame so far is -56.3704
LOG (gmm-acc-mllt[5.5.1017~3-12a20]:main():gmm-acc-mllt.cc:108) Average like for this file is -56.5085 over 50 frames.
LOG (gmm-acc-mllt[5.5.1017~3-12a20]:main():gmm-acc-mllt.cc:108) Average like for this file is -55.7457 over 54 frames.
LOG (gmm-acc-mllt[5.5.1017~3-12a20]:main():gmm-acc-mllt.cc:108) Average like for this file is -57.3791 over 45 frames.
LOG (gmm-acc-mllt[5.5.1017~3-12a20]:main():gmm-acc-mllt.cc:108) Average like for this file is -59.4275 over 46 frames.
LOG (gmm-acc-mllt[5.5.1017~3-12a20]:main():gmm-acc-mllt.cc:108) Average like for this file is -57.6223 over 44 frames.
LOG (gmm-acc-mllt[5.5.1017~3-12a20]:main():gmm-acc-mllt.cc:108) Average like for this file is -57.9827 over 39 frames.
LOG (gmm-acc-mllt[5.5.1017~3-12a20]:main():gmm-acc-mllt.cc:108) Average like for this file is -56.5004 over 52 frames.
LOG (gmm-acc-mllt[5.5.1017~3-12a20]:main():gmm-acc-mllt.cc:108) Average like for this file is -56.8515 over 50 frames.
LOG (gmm-acc-mllt[5.5.1017~3-12a20]:main():gmm-acc-mllt.cc:108) Average like for this file is -58.6222 over 44 frames.
LOG (gmm-acc-mllt[5.5.1017~3-12a20]:main():gmm-acc-mllt.cc:108) Average like for this file is -58.036 over 52 frames.
LOG (gmm-acc-mllt[5.5.1017~3-12a20]:main():gmm-acc-mllt.cc:114) Avg like per frame so far is -56.3955
LOG (gmm-acc-mllt[5.5.1017~3-12a20]:main():gmm-acc-mllt.cc:108) Average like for this file is -57.0903 over 38 frames.
LOG (gmm-acc-mllt[5.5.1017~3-12a20]:main():gmm-acc-mllt.cc:108) Average like for this file is -53.8411 over 36 frames.
LOG (gmm-acc-mllt[5.5.1017~3-12a20]:main():gmm-acc-mllt.cc:108) Average like for this file is -55.3697 over 86 frames.
LOG (gmm-acc-mllt[5.5.1017~3-12a20]:main():gmm-acc-mllt.cc:108) Average like for this file is -55.0907 over 50 frames.
LOG (gmm-acc-mllt[5.5.1017~3-12a20]:main():gmm-acc-mllt.cc:108) Average like for this file is -56.8536 over 47 frames.
LOG (gmm-acc-mllt[5.5.1017~3-12a20]:main():gmm-acc-mllt.cc:108) Average like for this file is -55.0257 over 47 frames.
LOG (gmm-acc-mllt[5.5.1017~3-12a20]:main():gmm-acc-mllt.cc:108) Average like for this file is -56.7656 over 31 frames.
LOG (gmm-acc-mllt[5.5.1017~3-12a20]:main():gmm-acc-mllt.cc:108) Average like for this file is -53.895 over 35 frames.
LOG (gmm-acc-mllt[5.5.1017~3-12a20]:main():gmm-acc-mllt.cc:108) Average like for this file is -59.0626 over 42 frames.
LOG (gmm-acc-mllt[5.5.1017~3-12a20]:main():gmm-acc-mllt.cc:108) Average like for this file is -54.2889 over 38 frames.
LOG (gmm-acc-mllt[5.5.1017~3-12a20]:main():gmm-acc-mllt.cc:114) Avg like per frame so far is -56.3803
LOG (gmm-acc-mllt[5.5.1017~3-12a20]:main():gmm-acc-mllt.cc:108) Average like for this file is -55.7861 over 63 frames.
LOG (gmm-acc-mllt[5.5.1017~3-12a20]:main():gmm-acc-mllt.cc:108) Average like for this file is -54.4389 over 45 frames.
LOG (gmm-acc-mllt[5.5.1017~3-12a20]:main():gmm-acc-mllt.cc:108) Average like for this file is -52.8334 over 59 frames.
LOG (gmm-acc-mllt[5.5.1017~3-12a20]:main():gmm-acc-mllt.cc:108) Average like for this file is -56.9002 over 60 frames.
LOG (gmm-acc-mllt[5.5.1017~3-12a20]:main():gmm-acc-mllt.cc:108) Average like for this file is -53.2134 over 60 frames.
LOG (gmm-acc-mllt[5.5.1017~3-12a20]:main():gmm-acc-mllt.cc:108) Average like for this file is -55.5161 over 46 frames.
LOG (gmm-acc-mllt[5.5.1017~3-12a20]:main():gmm-acc-mllt.cc:108) Average like for this file is -56.5224 over 37 frames.
LOG (gmm-acc-mllt[5.5.1017~3-12a20]:main():gmm-acc-mllt.cc:108) Average like for this file is -55.1919 over 59 frames.
LOG (gmm-acc-mllt[5.5.1017~3-12a20]:main():gmm-acc-mllt.cc:108) Average like for this file is -59.1983 over 42 frames.
LOG (gmm-acc-mllt[5.5.1017~3-12a20]:main():gmm-acc-mllt.cc:108) Average like for this file is -57.6572 over 39 frames.
LOG (gmm-acc-mllt[5.5.1017~3-12a20]:main():gmm-acc-mllt.cc:114) Avg like per frame so far is -56.3595
LOG (gmm-acc-mllt[5.5.1017~3-12a20]:main():gmm-acc-mllt.cc:108) Average like for this file is -53.0553 over 43 frames.
LOG (gmm-acc-mllt[5.5.1017~3-12a20]:main():gmm-acc-mllt.cc:108) Average like for this file is -53.6884 over 36 frames.
LOG (gmm-acc-mllt[5.5.1017~3-12a20]:main():gmm-acc-mllt.cc:108) Average like for this file is -54.6847 over 27 frames.
LOG (gmm-acc-mllt[5.5.1017~3-12a20]:main():gmm-acc-mllt.cc:108) Average like for this file is -55.9398 over 36 frames.
LOG (gmm-acc-mllt[5.5.1017~3-12a20]:main():gmm-acc-mllt.cc:108) Average like for this file is -55.8176 over 31 frames.
LOG (gmm-acc-mllt[5.5.1017~3-12a20]:main():gmm-acc-mllt.cc:108) Average like for this file is -55.1711 over 53 frames.
LOG (gmm-acc-mllt[5.5.1017~3-12a20]:main():gmm-acc-mllt.cc:108) Average like for this file is -56.9172 over 41 frames.
LOG (gmm-acc-mllt[5.5.1017~3-12a20]:main():gmm-acc-mllt.cc:108) Average like for this file is -56.2032 over 44 frames.
LOG (gmm-acc-mllt[5.5.1017~3-12a20]:main():gmm-acc-mllt.cc:108) Average like for this file is -52.0507 over 50 frames.
LOG (gmm-acc-mllt[5.5.1017~3-12a20]:main():gmm-acc-mllt.cc:108) Average like for this file is -52.1402 over 44 frames.
LOG (gmm-acc-mllt[5.5.1017~3-12a20]:main():gmm-acc-mllt.cc:114) Avg like per frame so far is -56.3232
LOG (gmm-acc-mllt[5.5.1017~3-12a20]:main():gmm-acc-mllt.cc:108) Average like for this file is -54.1432 over 43 frames.
LOG (gmm-acc-mllt[5.5.1017~3-12a20]:main():gmm-acc-mllt.cc:108) Average like for this file is -54.6316 over 55 frames.
LOG (gmm-acc-mllt[5.5.1017~3-12a20]:main():gmm-acc-mllt.cc:108) Average like for this file is -56.4062 over 44 frames.
LOG (gmm-acc-mllt[5.5.1017~3-12a20]:main():gmm-acc-mllt.cc:108) Average like for this file is -55.0511 over 46 frames.
LOG (gmm-acc-mllt[5.5.1017~3-12a20]:main():gmm-acc-mllt.cc:108) Average like for this file is -56.0742 over 60 frames.
LOG (gmm-acc-mllt[5.5.1017~3-12a20]:main():gmm-acc-mllt.cc:108) Average like for this file is -55.0851 over 37 frames.
LOG (gmm-acc-mllt[5.5.1017~3-12a20]:main():gmm-acc-mllt.cc:108) Average like for this file is -56.4478 over 35 frames.
LOG (gmm-acc-mllt[5.5.1017~3-12a20]:main():gmm-acc-mllt.cc:108) Average like for this file is -55.095 over 42 frames.
LOG (gmm-acc-mllt[5.5.1017~3-12a20]:main():gmm-acc-mllt.cc:108) Average like for this file is -57.7067 over 39 frames.
LOG (gmm-acc-mllt[5.5.1017~3-12a20]:main():gmm-acc-mllt.cc:108) Average like for this file is -56.1458 over 36 frames.
LOG (gmm-acc-mllt[5.5.1017~3-12a20]:main():gmm-acc-mllt.cc:114) Avg like per frame so far is -56.3091
LOG (gmm-acc-mllt[5.5.1017~3-12a20]:main():gmm-acc-mllt.cc:108) Average like for this file is -53.3008 over 46 frames.
LOG (gmm-acc-mllt[5.5.1017~3-12a20]:main():gmm-acc-mllt.cc:108) Average like for this file is -54.1687 over 52 frames.
LOG (gmm-acc-mllt[5.5.1017~3-12a20]:main():gmm-acc-mllt.cc:108) Average like for this file is -52.4473 over 52 frames.
LOG (gmm-acc-mllt[5.5.1017~3-12a20]:main():gmm-acc-mllt.cc:108) Average like for this file is -57.5152 over 45 frames.
LOG (gmm-acc-mllt[5.5.1017~3-12a20]:main():gmm-acc-mllt.cc:108) Average like for this file is -58.8754 over 47 frames.
LOG (gmm-acc-mllt[5.5.1017~3-12a20]:main():gmm-acc-mllt.cc:108) Average like for this file is -54.491 over 45 frames.
LOG (gmm-acc-mllt[5.5.1017~3-12a20]:main():gmm-acc-mllt.cc:108) Average like for this file is -58.9778 over 50 frames.
LOG (gmm-acc-mllt[5.5.1017~3-12a20]:main():gmm-acc-mllt.cc:108) Average like for this file is -54.3003 over 40 frames.
LOG (gmm-acc-mllt[5.5.1017~3-12a20]:main():gmm-acc-mllt.cc:108) Average like for this file is -53.4066 over 45 frames.
LOG (gmm-acc-mllt[5.5.1017~3-12a20]:main():gmm-acc-mllt.cc:108) Average like for this file is -55.1691 over 53 frames.
LOG (gmm-acc-mllt[5.5.1017~3-12a20]:main():gmm-acc-mllt.cc:114) Avg like per frame so far is -56.2866
LOG (gmm-acc-mllt[5.5.1017~3-12a20]:main():gmm-acc-mllt.cc:108) Average like for this file is -53.1694 over 52 frames.
LOG (gmm-acc-mllt[5.5.1017~3-12a20]:main():gmm-acc-mllt.cc:108) Average like for this file is -54.5218 over 55 frames.
LOG (gmm-acc-mllt[5.5.1017~3-12a20]:main():gmm-acc-mllt.cc:108) Average like for this file is -56.1993 over 46 frames.
LOG (gmm-acc-mllt[5.5.1017~3-12a20]:main():gmm-acc-mllt.cc:108) Average like for this file is -54.2479 over 49 frames.
LOG (gmm-acc-mllt[5.5.1017~3-12a20]:main():gmm-acc-mllt.cc:108) Average like for this file is -56.1972 over 60 frames.
LOG (gmm-acc-mllt[5.5.1017~3-12a20]:main():gmm-acc-mllt.cc:108) Average like for this file is -56.8059 over 50 frames.
LOG (gmm-acc-mllt[5.5.1017~3-12a20]:main():gmm-acc-mllt.cc:108) Average like for this file is -59.7689 over 50 frames.
LOG (gmm-acc-mllt[5.5.1017~3-12a20]:main():gmm-acc-mllt.cc:108) Average like for this file is -55.0432 over 49 frames.
LOG (gmm-acc-mllt[5.5.1017~3-12a20]:main():gmm-acc-mllt.cc:108) Average like for this file is -55.7527 over 55 frames.
LOG (gmm-acc-mllt[5.5.1017~3-12a20]:main():gmm-acc-mllt.cc:108) Average like for this file is -57.6802 over 51 frames.
LOG (gmm-acc-mllt[5.5.1017~3-12a20]:main():gmm-acc-mllt.cc:114) Avg like per frame so far is -56.2782
LOG (gmm-acc-mllt[5.5.1017~3-12a20]:main():gmm-acc-mllt.cc:108) Average like for this file is -51.7117 over 45 frames.
LOG (gmm-acc-mllt[5.5.1017~3-12a20]:main():gmm-acc-mllt.cc:108) Average like for this file is -52.1876 over 47 frames.
LOG (gmm-acc-mllt[5.5.1017~3-12a20]:main():gmm-acc-mllt.cc:108) Average like for this file is -55.0313 over 32 frames.
LOG (gmm-acc-mllt[5.5.1017~3-12a20]:main():gmm-acc-mllt.cc:108) Average like for this file is -50.4296 over 48 frames.
LOG (gmm-acc-mllt[5.5.1017~3-12a20]:main():gmm-acc-mllt.cc:108) Average like for this file is -53.4092 over 42 frames.
LOG (gmm-acc-mllt[5.5.1017~3-12a20]:main():gmm-acc-mllt.cc:108) Average like for this file is -57.1117 over 58 frames.
LOG (gmm-acc-mllt[5.5.1017~3-12a20]:main():gmm-acc-mllt.cc:108) Average like for this file is -57.8039 over 49 frames.
LOG (gmm-acc-mllt[5.5.1017~3-12a20]:main():gmm-acc-mllt.cc:108) Average like for this file is -56.9438 over 57 frames.
LOG (gmm-acc-mllt[5.5.1017~3-12a20]:main():gmm-acc-mllt.cc:108) Average like for this file is -54.5781 over 55 frames.
LOG (gmm-acc-mllt[5.5.1017~3-12a20]:main():gmm-acc-mllt.cc:108) Average like for this file is -58.6913 over 38 frames.
LOG (gmm-acc-mllt[5.5.1017~3-12a20]:main():gmm-acc-mllt.cc:114) Avg like per frame so far is -56.2486
LOG (gmm-acc-mllt[5.5.1017~3-12a20]:main():gmm-acc-mllt.cc:108) Average like for this file is -50.4286 over 52 frames.
LOG (gmm-acc-mllt[5.5.1017~3-12a20]:main():gmm-acc-mllt.cc:108) Average like for this file is -53.5782 over 45 frames.
LOG (gmm-acc-mllt[5.5.1017~3-12a20]:main():gmm-acc-mllt.cc:108) Average like for this file is -50.2854 over 43 frames.
LOG (gmm-acc-mllt[5.5.1017~3-12a20]:main():gmm-acc-mllt.cc:108) Average like for this file is -51.3964 over 45 frames.
LOG (gmm-acc-mllt[5.5.1017~3-12a20]:main():gmm-acc-mllt.cc:108) Average like for this file is -52.4295 over 55 frames.
LOG (gmm-acc-mllt[5.5.1017~3-12a20]:main():gmm-acc-mllt.cc:108) Average like for this file is -52.1781 over 53 frames.
LOG (gmm-acc-mllt[5.5.1017~3-12a20]:main():gmm-acc-mllt.cc:108) Average like for this file is -55.6964 over 36 frames.
LOG (gmm-acc-mllt[5.5.1017~3-12a20]:main():gmm-acc-mllt.cc:108) Average like for this file is -53.8464 over 47 frames.
LOG (gmm-acc-mllt[5.5.1017~3-12a20]:main():gmm-acc-mllt.cc:108) Average like for this file is -52.6379 over 49 frames.
LOG (gmm-acc-mllt[5.5.1017~3-12a20]:main():gmm-acc-mllt.cc:108) Average like for this file is -54.564 over 38 frames.
LOG (gmm-acc-mllt[5.5.1017~3-12a20]:main():gmm-acc-mllt.cc:114) Avg like per frame so far is -56.176
LOG (gmm-acc-mllt[5.5.1017~3-12a20]:main():gmm-acc-mllt.cc:108) Average like for this file is -54.1644 over 50 frames.
LOG (gmm-acc-mllt[5.5.1017~3-12a20]:main():gmm-acc-mllt.cc:108) Average like for this file is -53.6489 over 59 frames.
LOG (gmm-acc-mllt[5.5.1017~3-12a20]:main():gmm-acc-mllt.cc:108) Average like for this file is -50.5141 over 55 frames.
LOG (gmm-acc-mllt[5.5.1017~3-12a20]:main():gmm-acc-mllt.cc:108) Average like for this file is -52.4331 over 57 frames.
LOG (gmm-acc-mllt[5.5.1017~3-12a20]:main():gmm-acc-mllt.cc:108) Average like for this file is -54.0917 over 54 frames.
LOG (gmm-acc-mllt[5.5.1017~3-12a20]:main():gmm-acc-mllt.cc:108) Average like for this file is -52.8948 over 59 frames.
LOG (gmm-acc-mllt[5.5.1017~3-12a20]:main():gmm-acc-mllt.cc:108) Average like for this file is -53.8753 over 39 frames.
LOG (gmm-acc-mllt[5.5.1017~3-12a20]:main():gmm-acc-mllt.cc:108) Average like for this file is -53.3632 over 47 frames.
LOG (gmm-acc-mllt[5.5.1017~3-12a20]:main():gmm-acc-mllt.cc:108) Average like for this file is -53.5064 over 40 frames.
LOG (gmm-acc-mllt[5.5.1017~3-12a20]:main():gmm-acc-mllt.cc:108) Average like for this file is -53.8985 over 44 frames.
LOG (gmm-acc-mllt[5.5.1017~3-12a20]:main():gmm-acc-mllt.cc:114) Avg like per frame so far is -56.1129
LOG (gmm-acc-mllt[5.5.1017~3-12a20]:main():gmm-acc-mllt.cc:108) Average like for this file is -49.8922 over 34 frames.
LOG (gmm-acc-mllt[5.5.1017~3-12a20]:main():gmm-acc-mllt.cc:108) Average like for this file is -50.886 over 55 frames.
LOG (gmm-acc-mllt[5.5.1017~3-12a20]:main():gmm-acc-mllt.cc:108) Average like for this file is -52.337 over 36 frames.
LOG (gmm-acc-mllt[5.5.1017~3-12a20]:main():gmm-acc-mllt.cc:108) Average like for this file is -51.737 over 43 frames.
LOG (gmm-acc-mllt[5.5.1017~3-12a20]:main():gmm-acc-mllt.cc:108) Average like for this file is -50.9944 over 40 frames.
LOG (gmm-acc-mllt[5.5.1017~3-12a20]:main():gmm-acc-mllt.cc:108) Average like for this file is -54.0771 over 51 frames.
LOG (gmm-acc-mllt[5.5.1017~3-12a20]:main():gmm-acc-mllt.cc:108) Average like for this file is -53.8522 over 48 frames.
LOG (gmm-acc-mllt[5.5.1017~3-12a20]:main():gmm-acc-mllt.cc:108) Average like for this file is -53.0351 over 50 frames.
LOG (gmm-acc-mllt[5.5.1017~3-12a20]:main():gmm-acc-mllt.cc:108) Average like for this file is -53.1825 over 51 frames.
LOG (gmm-acc-mllt[5.5.1017~3-12a20]:main():gmm-acc-mllt.cc:108) Average like for this file is -54.0467 over 43 frames.
LOG (gmm-acc-mllt[5.5.1017~3-12a20]:main():gmm-acc-mllt.cc:114) Avg like per frame so far is -56.0458
LOG (gmm-acc-mllt[5.5.1017~3-12a20]:main():gmm-acc-mllt.cc:108) Average like for this file is -50.5175 over 55 frames.
LOG (gmm-acc-mllt[5.5.1017~3-12a20]:main():gmm-acc-mllt.cc:108) Average like for this file is -51.4941 over 51 frames.
LOG (gmm-acc-mllt[5.5.1017~3-12a20]:main():gmm-acc-mllt.cc:108) Average like for this file is -51.5795 over 57 frames.
LOG (gmm-acc-mllt[5.5.1017~3-12a20]:main():gmm-acc-mllt.cc:108) Average like for this file is -49.585 over 42 frames.
LOG (ali-to-post[5.5.1017~3-12a20]:main():ali-to-post.cc:73) Converted 672 alignments.
LOG (gmm-acc-mllt[5.5.1017~3-12a20]:main():gmm-acc-mllt.cc:108) Average like for this file is -55.3492 over 57 frames.
LOG (gmm-acc-mllt[5.5.1017~3-12a20]:main():gmm-acc-mllt.cc:108) Average like for this file is -53.1799 over 41 frames.
LOG (gmm-acc-mllt[5.5.1017~3-12a20]:main():gmm-acc-mllt.cc:108) Average like for this file is -52.4338 over 46 frames.
LOG (gmm-acc-mllt[5.5.1017~3-12a20]:main():gmm-acc-mllt.cc:108) Average like for this file is -50.5649 over 53 frames.
LOG (gmm-acc-mllt[5.5.1017~3-12a20]:main():gmm-acc-mllt.cc:108) Average like for this file is -56.1385 over 55 frames.
LOG (gmm-acc-mllt[5.5.1017~3-12a20]:main():gmm-acc-mllt.cc:108) Average like for this file is -53.236 over 47 frames.
LOG (gmm-acc-mllt[5.5.1017~3-12a20]:main():gmm-acc-mllt.cc:114) Avg like per frame so far is -55.9733
LOG (gmm-acc-mllt[5.5.1017~3-12a20]:main():gmm-acc-mllt.cc:108) Average like for this file is -52.4636 over 45 frames.
LOG (gmm-acc-mllt[5.5.1017~3-12a20]:main():gmm-acc-mllt.cc:108) Average like for this file is -49.9779 over 49 frames.
LOG (gmm-acc-mllt[5.5.1017~3-12a20]:main():gmm-acc-mllt.cc:108) Average like for this file is -52.3785 over 48 frames.
LOG (gmm-acc-mllt[5.5.1017~3-12a20]:main():gmm-acc-mllt.cc:108) Average like for this file is -56.8312 over 53 frames.
LOG (gmm-acc-mllt[5.5.1017~3-12a20]:main():gmm-acc-mllt.cc:108) Average like for this file is -53.3604 over 41 frames.
LOG (gmm-acc-mllt[5.5.1017~3-12a20]:main():gmm-acc-mllt.cc:108) Average like for this file is -57.0663 over 42 frames.
LOG (gmm-acc-mllt[5.5.1017~3-12a20]:main():gmm-acc-mllt.cc:108) Average like for this file is -53.7965 over 45 frames.
LOG (gmm-acc-mllt[5.5.1017~3-12a20]:main():gmm-acc-mllt.cc:108) Average like for this file is -53.6653 over 54 frames.
LOG (gmm-acc-mllt[5.5.1017~3-12a20]:main():gmm-acc-mllt.cc:108) Average like for this file is -54.1294 over 52 frames.
LOG (gmm-acc-mllt[5.5.1017~3-12a20]:main():gmm-acc-mllt.cc:108) Average like for this file is -54.3198 over 37 frames.
LOG (gmm-acc-mllt[5.5.1017~3-12a20]:main():gmm-acc-mllt.cc:114) Avg like per frame so far is -55.933
LOG (gmm-acc-mllt[5.5.1017~3-12a20]:main():gmm-acc-mllt.cc:108) Average like for this file is -53.1486 over 59 frames.
LOG (gmm-acc-mllt[5.5.1017~3-12a20]:main():gmm-acc-mllt.cc:108) Average like for this file is -50.4441 over 54 frames.
LOG (gmm-acc-mllt[5.5.1017~3-12a20]:main():gmm-acc-mllt.cc:108) Average like for this file is -50.1099 over 56 frames.
LOG (gmm-acc-mllt[5.5.1017~3-12a20]:main():gmm-acc-mllt.cc:108) Average like for this file is -53.5517 over 46 frames.
LOG (gmm-acc-mllt[5.5.1017~3-12a20]:main():gmm-acc-mllt.cc:108) Average like for this file is -54.2227 over 63 frames.
LOG (gmm-acc-mllt[5.5.1017~3-12a20]:main():gmm-acc-mllt.cc:108) Average like for this file is -54.5458 over 43 frames.
LOG (gmm-acc-mllt[5.5.1017~3-12a20]:main():gmm-acc-mllt.cc:108) Average like for this file is -54.0158 over 34 frames.
LOG (gmm-acc-mllt[5.5.1017~3-12a20]:main():gmm-acc-mllt.cc:108) Average like for this file is -53.6126 over 44 frames.
LOG (gmm-acc-mllt[5.5.1017~3-12a20]:main():gmm-acc-mllt.cc:108) Average like for this file is -54.7554 over 46 frames.
LOG (gmm-acc-mllt[5.5.1017~3-12a20]:main():gmm-acc-mllt.cc:108) Average like for this file is -54.1657 over 46 frames.
LOG (gmm-acc-mllt[5.5.1017~3-12a20]:main():gmm-acc-mllt.cc:114) Avg like per frame so far is -55.8801
LOG (gmm-acc-mllt[5.5.1017~3-12a20]:main():gmm-acc-mllt.cc:108) Average like for this file is -50.4986 over 49 frames.
LOG (gmm-acc-mllt[5.5.1017~3-12a20]:main():gmm-acc-mllt.cc:108) Average like for this file is -52.836 over 29 frames.
LOG (gmm-acc-mllt[5.5.1017~3-12a20]:main():gmm-acc-mllt.cc:108) Average like for this file is -53.4044 over 36 frames.
LOG (gmm-acc-mllt[5.5.1017~3-12a20]:main():gmm-acc-mllt.cc:108) Average like for this file is -52.3876 over 35 frames.
LOG (gmm-acc-mllt[5.5.1017~3-12a20]:main():gmm-acc-mllt.cc:108) Average like for this file is -52.6839 over 30 frames.
LOG (gmm-acc-mllt[5.5.1017~3-12a20]:main():gmm-acc-mllt.cc:108) Average like for this file is -54.9752 over 39 frames.
LOG (gmm-acc-mllt[5.5.1017~3-12a20]:main():gmm-acc-mllt.cc:108) Average like for this file is -53.112 over 53 frames.
LOG (gmm-acc-mllt[5.5.1017~3-12a20]:main():gmm-acc-mllt.cc:108) Average like for this file is -56.452 over 54 frames.
LOG (gmm-acc-mllt[5.5.1017~3-12a20]:main():gmm-acc-mllt.cc:108) Average like for this file is -52.8601 over 58 frames.
LOG (gmm-acc-mllt[5.5.1017~3-12a20]:main():gmm-acc-mllt.cc:108) Average like for this file is -53.9416 over 53 frames.
LOG (gmm-acc-mllt[5.5.1017~3-12a20]:main():gmm-acc-mllt.cc:114) Avg like per frame so far is -55.8386
LOG (gmm-acc-mllt[5.5.1017~3-12a20]:main():gmm-acc-mllt.cc:108) Average like for this file is -56.744 over 45 frames.
LOG (gmm-acc-mllt[5.5.1017~3-12a20]:main():gmm-acc-mllt.cc:108) Average like for this file is -51.6605 over 49 frames.
LOG (gmm-acc-mllt[5.5.1017~3-12a20]:main():gmm-acc-mllt.cc:108) Average like for this file is -51.1899 over 43 frames.
LOG (gmm-acc-mllt[5.5.1017~3-12a20]:main():gmm-acc-mllt.cc:108) Average like for this file is -51.2472 over 46 frames.
LOG (gmm-acc-mllt[5.5.1017~3-12a20]:main():gmm-acc-mllt.cc:108) Average like for this file is -52.8276 over 39 frames.
LOG (gmm-acc-mllt[5.5.1017~3-12a20]:main():gmm-acc-mllt.cc:108) Average like for this file is -52.0471 over 44 frames.
LOG (gmm-acc-mllt[5.5.1017~3-12a20]:main():gmm-acc-mllt.cc:108) Average like for this file is -54.5481 over 45 frames.
LOG (gmm-acc-mllt[5.5.1017~3-12a20]:main():gmm-acc-mllt.cc:108) Average like for this file is -51.0275 over 37 frames.
LOG (gmm-acc-mllt[5.5.1017~3-12a20]:main():gmm-acc-mllt.cc:108) Average like for this file is -51.432 over 42 frames.
LOG (gmm-acc-mllt[5.5.1017~3-12a20]:main():gmm-acc-mllt.cc:108) Average like for this file is -54.0704 over 26 frames.
LOG (gmm-acc-mllt[5.5.1017~3-12a20]:main():gmm-acc-mllt.cc:114) Avg like per frame so far is -55.7889
LOG (gmm-acc-mllt[5.5.1017~3-12a20]:main():gmm-acc-mllt.cc:108) Average like for this file is -53.196 over 54 frames.
LOG (gmm-acc-mllt[5.5.1017~3-12a20]:main():gmm-acc-mllt.cc:108) Average like for this file is -51.5407 over 54 frames.
LOG (gmm-acc-mllt[5.5.1017~3-12a20]:main():gmm-acc-mllt.cc:108) Average like for this file is -54.2353 over 49 frames.
LOG (gmm-acc-mllt[5.5.1017~3-12a20]:main():gmm-acc-mllt.cc:108) Average like for this file is -51.5054 over 53 frames.
LOG (gmm-acc-mllt[5.5.1017~3-12a20]:main():gmm-acc-mllt.cc:108) Average like for this file is -52.1539 over 50 frames.
LOG (gmm-acc-mllt[5.5.1017~3-12a20]:main():gmm-acc-mllt.cc:108) Average like for this file is -58.1632 over 52 frames.
LOG (gmm-acc-mllt[5.5.1017~3-12a20]:main():gmm-acc-mllt.cc:108) Average like for this file is -52.8297 over 50 frames.
LOG (gmm-acc-mllt[5.5.1017~3-12a20]:main():gmm-acc-mllt.cc:108) Average like for this file is -54.6933 over 49 frames.
LOG (gmm-acc-mllt[5.5.1017~3-12a20]:main():gmm-acc-mllt.cc:108) Average like for this file is -52.5664 over 56 frames.
LOG (gmm-acc-mllt[5.5.1017~3-12a20]:main():gmm-acc-mllt.cc:108) Average like for this file is -54.0059 over 55 frames.
LOG (gmm-acc-mllt[5.5.1017~3-12a20]:main():gmm-acc-mllt.cc:114) Avg like per frame so far is -55.7443
LOG (gmm-acc-mllt[5.5.1017~3-12a20]:main():gmm-acc-mllt.cc:108) Average like for this file is -49.7713 over 51 frames.
LOG (gmm-acc-mllt[5.5.1017~3-12a20]:main():gmm-acc-mllt.cc:108) Average like for this file is -51.472 over 45 frames.
LOG (gmm-acc-mllt[5.5.1017~3-12a20]:main():gmm-acc-mllt.cc:108) Average like for this file is -52.0811 over 50 frames.
LOG (gmm-acc-mllt[5.5.1017~3-12a20]:main():gmm-acc-mllt.cc:108) Average like for this file is -52.6887 over 51 frames.
LOG (gmm-acc-mllt[5.5.1017~3-12a20]:main():gmm-acc-mllt.cc:108) Average like for this file is -53.5983 over 37 frames.
LOG (gmm-acc-mllt[5.5.1017~3-12a20]:main():gmm-acc-mllt.cc:108) Average like for this file is -53.8468 over 51 frames.
LOG (gmm-acc-mllt[5.5.1017~3-12a20]:main():gmm-acc-mllt.cc:108) Average like for this file is -49.4884 over 50 frames.
LOG (gmm-acc-mllt[5.5.1017~3-12a20]:main():gmm-acc-mllt.cc:108) Average like for this file is -51.1887 over 54 frames.
LOG (gmm-acc-mllt[5.5.1017~3-12a20]:main():gmm-acc-mllt.cc:108) Average like for this file is -55.2949 over 45 frames.
LOG (gmm-acc-mllt[5.5.1017~3-12a20]:main():gmm-acc-mllt.cc:108) Average like for this file is -52.0639 over 41 frames.
LOG (gmm-acc-mllt[5.5.1017~3-12a20]:main():gmm-acc-mllt.cc:114) Avg like per frame so far is -55.6813
LOG (gmm-acc-mllt[5.5.1017~3-12a20]:main():gmm-acc-mllt.cc:108) Average like for this file is -53.3913 over 54 frames.
LOG (gmm-acc-mllt[5.5.1017~3-12a20]:main():gmm-acc-mllt.cc:108) Average like for this file is -53.0622 over 60 frames.
LOG (gmm-acc-mllt[5.5.1017~3-12a20]:main():gmm-acc-mllt.cc:108) Average like for this file is -54.7733 over 57 frames.
LOG (gmm-acc-mllt[5.5.1017~3-12a20]:main():gmm-acc-mllt.cc:108) Average like for this file is -54.6602 over 48 frames.
LOG (gmm-acc-mllt[5.5.1017~3-12a20]:main():gmm-acc-mllt.cc:108) Average like for this file is -53.5569 over 49 frames.
LOG (gmm-acc-mllt[5.5.1017~3-12a20]:main():gmm-acc-mllt.cc:108) Average like for this file is -63.9348 over 56 frames.
LOG (gmm-acc-mllt[5.5.1017~3-12a20]:main():gmm-acc-mllt.cc:108) Average like for this file is -51.5173 over 55 frames.
LOG (gmm-acc-mllt[5.5.1017~3-12a20]:main():gmm-acc-mllt.cc:108) Average like for this file is -52.7585 over 48 frames.
LOG (gmm-acc-mllt[5.5.1017~3-12a20]:main():gmm-acc-mllt.cc:108) Average like for this file is -53.1016 over 46 frames.
LOG (gmm-acc-mllt[5.5.1017~3-12a20]:main():gmm-acc-mllt.cc:108) Average like for this file is -53.7922 over 53 frames.
LOG (gmm-acc-mllt[5.5.1017~3-12a20]:main():gmm-acc-mllt.cc:114) Avg like per frame so far is -55.6596
LOG (gmm-acc-mllt[5.5.1017~3-12a20]:main():gmm-acc-mllt.cc:108) Average like for this file is -52.0098 over 46 frames.
LOG (weight-silence-post[5.5.1017~3-12a20]:main():weight-silence-post.cc:95) Done 672 posteriors.
LOG (gmm-acc-mllt[5.5.1017~3-12a20]:main():gmm-acc-mllt.cc:108) Average like for this file is -53.8086 over 52 frames.
LOG (gmm-acc-mllt[5.5.1017~3-12a20]:main():gmm-acc-mllt.cc:108) Average like for this file is -50.494 over 52 frames.
LOG (gmm-acc-mllt[5.5.1017~3-12a20]:main():gmm-acc-mllt.cc:108) Average like for this file is -52.3305 over 51 frames.
LOG (gmm-acc-mllt[5.5.1017~3-12a20]:main():gmm-acc-mllt.cc:108) Average like for this file is -51.8447 over 53 frames.
LOG (gmm-acc-mllt[5.5.1017~3-12a20]:main():gmm-acc-mllt.cc:108) Average like for this file is -51.8911 over 42 frames.
LOG (gmm-acc-mllt[5.5.1017~3-12a20]:main():gmm-acc-mllt.cc:108) Average like for this file is -55.6684 over 43 frames.
LOG (gmm-acc-mllt[5.5.1017~3-12a20]:main():gmm-acc-mllt.cc:108) Average like for this file is -55.1446 over 30 frames.
LOG (gmm-acc-mllt[5.5.1017~3-12a20]:main():gmm-acc-mllt.cc:108) Average like for this file is -53.4441 over 47 frames.
LOG (gmm-acc-mllt[5.5.1017~3-12a20]:main():gmm-acc-mllt.cc:108) Average like for this file is -54.9316 over 52 frames.
LOG (gmm-acc-mllt[5.5.1017~3-12a20]:main():gmm-acc-mllt.cc:114) Avg like per frame so far is -55.6171
LOG (gmm-acc-mllt[5.5.1017~3-12a20]:main():gmm-acc-mllt.cc:108) Average like for this file is -56.4067 over 51 frames.
LOG (gmm-acc-mllt[5.5.1017~3-12a20]:main():gmm-acc-mllt.cc:108) Average like for this file is -53.361 over 52 frames.
LOG (gmm-acc-mllt[5.5.1017~3-12a20]:main():gmm-acc-mllt.cc:108) Average like for this file is -52.0754 over 57 frames.
LOG (gmm-acc-mllt[5.5.1017~3-12a20]:main():gmm-acc-mllt.cc:108) Average like for this file is -52.2872 over 55 frames.
LOG (gmm-acc-mllt[5.5.1017~3-12a20]:main():gmm-acc-mllt.cc:108) Average like for this file is -52.0248 over 60 frames.
LOG (gmm-acc-mllt[5.5.1017~3-12a20]:main():gmm-acc-mllt.cc:108) Average like for this file is -53.0346 over 52 frames.
LOG (gmm-acc-mllt[5.5.1017~3-12a20]:main():gmm-acc-mllt.cc:108) Average like for this file is -54.1394 over 48 frames.
LOG (gmm-acc-mllt[5.5.1017~3-12a20]:main():gmm-acc-mllt.cc:108) Average like for this file is -51.7519 over 48 frames.
LOG (gmm-acc-mllt[5.5.1017~3-12a20]:main():gmm-acc-mllt.cc:108) Average like for this file is -53.567 over 46 frames.
LOG (gmm-acc-mllt[5.5.1017~3-12a20]:main():gmm-acc-mllt.cc:108) Average like for this file is -52.7136 over 46 frames.
LOG (gmm-acc-mllt[5.5.1017~3-12a20]:main():gmm-acc-mllt.cc:114) Avg like per frame so far is -55.5726
LOG (gmm-acc-mllt[5.5.1017~3-12a20]:main():gmm-acc-mllt.cc:108) Average like for this file is -56.3601 over 26 frames.
LOG (gmm-acc-mllt[5.5.1017~3-12a20]:main():gmm-acc-mllt.cc:108) Average like for this file is -53.2377 over 47 frames.
LOG (gmm-acc-mllt[5.5.1017~3-12a20]:main():gmm-acc-mllt.cc:108) Average like for this file is -52.5658 over 49 frames.
LOG (gmm-acc-mllt[5.5.1017~3-12a20]:main():gmm-acc-mllt.cc:108) Average like for this file is -53.4122 over 52 frames.
LOG (gmm-acc-mllt[5.5.1017~3-12a20]:main():gmm-acc-mllt.cc:108) Average like for this file is -52.4503 over 35 frames.
LOG (gmm-acc-mllt[5.5.1017~3-12a20]:main():gmm-acc-mllt.cc:108) Average like for this file is -52.108 over 53 frames.
LOG (gmm-acc-mllt[5.5.1017~3-12a20]:main():gmm-acc-mllt.cc:108) Average like for this file is -54.232 over 53 frames.
LOG (gmm-acc-mllt[5.5.1017~3-12a20]:main():gmm-acc-mllt.cc:108) Average like for this file is -53.7979 over 52 frames.
LOG (gmm-acc-mllt[5.5.1017~3-12a20]:main():gmm-acc-mllt.cc:108) Average like for this file is -52.7659 over 52 frames.
LOG (gmm-acc-mllt[5.5.1017~3-12a20]:main():gmm-acc-mllt.cc:108) Average like for this file is -56.804 over 38 frames.
LOG (gmm-acc-mllt[5.5.1017~3-12a20]:main():gmm-acc-mllt.cc:114) Avg like per frame so far is -55.5421
LOG (gmm-acc-mllt[5.5.1017~3-12a20]:main():gmm-acc-mllt.cc:108) Average like for this file is -51.6463 over 55 frames.
LOG (gmm-acc-mllt[5.5.1017~3-12a20]:main():gmm-acc-mllt.cc:108) Average like for this file is -53.8646 over 54 frames.
LOG (gmm-acc-mllt[5.5.1017~3-12a20]:main():gmm-acc-mllt.cc:108) Average like for this file is -54.1555 over 51 frames.
LOG (gmm-acc-mllt[5.5.1017~3-12a20]:main():gmm-acc-mllt.cc:108) Average like for this file is -53.6021 over 33 frames.
LOG (gmm-acc-mllt[5.5.1017~3-12a20]:main():gmm-acc-mllt.cc:108) Average like for this file is -55.7853 over 46 frames.
LOG (gmm-acc-mllt[5.5.1017~3-12a20]:main():gmm-acc-mllt.cc:108) Average like for this file is -51.7693 over 36 frames.
LOG (gmm-acc-mllt[5.5.1017~3-12a20]:main():gmm-acc-mllt.cc:108) Average like for this file is -55.9865 over 58 frames.
LOG (gmm-acc-mllt[5.5.1017~3-12a20]:main():gmm-acc-mllt.cc:108) Average like for this file is -52.9398 over 54 frames.
LOG (gmm-acc-mllt[5.5.1017~3-12a20]:main():gmm-acc-mllt.cc:108) Average like for this file is -53.1738 over 59 frames.
LOG (gmm-acc-mllt[5.5.1017~3-12a20]:main():gmm-acc-mllt.cc:108) Average like for this file is -57.2706 over 37 frames.
LOG (gmm-acc-mllt[5.5.1017~3-12a20]:main():gmm-acc-mllt.cc:114) Avg like per frame so far is -55.517
LOG (gmm-acc-mllt[5.5.1017~3-12a20]:main():gmm-acc-mllt.cc:108) Average like for this file is -55.1865 over 40 frames.
LOG (gmm-acc-mllt[5.5.1017~3-12a20]:main():gmm-acc-mllt.cc:108) Average like for this file is -53.216 over 48 frames.
LOG (gmm-acc-mllt[5.5.1017~3-12a20]:main():gmm-acc-mllt.cc:108) Average like for this file is -54.162 over 41 frames.
LOG (gmm-acc-mllt[5.5.1017~3-12a20]:main():gmm-acc-mllt.cc:108) Average like for this file is -51.192 over 36 frames.
LOG (gmm-acc-mllt[5.5.1017~3-12a20]:main():gmm-acc-mllt.cc:108) Average like for this file is -55.3563 over 50 frames.
LOG (gmm-acc-mllt[5.5.1017~3-12a20]:main():gmm-acc-mllt.cc:108) Average like for this file is -51.8512 over 52 frames.
LOG (gmm-acc-mllt[5.5.1017~3-12a20]:main():gmm-acc-mllt.cc:108) Average like for this file is -51.6759 over 52 frames.
LOG (gmm-acc-mllt[5.5.1017~3-12a20]:main():gmm-acc-mllt.cc:108) Average like for this file is -51.4596 over 47 frames.
LOG (gmm-acc-mllt[5.5.1017~3-12a20]:main():gmm-acc-mllt.cc:108) Average like for this file is -57.6265 over 51 frames.
LOG (gmm-acc-mllt[5.5.1017~3-12a20]:main():gmm-acc-mllt.cc:108) Average like for this file is -51.9239 over 56 frames.
LOG (gmm-acc-mllt[5.5.1017~3-12a20]:main():gmm-acc-mllt.cc:114) Avg like per frame so far is -55.4838
LOG (gmm-acc-mllt[5.5.1017~3-12a20]:main():gmm-acc-mllt.cc:108) Average like for this file is -51.8237 over 56 frames.
LOG (gmm-acc-mllt[5.5.1017~3-12a20]:main():gmm-acc-mllt.cc:108) Average like for this file is -55.3735 over 62 frames.
LOG (gmm-acc-mllt[5.5.1017~3-12a20]:main():gmm-acc-mllt.cc:108) Average like for this file is -59.933 over 53 frames.
LOG (gmm-acc-mllt[5.5.1017~3-12a20]:main():gmm-acc-mllt.cc:108) Average like for this file is -54.6871 over 54 frames.
LOG (gmm-acc-mllt[5.5.1017~3-12a20]:main():gmm-acc-mllt.cc:108) Average like for this file is -53.2978 over 47 frames.
LOG (gmm-acc-mllt[5.5.1017~3-12a20]:main():gmm-acc-mllt.cc:108) Average like for this file is -57.0975 over 57 frames.
LOG (gmm-acc-mllt[5.5.1017~3-12a20]:main():gmm-acc-mllt.cc:108) Average like for this file is -56.3006 over 47 frames.
LOG (gmm-acc-mllt[5.5.1017~3-12a20]:main():gmm-acc-mllt.cc:108) Average like for this file is -55.2945 over 43 frames.
LOG (apply-cmvn[5.5.1017~3-12a20]:main():apply-cmvn.cc:162) Applied cepstral mean normalization to 672 utterances, errors on 0
LOG (gmm-acc-mllt[5.5.1017~3-12a20]:main():gmm-acc-mllt.cc:108) Average like for this file is -54.4238 over 34 frames.
LOG (gmm-acc-mllt[5.5.1017~3-12a20]:main():gmm-acc-mllt.cc:108) Average like for this file is -53.5022 over 55 frames.
LOG (gmm-acc-mllt[5.5.1017~3-12a20]:main():gmm-acc-mllt.cc:114) Avg like per frame so far is -55.4791
LOG (gmm-acc-mllt[5.5.1017~3-12a20]:main():gmm-acc-mllt.cc:108) Average like for this file is -53.9862 over 64 frames.
LOG (gmm-acc-mllt[5.5.1017~3-12a20]:main():gmm-acc-mllt.cc:108) Average like for this file is -52.8569 over 55 frames.
LOG (gmm-acc-mllt[5.5.1017~3-12a20]:main():gmm-acc-mllt.cc:108) Average like for this file is -55.6979 over 64 frames.
LOG (gmm-acc-mllt[5.5.1017~3-12a20]:main():gmm-acc-mllt.cc:108) Average like for this file is -53.848 over 56 frames.
LOG (gmm-acc-mllt[5.5.1017~3-12a20]:main():gmm-acc-mllt.cc:108) Average like for this file is -54.4293 over 56 frames.
LOG (gmm-acc-mllt[5.5.1017~3-12a20]:main():gmm-acc-mllt.cc:108) Average like for this file is -56.3475 over 53 frames.
LOG (gmm-acc-mllt[5.5.1017~3-12a20]:main():gmm-acc-mllt.cc:108) Average like for this file is -54.3863 over 53 frames.
LOG (gmm-acc-mllt[5.5.1017~3-12a20]:main():gmm-acc-mllt.cc:108) Average like for this file is -53.3698 over 28 frames.
LOG (transform-feats[5.5.1017~3-12a20]:main():transform-feats.cc:158) Overall average [pseudo-]logdet is -18.5166 over 41289 frames.
LOG (transform-feats[5.5.1017~3-12a20]:main():transform-feats.cc:161) Applied transform to 672 utterances; 0 had errors.
LOG (gmm-acc-mllt[5.5.1017~3-12a20]:main():gmm-acc-mllt.cc:108) Average like for this file is -52.2315 over 46 frames.
LOG (gmm-acc-mllt[5.5.1017~3-12a20]:main():gmm-acc-mllt.cc:108) Average like for this file is -53.3479 over 57 frames.
LOG (gmm-acc-mllt[5.5.1017~3-12a20]:main():gmm-acc-mllt.cc:114) Avg like per frame so far is -55.4564
LOG (gmm-acc-mllt[5.5.1017~3-12a20]:main():gmm-acc-mllt.cc:108) Average like for this file is -53.2237 over 55 frames.
LOG (gmm-acc-mllt[5.5.1017~3-12a20]:main():gmm-acc-mllt.cc:108) Average like for this file is -54.589 over 57 frames.
LOG (gmm-acc-mllt[5.5.1017~3-12a20]:main():gmm-acc-mllt.cc:119) Done 672 files, 0 with no posteriors, 0 with other errors.
LOG (gmm-acc-mllt[5.5.1017~3-12a20]:main():gmm-acc-mllt.cc:123) Overall avg like per frame (Gaussian only) = -55.451 over 31734 frames.
LOG (gmm-acc-mllt[5.5.1017~3-12a20]:main():gmm-acc-mllt.cc:127) Written accs.
# Accounting: time=0 threads=1
# Ended (code 0) at Sat Apr 23 13:39:38 CDT 2022, elapsed time 0 seconds
