# ali-to-post "ark:gunzip -c exp/tri3a/ali.1.gz|" ark:- | weight-silence-post 0.0 1:2:3:4:5:6:7:8:9:10 exp/tri3a/12.mdl ark:- ark:- | gmm-acc-mllt --rand-prune=4.0 exp/tri3a/12.mdl "ark,s,cs:apply-cmvn  --utt2spk=ark:data/train/split1/1/utt2spk scp:data/train/split1/1/cmvn.scp scp:data/train/split1/1/feats.scp ark:- | splice-feats  ark:- ark:- | transform-feats exp/tri3a/6.mat ark:- ark:- |" ark,s,o,cs:- exp/tri3a/12.1.macc 
# Started at Fri Apr 22 18:09:28 CDT 2022
#
ali-to-post 'ark:gunzip -c exp/tri3a/ali.1.gz|' ark:- 
weight-silence-post 0.0 1:2:3:4:5:6:7:8:9:10 exp/tri3a/12.mdl ark:- ark:- 
gmm-acc-mllt --rand-prune=4.0 exp/tri3a/12.mdl 'ark,s,cs:apply-cmvn  --utt2spk=ark:data/train/split1/1/utt2spk scp:data/train/split1/1/cmvn.scp scp:data/train/split1/1/feats.scp ark:- | splice-feats  ark:- ark:- | transform-feats exp/tri3a/6.mat ark:- ark:- |' ark,s,o,cs:- exp/tri3a/12.1.macc 
apply-cmvn --utt2spk=ark:data/train/split1/1/utt2spk scp:data/train/split1/1/cmvn.scp scp:data/train/split1/1/feats.scp ark:- 
splice-feats ark:- ark:- 
transform-feats exp/tri3a/6.mat ark:- ark:- 
LOG (gmm-acc-mllt[5.5.1013~6-d787]:main():gmm-acc-mllt.cc:108) Average like for this file is -54.6891 over 50 frames.
LOG (gmm-acc-mllt[5.5.1013~6-d787]:main():gmm-acc-mllt.cc:108) Average like for this file is -54.0319 over 48 frames.
LOG (gmm-acc-mllt[5.5.1013~6-d787]:main():gmm-acc-mllt.cc:108) Average like for this file is -55.3643 over 46 frames.
LOG (gmm-acc-mllt[5.5.1013~6-d787]:main():gmm-acc-mllt.cc:108) Average like for this file is -54.2795 over 40 frames.
LOG (gmm-acc-mllt[5.5.1013~6-d787]:main():gmm-acc-mllt.cc:108) Average like for this file is -57.3598 over 53 frames.
LOG (gmm-acc-mllt[5.5.1013~6-d787]:main():gmm-acc-mllt.cc:108) Average like for this file is -54.1966 over 51 frames.
LOG (gmm-acc-mllt[5.5.1013~6-d787]:main():gmm-acc-mllt.cc:108) Average like for this file is -55.3867 over 52 frames.
LOG (gmm-acc-mllt[5.5.1013~6-d787]:main():gmm-acc-mllt.cc:108) Average like for this file is -54.0244 over 54 frames.
LOG (gmm-acc-mllt[5.5.1013~6-d787]:main():gmm-acc-mllt.cc:108) Average like for this file is -61.1686 over 35 frames.
LOG (gmm-acc-mllt[5.5.1013~6-d787]:main():gmm-acc-mllt.cc:108) Average like for this file is -51.2077 over 50 frames.
LOG (gmm-acc-mllt[5.5.1013~6-d787]:main():gmm-acc-mllt.cc:114) Avg like per frame so far is -55.0078
LOG (gmm-acc-mllt[5.5.1013~6-d787]:main():gmm-acc-mllt.cc:108) Average like for this file is -53.2757 over 47 frames.
LOG (gmm-acc-mllt[5.5.1013~6-d787]:main():gmm-acc-mllt.cc:108) Average like for this file is -55.4318 over 48 frames.
LOG (gmm-acc-mllt[5.5.1013~6-d787]:main():gmm-acc-mllt.cc:108) Average like for this file is -50.7153 over 43 frames.
LOG (gmm-acc-mllt[5.5.1013~6-d787]:main():gmm-acc-mllt.cc:108) Average like for this file is -53.6017 over 37 frames.
LOG (gmm-acc-mllt[5.5.1013~6-d787]:main():gmm-acc-mllt.cc:108) Average like for this file is -52.465 over 53 frames.
LOG (gmm-acc-mllt[5.5.1013~6-d787]:main():gmm-acc-mllt.cc:108) Average like for this file is -55.8697 over 36 frames.
LOG (gmm-acc-mllt[5.5.1013~6-d787]:main():gmm-acc-mllt.cc:108) Average like for this file is -52.9719 over 33 frames.
LOG (gmm-acc-mllt[5.5.1013~6-d787]:main():gmm-acc-mllt.cc:108) Average like for this file is -56.3025 over 33 frames.
LOG (gmm-acc-mllt[5.5.1013~6-d787]:main():gmm-acc-mllt.cc:108) Average like for this file is -52.7057 over 48 frames.
LOG (gmm-acc-mllt[5.5.1013~6-d787]:main():gmm-acc-mllt.cc:108) Average like for this file is -55.7711 over 38 frames.
LOG (gmm-acc-mllt[5.5.1013~6-d787]:main():gmm-acc-mllt.cc:114) Avg like per frame so far is -54.4409
LOG (gmm-acc-mllt[5.5.1013~6-d787]:main():gmm-acc-mllt.cc:108) Average like for this file is -54.1279 over 58 frames.
LOG (gmm-acc-mllt[5.5.1013~6-d787]:main():gmm-acc-mllt.cc:108) Average like for this file is -54.5994 over 48 frames.
LOG (gmm-acc-mllt[5.5.1013~6-d787]:main():gmm-acc-mllt.cc:108) Average like for this file is -53.7815 over 62 frames.
LOG (gmm-acc-mllt[5.5.1013~6-d787]:main():gmm-acc-mllt.cc:108) Average like for this file is -53.2012 over 61 frames.
LOG (gmm-acc-mllt[5.5.1013~6-d787]:main():gmm-acc-mllt.cc:108) Average like for this file is -52.0127 over 68 frames.
LOG (gmm-acc-mllt[5.5.1013~6-d787]:main():gmm-acc-mllt.cc:108) Average like for this file is -54.5232 over 49 frames.
LOG (gmm-acc-mllt[5.5.1013~6-d787]:main():gmm-acc-mllt.cc:108) Average like for this file is -52.0844 over 58 frames.
LOG (gmm-acc-mllt[5.5.1013~6-d787]:main():gmm-acc-mllt.cc:108) Average like for this file is -57.7226 over 56 frames.
LOG (gmm-acc-mllt[5.5.1013~6-d787]:main():gmm-acc-mllt.cc:108) Average like for this file is -57.7731 over 56 frames.
LOG (gmm-acc-mllt[5.5.1013~6-d787]:main():gmm-acc-mllt.cc:108) Average like for this file is -54.3912 over 58 frames.
LOG (gmm-acc-mllt[5.5.1013~6-d787]:main():gmm-acc-mllt.cc:114) Avg like per frame so far is -54.4019
LOG (gmm-acc-mllt[5.5.1013~6-d787]:main():gmm-acc-mllt.cc:108) Average like for this file is -56.5573 over 44 frames.
LOG (gmm-acc-mllt[5.5.1013~6-d787]:main():gmm-acc-mllt.cc:108) Average like for this file is -56.4465 over 59 frames.
LOG (gmm-acc-mllt[5.5.1013~6-d787]:main():gmm-acc-mllt.cc:108) Average like for this file is -52.703 over 52 frames.
LOG (gmm-acc-mllt[5.5.1013~6-d787]:main():gmm-acc-mllt.cc:108) Average like for this file is -55.6336 over 44 frames.
LOG (gmm-acc-mllt[5.5.1013~6-d787]:main():gmm-acc-mllt.cc:108) Average like for this file is -53.5441 over 58 frames.
LOG (gmm-acc-mllt[5.5.1013~6-d787]:main():gmm-acc-mllt.cc:108) Average like for this file is -56.2597 over 47 frames.
LOG (gmm-acc-mllt[5.5.1013~6-d787]:main():gmm-acc-mllt.cc:108) Average like for this file is -66.2282 over 31 frames.
LOG (gmm-acc-mllt[5.5.1013~6-d787]:main():gmm-acc-mllt.cc:108) Average like for this file is -55.4678 over 47 frames.
LOG (gmm-acc-mllt[5.5.1013~6-d787]:main():gmm-acc-mllt.cc:108) Average like for this file is -55.4739 over 45 frames.
LOG (gmm-acc-mllt[5.5.1013~6-d787]:main():gmm-acc-mllt.cc:108) Average like for this file is -57.5364 over 40 frames.
LOG (gmm-acc-mllt[5.5.1013~6-d787]:main():gmm-acc-mllt.cc:114) Avg like per frame so far is -54.8199
LOG (gmm-acc-mllt[5.5.1013~6-d787]:main():gmm-acc-mllt.cc:108) Average like for this file is -53.5594 over 41 frames.
LOG (gmm-acc-mllt[5.5.1013~6-d787]:main():gmm-acc-mllt.cc:108) Average like for this file is -56.1921 over 31 frames.
LOG (gmm-acc-mllt[5.5.1013~6-d787]:main():gmm-acc-mllt.cc:108) Average like for this file is -51.0948 over 55 frames.
LOG (gmm-acc-mllt[5.5.1013~6-d787]:main():gmm-acc-mllt.cc:108) Average like for this file is -52.8922 over 54 frames.
LOG (gmm-acc-mllt[5.5.1013~6-d787]:main():gmm-acc-mllt.cc:108) Average like for this file is -54.8031 over 31 frames.
LOG (gmm-acc-mllt[5.5.1013~6-d787]:main():gmm-acc-mllt.cc:108) Average like for this file is -51.725 over 50 frames.
LOG (gmm-acc-mllt[5.5.1013~6-d787]:main():gmm-acc-mllt.cc:108) Average like for this file is -54.9494 over 43 frames.
LOG (gmm-acc-mllt[5.5.1013~6-d787]:main():gmm-acc-mllt.cc:108) Average like for this file is -54.7198 over 31 frames.
LOG (gmm-acc-mllt[5.5.1013~6-d787]:main():gmm-acc-mllt.cc:108) Average like for this file is -51.4013 over 52 frames.
LOG (gmm-acc-mllt[5.5.1013~6-d787]:main():gmm-acc-mllt.cc:108) Average like for this file is -55.4454 over 37 frames.
LOG (gmm-acc-mllt[5.5.1013~6-d787]:main():gmm-acc-mllt.cc:114) Avg like per frame so far is -54.5549
LOG (gmm-acc-mllt[5.5.1013~6-d787]:main():gmm-acc-mllt.cc:108) Average like for this file is -55.2307 over 36 frames.
LOG (gmm-acc-mllt[5.5.1013~6-d787]:main():gmm-acc-mllt.cc:108) Average like for this file is -56.5854 over 32 frames.
LOG (gmm-acc-mllt[5.5.1013~6-d787]:main():gmm-acc-mllt.cc:108) Average like for this file is -50.6792 over 45 frames.
LOG (gmm-acc-mllt[5.5.1013~6-d787]:main():gmm-acc-mllt.cc:108) Average like for this file is -52.2988 over 40 frames.
LOG (gmm-acc-mllt[5.5.1013~6-d787]:main():gmm-acc-mllt.cc:108) Average like for this file is -48.821 over 64 frames.
LOG (gmm-acc-mllt[5.5.1013~6-d787]:main():gmm-acc-mllt.cc:108) Average like for this file is -49.1175 over 45 frames.
LOG (gmm-acc-mllt[5.5.1013~6-d787]:main():gmm-acc-mllt.cc:108) Average like for this file is -51.9133 over 30 frames.
LOG (gmm-acc-mllt[5.5.1013~6-d787]:main():gmm-acc-mllt.cc:108) Average like for this file is -54.3953 over 37 frames.
LOG (gmm-acc-mllt[5.5.1013~6-d787]:main():gmm-acc-mllt.cc:108) Average like for this file is -50.3904 over 42 frames.
LOG (gmm-acc-mllt[5.5.1013~6-d787]:main():gmm-acc-mllt.cc:108) Average like for this file is -49.6144 over 46 frames.
LOG (gmm-acc-mllt[5.5.1013~6-d787]:main():gmm-acc-mllt.cc:114) Avg like per frame so far is -54.0962
LOG (gmm-acc-mllt[5.5.1013~6-d787]:main():gmm-acc-mllt.cc:108) Average like for this file is -54.9885 over 37 frames.
LOG (gmm-acc-mllt[5.5.1013~6-d787]:main():gmm-acc-mllt.cc:108) Average like for this file is -54.2348 over 47 frames.
LOG (gmm-acc-mllt[5.5.1013~6-d787]:main():gmm-acc-mllt.cc:108) Average like for this file is -52.0928 over 57 frames.
LOG (gmm-acc-mllt[5.5.1013~6-d787]:main():gmm-acc-mllt.cc:108) Average like for this file is -49.0492 over 55 frames.
LOG (gmm-acc-mllt[5.5.1013~6-d787]:main():gmm-acc-mllt.cc:108) Average like for this file is -54.7209 over 57 frames.
LOG (gmm-acc-mllt[5.5.1013~6-d787]:main():gmm-acc-mllt.cc:108) Average like for this file is -54.4896 over 54 frames.
LOG (gmm-acc-mllt[5.5.1013~6-d787]:main():gmm-acc-mllt.cc:108) Average like for this file is -57.1368 over 54 frames.
LOG (gmm-acc-mllt[5.5.1013~6-d787]:main():gmm-acc-mllt.cc:108) Average like for this file is -52.5215 over 48 frames.
LOG (gmm-acc-mllt[5.5.1013~6-d787]:main():gmm-acc-mllt.cc:108) Average like for this file is -53.9923 over 44 frames.
LOG (gmm-acc-mllt[5.5.1013~6-d787]:main():gmm-acc-mllt.cc:108) Average like for this file is -51.2105 over 61 frames.
LOG (gmm-acc-mllt[5.5.1013~6-d787]:main():gmm-acc-mllt.cc:114) Avg like per frame so far is -53.9785
LOG (gmm-acc-mllt[5.5.1013~6-d787]:main():gmm-acc-mllt.cc:108) Average like for this file is -54.7669 over 45 frames.
LOG (gmm-acc-mllt[5.5.1013~6-d787]:main():gmm-acc-mllt.cc:108) Average like for this file is -55.4039 over 43 frames.
LOG (gmm-acc-mllt[5.5.1013~6-d787]:main():gmm-acc-mllt.cc:108) Average like for this file is -56.1113 over 38 frames.
LOG (gmm-acc-mllt[5.5.1013~6-d787]:main():gmm-acc-mllt.cc:108) Average like for this file is -56.9826 over 37 frames.
LOG (gmm-acc-mllt[5.5.1013~6-d787]:main():gmm-acc-mllt.cc:108) Average like for this file is -55.122 over 36 frames.
LOG (gmm-acc-mllt[5.5.1013~6-d787]:main():gmm-acc-mllt.cc:108) Average like for this file is -55.9145 over 48 frames.
LOG (gmm-acc-mllt[5.5.1013~6-d787]:main():gmm-acc-mllt.cc:108) Average like for this file is -56.9031 over 46 frames.
LOG (gmm-acc-mllt[5.5.1013~6-d787]:main():gmm-acc-mllt.cc:108) Average like for this file is -53.7864 over 49 frames.
LOG (gmm-acc-mllt[5.5.1013~6-d787]:main():gmm-acc-mllt.cc:108) Average like for this file is -57.1581 over 49 frames.
LOG (gmm-acc-mllt[5.5.1013~6-d787]:main():gmm-acc-mllt.cc:108) Average like for this file is -55.6062 over 51 frames.
LOG (gmm-acc-mllt[5.5.1013~6-d787]:main():gmm-acc-mllt.cc:114) Avg like per frame so far is -54.1893
LOG (gmm-acc-mllt[5.5.1013~6-d787]:main():gmm-acc-mllt.cc:108) Average like for this file is -53.4457 over 47 frames.
LOG (gmm-acc-mllt[5.5.1013~6-d787]:main():gmm-acc-mllt.cc:108) Average like for this file is -54.704 over 44 frames.
LOG (gmm-acc-mllt[5.5.1013~6-d787]:main():gmm-acc-mllt.cc:108) Average like for this file is -52.2494 over 53 frames.
LOG (gmm-acc-mllt[5.5.1013~6-d787]:main():gmm-acc-mllt.cc:108) Average like for this file is -63.263 over 24 frames.
LOG (gmm-acc-mllt[5.5.1013~6-d787]:main():gmm-acc-mllt.cc:108) Average like for this file is -53.6785 over 48 frames.
LOG (gmm-acc-mllt[5.5.1013~6-d787]:main():gmm-acc-mllt.cc:108) Average like for this file is -51.8536 over 55 frames.
LOG (gmm-acc-mllt[5.5.1013~6-d787]:main():gmm-acc-mllt.cc:108) Average like for this file is -58.6439 over 49 frames.
LOG (gmm-acc-mllt[5.5.1013~6-d787]:main():gmm-acc-mllt.cc:108) Average like for this file is -56.1568 over 71 frames.
LOG (gmm-acc-mllt[5.5.1013~6-d787]:main():gmm-acc-mllt.cc:108) Average like for this file is -52.3224 over 51 frames.
LOG (gmm-acc-mllt[5.5.1013~6-d787]:main():gmm-acc-mllt.cc:108) Average like for this file is -53.3555 over 56 frames.
LOG (gmm-acc-mllt[5.5.1013~6-d787]:main():gmm-acc-mllt.cc:114) Avg like per frame so far is -54.2285
LOG (gmm-acc-mllt[5.5.1013~6-d787]:main():gmm-acc-mllt.cc:108) Average like for this file is -54.2477 over 52 frames.
LOG (gmm-acc-mllt[5.5.1013~6-d787]:main():gmm-acc-mllt.cc:108) Average like for this file is -60.088 over 51 frames.
LOG (gmm-acc-mllt[5.5.1013~6-d787]:main():gmm-acc-mllt.cc:108) Average like for this file is -57.9944 over 35 frames.
LOG (gmm-acc-mllt[5.5.1013~6-d787]:main():gmm-acc-mllt.cc:108) Average like for this file is -54.4111 over 37 frames.
LOG (gmm-acc-mllt[5.5.1013~6-d787]:main():gmm-acc-mllt.cc:108) Average like for this file is -53.4959 over 52 frames.
LOG (gmm-acc-mllt[5.5.1013~6-d787]:main():gmm-acc-mllt.cc:108) Average like for this file is -55.4862 over 40 frames.
LOG (gmm-acc-mllt[5.5.1013~6-d787]:main():gmm-acc-mllt.cc:108) Average like for this file is -52.4632 over 50 frames.
LOG (gmm-acc-mllt[5.5.1013~6-d787]:main():gmm-acc-mllt.cc:108) Average like for this file is -55.9824 over 41 frames.
LOG (gmm-acc-mllt[5.5.1013~6-d787]:main():gmm-acc-mllt.cc:108) Average like for this file is -54.1357 over 52 frames.
LOG (gmm-acc-mllt[5.5.1013~6-d787]:main():gmm-acc-mllt.cc:108) Average like for this file is -58.3452 over 35 frames.
LOG (gmm-acc-mllt[5.5.1013~6-d787]:main():gmm-acc-mllt.cc:114) Avg like per frame so far is -54.3511
LOG (gmm-acc-mllt[5.5.1013~6-d787]:main():gmm-acc-mllt.cc:108) Average like for this file is -52.9617 over 59 frames.
LOG (gmm-acc-mllt[5.5.1013~6-d787]:main():gmm-acc-mllt.cc:108) Average like for this file is -53.8585 over 61 frames.
LOG (gmm-acc-mllt[5.5.1013~6-d787]:main():gmm-acc-mllt.cc:108) Average like for this file is -56.3164 over 59 frames.
LOG (gmm-acc-mllt[5.5.1013~6-d787]:main():gmm-acc-mllt.cc:108) Average like for this file is -60.7861 over 46 frames.
LOG (gmm-acc-mllt[5.5.1013~6-d787]:main():gmm-acc-mllt.cc:108) Average like for this file is -57.2197 over 45 frames.
LOG (gmm-acc-mllt[5.5.1013~6-d787]:main():gmm-acc-mllt.cc:108) Average like for this file is -56.9774 over 59 frames.
LOG (gmm-acc-mllt[5.5.1013~6-d787]:main():gmm-acc-mllt.cc:108) Average like for this file is -55.5425 over 57 frames.
LOG (gmm-acc-mllt[5.5.1013~6-d787]:main():gmm-acc-mllt.cc:108) Average like for this file is -53.6945 over 60 frames.
LOG (gmm-acc-mllt[5.5.1013~6-d787]:main():gmm-acc-mllt.cc:108) Average like for this file is -55.7719 over 53 frames.
LOG (gmm-acc-mllt[5.5.1013~6-d787]:main():gmm-acc-mllt.cc:108) Average like for this file is -55.6054 over 62 frames.
LOG (gmm-acc-mllt[5.5.1013~6-d787]:main():gmm-acc-mllt.cc:114) Avg like per frame so far is -54.4972
LOG (gmm-acc-mllt[5.5.1013~6-d787]:main():gmm-acc-mllt.cc:108) Average like for this file is -54.9355 over 56 frames.
LOG (gmm-acc-mllt[5.5.1013~6-d787]:main():gmm-acc-mllt.cc:108) Average like for this file is -53.484 over 48 frames.
LOG (gmm-acc-mllt[5.5.1013~6-d787]:main():gmm-acc-mllt.cc:108) Average like for this file is -56.5197 over 43 frames.
LOG (gmm-acc-mllt[5.5.1013~6-d787]:main():gmm-acc-mllt.cc:108) Average like for this file is -55.1497 over 49 frames.
LOG (gmm-acc-mllt[5.5.1013~6-d787]:main():gmm-acc-mllt.cc:108) Average like for this file is -57.9257 over 46 frames.
LOG (gmm-acc-mllt[5.5.1013~6-d787]:main():gmm-acc-mllt.cc:108) Average like for this file is -55.7227 over 45 frames.
LOG (gmm-acc-mllt[5.5.1013~6-d787]:main():gmm-acc-mllt.cc:108) Average like for this file is -54.53 over 54 frames.
LOG (gmm-acc-mllt[5.5.1013~6-d787]:main():gmm-acc-mllt.cc:108) Average like for this file is -55.7672 over 47 frames.
LOG (gmm-acc-mllt[5.5.1013~6-d787]:main():gmm-acc-mllt.cc:108) Average like for this file is -56.4532 over 36 frames.
LOG (gmm-acc-mllt[5.5.1013~6-d787]:main():gmm-acc-mllt.cc:108) Average like for this file is -55.5433 over 51 frames.
LOG (gmm-acc-mllt[5.5.1013~6-d787]:main():gmm-acc-mllt.cc:114) Avg like per frame so far is -54.5835
LOG (gmm-acc-mllt[5.5.1013~6-d787]:main():gmm-acc-mllt.cc:108) Average like for this file is -53.194 over 48 frames.
LOG (gmm-acc-mllt[5.5.1013~6-d787]:main():gmm-acc-mllt.cc:108) Average like for this file is -51.7914 over 46 frames.
LOG (gmm-acc-mllt[5.5.1013~6-d787]:main():gmm-acc-mllt.cc:108) Average like for this file is -58.4442 over 30 frames.
LOG (gmm-acc-mllt[5.5.1013~6-d787]:main():gmm-acc-mllt.cc:108) Average like for this file is -56.1999 over 36 frames.
LOG (gmm-acc-mllt[5.5.1013~6-d787]:main():gmm-acc-mllt.cc:108) Average like for this file is -54.62 over 46 frames.
LOG (gmm-acc-mllt[5.5.1013~6-d787]:main():gmm-acc-mllt.cc:108) Average like for this file is -56.9029 over 34 frames.
LOG (gmm-acc-mllt[5.5.1013~6-d787]:main():gmm-acc-mllt.cc:108) Average like for this file is -54.3468 over 33 frames.
LOG (gmm-acc-mllt[5.5.1013~6-d787]:main():gmm-acc-mllt.cc:108) Average like for this file is -54.7401 over 36 frames.
LOG (gmm-acc-mllt[5.5.1013~6-d787]:main():gmm-acc-mllt.cc:108) Average like for this file is -53.5711 over 36 frames.
LOG (gmm-acc-mllt[5.5.1013~6-d787]:main():gmm-acc-mllt.cc:108) Average like for this file is -57.389 over 32 frames.
LOG (gmm-acc-mllt[5.5.1013~6-d787]:main():gmm-acc-mllt.cc:114) Avg like per frame so far is -54.6017
LOG (gmm-acc-mllt[5.5.1013~6-d787]:main():gmm-acc-mllt.cc:108) Average like for this file is -54.1841 over 57 frames.
LOG (gmm-acc-mllt[5.5.1013~6-d787]:main():gmm-acc-mllt.cc:108) Average like for this file is -60.1643 over 66 frames.
LOG (gmm-acc-mllt[5.5.1013~6-d787]:main():gmm-acc-mllt.cc:108) Average like for this file is -59.907 over 46 frames.
LOG (gmm-acc-mllt[5.5.1013~6-d787]:main():gmm-acc-mllt.cc:108) Average like for this file is -54.0013 over 52 frames.
LOG (gmm-acc-mllt[5.5.1013~6-d787]:main():gmm-acc-mllt.cc:108) Average like for this file is -58.7304 over 53 frames.
LOG (gmm-acc-mllt[5.5.1013~6-d787]:main():gmm-acc-mllt.cc:108) Average like for this file is -54.7634 over 41 frames.
LOG (gmm-acc-mllt[5.5.1013~6-d787]:main():gmm-acc-mllt.cc:108) Average like for this file is -54.1753 over 53 frames.
LOG (gmm-acc-mllt[5.5.1013~6-d787]:main():gmm-acc-mllt.cc:108) Average like for this file is -57.2527 over 49 frames.
LOG (gmm-acc-mllt[5.5.1013~6-d787]:main():gmm-acc-mllt.cc:108) Average like for this file is -56.1537 over 54 frames.
LOG (gmm-acc-mllt[5.5.1013~6-d787]:main():gmm-acc-mllt.cc:108) Average like for this file is -58.048 over 55 frames.
LOG (gmm-acc-mllt[5.5.1013~6-d787]:main():gmm-acc-mllt.cc:114) Avg like per frame so far is -54.7774
LOG (gmm-acc-mllt[5.5.1013~6-d787]:main():gmm-acc-mllt.cc:108) Average like for this file is -52.6752 over 58 frames.
LOG (gmm-acc-mllt[5.5.1013~6-d787]:main():gmm-acc-mllt.cc:108) Average like for this file is -60.4366 over 53 frames.
LOG (gmm-acc-mllt[5.5.1013~6-d787]:main():gmm-acc-mllt.cc:108) Average like for this file is -57.4641 over 56 frames.
LOG (gmm-acc-mllt[5.5.1013~6-d787]:main():gmm-acc-mllt.cc:108) Average like for this file is -60.7206 over 43 frames.
LOG (gmm-acc-mllt[5.5.1013~6-d787]:main():gmm-acc-mllt.cc:108) Average like for this file is -55.9174 over 59 frames.
LOG (gmm-acc-mllt[5.5.1013~6-d787]:main():gmm-acc-mllt.cc:108) Average like for this file is -54.2798 over 48 frames.
LOG (gmm-acc-mllt[5.5.1013~6-d787]:main():gmm-acc-mllt.cc:108) Average like for this file is -59.5009 over 43 frames.
LOG (gmm-acc-mllt[5.5.1013~6-d787]:main():gmm-acc-mllt.cc:108) Average like for this file is -55.5097 over 49 frames.
LOG (gmm-acc-mllt[5.5.1013~6-d787]:main():gmm-acc-mllt.cc:108) Average like for this file is -68.8587 over 57 frames.
LOG (gmm-acc-mllt[5.5.1013~6-d787]:main():gmm-acc-mllt.cc:108) Average like for this file is -52.7498 over 59 frames.
LOG (gmm-acc-mllt[5.5.1013~6-d787]:main():gmm-acc-mllt.cc:114) Avg like per frame so far is -54.9943
LOG (gmm-acc-mllt[5.5.1013~6-d787]:main():gmm-acc-mllt.cc:108) Average like for this file is -55.1635 over 39 frames.
LOG (gmm-acc-mllt[5.5.1013~6-d787]:main():gmm-acc-mllt.cc:108) Average like for this file is -53.071 over 39 frames.
LOG (gmm-acc-mllt[5.5.1013~6-d787]:main():gmm-acc-mllt.cc:108) Average like for this file is -51.7314 over 47 frames.
LOG (gmm-acc-mllt[5.5.1013~6-d787]:main():gmm-acc-mllt.cc:108) Average like for this file is -52.8322 over 50 frames.
LOG (gmm-acc-mllt[5.5.1013~6-d787]:main():gmm-acc-mllt.cc:108) Average like for this file is -57.3647 over 35 frames.
LOG (gmm-acc-mllt[5.5.1013~6-d787]:main():gmm-acc-mllt.cc:108) Average like for this file is -53.8248 over 41 frames.
LOG (gmm-acc-mllt[5.5.1013~6-d787]:main():gmm-acc-mllt.cc:108) Average like for this file is -55.2247 over 45 frames.
LOG (gmm-acc-mllt[5.5.1013~6-d787]:main():gmm-acc-mllt.cc:108) Average like for this file is -58.8659 over 44 frames.
LOG (gmm-acc-mllt[5.5.1013~6-d787]:main():gmm-acc-mllt.cc:108) Average like for this file is -58.6827 over 49 frames.
LOG (gmm-acc-mllt[5.5.1013~6-d787]:main():gmm-acc-mllt.cc:108) Average like for this file is -53.7003 over 61 frames.
LOG (gmm-acc-mllt[5.5.1013~6-d787]:main():gmm-acc-mllt.cc:114) Avg like per frame so far is -54.9927
LOG (gmm-acc-mllt[5.5.1013~6-d787]:main():gmm-acc-mllt.cc:108) Average like for this file is -53.4716 over 56 frames.
LOG (gmm-acc-mllt[5.5.1013~6-d787]:main():gmm-acc-mllt.cc:108) Average like for this file is -58.3545 over 60 frames.
LOG (gmm-acc-mllt[5.5.1013~6-d787]:main():gmm-acc-mllt.cc:108) Average like for this file is -56.1278 over 59 frames.
LOG (gmm-acc-mllt[5.5.1013~6-d787]:main():gmm-acc-mllt.cc:108) Average like for this file is -55.1058 over 58 frames.
LOG (gmm-acc-mllt[5.5.1013~6-d787]:main():gmm-acc-mllt.cc:108) Average like for this file is -55.0045 over 53 frames.
LOG (gmm-acc-mllt[5.5.1013~6-d787]:main():gmm-acc-mllt.cc:108) Average like for this file is -55.1709 over 51 frames.
LOG (gmm-acc-mllt[5.5.1013~6-d787]:main():gmm-acc-mllt.cc:108) Average like for this file is -52.3712 over 66 frames.
LOG (gmm-acc-mllt[5.5.1013~6-d787]:main():gmm-acc-mllt.cc:108) Average like for this file is -58.0695 over 51 frames.
LOG (gmm-acc-mllt[5.5.1013~6-d787]:main():gmm-acc-mllt.cc:108) Average like for this file is -54.7088 over 51 frames.
LOG (gmm-acc-mllt[5.5.1013~6-d787]:main():gmm-acc-mllt.cc:108) Average like for this file is -57.8623 over 65 frames.
LOG (gmm-acc-mllt[5.5.1013~6-d787]:main():gmm-acc-mllt.cc:114) Avg like per frame so far is -55.0363
LOG (gmm-acc-mllt[5.5.1013~6-d787]:main():gmm-acc-mllt.cc:108) Average like for this file is -58.0667 over 44 frames.
LOG (gmm-acc-mllt[5.5.1013~6-d787]:main():gmm-acc-mllt.cc:108) Average like for this file is -60.3253 over 52 frames.
LOG (gmm-acc-mllt[5.5.1013~6-d787]:main():gmm-acc-mllt.cc:108) Average like for this file is -56.4898 over 46 frames.
LOG (gmm-acc-mllt[5.5.1013~6-d787]:main():gmm-acc-mllt.cc:108) Average like for this file is -57.2709 over 50 frames.
LOG (gmm-acc-mllt[5.5.1013~6-d787]:main():gmm-acc-mllt.cc:108) Average like for this file is -58.2637 over 54 frames.
LOG (gmm-acc-mllt[5.5.1013~6-d787]:main():gmm-acc-mllt.cc:108) Average like for this file is -59.6542 over 40 frames.
LOG (gmm-acc-mllt[5.5.1013~6-d787]:main():gmm-acc-mllt.cc:108) Average like for this file is -56.1388 over 48 frames.
LOG (gmm-acc-mllt[5.5.1013~6-d787]:main():gmm-acc-mllt.cc:108) Average like for this file is -57.9597 over 55 frames.
LOG (gmm-acc-mllt[5.5.1013~6-d787]:main():gmm-acc-mllt.cc:108) Average like for this file is -56.7654 over 45 frames.
LOG (gmm-acc-mllt[5.5.1013~6-d787]:main():gmm-acc-mllt.cc:108) Average like for this file is -61.3037 over 66 frames.
LOG (gmm-acc-mllt[5.5.1013~6-d787]:main():gmm-acc-mllt.cc:114) Avg like per frame so far is -55.2269
LOG (gmm-acc-mllt[5.5.1013~6-d787]:main():gmm-acc-mllt.cc:108) Average like for this file is -52.8597 over 54 frames.
LOG (gmm-acc-mllt[5.5.1013~6-d787]:main():gmm-acc-mllt.cc:108) Average like for this file is -56.1846 over 36 frames.
LOG (gmm-acc-mllt[5.5.1013~6-d787]:main():gmm-acc-mllt.cc:108) Average like for this file is -51.1186 over 43 frames.
LOG (gmm-acc-mllt[5.5.1013~6-d787]:main():gmm-acc-mllt.cc:108) Average like for this file is -52.0587 over 50 frames.
LOG (gmm-acc-mllt[5.5.1013~6-d787]:main():gmm-acc-mllt.cc:108) Average like for this file is -52.4977 over 63 frames.
LOG (gmm-acc-mllt[5.5.1013~6-d787]:main():gmm-acc-mllt.cc:108) Average like for this file is -55.912 over 33 frames.
LOG (gmm-acc-mllt[5.5.1013~6-d787]:main():gmm-acc-mllt.cc:108) Average like for this file is -53.5242 over 53 frames.
LOG (gmm-acc-mllt[5.5.1013~6-d787]:main():gmm-acc-mllt.cc:108) Average like for this file is -53.7056 over 51 frames.
LOG (gmm-acc-mllt[5.5.1013~6-d787]:main():gmm-acc-mllt.cc:108) Average like for this file is -56.5387 over 41 frames.
LOG (gmm-acc-mllt[5.5.1013~6-d787]:main():gmm-acc-mllt.cc:108) Average like for this file is -53.7015 over 49 frames.
LOG (gmm-acc-mllt[5.5.1013~6-d787]:main():gmm-acc-mllt.cc:114) Avg like per frame so far is -55.143
LOG (gmm-acc-mllt[5.5.1013~6-d787]:main():gmm-acc-mllt.cc:108) Average like for this file is -48.0733 over 57 frames.
LOG (gmm-acc-mllt[5.5.1013~6-d787]:main():gmm-acc-mllt.cc:108) Average like for this file is -51.7111 over 44 frames.
LOG (gmm-acc-mllt[5.5.1013~6-d787]:main():gmm-acc-mllt.cc:108) Average like for this file is -50.3749 over 50 frames.
LOG (gmm-acc-mllt[5.5.1013~6-d787]:main():gmm-acc-mllt.cc:108) Average like for this file is -51.4541 over 43 frames.
LOG (gmm-acc-mllt[5.5.1013~6-d787]:main():gmm-acc-mllt.cc:108) Average like for this file is -51.0309 over 30 frames.
LOG (gmm-acc-mllt[5.5.1013~6-d787]:main():gmm-acc-mllt.cc:108) Average like for this file is -53.3931 over 39 frames.
LOG (gmm-acc-mllt[5.5.1013~6-d787]:main():gmm-acc-mllt.cc:108) Average like for this file is -52.816 over 40 frames.
LOG (gmm-acc-mllt[5.5.1013~6-d787]:main():gmm-acc-mllt.cc:108) Average like for this file is -55.7661 over 40 frames.
LOG (gmm-acc-mllt[5.5.1013~6-d787]:main():gmm-acc-mllt.cc:108) Average like for this file is -52.9363 over 44 frames.
LOG (gmm-acc-mllt[5.5.1013~6-d787]:main():gmm-acc-mllt.cc:108) Average like for this file is -51.7391 over 65 frames.
LOG (gmm-acc-mllt[5.5.1013~6-d787]:main():gmm-acc-mllt.cc:114) Avg like per frame so far is -54.9835
LOG (gmm-acc-mllt[5.5.1013~6-d787]:main():gmm-acc-mllt.cc:108) Average like for this file is -54.4473 over 55 frames.
LOG (gmm-acc-mllt[5.5.1013~6-d787]:main():gmm-acc-mllt.cc:108) Average like for this file is -52.7514 over 62 frames.
LOG (gmm-acc-mllt[5.5.1013~6-d787]:main():gmm-acc-mllt.cc:108) Average like for this file is -61.8127 over 56 frames.
LOG (gmm-acc-mllt[5.5.1013~6-d787]:main():gmm-acc-mllt.cc:108) Average like for this file is -54.6894 over 53 frames.
LOG (gmm-acc-mllt[5.5.1013~6-d787]:main():gmm-acc-mllt.cc:108) Average like for this file is -57.083 over 43 frames.
LOG (gmm-acc-mllt[5.5.1013~6-d787]:main():gmm-acc-mllt.cc:108) Average like for this file is -54.3198 over 55 frames.
LOG (gmm-acc-mllt[5.5.1013~6-d787]:main():gmm-acc-mllt.cc:108) Average like for this file is -58.9752 over 57 frames.
LOG (gmm-acc-mllt[5.5.1013~6-d787]:main():gmm-acc-mllt.cc:108) Average like for this file is -55.6862 over 53 frames.
LOG (gmm-acc-mllt[5.5.1013~6-d787]:main():gmm-acc-mllt.cc:108) Average like for this file is -55.4809 over 38 frames.
LOG (gmm-acc-mllt[5.5.1013~6-d787]:main():gmm-acc-mllt.cc:108) Average like for this file is -54.8864 over 51 frames.
LOG (gmm-acc-mllt[5.5.1013~6-d787]:main():gmm-acc-mllt.cc:114) Avg like per frame so far is -55.0361
LOG (gmm-acc-mllt[5.5.1013~6-d787]:main():gmm-acc-mllt.cc:108) Average like for this file is -57.77 over 47 frames.
LOG (gmm-acc-mllt[5.5.1013~6-d787]:main():gmm-acc-mllt.cc:108) Average like for this file is -54.1687 over 49 frames.
LOG (gmm-acc-mllt[5.5.1013~6-d787]:main():gmm-acc-mllt.cc:108) Average like for this file is -61.5332 over 42 frames.
LOG (gmm-acc-mllt[5.5.1013~6-d787]:main():gmm-acc-mllt.cc:108) Average like for this file is -55.0577 over 57 frames.
LOG (gmm-acc-mllt[5.5.1013~6-d787]:main():gmm-acc-mllt.cc:108) Average like for this file is -55.4928 over 40 frames.
LOG (gmm-acc-mllt[5.5.1013~6-d787]:main():gmm-acc-mllt.cc:108) Average like for this file is -54.4301 over 49 frames.
LOG (gmm-acc-mllt[5.5.1013~6-d787]:main():gmm-acc-mllt.cc:108) Average like for this file is -60.4736 over 53 frames.
LOG (gmm-acc-mllt[5.5.1013~6-d787]:main():gmm-acc-mllt.cc:108) Average like for this file is -55.571 over 56 frames.
LOG (gmm-acc-mllt[5.5.1013~6-d787]:main():gmm-acc-mllt.cc:108) Average like for this file is -59.1942 over 36 frames.
LOG (gmm-acc-mllt[5.5.1013~6-d787]:main():gmm-acc-mllt.cc:108) Average like for this file is -58.8043 over 47 frames.
LOG (gmm-acc-mllt[5.5.1013~6-d787]:main():gmm-acc-mllt.cc:114) Avg like per frame so far is -55.1299
LOG (gmm-acc-mllt[5.5.1013~6-d787]:main():gmm-acc-mllt.cc:108) Average like for this file is -51.9825 over 52 frames.
LOG (gmm-acc-mllt[5.5.1013~6-d787]:main():gmm-acc-mllt.cc:108) Average like for this file is -54.4592 over 49 frames.
LOG (gmm-acc-mllt[5.5.1013~6-d787]:main():gmm-acc-mllt.cc:108) Average like for this file is -54.2843 over 51 frames.
LOG (gmm-acc-mllt[5.5.1013~6-d787]:main():gmm-acc-mllt.cc:108) Average like for this file is -55.3068 over 62 frames.
LOG (gmm-acc-mllt[5.5.1013~6-d787]:main():gmm-acc-mllt.cc:108) Average like for this file is -51.5192 over 55 frames.
LOG (gmm-acc-mllt[5.5.1013~6-d787]:main():gmm-acc-mllt.cc:108) Average like for this file is -57.0725 over 54 frames.
LOG (gmm-acc-mllt[5.5.1013~6-d787]:main():gmm-acc-mllt.cc:108) Average like for this file is -54.329 over 49 frames.
LOG (gmm-acc-mllt[5.5.1013~6-d787]:main():gmm-acc-mllt.cc:108) Average like for this file is -59.242 over 34 frames.
LOG (gmm-acc-mllt[5.5.1013~6-d787]:main():gmm-acc-mllt.cc:108) Average like for this file is -53.3201 over 56 frames.
LOG (gmm-acc-mllt[5.5.1013~6-d787]:main():gmm-acc-mllt.cc:108) Average like for this file is -51.3455 over 63 frames.
LOG (gmm-acc-mllt[5.5.1013~6-d787]:main():gmm-acc-mllt.cc:114) Avg like per frame so far is -55.0794
LOG (gmm-acc-mllt[5.5.1013~6-d787]:main():gmm-acc-mllt.cc:108) Average like for this file is -56.7696 over 43 frames.
LOG (gmm-acc-mllt[5.5.1013~6-d787]:main():gmm-acc-mllt.cc:108) Average like for this file is -56.9024 over 40 frames.
LOG (gmm-acc-mllt[5.5.1013~6-d787]:main():gmm-acc-mllt.cc:108) Average like for this file is -53.4966 over 52 frames.
LOG (gmm-acc-mllt[5.5.1013~6-d787]:main():gmm-acc-mllt.cc:108) Average like for this file is -60.3081 over 52 frames.
LOG (gmm-acc-mllt[5.5.1013~6-d787]:main():gmm-acc-mllt.cc:108) Average like for this file is -55.3253 over 52 frames.
LOG (gmm-acc-mllt[5.5.1013~6-d787]:main():gmm-acc-mllt.cc:108) Average like for this file is -54.0886 over 40 frames.
LOG (gmm-acc-mllt[5.5.1013~6-d787]:main():gmm-acc-mllt.cc:108) Average like for this file is -54.676 over 44 frames.
LOG (gmm-acc-mllt[5.5.1013~6-d787]:main():gmm-acc-mllt.cc:108) Average like for this file is -54.261 over 39 frames.
LOG (gmm-acc-mllt[5.5.1013~6-d787]:main():gmm-acc-mllt.cc:108) Average like for this file is -56.1871 over 42 frames.
LOG (gmm-acc-mllt[5.5.1013~6-d787]:main():gmm-acc-mllt.cc:108) Average like for this file is -55.5013 over 37 frames.
LOG (gmm-acc-mllt[5.5.1013~6-d787]:main():gmm-acc-mllt.cc:114) Avg like per frame so far is -55.1072
LOG (gmm-acc-mllt[5.5.1013~6-d787]:main():gmm-acc-mllt.cc:108) Average like for this file is -56.1091 over 55 frames.
LOG (gmm-acc-mllt[5.5.1013~6-d787]:main():gmm-acc-mllt.cc:108) Average like for this file is -54.0741 over 58 frames.
LOG (gmm-acc-mllt[5.5.1013~6-d787]:main():gmm-acc-mllt.cc:108) Average like for this file is -53.3227 over 63 frames.
LOG (gmm-acc-mllt[5.5.1013~6-d787]:main():gmm-acc-mllt.cc:108) Average like for this file is -57.2775 over 61 frames.
LOG (gmm-acc-mllt[5.5.1013~6-d787]:main():gmm-acc-mllt.cc:108) Average like for this file is -55.0409 over 63 frames.
LOG (gmm-acc-mllt[5.5.1013~6-d787]:main():gmm-acc-mllt.cc:108) Average like for this file is -51.9104 over 66 frames.
LOG (gmm-acc-mllt[5.5.1013~6-d787]:main():gmm-acc-mllt.cc:108) Average like for this file is -61.0416 over 37 frames.
LOG (gmm-acc-mllt[5.5.1013~6-d787]:main():gmm-acc-mllt.cc:108) Average like for this file is -51.6231 over 61 frames.
LOG (gmm-acc-mllt[5.5.1013~6-d787]:main():gmm-acc-mllt.cc:108) Average like for this file is -60.1095 over 46 frames.
LOG (gmm-acc-mllt[5.5.1013~6-d787]:main():gmm-acc-mllt.cc:108) Average like for this file is -57.412 over 61 frames.
LOG (gmm-acc-mllt[5.5.1013~6-d787]:main():gmm-acc-mllt.cc:114) Avg like per frame so far is -55.1218
LOG (gmm-acc-mllt[5.5.1013~6-d787]:main():gmm-acc-mllt.cc:108) Average like for this file is -57.7209 over 43 frames.
LOG (gmm-acc-mllt[5.5.1013~6-d787]:main():gmm-acc-mllt.cc:108) Average like for this file is -54.1292 over 61 frames.
LOG (gmm-acc-mllt[5.5.1013~6-d787]:main():gmm-acc-mllt.cc:108) Average like for this file is -57.9523 over 51 frames.
LOG (gmm-acc-mllt[5.5.1013~6-d787]:main():gmm-acc-mllt.cc:108) Average like for this file is -56.4238 over 50 frames.
LOG (gmm-acc-mllt[5.5.1013~6-d787]:main():gmm-acc-mllt.cc:108) Average like for this file is -55.078 over 49 frames.
LOG (gmm-acc-mllt[5.5.1013~6-d787]:main():gmm-acc-mllt.cc:108) Average like for this file is -56.0457 over 45 frames.
LOG (gmm-acc-mllt[5.5.1013~6-d787]:main():gmm-acc-mllt.cc:108) Average like for this file is -56.7602 over 43 frames.
LOG (gmm-acc-mllt[5.5.1013~6-d787]:main():gmm-acc-mllt.cc:108) Average like for this file is -55.2521 over 57 frames.
LOG (gmm-acc-mllt[5.5.1013~6-d787]:main():gmm-acc-mllt.cc:108) Average like for this file is -55.072 over 45 frames.
LOG (gmm-acc-mllt[5.5.1013~6-d787]:main():gmm-acc-mllt.cc:108) Average like for this file is -57.7607 over 48 frames.
LOG (gmm-acc-mllt[5.5.1013~6-d787]:main():gmm-acc-mllt.cc:114) Avg like per frame so far is -55.1616
LOG (gmm-acc-mllt[5.5.1013~6-d787]:main():gmm-acc-mllt.cc:108) Average like for this file is -57.1455 over 32 frames.
LOG (gmm-acc-mllt[5.5.1013~6-d787]:main():gmm-acc-mllt.cc:108) Average like for this file is -55.526 over 42 frames.
LOG (gmm-acc-mllt[5.5.1013~6-d787]:main():gmm-acc-mllt.cc:108) Average like for this file is -53.5875 over 48 frames.
LOG (gmm-acc-mllt[5.5.1013~6-d787]:main():gmm-acc-mllt.cc:108) Average like for this file is -54.4083 over 38 frames.
LOG (gmm-acc-mllt[5.5.1013~6-d787]:main():gmm-acc-mllt.cc:108) Average like for this file is -55.4329 over 43 frames.
LOG (gmm-acc-mllt[5.5.1013~6-d787]:main():gmm-acc-mllt.cc:108) Average like for this file is -52.6669 over 54 frames.
LOG (gmm-acc-mllt[5.5.1013~6-d787]:main():gmm-acc-mllt.cc:108) Average like for this file is -55.7417 over 36 frames.
LOG (gmm-acc-mllt[5.5.1013~6-d787]:main():gmm-acc-mllt.cc:108) Average like for this file is -53.5613 over 43 frames.
LOG (gmm-acc-mllt[5.5.1013~6-d787]:main():gmm-acc-mllt.cc:108) Average like for this file is -58.1629 over 39 frames.
LOG (gmm-acc-mllt[5.5.1013~6-d787]:main():gmm-acc-mllt.cc:108) Average like for this file is -54.9983 over 34 frames.
LOG (gmm-acc-mllt[5.5.1013~6-d787]:main():gmm-acc-mllt.cc:114) Avg like per frame so far is -55.1551
LOG (gmm-acc-mllt[5.5.1013~6-d787]:main():gmm-acc-mllt.cc:108) Average like for this file is -54.7962 over 57 frames.
LOG (gmm-acc-mllt[5.5.1013~6-d787]:main():gmm-acc-mllt.cc:108) Average like for this file is -57.0728 over 60 frames.
LOG (gmm-acc-mllt[5.5.1013~6-d787]:main():gmm-acc-mllt.cc:108) Average like for this file is -61.7601 over 49 frames.
LOG (gmm-acc-mllt[5.5.1013~6-d787]:main():gmm-acc-mllt.cc:108) Average like for this file is -54.25 over 66 frames.
LOG (gmm-acc-mllt[5.5.1013~6-d787]:main():gmm-acc-mllt.cc:108) Average like for this file is -56.2328 over 57 frames.
LOG (gmm-acc-mllt[5.5.1013~6-d787]:main():gmm-acc-mllt.cc:108) Average like for this file is -56.1892 over 55 frames.
LOG (gmm-acc-mllt[5.5.1013~6-d787]:main():gmm-acc-mllt.cc:108) Average like for this file is -53.8888 over 56 frames.
LOG (gmm-acc-mllt[5.5.1013~6-d787]:main():gmm-acc-mllt.cc:108) Average like for this file is -53.5467 over 57 frames.
LOG (gmm-acc-mllt[5.5.1013~6-d787]:main():gmm-acc-mllt.cc:108) Average like for this file is -53.1858 over 55 frames.
LOG (gmm-acc-mllt[5.5.1013~6-d787]:main():gmm-acc-mllt.cc:108) Average like for this file is -57.7171 over 54 frames.
LOG (gmm-acc-mllt[5.5.1013~6-d787]:main():gmm-acc-mllt.cc:114) Avg like per frame so far is -55.1805
LOG (gmm-acc-mllt[5.5.1013~6-d787]:main():gmm-acc-mllt.cc:108) Average like for this file is -54.2044 over 48 frames.
LOG (gmm-acc-mllt[5.5.1013~6-d787]:main():gmm-acc-mllt.cc:108) Average like for this file is -54.7836 over 48 frames.
LOG (gmm-acc-mllt[5.5.1013~6-d787]:main():gmm-acc-mllt.cc:108) Average like for this file is -54.172 over 39 frames.
LOG (gmm-acc-mllt[5.5.1013~6-d787]:main():gmm-acc-mllt.cc:108) Average like for this file is -55.2621 over 39 frames.
LOG (gmm-acc-mllt[5.5.1013~6-d787]:main():gmm-acc-mllt.cc:108) Average like for this file is -57.236 over 40 frames.
LOG (gmm-acc-mllt[5.5.1013~6-d787]:main():gmm-acc-mllt.cc:108) Average like for this file is -55.2098 over 40 frames.
LOG (gmm-acc-mllt[5.5.1013~6-d787]:main():gmm-acc-mllt.cc:108) Average like for this file is -59.0089 over 41 frames.
LOG (gmm-acc-mllt[5.5.1013~6-d787]:main():gmm-acc-mllt.cc:108) Average like for this file is -55.0015 over 34 frames.
LOG (gmm-acc-mllt[5.5.1013~6-d787]:main():gmm-acc-mllt.cc:108) Average like for this file is -56.2316 over 42 frames.
LOG (gmm-acc-mllt[5.5.1013~6-d787]:main():gmm-acc-mllt.cc:108) Average like for this file is -54.6829 over 43 frames.
LOG (gmm-acc-mllt[5.5.1013~6-d787]:main():gmm-acc-mllt.cc:114) Avg like per frame so far is -55.1915
LOG (gmm-acc-mllt[5.5.1013~6-d787]:main():gmm-acc-mllt.cc:108) Average like for this file is -53.2596 over 28 frames.
LOG (gmm-acc-mllt[5.5.1013~6-d787]:main():gmm-acc-mllt.cc:108) Average like for this file is -56.3415 over 41 frames.
LOG (gmm-acc-mllt[5.5.1013~6-d787]:main():gmm-acc-mllt.cc:108) Average like for this file is -54.7431 over 42 frames.
LOG (gmm-acc-mllt[5.5.1013~6-d787]:main():gmm-acc-mllt.cc:108) Average like for this file is -55.115 over 44 frames.
LOG (gmm-acc-mllt[5.5.1013~6-d787]:main():gmm-acc-mllt.cc:108) Average like for this file is -50.7893 over 40 frames.
LOG (gmm-acc-mllt[5.5.1013~6-d787]:main():gmm-acc-mllt.cc:108) Average like for this file is -56.1903 over 33 frames.
LOG (gmm-acc-mllt[5.5.1013~6-d787]:main():gmm-acc-mllt.cc:108) Average like for this file is -54.2773 over 38 frames.
LOG (gmm-acc-mllt[5.5.1013~6-d787]:main():gmm-acc-mllt.cc:108) Average like for this file is -53.045 over 43 frames.
LOG (gmm-acc-mllt[5.5.1013~6-d787]:main():gmm-acc-mllt.cc:108) Average like for this file is -53.6552 over 37 frames.
LOG (gmm-acc-mllt[5.5.1013~6-d787]:main():gmm-acc-mllt.cc:108) Average like for this file is -55.4271 over 36 frames.
LOG (gmm-acc-mllt[5.5.1013~6-d787]:main():gmm-acc-mllt.cc:114) Avg like per frame so far is -55.1674
LOG (gmm-acc-mllt[5.5.1013~6-d787]:main():gmm-acc-mllt.cc:108) Average like for this file is -54.977 over 44 frames.
LOG (gmm-acc-mllt[5.5.1013~6-d787]:main():gmm-acc-mllt.cc:108) Average like for this file is -51.0942 over 42 frames.
LOG (gmm-acc-mllt[5.5.1013~6-d787]:main():gmm-acc-mllt.cc:108) Average like for this file is -55.0069 over 50 frames.
LOG (gmm-acc-mllt[5.5.1013~6-d787]:main():gmm-acc-mllt.cc:108) Average like for this file is -53.2126 over 51 frames.
LOG (gmm-acc-mllt[5.5.1013~6-d787]:main():gmm-acc-mllt.cc:108) Average like for this file is -51.962 over 56 frames.
LOG (gmm-acc-mllt[5.5.1013~6-d787]:main():gmm-acc-mllt.cc:108) Average like for this file is -54.5619 over 45 frames.
LOG (gmm-acc-mllt[5.5.1013~6-d787]:main():gmm-acc-mllt.cc:108) Average like for this file is -53.9535 over 49 frames.
LOG (gmm-acc-mllt[5.5.1013~6-d787]:main():gmm-acc-mllt.cc:108) Average like for this file is -56.0704 over 47 frames.
LOG (gmm-acc-mllt[5.5.1013~6-d787]:main():gmm-acc-mllt.cc:108) Average like for this file is -53.6202 over 48 frames.
LOG (gmm-acc-mllt[5.5.1013~6-d787]:main():gmm-acc-mllt.cc:108) Average like for this file is -56.1967 over 46 frames.
LOG (gmm-acc-mllt[5.5.1013~6-d787]:main():gmm-acc-mllt.cc:114) Avg like per frame so far is -55.1312
LOG (gmm-acc-mllt[5.5.1013~6-d787]:main():gmm-acc-mllt.cc:108) Average like for this file is -57.7717 over 51 frames.
LOG (gmm-acc-mllt[5.5.1013~6-d787]:main():gmm-acc-mllt.cc:108) Average like for this file is -56.3859 over 44 frames.
LOG (gmm-acc-mllt[5.5.1013~6-d787]:main():gmm-acc-mllt.cc:108) Average like for this file is -56.2449 over 50 frames.
LOG (gmm-acc-mllt[5.5.1013~6-d787]:main():gmm-acc-mllt.cc:108) Average like for this file is -59.3698 over 29 frames.
LOG (gmm-acc-mllt[5.5.1013~6-d787]:main():gmm-acc-mllt.cc:108) Average like for this file is -53.7238 over 51 frames.
LOG (gmm-acc-mllt[5.5.1013~6-d787]:main():gmm-acc-mllt.cc:108) Average like for this file is -55.498 over 44 frames.
LOG (gmm-acc-mllt[5.5.1013~6-d787]:main():gmm-acc-mllt.cc:108) Average like for this file is -54.8656 over 46 frames.
LOG (gmm-acc-mllt[5.5.1013~6-d787]:main():gmm-acc-mllt.cc:108) Average like for this file is -55.996 over 40 frames.
LOG (gmm-acc-mllt[5.5.1013~6-d787]:main():gmm-acc-mllt.cc:108) Average like for this file is -55.5022 over 43 frames.
LOG (gmm-acc-mllt[5.5.1013~6-d787]:main():gmm-acc-mllt.cc:108) Average like for this file is -57.2134 over 48 frames.
LOG (gmm-acc-mllt[5.5.1013~6-d787]:main():gmm-acc-mllt.cc:114) Avg like per frame so far is -55.1606
LOG (gmm-acc-mllt[5.5.1013~6-d787]:main():gmm-acc-mllt.cc:108) Average like for this file is -54.9532 over 42 frames.
LOG (gmm-acc-mllt[5.5.1013~6-d787]:main():gmm-acc-mllt.cc:108) Average like for this file is -53.8332 over 42 frames.
LOG (gmm-acc-mllt[5.5.1013~6-d787]:main():gmm-acc-mllt.cc:108) Average like for this file is -52.3379 over 45 frames.
LOG (gmm-acc-mllt[5.5.1013~6-d787]:main():gmm-acc-mllt.cc:108) Average like for this file is -52.9435 over 43 frames.
LOG (gmm-acc-mllt[5.5.1013~6-d787]:main():gmm-acc-mllt.cc:108) Average like for this file is -54.7741 over 46 frames.
LOG (gmm-acc-mllt[5.5.1013~6-d787]:main():gmm-acc-mllt.cc:108) Average like for this file is -53.6657 over 42 frames.
LOG (gmm-acc-mllt[5.5.1013~6-d787]:main():gmm-acc-mllt.cc:108) Average like for this file is -53.7749 over 44 frames.
LOG (ali-to-post[5.5.1013~6-d787]:main():ali-to-post.cc:73) Converted 560 alignments.
LOG (gmm-acc-mllt[5.5.1013~6-d787]:main():gmm-acc-mllt.cc:108) Average like for this file is -55.3621 over 45 frames.
LOG (gmm-acc-mllt[5.5.1013~6-d787]:main():gmm-acc-mllt.cc:108) Average like for this file is -52.0728 over 43 frames.
LOG (gmm-acc-mllt[5.5.1013~6-d787]:main():gmm-acc-mllt.cc:108) Average like for this file is -52.6129 over 39 frames.
LOG (gmm-acc-mllt[5.5.1013~6-d787]:main():gmm-acc-mllt.cc:114) Avg like per frame so far is -55.1193
LOG (gmm-acc-mllt[5.5.1013~6-d787]:main():gmm-acc-mllt.cc:108) Average like for this file is -50.9699 over 39 frames.
LOG (gmm-acc-mllt[5.5.1013~6-d787]:main():gmm-acc-mllt.cc:108) Average like for this file is -50.9773 over 37 frames.
LOG (gmm-acc-mllt[5.5.1013~6-d787]:main():gmm-acc-mllt.cc:108) Average like for this file is -52.0666 over 38 frames.
LOG (gmm-acc-mllt[5.5.1013~6-d787]:main():gmm-acc-mllt.cc:108) Average like for this file is -50.8888 over 42 frames.
LOG (gmm-acc-mllt[5.5.1013~6-d787]:main():gmm-acc-mllt.cc:108) Average like for this file is -52.6415 over 37 frames.
LOG (gmm-acc-mllt[5.5.1013~6-d787]:main():gmm-acc-mllt.cc:108) Average like for this file is -54.8548 over 34 frames.
LOG (gmm-acc-mllt[5.5.1013~6-d787]:main():gmm-acc-mllt.cc:108) Average like for this file is -53.2906 over 41 frames.
LOG (gmm-acc-mllt[5.5.1013~6-d787]:main():gmm-acc-mllt.cc:108) Average like for this file is -53.0543 over 34 frames.
LOG (gmm-acc-mllt[5.5.1013~6-d787]:main():gmm-acc-mllt.cc:108) Average like for this file is -51.1184 over 34 frames.
LOG (gmm-acc-mllt[5.5.1013~6-d787]:main():gmm-acc-mllt.cc:108) Average like for this file is -52.9421 over 38 frames.
LOG (gmm-acc-mllt[5.5.1013~6-d787]:main():gmm-acc-mllt.cc:114) Avg like per frame so far is -55.0526
LOG (gmm-acc-mllt[5.5.1013~6-d787]:main():gmm-acc-mllt.cc:108) Average like for this file is -51.1044 over 45 frames.
LOG (gmm-acc-mllt[5.5.1013~6-d787]:main():gmm-acc-mllt.cc:108) Average like for this file is -55.5734 over 50 frames.
LOG (gmm-acc-mllt[5.5.1013~6-d787]:main():gmm-acc-mllt.cc:108) Average like for this file is -55.4962 over 43 frames.
LOG (gmm-acc-mllt[5.5.1013~6-d787]:main():gmm-acc-mllt.cc:108) Average like for this file is -55.5887 over 49 frames.
LOG (gmm-acc-mllt[5.5.1013~6-d787]:main():gmm-acc-mllt.cc:108) Average like for this file is -54.3466 over 51 frames.
LOG (gmm-acc-mllt[5.5.1013~6-d787]:main():gmm-acc-mllt.cc:108) Average like for this file is -52.8302 over 41 frames.
LOG (gmm-acc-mllt[5.5.1013~6-d787]:main():gmm-acc-mllt.cc:108) Average like for this file is -54.5998 over 44 frames.
LOG (gmm-acc-mllt[5.5.1013~6-d787]:main():gmm-acc-mllt.cc:108) Average like for this file is -52.8208 over 44 frames.
LOG (gmm-acc-mllt[5.5.1013~6-d787]:main():gmm-acc-mllt.cc:108) Average like for this file is -56.0033 over 43 frames.
LOG (gmm-acc-mllt[5.5.1013~6-d787]:main():gmm-acc-mllt.cc:108) Average like for this file is -57.346 over 43 frames.
LOG (gmm-acc-mllt[5.5.1013~6-d787]:main():gmm-acc-mllt.cc:114) Avg like per frame so far is -55.0398
LOG (gmm-acc-mllt[5.5.1013~6-d787]:main():gmm-acc-mllt.cc:108) Average like for this file is -55.5675 over 45 frames.
LOG (gmm-acc-mllt[5.5.1013~6-d787]:main():gmm-acc-mllt.cc:108) Average like for this file is -53.7222 over 42 frames.
LOG (gmm-acc-mllt[5.5.1013~6-d787]:main():gmm-acc-mllt.cc:108) Average like for this file is -56.2991 over 45 frames.
LOG (gmm-acc-mllt[5.5.1013~6-d787]:main():gmm-acc-mllt.cc:108) Average like for this file is -53.9424 over 40 frames.
LOG (gmm-acc-mllt[5.5.1013~6-d787]:main():gmm-acc-mllt.cc:108) Average like for this file is -54.5854 over 39 frames.
LOG (gmm-acc-mllt[5.5.1013~6-d787]:main():gmm-acc-mllt.cc:108) Average like for this file is -54.8735 over 44 frames.
LOG (gmm-acc-mllt[5.5.1013~6-d787]:main():gmm-acc-mllt.cc:108) Average like for this file is -53.0954 over 45 frames.
LOG (gmm-acc-mllt[5.5.1013~6-d787]:main():gmm-acc-mllt.cc:108) Average like for this file is -56.7642 over 42 frames.
LOG (gmm-acc-mllt[5.5.1013~6-d787]:main():gmm-acc-mllt.cc:108) Average like for this file is -57.5741 over 36 frames.
LOG (gmm-acc-mllt[5.5.1013~6-d787]:main():gmm-acc-mllt.cc:108) Average like for this file is -55.0764 over 49 frames.
LOG (gmm-acc-mllt[5.5.1013~6-d787]:main():gmm-acc-mllt.cc:114) Avg like per frame so far is -55.0418
LOG (gmm-acc-mllt[5.5.1013~6-d787]:main():gmm-acc-mllt.cc:108) Average like for this file is -50.8848 over 46 frames.
LOG (gmm-acc-mllt[5.5.1013~6-d787]:main():gmm-acc-mllt.cc:108) Average like for this file is -55.6514 over 43 frames.
LOG (gmm-acc-mllt[5.5.1013~6-d787]:main():gmm-acc-mllt.cc:108) Average like for this file is -54.1845 over 44 frames.
LOG (gmm-acc-mllt[5.5.1013~6-d787]:main():gmm-acc-mllt.cc:108) Average like for this file is -56.335 over 42 frames.
LOG (gmm-acc-mllt[5.5.1013~6-d787]:main():gmm-acc-mllt.cc:108) Average like for this file is -54.8517 over 41 frames.
LOG (gmm-acc-mllt[5.5.1013~6-d787]:main():gmm-acc-mllt.cc:108) Average like for this file is -54.2861 over 41 frames.
LOG (gmm-acc-mllt[5.5.1013~6-d787]:main():gmm-acc-mllt.cc:108) Average like for this file is -53.2983 over 42 frames.
LOG (gmm-acc-mllt[5.5.1013~6-d787]:main():gmm-acc-mllt.cc:108) Average like for this file is -51.4167 over 46 frames.
LOG (gmm-acc-mllt[5.5.1013~6-d787]:main():gmm-acc-mllt.cc:108) Average like for this file is -77.729 over 15 frames.
LOG (gmm-acc-mllt[5.5.1013~6-d787]:main():gmm-acc-mllt.cc:108) Average like for this file is -54.472 over 44 frames.
LOG (gmm-acc-mllt[5.5.1013~6-d787]:main():gmm-acc-mllt.cc:114) Avg like per frame so far is -55.0354
LOG (gmm-acc-mllt[5.5.1013~6-d787]:main():gmm-acc-mllt.cc:108) Average like for this file is -54.8147 over 48 frames.
LOG (gmm-acc-mllt[5.5.1013~6-d787]:main():gmm-acc-mllt.cc:108) Average like for this file is -54.1199 over 43 frames.
LOG (gmm-acc-mllt[5.5.1013~6-d787]:main():gmm-acc-mllt.cc:108) Average like for this file is -52.7856 over 39 frames.
LOG (gmm-acc-mllt[5.5.1013~6-d787]:main():gmm-acc-mllt.cc:108) Average like for this file is -54.7563 over 45 frames.
LOG (gmm-acc-mllt[5.5.1013~6-d787]:main():gmm-acc-mllt.cc:108) Average like for this file is -52.538 over 45 frames.
LOG (gmm-acc-mllt[5.5.1013~6-d787]:main():gmm-acc-mllt.cc:108) Average like for this file is -53.1691 over 43 frames.
LOG (gmm-acc-mllt[5.5.1013~6-d787]:main():gmm-acc-mllt.cc:108) Average like for this file is -54.2724 over 36 frames.
LOG (gmm-acc-mllt[5.5.1013~6-d787]:main():gmm-acc-mllt.cc:108) Average like for this file is -54.6159 over 38 frames.
LOG (gmm-acc-mllt[5.5.1013~6-d787]:main():gmm-acc-mllt.cc:108) Average like for this file is -55.498 over 35 frames.
LOG (gmm-acc-mllt[5.5.1013~6-d787]:main():gmm-acc-mllt.cc:108) Average like for this file is -54.1464 over 45 frames.
LOG (gmm-acc-mllt[5.5.1013~6-d787]:main():gmm-acc-mllt.cc:114) Avg like per frame so far is -55.0124
LOG (gmm-acc-mllt[5.5.1013~6-d787]:main():gmm-acc-mllt.cc:108) Average like for this file is -56.793 over 45 frames.
LOG (gmm-acc-mllt[5.5.1013~6-d787]:main():gmm-acc-mllt.cc:108) Average like for this file is -56.685 over 42 frames.
LOG (gmm-acc-mllt[5.5.1013~6-d787]:main():gmm-acc-mllt.cc:108) Average like for this file is -56.1809 over 46 frames.
LOG (gmm-acc-mllt[5.5.1013~6-d787]:main():gmm-acc-mllt.cc:108) Average like for this file is -53.3264 over 49 frames.
LOG (gmm-acc-mllt[5.5.1013~6-d787]:main():gmm-acc-mllt.cc:108) Average like for this file is -53.3901 over 48 frames.
LOG (gmm-acc-mllt[5.5.1013~6-d787]:main():gmm-acc-mllt.cc:108) Average like for this file is -54.7658 over 48 frames.
LOG (gmm-acc-mllt[5.5.1013~6-d787]:main():gmm-acc-mllt.cc:108) Average like for this file is -58.896 over 39 frames.
LOG (gmm-acc-mllt[5.5.1013~6-d787]:main():gmm-acc-mllt.cc:108) Average like for this file is -55.2458 over 50 frames.
LOG (gmm-acc-mllt[5.5.1013~6-d787]:main():gmm-acc-mllt.cc:108) Average like for this file is -56.1585 over 46 frames.
LOG (gmm-acc-mllt[5.5.1013~6-d787]:main():gmm-acc-mllt.cc:108) Average like for this file is -55.9902 over 53 frames.
LOG (gmm-acc-mllt[5.5.1013~6-d787]:main():gmm-acc-mllt.cc:114) Avg like per frame so far is -55.0288
LOG (gmm-acc-mllt[5.5.1013~6-d787]:main():gmm-acc-mllt.cc:108) Average like for this file is -53.6418 over 45 frames.
LOG (gmm-acc-mllt[5.5.1013~6-d787]:main():gmm-acc-mllt.cc:108) Average like for this file is -56.3457 over 43 frames.
LOG (gmm-acc-mllt[5.5.1013~6-d787]:main():gmm-acc-mllt.cc:108) Average like for this file is -56.6125 over 41 frames.
LOG (gmm-acc-mllt[5.5.1013~6-d787]:main():gmm-acc-mllt.cc:108) Average like for this file is -53.1421 over 336 frames.
LOG (gmm-acc-mllt[5.5.1013~6-d787]:main():gmm-acc-mllt.cc:108) Average like for this file is -55.4112 over 43 frames.
LOG (gmm-acc-mllt[5.5.1013~6-d787]:main():gmm-acc-mllt.cc:108) Average like for this file is -55.4701 over 43 frames.
LOG (gmm-acc-mllt[5.5.1013~6-d787]:main():gmm-acc-mllt.cc:108) Average like for this file is -55.7812 over 51 frames.
LOG (gmm-acc-mllt[5.5.1013~6-d787]:main():gmm-acc-mllt.cc:108) Average like for this file is -55.3384 over 45 frames.
LOG (gmm-acc-mllt[5.5.1013~6-d787]:main():gmm-acc-mllt.cc:108) Average like for this file is -55.0305 over 37 frames.
LOG (gmm-acc-mllt[5.5.1013~6-d787]:main():gmm-acc-mllt.cc:108) Average like for this file is -54.6968 over 43 frames.
LOG (gmm-acc-mllt[5.5.1013~6-d787]:main():gmm-acc-mllt.cc:114) Avg like per frame so far is -55.0024
LOG (gmm-acc-mllt[5.5.1013~6-d787]:main():gmm-acc-mllt.cc:108) Average like for this file is -54.2146 over 33 frames.
LOG (gmm-acc-mllt[5.5.1013~6-d787]:main():gmm-acc-mllt.cc:108) Average like for this file is -56.154 over 42 frames.
LOG (gmm-acc-mllt[5.5.1013~6-d787]:main():gmm-acc-mllt.cc:108) Average like for this file is -53.6378 over 40 frames.
LOG (gmm-acc-mllt[5.5.1013~6-d787]:main():gmm-acc-mllt.cc:108) Average like for this file is -57.1369 over 31 frames.
LOG (gmm-acc-mllt[5.5.1013~6-d787]:main():gmm-acc-mllt.cc:108) Average like for this file is -53.9707 over 39 frames.
LOG (gmm-acc-mllt[5.5.1013~6-d787]:main():gmm-acc-mllt.cc:108) Average like for this file is -55.7143 over 31 frames.
LOG (gmm-acc-mllt[5.5.1013~6-d787]:main():gmm-acc-mllt.cc:108) Average like for this file is -54.0117 over 39 frames.
LOG (gmm-acc-mllt[5.5.1013~6-d787]:main():gmm-acc-mllt.cc:108) Average like for this file is -55.0453 over 40 frames.
LOG (gmm-acc-mllt[5.5.1013~6-d787]:main():gmm-acc-mllt.cc:108) Average like for this file is -54.7619 over 43 frames.
LOG (gmm-acc-mllt[5.5.1013~6-d787]:main():gmm-acc-mllt.cc:108) Average like for this file is -52.7105 over 38 frames.
LOG (gmm-acc-mllt[5.5.1013~6-d787]:main():gmm-acc-mllt.cc:114) Avg like per frame so far is -54.9963
LOG (gmm-acc-mllt[5.5.1013~6-d787]:main():gmm-acc-mllt.cc:108) Average like for this file is -56.5455 over 50 frames.
LOG (weight-silence-post[5.5.1013~6-d787]:main():weight-silence-post.cc:95) Done 560 posteriors.
LOG (gmm-acc-mllt[5.5.1013~6-d787]:main():gmm-acc-mllt.cc:108) Average like for this file is -55.3029 over 52 frames.
LOG (gmm-acc-mllt[5.5.1013~6-d787]:main():gmm-acc-mllt.cc:108) Average like for this file is -56.1472 over 45 frames.
LOG (gmm-acc-mllt[5.5.1013~6-d787]:main():gmm-acc-mllt.cc:108) Average like for this file is -58.2919 over 45 frames.
LOG (gmm-acc-mllt[5.5.1013~6-d787]:main():gmm-acc-mllt.cc:108) Average like for this file is -57.8329 over 44 frames.
LOG (gmm-acc-mllt[5.5.1013~6-d787]:main():gmm-acc-mllt.cc:108) Average like for this file is -57.4095 over 38 frames.
LOG (gmm-acc-mllt[5.5.1013~6-d787]:main():gmm-acc-mllt.cc:108) Average like for this file is -56.1463 over 51 frames.
LOG (gmm-acc-mllt[5.5.1013~6-d787]:main():gmm-acc-mllt.cc:108) Average like for this file is -54.9682 over 50 frames.
LOG (gmm-acc-mllt[5.5.1013~6-d787]:main():gmm-acc-mllt.cc:108) Average like for this file is -58.1482 over 43 frames.
LOG (gmm-acc-mllt[5.5.1013~6-d787]:main():gmm-acc-mllt.cc:108) Average like for this file is -56.826 over 51 frames.
LOG (gmm-acc-mllt[5.5.1013~6-d787]:main():gmm-acc-mllt.cc:114) Avg like per frame so far is -55.0364
LOG (gmm-acc-mllt[5.5.1013~6-d787]:main():gmm-acc-mllt.cc:108) Average like for this file is -57.7394 over 36 frames.
LOG (gmm-acc-mllt[5.5.1013~6-d787]:main():gmm-acc-mllt.cc:108) Average like for this file is -53.4698 over 36 frames.
LOG (gmm-acc-mllt[5.5.1013~6-d787]:main():gmm-acc-mllt.cc:108) Average like for this file is -54.4679 over 87 frames.
LOG (gmm-acc-mllt[5.5.1013~6-d787]:main():gmm-acc-mllt.cc:108) Average like for this file is -53.7404 over 50 frames.
LOG (gmm-acc-mllt[5.5.1013~6-d787]:main():gmm-acc-mllt.cc:108) Average like for this file is -52.6192 over 60 frames.
LOG (gmm-acc-mllt[5.5.1013~6-d787]:main():gmm-acc-mllt.cc:108) Average like for this file is -53.5523 over 46 frames.
LOG (gmm-acc-mllt[5.5.1013~6-d787]:main():gmm-acc-mllt.cc:108) Average like for this file is -56.3131 over 30 frames.
LOG (gmm-acc-mllt[5.5.1013~6-d787]:main():gmm-acc-mllt.cc:108) Average like for this file is -52.9431 over 34 frames.
LOG (gmm-acc-mllt[5.5.1013~6-d787]:main():gmm-acc-mllt.cc:108) Average like for this file is -54.3331 over 44 frames.
LOG (gmm-acc-mllt[5.5.1013~6-d787]:main():gmm-acc-mllt.cc:108) Average like for this file is -53.5597 over 36 frames.
LOG (gmm-acc-mllt[5.5.1013~6-d787]:main():gmm-acc-mllt.cc:114) Avg like per frame so far is -55.0165
LOG (gmm-acc-mllt[5.5.1013~6-d787]:main():gmm-acc-mllt.cc:108) Average like for this file is -54.7053 over 64 frames.
LOG (gmm-acc-mllt[5.5.1013~6-d787]:main():gmm-acc-mllt.cc:108) Average like for this file is -52.9686 over 45 frames.
LOG (gmm-acc-mllt[5.5.1013~6-d787]:main():gmm-acc-mllt.cc:108) Average like for this file is -51.8227 over 56 frames.
LOG (gmm-acc-mllt[5.5.1013~6-d787]:main():gmm-acc-mllt.cc:108) Average like for this file is -57.3976 over 50 frames.
LOG (gmm-acc-mllt[5.5.1013~6-d787]:main():gmm-acc-mllt.cc:108) Average like for this file is -51.9619 over 60 frames.
LOG (gmm-acc-mllt[5.5.1013~6-d787]:main():gmm-acc-mllt.cc:108) Average like for this file is -54.76 over 45 frames.
LOG (gmm-acc-mllt[5.5.1013~6-d787]:main():gmm-acc-mllt.cc:108) Average like for this file is -55.7097 over 37 frames.
LOG (gmm-acc-mllt[5.5.1013~6-d787]:main():gmm-acc-mllt.cc:108) Average like for this file is -60.7961 over 47 frames.
LOG (gmm-acc-mllt[5.5.1013~6-d787]:main():gmm-acc-mllt.cc:108) Average like for this file is -58.1288 over 41 frames.
LOG (gmm-acc-mllt[5.5.1013~6-d787]:main():gmm-acc-mllt.cc:108) Average like for this file is -56.7684 over 39 frames.
LOG (gmm-acc-mllt[5.5.1013~6-d787]:main():gmm-acc-mllt.cc:114) Avg like per frame so far is -55.0226
LOG (gmm-acc-mllt[5.5.1013~6-d787]:main():gmm-acc-mllt.cc:108) Average like for this file is -53.5786 over 44 frames.
LOG (gmm-acc-mllt[5.5.1013~6-d787]:main():gmm-acc-mllt.cc:108) Average like for this file is -51.7977 over 38 frames.
LOG (gmm-acc-mllt[5.5.1013~6-d787]:main():gmm-acc-mllt.cc:108) Average like for this file is -52.9147 over 32 frames.
LOG (gmm-acc-mllt[5.5.1013~6-d787]:main():gmm-acc-mllt.cc:108) Average like for this file is -51.9909 over 51 frames.
LOG (gmm-acc-mllt[5.5.1013~6-d787]:main():gmm-acc-mllt.cc:108) Average like for this file is -53.3153 over 33 frames.
LOG (gmm-acc-mllt[5.5.1013~6-d787]:main():gmm-acc-mllt.cc:108) Average like for this file is -52.7232 over 43 frames.
LOG (gmm-acc-mllt[5.5.1013~6-d787]:main():gmm-acc-mllt.cc:108) Average like for this file is -55.6307 over 37 frames.
LOG (gmm-acc-mllt[5.5.1013~6-d787]:main():gmm-acc-mllt.cc:108) Average like for this file is -52.2809 over 48 frames.
LOG (gmm-acc-mllt[5.5.1013~6-d787]:main():gmm-acc-mllt.cc:108) Average like for this file is -50.658 over 46 frames.
LOG (gmm-acc-mllt[5.5.1013~6-d787]:main():gmm-acc-mllt.cc:108) Average like for this file is -51.0654 over 39 frames.
LOG (gmm-acc-mllt[5.5.1013~6-d787]:main():gmm-acc-mllt.cc:114) Avg like per frame so far is -54.9741
LOG (gmm-acc-mllt[5.5.1013~6-d787]:main():gmm-acc-mllt.cc:108) Average like for this file is -53.0116 over 50 frames.
LOG (gmm-acc-mllt[5.5.1013~6-d787]:main():gmm-acc-mllt.cc:108) Average like for this file is -54.4238 over 54 frames.
LOG (gmm-acc-mllt[5.5.1013~6-d787]:main():gmm-acc-mllt.cc:108) Average like for this file is -52.4242 over 50 frames.
LOG (gmm-acc-mllt[5.5.1013~6-d787]:main():gmm-acc-mllt.cc:108) Average like for this file is -54.7021 over 45 frames.
LOG (gmm-acc-mllt[5.5.1013~6-d787]:main():gmm-acc-mllt.cc:108) Average like for this file is -54.9772 over 55 frames.
LOG (gmm-acc-mllt[5.5.1013~6-d787]:main():gmm-acc-mllt.cc:108) Average like for this file is -54.1994 over 37 frames.
LOG (gmm-acc-mllt[5.5.1013~6-d787]:main():gmm-acc-mllt.cc:108) Average like for this file is -55.3319 over 39 frames.
LOG (gmm-acc-mllt[5.5.1013~6-d787]:main():gmm-acc-mllt.cc:108) Average like for this file is -55.4867 over 44 frames.
LOG (gmm-acc-mllt[5.5.1013~6-d787]:main():gmm-acc-mllt.cc:108) Average like for this file is -58.3992 over 40 frames.
LOG (gmm-acc-mllt[5.5.1013~6-d787]:main():gmm-acc-mllt.cc:108) Average like for this file is -54.3636 over 42 frames.
LOG (gmm-acc-mllt[5.5.1013~6-d787]:main():gmm-acc-mllt.cc:114) Avg like per frame so far is -54.9673
LOG (gmm-acc-mllt[5.5.1013~6-d787]:main():gmm-acc-mllt.cc:108) Average like for this file is -52.7042 over 46 frames.
LOG (gmm-acc-mllt[5.5.1013~6-d787]:main():gmm-acc-mllt.cc:108) Average like for this file is -53.6794 over 52 frames.
LOG (gmm-acc-mllt[5.5.1013~6-d787]:main():gmm-acc-mllt.cc:108) Average like for this file is -53.373 over 52 frames.
LOG (gmm-acc-mllt[5.5.1013~6-d787]:main():gmm-acc-mllt.cc:108) Average like for this file is -55.235 over 44 frames.
LOG (gmm-acc-mllt[5.5.1013~6-d787]:main():gmm-acc-mllt.cc:108) Average like for this file is -56.7519 over 38 frames.
LOG (gmm-acc-mllt[5.5.1013~6-d787]:main():gmm-acc-mllt.cc:108) Average like for this file is -51.9778 over 45 frames.
LOG (gmm-acc-mllt[5.5.1013~6-d787]:main():gmm-acc-mllt.cc:108) Average like for this file is -56.2369 over 51 frames.
LOG (gmm-acc-mllt[5.5.1013~6-d787]:main():gmm-acc-mllt.cc:108) Average like for this file is -52.3932 over 39 frames.
LOG (gmm-acc-mllt[5.5.1013~6-d787]:main():gmm-acc-mllt.cc:108) Average like for this file is -51.28 over 52 frames.
LOG (gmm-acc-mllt[5.5.1013~6-d787]:main():gmm-acc-mllt.cc:108) Average like for this file is -54.1072 over 53 frames.
LOG (gmm-acc-mllt[5.5.1013~6-d787]:main():gmm-acc-mllt.cc:114) Avg like per frame so far is -54.941
LOG (gmm-acc-mllt[5.5.1013~6-d787]:main():gmm-acc-mllt.cc:108) Average like for this file is -51.119 over 52 frames.
LOG (gmm-acc-mllt[5.5.1013~6-d787]:main():gmm-acc-mllt.cc:108) Average like for this file is -52.9327 over 55 frames.
LOG (gmm-acc-mllt[5.5.1013~6-d787]:main():gmm-acc-mllt.cc:108) Average like for this file is -54.4661 over 51 frames.
LOG (gmm-acc-mllt[5.5.1013~6-d787]:main():gmm-acc-mllt.cc:108) Average like for this file is -52.8859 over 49 frames.
LOG (gmm-acc-mllt[5.5.1013~6-d787]:main():gmm-acc-mllt.cc:108) Average like for this file is -53.4434 over 60 frames.
LOG (gmm-acc-mllt[5.5.1013~6-d787]:main():gmm-acc-mllt.cc:108) Average like for this file is -56.6102 over 48 frames.
LOG (gmm-acc-mllt[5.5.1013~6-d787]:main():gmm-acc-mllt.cc:108) Average like for this file is -56.6636 over 51 frames.
LOG (gmm-acc-mllt[5.5.1013~6-d787]:main():gmm-acc-mllt.cc:108) Average like for this file is -54.1554 over 49 frames.
LOG (gmm-acc-mllt[5.5.1013~6-d787]:main():gmm-acc-mllt.cc:108) Average like for this file is -57.0551 over 51 frames.
LOG (gmm-acc-mllt[5.5.1013~6-d787]:main():gmm-acc-mllt.cc:108) Average like for this file is -55.3521 over 52 frames.
LOG (gmm-acc-mllt[5.5.1013~6-d787]:main():gmm-acc-mllt.cc:114) Avg like per frame so far is -54.9293
LOG (gmm-acc-mllt[5.5.1013~6-d787]:main():gmm-acc-mllt.cc:108) Average like for this file is -54.3009 over 34 frames.
LOG (gmm-acc-mllt[5.5.1013~6-d787]:main():gmm-acc-mllt.cc:108) Average like for this file is -52.0719 over 44 frames.
LOG (gmm-acc-mllt[5.5.1013~6-d787]:main():gmm-acc-mllt.cc:108) Average like for this file is -54.8586 over 30 frames.
LOG (gmm-acc-mllt[5.5.1013~6-d787]:main():gmm-acc-mllt.cc:108) Average like for this file is -51.2436 over 40 frames.
LOG (gmm-acc-mllt[5.5.1013~6-d787]:main():gmm-acc-mllt.cc:108) Average like for this file is -54.0483 over 40 frames.
LOG (gmm-acc-mllt[5.5.1013~6-d787]:main():gmm-acc-mllt.cc:108) Average like for this file is -54.9309 over 57 frames.
LOG (gmm-acc-mllt[5.5.1013~6-d787]:main():gmm-acc-mllt.cc:108) Average like for this file is -56.6155 over 48 frames.
LOG (gmm-acc-mllt[5.5.1013~6-d787]:main():gmm-acc-mllt.cc:108) Average like for this file is -55.5151 over 43 frames.
LOG (gmm-acc-mllt[5.5.1013~6-d787]:main():gmm-acc-mllt.cc:108) Average like for this file is -54.8355 over 58 frames.
LOG (gmm-acc-mllt[5.5.1013~6-d787]:main():gmm-acc-mllt.cc:108) Average like for this file is -58.374 over 40 frames.
LOG (gmm-acc-mllt[5.5.1013~6-d787]:main():gmm-acc-mllt.cc:114) Avg like per frame so far is -54.9253
LOG (gmm-acc-mllt[5.5.1013~6-d787]:main():gmm-acc-mllt.cc:108) Average like for this file is -50.6835 over 52 frames.
LOG (gmm-acc-mllt[5.5.1013~6-d787]:main():gmm-acc-mllt.cc:108) Average like for this file is -52.8588 over 44 frames.
LOG (gmm-acc-mllt[5.5.1013~6-d787]:main():gmm-acc-mllt.cc:108) Average like for this file is -49.0842 over 50 frames.
LOG (gmm-acc-mllt[5.5.1013~6-d787]:main():gmm-acc-mllt.cc:108) Average like for this file is -52.314 over 45 frames.
LOG (gmm-acc-mllt[5.5.1013~6-d787]:main():gmm-acc-mllt.cc:108) Average like for this file is -51.7692 over 55 frames.
LOG (gmm-acc-mllt[5.5.1013~6-d787]:main():gmm-acc-mllt.cc:108) Average like for this file is -50.0905 over 52 frames.
LOG (gmm-acc-mllt[5.5.1013~6-d787]:main():gmm-acc-mllt.cc:108) Average like for this file is -53.5678 over 36 frames.
LOG (gmm-acc-mllt[5.5.1013~6-d787]:main():gmm-acc-mllt.cc:108) Average like for this file is -52.169 over 47 frames.
LOG (gmm-acc-mllt[5.5.1013~6-d787]:main():gmm-acc-mllt.cc:108) Average like for this file is -50.3863 over 49 frames.
LOG (gmm-acc-mllt[5.5.1013~6-d787]:main():gmm-acc-mllt.cc:108) Average like for this file is -52.9133 over 32 frames.
LOG (gmm-acc-mllt[5.5.1013~6-d787]:main():gmm-acc-mllt.cc:114) Avg like per frame so far is -54.8568
LOG (gmm-acc-mllt[5.5.1013~6-d787]:main():gmm-acc-mllt.cc:108) Average like for this file is -55.2736 over 49 frames.
LOG (gmm-acc-mllt[5.5.1013~6-d787]:main():gmm-acc-mllt.cc:108) Average like for this file is -54.3412 over 58 frames.
LOG (gmm-acc-mllt[5.5.1013~6-d787]:main():gmm-acc-mllt.cc:108) Average like for this file is -50.1579 over 55 frames.
LOG (gmm-acc-mllt[5.5.1013~6-d787]:main():gmm-acc-mllt.cc:108) Average like for this file is -52.3521 over 56 frames.
LOG (gmm-acc-mllt[5.5.1013~6-d787]:main():gmm-acc-mllt.cc:108) Average like for this file is -52.253 over 54 frames.
LOG (gmm-acc-mllt[5.5.1013~6-d787]:main():gmm-acc-mllt.cc:108) Average like for this file is -54.2307 over 59 frames.
LOG (gmm-acc-mllt[5.5.1013~6-d787]:main():gmm-acc-mllt.cc:108) Average like for this file is -54.1387 over 38 frames.
LOG (gmm-acc-mllt[5.5.1013~6-d787]:main():gmm-acc-mllt.cc:108) Average like for this file is -51.4752 over 47 frames.
LOG (gmm-acc-mllt[5.5.1013~6-d787]:main():gmm-acc-mllt.cc:108) Average like for this file is -54.6139 over 42 frames.
LOG (gmm-acc-mllt[5.5.1013~6-d787]:main():gmm-acc-mllt.cc:108) Average like for this file is -53.7488 over 46 frames.
LOG (gmm-acc-mllt[5.5.1013~6-d787]:main():gmm-acc-mllt.cc:114) Avg like per frame so far is -54.8222
LOG (gmm-acc-mllt[5.5.1013~6-d787]:main():gmm-acc-mllt.cc:108) Average like for this file is -49.571 over 40 frames.
LOG (gmm-acc-mllt[5.5.1013~6-d787]:main():gmm-acc-mllt.cc:108) Average like for this file is -49.5516 over 55 frames.
LOG (gmm-acc-mllt[5.5.1013~6-d787]:main():gmm-acc-mllt.cc:108) Average like for this file is -49.8365 over 38 frames.
LOG (gmm-acc-mllt[5.5.1013~6-d787]:main():gmm-acc-mllt.cc:108) Average like for this file is -52.0348 over 45 frames.
LOG (gmm-acc-mllt[5.5.1013~6-d787]:main():gmm-acc-mllt.cc:108) Average like for this file is -48.6869 over 50 frames.
LOG (gmm-acc-mllt[5.5.1013~6-d787]:main():gmm-acc-mllt.cc:108) Average like for this file is -52.3937 over 47 frames.
LOG (gmm-acc-mllt[5.5.1013~6-d787]:main():gmm-acc-mllt.cc:108) Average like for this file is -52.6192 over 41 frames.
LOG (gmm-acc-mllt[5.5.1013~6-d787]:main():gmm-acc-mllt.cc:108) Average like for this file is -51.542 over 45 frames.
LOG (gmm-acc-mllt[5.5.1013~6-d787]:main():gmm-acc-mllt.cc:108) Average like for this file is -51.6228 over 46 frames.
LOG (gmm-acc-mllt[5.5.1013~6-d787]:main():gmm-acc-mllt.cc:108) Average like for this file is -50.9353 over 42 frames.
LOG (gmm-acc-mllt[5.5.1013~6-d787]:main():gmm-acc-mllt.cc:114) Avg like per frame so far is -54.7494
LOG (gmm-acc-mllt[5.5.1013~6-d787]:main():gmm-acc-mllt.cc:108) Average like for this file is -50.9432 over 54 frames.
LOG (gmm-acc-mllt[5.5.1013~6-d787]:main():gmm-acc-mllt.cc:108) Average like for this file is -50.2809 over 55 frames.
LOG (gmm-acc-mllt[5.5.1013~6-d787]:main():gmm-acc-mllt.cc:108) Average like for this file is -52.5782 over 56 frames.
LOG (gmm-acc-mllt[5.5.1013~6-d787]:main():gmm-acc-mllt.cc:108) Average like for this file is -49.0346 over 53 frames.
LOG (gmm-acc-mllt[5.5.1013~6-d787]:main():gmm-acc-mllt.cc:108) Average like for this file is -54.665 over 56 frames.
LOG (gmm-acc-mllt[5.5.1013~6-d787]:main():gmm-acc-mllt.cc:108) Average like for this file is -53.2839 over 42 frames.
LOG (gmm-acc-mllt[5.5.1013~6-d787]:main():gmm-acc-mllt.cc:108) Average like for this file is -52.3332 over 47 frames.
LOG (gmm-acc-mllt[5.5.1013~6-d787]:main():gmm-acc-mllt.cc:108) Average like for this file is -51.7874 over 46 frames.
LOG (gmm-acc-mllt[5.5.1013~6-d787]:main():gmm-acc-mllt.cc:108) Average like for this file is -55.0452 over 55 frames.
LOG (gmm-acc-mllt[5.5.1013~6-d787]:main():gmm-acc-mllt.cc:108) Average like for this file is -51.5123 over 43 frames.
LOG (gmm-acc-mllt[5.5.1013~6-d787]:main():gmm-acc-mllt.cc:114) Avg like per frame so far is -54.6968
LOG (gmm-acc-mllt[5.5.1013~6-d787]:main():gmm-acc-mllt.cc:108) Average like for this file is -52.5034 over 46 frames.
LOG (gmm-acc-mllt[5.5.1013~6-d787]:main():gmm-acc-mllt.cc:108) Average like for this file is -52.1515 over 40 frames.
LOG (gmm-acc-mllt[5.5.1013~6-d787]:main():gmm-acc-mllt.cc:108) Average like for this file is -50.1673 over 48 frames.
LOG (gmm-acc-mllt[5.5.1013~6-d787]:main():gmm-acc-mllt.cc:108) Average like for this file is -57.1577 over 53 frames.
LOG (gmm-acc-mllt[5.5.1013~6-d787]:main():gmm-acc-mllt.cc:108) Average like for this file is -53.0204 over 44 frames.
LOG (gmm-acc-mllt[5.5.1013~6-d787]:main():gmm-acc-mllt.cc:108) Average like for this file is -54.1576 over 43 frames.
LOG (gmm-acc-mllt[5.5.1013~6-d787]:main():gmm-acc-mllt.cc:108) Average like for this file is -51.7353 over 45 frames.
LOG (gmm-acc-mllt[5.5.1013~6-d787]:main():gmm-acc-mllt.cc:108) Average like for this file is -52.0756 over 60 frames.
LOG (gmm-acc-mllt[5.5.1013~6-d787]:main():gmm-acc-mllt.cc:108) Average like for this file is -53.5467 over 52 frames.
LOG (gmm-acc-mllt[5.5.1013~6-d787]:main():gmm-acc-mllt.cc:108) Average like for this file is -55.4686 over 36 frames.
LOG (gmm-acc-mllt[5.5.1013~6-d787]:main():gmm-acc-mllt.cc:114) Avg like per frame so far is -54.669
LOG (gmm-acc-mllt[5.5.1013~6-d787]:main():gmm-acc-mllt.cc:108) Average like for this file is -52.4314 over 59 frames.
LOG (gmm-acc-mllt[5.5.1013~6-d787]:main():gmm-acc-mllt.cc:108) Average like for this file is -49.8497 over 55 frames.
LOG (gmm-acc-mllt[5.5.1013~6-d787]:main():gmm-acc-mllt.cc:108) Average like for this file is -47.8458 over 56 frames.
LOG (gmm-acc-mllt[5.5.1013~6-d787]:main():gmm-acc-mllt.cc:108) Average like for this file is -52.2978 over 48 frames.
LOG (gmm-acc-mllt[5.5.1013~6-d787]:main():gmm-acc-mllt.cc:108) Average like for this file is -52.7214 over 63 frames.
LOG (gmm-acc-mllt[5.5.1013~6-d787]:main():gmm-acc-mllt.cc:108) Average like for this file is -52.7664 over 44 frames.
LOG (gmm-acc-mllt[5.5.1013~6-d787]:main():gmm-acc-mllt.cc:108) Average like for this file is -53.8862 over 39 frames.
LOG (apply-cmvn[5.5.1013~6-d787]:main():apply-cmvn.cc:162) Applied cepstral mean normalization to 560 utterances, errors on 0
LOG (gmm-acc-mllt[5.5.1013~6-d787]:main():gmm-acc-mllt.cc:108) Average like for this file is -52.3042 over 48 frames.
LOG (gmm-acc-mllt[5.5.1013~6-d787]:main():gmm-acc-mllt.cc:108) Average like for this file is -53.7642 over 50 frames.
LOG (gmm-acc-mllt[5.5.1013~6-d787]:main():gmm-acc-mllt.cc:108) Average like for this file is -55.2552 over 40 frames.
LOG (gmm-acc-mllt[5.5.1013~6-d787]:main():gmm-acc-mllt.cc:114) Avg like per frame so far is -54.6203
LOG (gmm-acc-mllt[5.5.1013~6-d787]:main():gmm-acc-mllt.cc:108) Average like for this file is -51.2107 over 34 frames.
LOG (gmm-acc-mllt[5.5.1013~6-d787]:main():gmm-acc-mllt.cc:108) Average like for this file is -53.4605 over 28 frames.
LOG (gmm-acc-mllt[5.5.1013~6-d787]:main():gmm-acc-mllt.cc:108) Average like for this file is -54.1576 over 36 frames.
LOG (gmm-acc-mllt[5.5.1013~6-d787]:main():gmm-acc-mllt.cc:108) Average like for this file is -53.4976 over 34 frames.
LOG (gmm-acc-mllt[5.5.1013~6-d787]:main():gmm-acc-mllt.cc:108) Average like for this file is -54.3947 over 28 frames.
LOG (gmm-acc-mllt[5.5.1013~6-d787]:main():gmm-acc-mllt.cc:108) Average like for this file is -54.236 over 40 frames.
LOG (gmm-acc-mllt[5.5.1013~6-d787]:main():gmm-acc-mllt.cc:108) Average like for this file is -56.1704 over 49 frames.
LOG (gmm-acc-mllt[5.5.1013~6-d787]:main():gmm-acc-mllt.cc:108) Average like for this file is -56.608 over 51 frames.
LOG (transform-feats[5.5.1013~6-d787]:main():transform-feats.cc:158) Overall average [pseudo-]logdet is -16.2411 over 34473 frames.
LOG (transform-feats[5.5.1013~6-d787]:main():transform-feats.cc:161) Applied transform to 560 utterances; 0 had errors.
LOG (gmm-acc-mllt[5.5.1013~6-d787]:main():gmm-acc-mllt.cc:108) Average like for this file is -57.3702 over 42 frames.
LOG (gmm-acc-mllt[5.5.1013~6-d787]:main():gmm-acc-mllt.cc:108) Average like for this file is -54.7847 over 47 frames.
LOG (gmm-acc-mllt[5.5.1013~6-d787]:main():gmm-acc-mllt.cc:114) Avg like per frame so far is -54.6231
LOG (gmm-acc-mllt[5.5.1013~6-d787]:main():gmm-acc-mllt.cc:119) Done 560 files, 0 with no posteriors, 0 with other errors.
LOG (gmm-acc-mllt[5.5.1013~6-d787]:main():gmm-acc-mllt.cc:123) Overall avg like per frame (Gaussian only) = -54.6231 over 26367 frames.
LOG (gmm-acc-mllt[5.5.1013~6-d787]:main():gmm-acc-mllt.cc:127) Written accs.
# Accounting: time=1 threads=1
# Ended (code 0) at Fri Apr 22 18:09:29 CDT 2022, elapsed time 1 seconds
