# ali-to-post "ark:gunzip -c exp/tri3a/ali.1.gz|" ark:- | weight-silence-post 0.0 1:2:3:4:5:6:7:8:9:10 exp/tri3a/4.mdl ark:- ark:- | gmm-acc-mllt --rand-prune=4.0 exp/tri3a/4.mdl "ark,s,cs:apply-cmvn  --utt2spk=ark:data/train/split1/1/utt2spk scp:data/train/split1/1/cmvn.scp scp:data/train/split1/1/feats.scp ark:- | splice-feats  ark:- ark:- | transform-feats exp/tri3a/2.mat ark:- ark:- |" ark,s,o,cs:- exp/tri3a/4.1.macc 
# Started at Fri Apr 22 16:26:56 CDT 2022
#
ali-to-post 'ark:gunzip -c exp/tri3a/ali.1.gz|' ark:- 
weight-silence-post 0.0 1:2:3:4:5:6:7:8:9:10 exp/tri3a/4.mdl ark:- ark:- 
gmm-acc-mllt --rand-prune=4.0 exp/tri3a/4.mdl 'ark,s,cs:apply-cmvn  --utt2spk=ark:data/train/split1/1/utt2spk scp:data/train/split1/1/cmvn.scp scp:data/train/split1/1/feats.scp ark:- | splice-feats  ark:- ark:- | transform-feats exp/tri3a/2.mat ark:- ark:- |' ark,s,o,cs:- exp/tri3a/4.1.macc 
apply-cmvn --utt2spk=ark:data/train/split1/1/utt2spk scp:data/train/split1/1/cmvn.scp scp:data/train/split1/1/feats.scp ark:- 
transform-feats exp/tri3a/2.mat ark:- ark:- 
splice-feats ark:- ark:- 
LOG (gmm-acc-mllt[5.5.1013~6-d787]:main():gmm-acc-mllt.cc:108) Average like for this file is -57.5313 over 50 frames.
LOG (gmm-acc-mllt[5.5.1013~6-d787]:main():gmm-acc-mllt.cc:108) Average like for this file is -57.2965 over 37 frames.
LOG (gmm-acc-mllt[5.5.1013~6-d787]:main():gmm-acc-mllt.cc:108) Average like for this file is -56.8264 over 44 frames.
LOG (gmm-acc-mllt[5.5.1013~6-d787]:main():gmm-acc-mllt.cc:108) Average like for this file is -54.5157 over 48 frames.
LOG (gmm-acc-mllt[5.5.1013~6-d787]:main():gmm-acc-mllt.cc:108) Average like for this file is -60.1025 over 50 frames.
LOG (gmm-acc-mllt[5.5.1013~6-d787]:main():gmm-acc-mllt.cc:108) Average like for this file is -54.8842 over 49 frames.
LOG (gmm-acc-mllt[5.5.1013~6-d787]:main():gmm-acc-mllt.cc:108) Average like for this file is -57.9468 over 47 frames.
LOG (gmm-acc-mllt[5.5.1013~6-d787]:main():gmm-acc-mllt.cc:108) Average like for this file is -56.4046 over 48 frames.
LOG (gmm-acc-mllt[5.5.1013~6-d787]:main():gmm-acc-mllt.cc:108) Average like for this file is -64.4467 over 33 frames.
LOG (gmm-acc-mllt[5.5.1013~6-d787]:main():gmm-acc-mllt.cc:108) Average like for this file is -56.6268 over 40 frames.
LOG (gmm-acc-mllt[5.5.1013~6-d787]:main():gmm-acc-mllt.cc:114) Avg like per frame so far is -57.4682
LOG (gmm-acc-mllt[5.5.1013~6-d787]:main():gmm-acc-mllt.cc:108) Average like for this file is -55.4612 over 45 frames.
LOG (gmm-acc-mllt[5.5.1013~6-d787]:main():gmm-acc-mllt.cc:108) Average like for this file is -55.0547 over 46 frames.
LOG (gmm-acc-mllt[5.5.1013~6-d787]:main():gmm-acc-mllt.cc:108) Average like for this file is -54.3531 over 39 frames.
LOG (gmm-acc-mllt[5.5.1013~6-d787]:main():gmm-acc-mllt.cc:108) Average like for this file is -56.0219 over 36 frames.
LOG (gmm-acc-mllt[5.5.1013~6-d787]:main():gmm-acc-mllt.cc:108) Average like for this file is -55.4659 over 52 frames.
LOG (gmm-acc-mllt[5.5.1013~6-d787]:main():gmm-acc-mllt.cc:108) Average like for this file is -57.3897 over 36 frames.
LOG (gmm-acc-mllt[5.5.1013~6-d787]:main():gmm-acc-mllt.cc:108) Average like for this file is -54.9312 over 27 frames.
LOG (gmm-acc-mllt[5.5.1013~6-d787]:main():gmm-acc-mllt.cc:108) Average like for this file is -57.675 over 31 frames.
LOG (gmm-acc-mllt[5.5.1013~6-d787]:main():gmm-acc-mllt.cc:108) Average like for this file is -55.3611 over 35 frames.
LOG (gmm-acc-mllt[5.5.1013~6-d787]:main():gmm-acc-mllt.cc:108) Average like for this file is -59.0433 over 39 frames.
LOG (gmm-acc-mllt[5.5.1013~6-d787]:main():gmm-acc-mllt.cc:114) Avg like per frame so far is -56.7997
LOG (gmm-acc-mllt[5.5.1013~6-d787]:main():gmm-acc-mllt.cc:108) Average like for this file is -56.8078 over 61 frames.
LOG (gmm-acc-mllt[5.5.1013~6-d787]:main():gmm-acc-mllt.cc:108) Average like for this file is -57.3365 over 49 frames.
LOG (gmm-acc-mllt[5.5.1013~6-d787]:main():gmm-acc-mllt.cc:108) Average like for this file is -57.6276 over 61 frames.
LOG (gmm-acc-mllt[5.5.1013~6-d787]:main():gmm-acc-mllt.cc:108) Average like for this file is -56.2445 over 60 frames.
LOG (gmm-acc-mllt[5.5.1013~6-d787]:main():gmm-acc-mllt.cc:108) Average like for this file is -55.5035 over 68 frames.
LOG (gmm-acc-mllt[5.5.1013~6-d787]:main():gmm-acc-mllt.cc:108) Average like for this file is -58.5276 over 49 frames.
LOG (gmm-acc-mllt[5.5.1013~6-d787]:main():gmm-acc-mllt.cc:108) Average like for this file is -54.9666 over 54 frames.
LOG (gmm-acc-mllt[5.5.1013~6-d787]:main():gmm-acc-mllt.cc:108) Average like for this file is -62.06 over 56 frames.
LOG (gmm-acc-mllt[5.5.1013~6-d787]:main():gmm-acc-mllt.cc:108) Average like for this file is -62.2038 over 57 frames.
LOG (gmm-acc-mllt[5.5.1013~6-d787]:main():gmm-acc-mllt.cc:108) Average like for this file is -58.6877 over 58 frames.
LOG (gmm-acc-mllt[5.5.1013~6-d787]:main():gmm-acc-mllt.cc:114) Avg like per frame so far is -57.2649
LOG (gmm-acc-mllt[5.5.1013~6-d787]:main():gmm-acc-mllt.cc:108) Average like for this file is -62.929 over 43 frames.
LOG (gmm-acc-mllt[5.5.1013~6-d787]:main():gmm-acc-mllt.cc:108) Average like for this file is -61.4222 over 59 frames.
LOG (gmm-acc-mllt[5.5.1013~6-d787]:main():gmm-acc-mllt.cc:108) Average like for this file is -56.4942 over 51 frames.
LOG (gmm-acc-mllt[5.5.1013~6-d787]:main():gmm-acc-mllt.cc:108) Average like for this file is -59.032 over 43 frames.
LOG (gmm-acc-mllt[5.5.1013~6-d787]:main():gmm-acc-mllt.cc:108) Average like for this file is -57.9208 over 60 frames.
LOG (gmm-acc-mllt[5.5.1013~6-d787]:main():gmm-acc-mllt.cc:108) Average like for this file is -58.9005 over 46 frames.
LOG (gmm-acc-mllt[5.5.1013~6-d787]:main():gmm-acc-mllt.cc:108) Average like for this file is -71.5361 over 31 frames.
LOG (gmm-acc-mllt[5.5.1013~6-d787]:main():gmm-acc-mllt.cc:108) Average like for this file is -60.0363 over 47 frames.
LOG (gmm-acc-mllt[5.5.1013~6-d787]:main():gmm-acc-mllt.cc:108) Average like for this file is -59.3362 over 45 frames.
LOG (gmm-acc-mllt[5.5.1013~6-d787]:main():gmm-acc-mllt.cc:108) Average like for this file is -60.6951 over 38 frames.
LOG (gmm-acc-mllt[5.5.1013~6-d787]:main():gmm-acc-mllt.cc:114) Avg like per frame so far is -58.0338
LOG (gmm-acc-mllt[5.5.1013~6-d787]:main():gmm-acc-mllt.cc:108) Average like for this file is -55.2482 over 41 frames.
LOG (gmm-acc-mllt[5.5.1013~6-d787]:main():gmm-acc-mllt.cc:108) Average like for this file is -58.5816 over 32 frames.
LOG (gmm-acc-mllt[5.5.1013~6-d787]:main():gmm-acc-mllt.cc:108) Average like for this file is -52.7889 over 53 frames.
LOG (gmm-acc-mllt[5.5.1013~6-d787]:main():gmm-acc-mllt.cc:108) Average like for this file is -55.1302 over 48 frames.
LOG (gmm-acc-mllt[5.5.1013~6-d787]:main():gmm-acc-mllt.cc:108) Average like for this file is -57.4773 over 28 frames.
LOG (gmm-acc-mllt[5.5.1013~6-d787]:main():gmm-acc-mllt.cc:108) Average like for this file is -54.8887 over 51 frames.
LOG (gmm-acc-mllt[5.5.1013~6-d787]:main():gmm-acc-mllt.cc:108) Average like for this file is -58.0001 over 43 frames.
LOG (gmm-acc-mllt[5.5.1013~6-d787]:main():gmm-acc-mllt.cc:108) Average like for this file is -55.9728 over 29 frames.
LOG (gmm-acc-mllt[5.5.1013~6-d787]:main():gmm-acc-mllt.cc:108) Average like for this file is -53.7125 over 51 frames.
LOG (gmm-acc-mllt[5.5.1013~6-d787]:main():gmm-acc-mllt.cc:108) Average like for this file is -56.2598 over 42 frames.
LOG (gmm-acc-mllt[5.5.1013~6-d787]:main():gmm-acc-mllt.cc:114) Avg like per frame so far is -57.5762
LOG (gmm-acc-mllt[5.5.1013~6-d787]:main():gmm-acc-mllt.cc:108) Average like for this file is -55.9429 over 35 frames.
LOG (gmm-acc-mllt[5.5.1013~6-d787]:main():gmm-acc-mllt.cc:108) Average like for this file is -57.5697 over 31 frames.
LOG (gmm-acc-mllt[5.5.1013~6-d787]:main():gmm-acc-mllt.cc:108) Average like for this file is -52.5543 over 44 frames.
LOG (gmm-acc-mllt[5.5.1013~6-d787]:main():gmm-acc-mllt.cc:108) Average like for this file is -54.3494 over 39 frames.
LOG (gmm-acc-mllt[5.5.1013~6-d787]:main():gmm-acc-mllt.cc:108) Average like for this file is -51.1452 over 65 frames.
LOG (gmm-acc-mllt[5.5.1013~6-d787]:main():gmm-acc-mllt.cc:108) Average like for this file is -53.2725 over 44 frames.
LOG (gmm-acc-mllt[5.5.1013~6-d787]:main():gmm-acc-mllt.cc:108) Average like for this file is -54.9237 over 30 frames.
LOG (gmm-acc-mllt[5.5.1013~6-d787]:main():gmm-acc-mllt.cc:108) Average like for this file is -55.2412 over 42 frames.
LOG (gmm-acc-mllt[5.5.1013~6-d787]:main():gmm-acc-mllt.cc:108) Average like for this file is -52.2088 over 37 frames.
LOG (gmm-acc-mllt[5.5.1013~6-d787]:main():gmm-acc-mllt.cc:108) Average like for this file is -52.649 over 46 frames.
LOG (gmm-acc-mllt[5.5.1013~6-d787]:main():gmm-acc-mllt.cc:114) Avg like per frame so far is -56.978
LOG (gmm-acc-mllt[5.5.1013~6-d787]:main():gmm-acc-mllt.cc:108) Average like for this file is -55.8701 over 41 frames.
LOG (gmm-acc-mllt[5.5.1013~6-d787]:main():gmm-acc-mllt.cc:108) Average like for this file is -58.5102 over 46 frames.
LOG (gmm-acc-mllt[5.5.1013~6-d787]:main():gmm-acc-mllt.cc:108) Average like for this file is -54.3162 over 56 frames.
LOG (gmm-acc-mllt[5.5.1013~6-d787]:main():gmm-acc-mllt.cc:108) Average like for this file is -51.1941 over 54 frames.
LOG (gmm-acc-mllt[5.5.1013~6-d787]:main():gmm-acc-mllt.cc:108) Average like for this file is -57.5633 over 56 frames.
LOG (gmm-acc-mllt[5.5.1013~6-d787]:main():gmm-acc-mllt.cc:108) Average like for this file is -57.3765 over 53 frames.
LOG (gmm-acc-mllt[5.5.1013~6-d787]:main():gmm-acc-mllt.cc:108) Average like for this file is -60.7138 over 53 frames.
LOG (gmm-acc-mllt[5.5.1013~6-d787]:main():gmm-acc-mllt.cc:108) Average like for this file is -53.7635 over 47 frames.
LOG (gmm-acc-mllt[5.5.1013~6-d787]:main():gmm-acc-mllt.cc:108) Average like for this file is -57.9929 over 40 frames.
LOG (gmm-acc-mllt[5.5.1013~6-d787]:main():gmm-acc-mllt.cc:108) Average like for this file is -52.9442 over 60 frames.
LOG (gmm-acc-mllt[5.5.1013~6-d787]:main():gmm-acc-mllt.cc:114) Avg like per frame so far is -56.8105
LOG (gmm-acc-mllt[5.5.1013~6-d787]:main():gmm-acc-mllt.cc:108) Average like for this file is -59.3708 over 44 frames.
LOG (gmm-acc-mllt[5.5.1013~6-d787]:main():gmm-acc-mllt.cc:108) Average like for this file is -59.9941 over 41 frames.
LOG (gmm-acc-mllt[5.5.1013~6-d787]:main():gmm-acc-mllt.cc:108) Average like for this file is -58.8378 over 36 frames.
LOG (gmm-acc-mllt[5.5.1013~6-d787]:main():gmm-acc-mllt.cc:108) Average like for this file is -60.6194 over 36 frames.
LOG (gmm-acc-mllt[5.5.1013~6-d787]:main():gmm-acc-mllt.cc:108) Average like for this file is -59.3907 over 39 frames.
LOG (gmm-acc-mllt[5.5.1013~6-d787]:main():gmm-acc-mllt.cc:108) Average like for this file is -61.181 over 48 frames.
LOG (gmm-acc-mllt[5.5.1013~6-d787]:main():gmm-acc-mllt.cc:108) Average like for this file is -62.3623 over 38 frames.
LOG (gmm-acc-mllt[5.5.1013~6-d787]:main():gmm-acc-mllt.cc:108) Average like for this file is -58.6662 over 48 frames.
LOG (gmm-acc-mllt[5.5.1013~6-d787]:main():gmm-acc-mllt.cc:108) Average like for this file is -61.2673 over 46 frames.
LOG (gmm-acc-mllt[5.5.1013~6-d787]:main():gmm-acc-mllt.cc:108) Average like for this file is -58.9071 over 51 frames.
LOG (gmm-acc-mllt[5.5.1013~6-d787]:main():gmm-acc-mllt.cc:114) Avg like per frame so far is -57.1893
LOG (gmm-acc-mllt[5.5.1013~6-d787]:main():gmm-acc-mllt.cc:108) Average like for this file is -56.9796 over 47 frames.
LOG (gmm-acc-mllt[5.5.1013~6-d787]:main():gmm-acc-mllt.cc:108) Average like for this file is -57.7522 over 44 frames.
LOG (gmm-acc-mllt[5.5.1013~6-d787]:main():gmm-acc-mllt.cc:108) Average like for this file is -54.7476 over 53 frames.
LOG (gmm-acc-mllt[5.5.1013~6-d787]:main():gmm-acc-mllt.cc:108) Average like for this file is -66.3161 over 23 frames.
LOG (gmm-acc-mllt[5.5.1013~6-d787]:main():gmm-acc-mllt.cc:108) Average like for this file is -56.7262 over 49 frames.
LOG (gmm-acc-mllt[5.5.1013~6-d787]:main():gmm-acc-mllt.cc:108) Average like for this file is -55.7069 over 55 frames.
LOG (gmm-acc-mllt[5.5.1013~6-d787]:main():gmm-acc-mllt.cc:108) Average like for this file is -63.1992 over 49 frames.
LOG (gmm-acc-mllt[5.5.1013~6-d787]:main():gmm-acc-mllt.cc:108) Average like for this file is -59.5529 over 71 frames.
LOG (gmm-acc-mllt[5.5.1013~6-d787]:main():gmm-acc-mllt.cc:108) Average like for this file is -53.9957 over 51 frames.
LOG (gmm-acc-mllt[5.5.1013~6-d787]:main():gmm-acc-mllt.cc:108) Average like for this file is -57.3286 over 53 frames.
LOG (gmm-acc-mllt[5.5.1013~6-d787]:main():gmm-acc-mllt.cc:114) Avg like per frame so far is -57.2615
LOG (gmm-acc-mllt[5.5.1013~6-d787]:main():gmm-acc-mllt.cc:108) Average like for this file is -60.5249 over 52 frames.
LOG (gmm-acc-mllt[5.5.1013~6-d787]:main():gmm-acc-mllt.cc:108) Average like for this file is -64.3264 over 51 frames.
LOG (gmm-acc-mllt[5.5.1013~6-d787]:main():gmm-acc-mllt.cc:108) Average like for this file is -62.6857 over 34 frames.
LOG (gmm-acc-mllt[5.5.1013~6-d787]:main():gmm-acc-mllt.cc:108) Average like for this file is -57.6798 over 36 frames.
LOG (gmm-acc-mllt[5.5.1013~6-d787]:main():gmm-acc-mllt.cc:108) Average like for this file is -56.882 over 52 frames.
LOG (gmm-acc-mllt[5.5.1013~6-d787]:main():gmm-acc-mllt.cc:108) Average like for this file is -57.2709 over 40 frames.
LOG (gmm-acc-mllt[5.5.1013~6-d787]:main():gmm-acc-mllt.cc:108) Average like for this file is -57.5257 over 50 frames.
LOG (gmm-acc-mllt[5.5.1013~6-d787]:main():gmm-acc-mllt.cc:108) Average like for this file is -58.1027 over 41 frames.
LOG (gmm-acc-mllt[5.5.1013~6-d787]:main():gmm-acc-mllt.cc:108) Average like for this file is -57.6308 over 52 frames.
LOG (gmm-acc-mllt[5.5.1013~6-d787]:main():gmm-acc-mllt.cc:108) Average like for this file is -62.6257 over 35 frames.
LOG (gmm-acc-mllt[5.5.1013~6-d787]:main():gmm-acc-mllt.cc:114) Avg like per frame so far is -57.4726
LOG (gmm-acc-mllt[5.5.1013~6-d787]:main():gmm-acc-mllt.cc:108) Average like for this file is -55.3894 over 58 frames.
LOG (gmm-acc-mllt[5.5.1013~6-d787]:main():gmm-acc-mllt.cc:108) Average like for this file is -57.3098 over 64 frames.
LOG (gmm-acc-mllt[5.5.1013~6-d787]:main():gmm-acc-mllt.cc:108) Average like for this file is -59.0346 over 58 frames.
LOG (gmm-acc-mllt[5.5.1013~6-d787]:main():gmm-acc-mllt.cc:108) Average like for this file is -67.3986 over 45 frames.
LOG (gmm-acc-mllt[5.5.1013~6-d787]:main():gmm-acc-mllt.cc:108) Average like for this file is -59.5222 over 49 frames.
LOG (gmm-acc-mllt[5.5.1013~6-d787]:main():gmm-acc-mllt.cc:108) Average like for this file is -59.2622 over 59 frames.
LOG (gmm-acc-mllt[5.5.1013~6-d787]:main():gmm-acc-mllt.cc:108) Average like for this file is -57.7237 over 61 frames.
LOG (gmm-acc-mllt[5.5.1013~6-d787]:main():gmm-acc-mllt.cc:108) Average like for this file is -58.241 over 61 frames.
LOG (gmm-acc-mllt[5.5.1013~6-d787]:main():gmm-acc-mllt.cc:108) Average like for this file is -57.3352 over 58 frames.
LOG (gmm-acc-mllt[5.5.1013~6-d787]:main():gmm-acc-mllt.cc:108) Average like for this file is -58.7431 over 62 frames.
LOG (gmm-acc-mllt[5.5.1013~6-d787]:main():gmm-acc-mllt.cc:114) Avg like per frame so far is -57.6174
LOG (gmm-acc-mllt[5.5.1013~6-d787]:main():gmm-acc-mllt.cc:108) Average like for this file is -58.9518 over 41 frames.
LOG (gmm-acc-mllt[5.5.1013~6-d787]:main():gmm-acc-mllt.cc:108) Average like for this file is -58.4328 over 42 frames.
LOG (gmm-acc-mllt[5.5.1013~6-d787]:main():gmm-acc-mllt.cc:108) Average like for this file is -59.4857 over 43 frames.
LOG (gmm-acc-mllt[5.5.1013~6-d787]:main():gmm-acc-mllt.cc:108) Average like for this file is -60.5707 over 40 frames.
LOG (gmm-acc-mllt[5.5.1013~6-d787]:main():gmm-acc-mllt.cc:108) Average like for this file is -62.7426 over 43 frames.
LOG (gmm-acc-mllt[5.5.1013~6-d787]:main():gmm-acc-mllt.cc:108) Average like for this file is -59.2314 over 41 frames.
LOG (gmm-acc-mllt[5.5.1013~6-d787]:main():gmm-acc-mllt.cc:108) Average like for this file is -59.3 over 54 frames.
LOG (gmm-acc-mllt[5.5.1013~6-d787]:main():gmm-acc-mllt.cc:108) Average like for this file is -60.1146 over 46 frames.
LOG (gmm-acc-mllt[5.5.1013~6-d787]:main():gmm-acc-mllt.cc:108) Average like for this file is -59.1621 over 35 frames.
LOG (gmm-acc-mllt[5.5.1013~6-d787]:main():gmm-acc-mllt.cc:108) Average like for this file is -61.9808 over 43 frames.
LOG (gmm-acc-mllt[5.5.1013~6-d787]:main():gmm-acc-mllt.cc:114) Avg like per frame so far is -57.8007
LOG (gmm-acc-mllt[5.5.1013~6-d787]:main():gmm-acc-mllt.cc:108) Average like for this file is -56.4297 over 48 frames.
LOG (gmm-acc-mllt[5.5.1013~6-d787]:main():gmm-acc-mllt.cc:108) Average like for this file is -55.5771 over 42 frames.
LOG (gmm-acc-mllt[5.5.1013~6-d787]:main():gmm-acc-mllt.cc:108) Average like for this file is -63.1909 over 30 frames.
LOG (gmm-acc-mllt[5.5.1013~6-d787]:main():gmm-acc-mllt.cc:108) Average like for this file is -59.1997 over 36 frames.
LOG (gmm-acc-mllt[5.5.1013~6-d787]:main():gmm-acc-mllt.cc:108) Average like for this file is -57.5764 over 45 frames.
LOG (gmm-acc-mllt[5.5.1013~6-d787]:main():gmm-acc-mllt.cc:108) Average like for this file is -61.7343 over 33 frames.
LOG (gmm-acc-mllt[5.5.1013~6-d787]:main():gmm-acc-mllt.cc:108) Average like for this file is -56.2083 over 31 frames.
LOG (gmm-acc-mllt[5.5.1013~6-d787]:main():gmm-acc-mllt.cc:108) Average like for this file is -58.0128 over 36 frames.
LOG (gmm-acc-mllt[5.5.1013~6-d787]:main():gmm-acc-mllt.cc:108) Average like for this file is -56.9219 over 35 frames.
LOG (gmm-acc-mllt[5.5.1013~6-d787]:main():gmm-acc-mllt.cc:108) Average like for this file is -64.0088 over 30 frames.
LOG (gmm-acc-mllt[5.5.1013~6-d787]:main():gmm-acc-mllt.cc:114) Avg like per frame so far is -57.8489
LOG (gmm-acc-mllt[5.5.1013~6-d787]:main():gmm-acc-mllt.cc:108) Average like for this file is -57.5608 over 54 frames.
LOG (gmm-acc-mllt[5.5.1013~6-d787]:main():gmm-acc-mllt.cc:108) Average like for this file is -63.8291 over 66 frames.
LOG (gmm-acc-mllt[5.5.1013~6-d787]:main():gmm-acc-mllt.cc:108) Average like for this file is -63.3472 over 46 frames.
LOG (gmm-acc-mllt[5.5.1013~6-d787]:main():gmm-acc-mllt.cc:108) Average like for this file is -57.7438 over 52 frames.
LOG (gmm-acc-mllt[5.5.1013~6-d787]:main():gmm-acc-mllt.cc:108) Average like for this file is -62.8513 over 53 frames.
LOG (gmm-acc-mllt[5.5.1013~6-d787]:main():gmm-acc-mllt.cc:108) Average like for this file is -56.9141 over 40 frames.
LOG (gmm-acc-mllt[5.5.1013~6-d787]:main():gmm-acc-mllt.cc:108) Average like for this file is -58.0174 over 54 frames.
LOG (gmm-acc-mllt[5.5.1013~6-d787]:main():gmm-acc-mllt.cc:108) Average like for this file is -59.261 over 49 frames.
LOG (gmm-acc-mllt[5.5.1013~6-d787]:main():gmm-acc-mllt.cc:108) Average like for this file is -60.4553 over 54 frames.
LOG (gmm-acc-mllt[5.5.1013~6-d787]:main():gmm-acc-mllt.cc:108) Average like for this file is -60.8722 over 55 frames.
LOG (gmm-acc-mllt[5.5.1013~6-d787]:main():gmm-acc-mllt.cc:114) Avg like per frame so far is -58.0407
LOG (gmm-acc-mllt[5.5.1013~6-d787]:main():gmm-acc-mllt.cc:108) Average like for this file is -59.7784 over 38 frames.
LOG (gmm-acc-mllt[5.5.1013~6-d787]:main():gmm-acc-mllt.cc:108) Average like for this file is -62.5689 over 52 frames.
LOG (gmm-acc-mllt[5.5.1013~6-d787]:main():gmm-acc-mllt.cc:108) Average like for this file is -60.2152 over 55 frames.
LOG (gmm-acc-mllt[5.5.1013~6-d787]:main():gmm-acc-mllt.cc:108) Average like for this file is -64.1748 over 39 frames.
LOG (gmm-acc-mllt[5.5.1013~6-d787]:main():gmm-acc-mllt.cc:108) Average like for this file is -58.5194 over 61 frames.
LOG (gmm-acc-mllt[5.5.1013~6-d787]:main():gmm-acc-mllt.cc:108) Average like for this file is -55.847 over 47 frames.
LOG (gmm-acc-mllt[5.5.1013~6-d787]:main():gmm-acc-mllt.cc:108) Average like for this file is -63.3396 over 40 frames.
LOG (gmm-acc-mllt[5.5.1013~6-d787]:main():gmm-acc-mllt.cc:108) Average like for this file is -57.7914 over 44 frames.
LOG (gmm-acc-mllt[5.5.1013~6-d787]:main():gmm-acc-mllt.cc:108) Average like for this file is -74.1485 over 54 frames.
LOG (gmm-acc-mllt[5.5.1013~6-d787]:main():gmm-acc-mllt.cc:108) Average like for this file is -53.9699 over 49 frames.
LOG (gmm-acc-mllt[5.5.1013~6-d787]:main():gmm-acc-mllt.cc:114) Avg like per frame so far is -58.2507
LOG (gmm-acc-mllt[5.5.1013~6-d787]:main():gmm-acc-mllt.cc:108) Average like for this file is -57.1573 over 39 frames.
LOG (gmm-acc-mllt[5.5.1013~6-d787]:main():gmm-acc-mllt.cc:108) Average like for this file is -53.4932 over 44 frames.
LOG (gmm-acc-mllt[5.5.1013~6-d787]:main():gmm-acc-mllt.cc:108) Average like for this file is -55.6461 over 46 frames.
LOG (gmm-acc-mllt[5.5.1013~6-d787]:main():gmm-acc-mllt.cc:108) Average like for this file is -54.9563 over 48 frames.
LOG (gmm-acc-mllt[5.5.1013~6-d787]:main():gmm-acc-mllt.cc:108) Average like for this file is -61.8664 over 31 frames.
LOG (gmm-acc-mllt[5.5.1013~6-d787]:main():gmm-acc-mllt.cc:108) Average like for this file is -55.1528 over 42 frames.
LOG (gmm-acc-mllt[5.5.1013~6-d787]:main():gmm-acc-mllt.cc:108) Average like for this file is -57.9352 over 44 frames.
LOG (gmm-acc-mllt[5.5.1013~6-d787]:main():gmm-acc-mllt.cc:108) Average like for this file is -61.4646 over 43 frames.
LOG (gmm-acc-mllt[5.5.1013~6-d787]:main():gmm-acc-mllt.cc:108) Average like for this file is -62.5121 over 47 frames.
LOG (gmm-acc-mllt[5.5.1013~6-d787]:main():gmm-acc-mllt.cc:108) Average like for this file is -59.3838 over 55 frames.
LOG (gmm-acc-mllt[5.5.1013~6-d787]:main():gmm-acc-mllt.cc:114) Avg like per frame so far is -58.2289
LOG (gmm-acc-mllt[5.5.1013~6-d787]:main():gmm-acc-mllt.cc:108) Average like for this file is -57.3452 over 57 frames.
LOG (gmm-acc-mllt[5.5.1013~6-d787]:main():gmm-acc-mllt.cc:108) Average like for this file is -64.0466 over 60 frames.
LOG (gmm-acc-mllt[5.5.1013~6-d787]:main():gmm-acc-mllt.cc:108) Average like for this file is -58.7459 over 58 frames.
LOG (gmm-acc-mllt[5.5.1013~6-d787]:main():gmm-acc-mllt.cc:108) Average like for this file is -59.2738 over 58 frames.
LOG (gmm-acc-mllt[5.5.1013~6-d787]:main():gmm-acc-mllt.cc:108) Average like for this file is -60.1884 over 53 frames.
LOG (gmm-acc-mllt[5.5.1013~6-d787]:main():gmm-acc-mllt.cc:108) Average like for this file is -58.0763 over 57 frames.
LOG (gmm-acc-mllt[5.5.1013~6-d787]:main():gmm-acc-mllt.cc:108) Average like for this file is -57.9622 over 66 frames.
LOG (gmm-acc-mllt[5.5.1013~6-d787]:main():gmm-acc-mllt.cc:108) Average like for this file is -61.8676 over 49 frames.
LOG (gmm-acc-mllt[5.5.1013~6-d787]:main():gmm-acc-mllt.cc:108) Average like for this file is -61.6532 over 49 frames.
LOG (gmm-acc-mllt[5.5.1013~6-d787]:main():gmm-acc-mllt.cc:108) Average like for this file is -61.9237 over 65 frames.
LOG (gmm-acc-mllt[5.5.1013~6-d787]:main():gmm-acc-mllt.cc:114) Avg like per frame so far is -58.3613
LOG (gmm-acc-mllt[5.5.1013~6-d787]:main():gmm-acc-mllt.cc:108) Average like for this file is -63.5581 over 44 frames.
LOG (gmm-acc-mllt[5.5.1013~6-d787]:main():gmm-acc-mllt.cc:108) Average like for this file is -63.191 over 52 frames.
LOG (gmm-acc-mllt[5.5.1013~6-d787]:main():gmm-acc-mllt.cc:108) Average like for this file is -59.2937 over 47 frames.
LOG (gmm-acc-mllt[5.5.1013~6-d787]:main():gmm-acc-mllt.cc:108) Average like for this file is -60.5443 over 51 frames.
LOG (gmm-acc-mllt[5.5.1013~6-d787]:main():gmm-acc-mllt.cc:108) Average like for this file is -61.7903 over 52 frames.
LOG (gmm-acc-mllt[5.5.1013~6-d787]:main():gmm-acc-mllt.cc:108) Average like for this file is -61.2085 over 40 frames.
LOG (gmm-acc-mllt[5.5.1013~6-d787]:main():gmm-acc-mllt.cc:108) Average like for this file is -58.1042 over 47 frames.
LOG (gmm-acc-mllt[5.5.1013~6-d787]:main():gmm-acc-mllt.cc:108) Average like for this file is -62.3671 over 54 frames.
LOG (gmm-acc-mllt[5.5.1013~6-d787]:main():gmm-acc-mllt.cc:108) Average like for this file is -59.7147 over 41 frames.
LOG (gmm-acc-mllt[5.5.1013~6-d787]:main():gmm-acc-mllt.cc:108) Average like for this file is -66.2367 over 66 frames.
LOG (gmm-acc-mllt[5.5.1013~6-d787]:main():gmm-acc-mllt.cc:114) Avg like per frame so far is -58.5634
LOG (gmm-acc-mllt[5.5.1013~6-d787]:main():gmm-acc-mllt.cc:108) Average like for this file is -56.926 over 49 frames.
LOG (gmm-acc-mllt[5.5.1013~6-d787]:main():gmm-acc-mllt.cc:108) Average like for this file is -59.1907 over 36 frames.
LOG (gmm-acc-mllt[5.5.1013~6-d787]:main():gmm-acc-mllt.cc:108) Average like for this file is -54.3928 over 46 frames.
LOG (gmm-acc-mllt[5.5.1013~6-d787]:main():gmm-acc-mllt.cc:108) Average like for this file is -54.2424 over 50 frames.
LOG (gmm-acc-mllt[5.5.1013~6-d787]:main():gmm-acc-mllt.cc:108) Average like for this file is -54.3674 over 62 frames.
LOG (gmm-acc-mllt[5.5.1013~6-d787]:main():gmm-acc-mllt.cc:108) Average like for this file is -56.9041 over 34 frames.
LOG (gmm-acc-mllt[5.5.1013~6-d787]:main():gmm-acc-mllt.cc:108) Average like for this file is -55.925 over 56 frames.
LOG (gmm-acc-mllt[5.5.1013~6-d787]:main():gmm-acc-mllt.cc:108) Average like for this file is -56.4398 over 52 frames.
LOG (gmm-acc-mllt[5.5.1013~6-d787]:main():gmm-acc-mllt.cc:108) Average like for this file is -60.9165 over 39 frames.
LOG (gmm-acc-mllt[5.5.1013~6-d787]:main():gmm-acc-mllt.cc:108) Average like for this file is -57.1955 over 49 frames.
LOG (gmm-acc-mllt[5.5.1013~6-d787]:main():gmm-acc-mllt.cc:114) Avg like per frame so far is -58.4495
LOG (gmm-acc-mllt[5.5.1013~6-d787]:main():gmm-acc-mllt.cc:108) Average like for this file is -51.6998 over 57 frames.
LOG (gmm-acc-mllt[5.5.1013~6-d787]:main():gmm-acc-mllt.cc:108) Average like for this file is -55.3271 over 44 frames.
LOG (gmm-acc-mllt[5.5.1013~6-d787]:main():gmm-acc-mllt.cc:108) Average like for this file is -55.9609 over 50 frames.
LOG (gmm-acc-mllt[5.5.1013~6-d787]:main():gmm-acc-mllt.cc:108) Average like for this file is -54.4547 over 43 frames.
LOG (gmm-acc-mllt[5.5.1013~6-d787]:main():gmm-acc-mllt.cc:108) Average like for this file is -53.2316 over 29 frames.
LOG (gmm-acc-mllt[5.5.1013~6-d787]:main():gmm-acc-mllt.cc:108) Average like for this file is -57.1576 over 44 frames.
LOG (gmm-acc-mllt[5.5.1013~6-d787]:main():gmm-acc-mllt.cc:108) Average like for this file is -55.338 over 36 frames.
LOG (gmm-acc-mllt[5.5.1013~6-d787]:main():gmm-acc-mllt.cc:108) Average like for this file is -58.0392 over 38 frames.
LOG (gmm-acc-mllt[5.5.1013~6-d787]:main():gmm-acc-mllt.cc:108) Average like for this file is -55.6316 over 43 frames.
LOG (gmm-acc-mllt[5.5.1013~6-d787]:main():gmm-acc-mllt.cc:108) Average like for this file is -58.6118 over 66 frames.
LOG (gmm-acc-mllt[5.5.1013~6-d787]:main():gmm-acc-mllt.cc:114) Avg like per frame so far is -58.3146
LOG (gmm-acc-mllt[5.5.1013~6-d787]:main():gmm-acc-mllt.cc:108) Average like for this file is -57.4691 over 57 frames.
LOG (gmm-acc-mllt[5.5.1013~6-d787]:main():gmm-acc-mllt.cc:108) Average like for this file is -54.2011 over 61 frames.
LOG (gmm-acc-mllt[5.5.1013~6-d787]:main():gmm-acc-mllt.cc:108) Average like for this file is -68.0365 over 53 frames.
LOG (gmm-acc-mllt[5.5.1013~6-d787]:main():gmm-acc-mllt.cc:108) Average like for this file is -56.5057 over 57 frames.
LOG (gmm-acc-mllt[5.5.1013~6-d787]:main():gmm-acc-mllt.cc:108) Average like for this file is -56.9986 over 41 frames.
LOG (gmm-acc-mllt[5.5.1013~6-d787]:main():gmm-acc-mllt.cc:108) Average like for this file is -55.3371 over 57 frames.
LOG (gmm-acc-mllt[5.5.1013~6-d787]:main():gmm-acc-mllt.cc:108) Average like for this file is -62.6179 over 53 frames.
LOG (gmm-acc-mllt[5.5.1013~6-d787]:main():gmm-acc-mllt.cc:108) Average like for this file is -59.7335 over 52 frames.
LOG (gmm-acc-mllt[5.5.1013~6-d787]:main():gmm-acc-mllt.cc:108) Average like for this file is -56.6815 over 39 frames.
LOG (gmm-acc-mllt[5.5.1013~6-d787]:main():gmm-acc-mllt.cc:108) Average like for this file is -57.3145 over 49 frames.
LOG (gmm-acc-mllt[5.5.1013~6-d787]:main():gmm-acc-mllt.cc:114) Avg like per frame so far is -58.3225
LOG (gmm-acc-mllt[5.5.1013~6-d787]:main():gmm-acc-mllt.cc:108) Average like for this file is -63.7468 over 44 frames.
LOG (gmm-acc-mllt[5.5.1013~6-d787]:main():gmm-acc-mllt.cc:108) Average like for this file is -58.5333 over 46 frames.
LOG (gmm-acc-mllt[5.5.1013~6-d787]:main():gmm-acc-mllt.cc:108) Average like for this file is -67.3804 over 38 frames.
LOG (gmm-acc-mllt[5.5.1013~6-d787]:main():gmm-acc-mllt.cc:108) Average like for this file is -58.7545 over 56 frames.
LOG (gmm-acc-mllt[5.5.1013~6-d787]:main():gmm-acc-mllt.cc:108) Average like for this file is -59.8294 over 40 frames.
LOG (gmm-acc-mllt[5.5.1013~6-d787]:main():gmm-acc-mllt.cc:108) Average like for this file is -58.5428 over 40 frames.
LOG (gmm-acc-mllt[5.5.1013~6-d787]:main():gmm-acc-mllt.cc:108) Average like for this file is -62.7663 over 52 frames.
LOG (gmm-acc-mllt[5.5.1013~6-d787]:main():gmm-acc-mllt.cc:108) Average like for this file is -59.7879 over 56 frames.
LOG (gmm-acc-mllt[5.5.1013~6-d787]:main():gmm-acc-mllt.cc:108) Average like for this file is -62.1867 over 36 frames.
LOG (gmm-acc-mllt[5.5.1013~6-d787]:main():gmm-acc-mllt.cc:108) Average like for this file is -62.9067 over 43 frames.
LOG (gmm-acc-mllt[5.5.1013~6-d787]:main():gmm-acc-mllt.cc:114) Avg like per frame so far is -58.4517
LOG (gmm-acc-mllt[5.5.1013~6-d787]:main():gmm-acc-mllt.cc:108) Average like for this file is -54.6151 over 52 frames.
LOG (gmm-acc-mllt[5.5.1013~6-d787]:main():gmm-acc-mllt.cc:108) Average like for this file is -56.3035 over 54 frames.
LOG (gmm-acc-mllt[5.5.1013~6-d787]:main():gmm-acc-mllt.cc:108) Average like for this file is -59.5135 over 49 frames.
LOG (gmm-acc-mllt[5.5.1013~6-d787]:main():gmm-acc-mllt.cc:108) Average like for this file is -58.7239 over 62 frames.
LOG (gmm-acc-mllt[5.5.1013~6-d787]:main():gmm-acc-mllt.cc:108) Average like for this file is -54.6955 over 55 frames.
LOG (gmm-acc-mllt[5.5.1013~6-d787]:main():gmm-acc-mllt.cc:108) Average like for this file is -62.4794 over 54 frames.
LOG (gmm-acc-mllt[5.5.1013~6-d787]:main():gmm-acc-mllt.cc:108) Average like for this file is -58.1223 over 49 frames.
LOG (gmm-acc-mllt[5.5.1013~6-d787]:main():gmm-acc-mllt.cc:108) Average like for this file is -59.9997 over 34 frames.
LOG (gmm-acc-mllt[5.5.1013~6-d787]:main():gmm-acc-mllt.cc:108) Average like for this file is -57.805 over 56 frames.
LOG (gmm-acc-mllt[5.5.1013~6-d787]:main():gmm-acc-mllt.cc:108) Average like for this file is -54.5127 over 64 frames.
LOG (gmm-acc-mllt[5.5.1013~6-d787]:main():gmm-acc-mllt.cc:114) Avg like per frame so far is -58.4068
LOG (gmm-acc-mllt[5.5.1013~6-d787]:main():gmm-acc-mllt.cc:108) Average like for this file is -59.3375 over 43 frames.
LOG (gmm-acc-mllt[5.5.1013~6-d787]:main():gmm-acc-mllt.cc:108) Average like for this file is -60.6125 over 40 frames.
LOG (gmm-acc-mllt[5.5.1013~6-d787]:main():gmm-acc-mllt.cc:108) Average like for this file is -57.936 over 52 frames.
LOG (gmm-acc-mllt[5.5.1013~6-d787]:main():gmm-acc-mllt.cc:108) Average like for this file is -65.6402 over 48 frames.
LOG (gmm-acc-mllt[5.5.1013~6-d787]:main():gmm-acc-mllt.cc:108) Average like for this file is -57.9326 over 49 frames.
LOG (gmm-acc-mllt[5.5.1013~6-d787]:main():gmm-acc-mllt.cc:108) Average like for this file is -57.916 over 39 frames.
LOG (gmm-acc-mllt[5.5.1013~6-d787]:main():gmm-acc-mllt.cc:108) Average like for this file is -57.8357 over 47 frames.
LOG (gmm-acc-mllt[5.5.1013~6-d787]:main():gmm-acc-mllt.cc:108) Average like for this file is -60.0457 over 35 frames.
LOG (gmm-acc-mllt[5.5.1013~6-d787]:main():gmm-acc-mllt.cc:108) Average like for this file is -57.9663 over 42 frames.
LOG (gmm-acc-mllt[5.5.1013~6-d787]:main():gmm-acc-mllt.cc:108) Average like for this file is -59.8104 over 40 frames.
LOG (gmm-acc-mllt[5.5.1013~6-d787]:main():gmm-acc-mllt.cc:114) Avg like per frame so far is -58.449
LOG (gmm-acc-mllt[5.5.1013~6-d787]:main():gmm-acc-mllt.cc:108) Average like for this file is -59.0004 over 55 frames.
LOG (gmm-acc-mllt[5.5.1013~6-d787]:main():gmm-acc-mllt.cc:108) Average like for this file is -58.0607 over 58 frames.
LOG (gmm-acc-mllt[5.5.1013~6-d787]:main():gmm-acc-mllt.cc:108) Average like for this file is -57.8906 over 63 frames.
LOG (ali-to-post[5.5.1013~6-d787]:main():ali-to-post.cc:73) Converted 420 alignments.
LOG (gmm-acc-mllt[5.5.1013~6-d787]:main():gmm-acc-mllt.cc:108) Average like for this file is -61.2506 over 61 frames.
LOG (gmm-acc-mllt[5.5.1013~6-d787]:main():gmm-acc-mllt.cc:108) Average like for this file is -58.8427 over 63 frames.
LOG (gmm-acc-mllt[5.5.1013~6-d787]:main():gmm-acc-mllt.cc:108) Average like for this file is -54.5976 over 66 frames.
LOG (gmm-acc-mllt[5.5.1013~6-d787]:main():gmm-acc-mllt.cc:108) Average like for this file is -66.1971 over 36 frames.
LOG (gmm-acc-mllt[5.5.1013~6-d787]:main():gmm-acc-mllt.cc:108) Average like for this file is -54.4106 over 61 frames.
LOG (gmm-acc-mllt[5.5.1013~6-d787]:main():gmm-acc-mllt.cc:108) Average like for this file is -61.0296 over 47 frames.
LOG (gmm-acc-mllt[5.5.1013~6-d787]:main():gmm-acc-mllt.cc:108) Average like for this file is -59.0678 over 61 frames.
LOG (gmm-acc-mllt[5.5.1013~6-d787]:main():gmm-acc-mllt.cc:114) Avg like per frame so far is -58.4579
LOG (gmm-acc-mllt[5.5.1013~6-d787]:main():gmm-acc-mllt.cc:108) Average like for this file is -63.0872 over 42 frames.
LOG (gmm-acc-mllt[5.5.1013~6-d787]:main():gmm-acc-mllt.cc:108) Average like for this file is -57.2323 over 60 frames.
LOG (gmm-acc-mllt[5.5.1013~6-d787]:main():gmm-acc-mllt.cc:108) Average like for this file is -63.673 over 43 frames.
LOG (gmm-acc-mllt[5.5.1013~6-d787]:main():gmm-acc-mllt.cc:108) Average like for this file is -63.2137 over 50 frames.
LOG (gmm-acc-mllt[5.5.1013~6-d787]:main():gmm-acc-mllt.cc:108) Average like for this file is -62.0421 over 36 frames.
LOG (gmm-acc-mllt[5.5.1013~6-d787]:main():gmm-acc-mllt.cc:108) Average like for this file is -59.4175 over 46 frames.
LOG (gmm-acc-mllt[5.5.1013~6-d787]:main():gmm-acc-mllt.cc:108) Average like for this file is -60.8444 over 41 frames.
LOG (gmm-acc-mllt[5.5.1013~6-d787]:main():gmm-acc-mllt.cc:108) Average like for this file is -61.2593 over 54 frames.
LOG (gmm-acc-mllt[5.5.1013~6-d787]:main():gmm-acc-mllt.cc:108) Average like for this file is -59.7495 over 44 frames.
LOG (gmm-acc-mllt[5.5.1013~6-d787]:main():gmm-acc-mllt.cc:108) Average like for this file is -61.1332 over 52 frames.
LOG (gmm-acc-mllt[5.5.1013~6-d787]:main():gmm-acc-mllt.cc:114) Avg like per frame so far is -58.5552
LOG (gmm-acc-mllt[5.5.1013~6-d787]:main():gmm-acc-mllt.cc:108) Average like for this file is -59.2495 over 34 frames.
LOG (gmm-acc-mllt[5.5.1013~6-d787]:main():gmm-acc-mllt.cc:108) Average like for this file is -59.1109 over 42 frames.
LOG (gmm-acc-mllt[5.5.1013~6-d787]:main():gmm-acc-mllt.cc:108) Average like for this file is -57.483 over 48 frames.
LOG (gmm-acc-mllt[5.5.1013~6-d787]:main():gmm-acc-mllt.cc:108) Average like for this file is -59.351 over 37 frames.
LOG (gmm-acc-mllt[5.5.1013~6-d787]:main():gmm-acc-mllt.cc:108) Average like for this file is -59.0046 over 44 frames.
LOG (gmm-acc-mllt[5.5.1013~6-d787]:main():gmm-acc-mllt.cc:108) Average like for this file is -55.5612 over 55 frames.
LOG (gmm-acc-mllt[5.5.1013~6-d787]:main():gmm-acc-mllt.cc:108) Average like for this file is -59.2876 over 34 frames.
LOG (gmm-acc-mllt[5.5.1013~6-d787]:main():gmm-acc-mllt.cc:108) Average like for this file is -56.1375 over 43 frames.
LOG (gmm-acc-mllt[5.5.1013~6-d787]:main():gmm-acc-mllt.cc:108) Average like for this file is -63.0892 over 43 frames.
LOG (gmm-acc-mllt[5.5.1013~6-d787]:main():gmm-acc-mllt.cc:108) Average like for this file is -59.7872 over 34 frames.
LOG (gmm-acc-mllt[5.5.1013~6-d787]:main():gmm-acc-mllt.cc:114) Avg like per frame so far is -58.5582
LOG (gmm-acc-mllt[5.5.1013~6-d787]:main():gmm-acc-mllt.cc:108) Average like for this file is -57.4858 over 53 frames.
LOG (gmm-acc-mllt[5.5.1013~6-d787]:main():gmm-acc-mllt.cc:108) Average like for this file is -63.4394 over 55 frames.
LOG (gmm-acc-mllt[5.5.1013~6-d787]:main():gmm-acc-mllt.cc:108) Average like for this file is -65.0688 over 49 frames.
LOG (gmm-acc-mllt[5.5.1013~6-d787]:main():gmm-acc-mllt.cc:108) Average like for this file is -63.1231 over 44 frames.
LOG (gmm-acc-mllt[5.5.1013~6-d787]:main():gmm-acc-mllt.cc:108) Average like for this file is -60.1816 over 50 frames.
LOG (gmm-acc-mllt[5.5.1013~6-d787]:main():gmm-acc-mllt.cc:108) Average like for this file is -60.4797 over 54 frames.
LOG (gmm-acc-mllt[5.5.1013~6-d787]:main():gmm-acc-mllt.cc:108) Average like for this file is -58.319 over 56 frames.
LOG (gmm-acc-mllt[5.5.1013~6-d787]:main():gmm-acc-mllt.cc:108) Average like for this file is -58.4726 over 53 frames.
LOG (gmm-acc-mllt[5.5.1013~6-d787]:main():gmm-acc-mllt.cc:108) Average like for this file is -56.655 over 55 frames.
LOG (gmm-acc-mllt[5.5.1013~6-d787]:main():gmm-acc-mllt.cc:108) Average like for this file is -59.8666 over 53 frames.
LOG (gmm-acc-mllt[5.5.1013~6-d787]:main():gmm-acc-mllt.cc:114) Avg like per frame so far is -58.6232
LOG (gmm-acc-mllt[5.5.1013~6-d787]:main():gmm-acc-mllt.cc:108) Average like for this file is -60.989 over 41 frames.
LOG (gmm-acc-mllt[5.5.1013~6-d787]:main():gmm-acc-mllt.cc:108) Average like for this file is -58.3396 over 44 frames.
LOG (gmm-acc-mllt[5.5.1013~6-d787]:main():gmm-acc-mllt.cc:108) Average like for this file is -56.6122 over 33 frames.
LOG (gmm-acc-mllt[5.5.1013~6-d787]:main():gmm-acc-mllt.cc:108) Average like for this file is -59.3324 over 36 frames.
LOG (gmm-acc-mllt[5.5.1013~6-d787]:main():gmm-acc-mllt.cc:108) Average like for this file is -61.4552 over 38 frames.
LOG (gmm-acc-mllt[5.5.1013~6-d787]:main():gmm-acc-mllt.cc:108) Average like for this file is -55.1997 over 24 frames.
LOG (gmm-acc-mllt[5.5.1013~6-d787]:main():gmm-acc-mllt.cc:108) Average like for this file is -59.4273 over 39 frames.
LOG (gmm-acc-mllt[5.5.1013~6-d787]:main():gmm-acc-mllt.cc:108) Average like for this file is -58.0056 over 38 frames.
LOG (gmm-acc-mllt[5.5.1013~6-d787]:main():gmm-acc-mllt.cc:108) Average like for this file is -57.4353 over 43 frames.
LOG (gmm-acc-mllt[5.5.1013~6-d787]:main():gmm-acc-mllt.cc:108) Average like for this file is -54.7902 over 40 frames.
LOG (gmm-acc-mllt[5.5.1013~6-d787]:main():gmm-acc-mllt.cc:114) Avg like per frame so far is -58.6139
LOG (gmm-acc-mllt[5.5.1013~6-d787]:main():gmm-acc-mllt.cc:108) Average like for this file is -61.1899 over 45 frames.
LOG (gmm-acc-mllt[5.5.1013~6-d787]:main():gmm-acc-mllt.cc:108) Average like for this file is -55.8603 over 42 frames.
LOG (gmm-acc-mllt[5.5.1013~6-d787]:main():gmm-acc-mllt.cc:108) Average like for this file is -59.8559 over 50 frames.
LOG (gmm-acc-mllt[5.5.1013~6-d787]:main():gmm-acc-mllt.cc:108) Average like for this file is -56.945 over 51 frames.
LOG (gmm-acc-mllt[5.5.1013~6-d787]:main():gmm-acc-mllt.cc:108) Average like for this file is -56.9235 over 53 frames.
LOG (gmm-acc-mllt[5.5.1013~6-d787]:main():gmm-acc-mllt.cc:108) Average like for this file is -60.554 over 51 frames.
LOG (gmm-acc-mllt[5.5.1013~6-d787]:main():gmm-acc-mllt.cc:108) Average like for this file is -57.2432 over 44 frames.
LOG (gmm-acc-mllt[5.5.1013~6-d787]:main():gmm-acc-mllt.cc:108) Average like for this file is -59.4899 over 49 frames.
LOG (gmm-acc-mllt[5.5.1013~6-d787]:main():gmm-acc-mllt.cc:108) Average like for this file is -60.6733 over 36 frames.
LOG (gmm-acc-mllt[5.5.1013~6-d787]:main():gmm-acc-mllt.cc:108) Average like for this file is -56.9967 over 51 frames.
LOG (gmm-acc-mllt[5.5.1013~6-d787]:main():gmm-acc-mllt.cc:114) Avg like per frame so far is -58.6111
LOG (gmm-acc-mllt[5.5.1013~6-d787]:main():gmm-acc-mllt.cc:108) Average like for this file is -55.4909 over 37 frames.
LOG (gmm-acc-mllt[5.5.1013~6-d787]:main():gmm-acc-mllt.cc:108) Average like for this file is -56.3689 over 42 frames.
LOG (gmm-acc-mllt[5.5.1013~6-d787]:main():gmm-acc-mllt.cc:108) Average like for this file is -54.2398 over 45 frames.
LOG (gmm-acc-mllt[5.5.1013~6-d787]:main():gmm-acc-mllt.cc:108) Average like for this file is -56.5781 over 43 frames.
LOG (gmm-acc-mllt[5.5.1013~6-d787]:main():gmm-acc-mllt.cc:108) Average like for this file is -61.21 over 45 frames.
LOG (gmm-acc-mllt[5.5.1013~6-d787]:main():gmm-acc-mllt.cc:108) Average like for this file is -55.6039 over 39 frames.
LOG (gmm-acc-mllt[5.5.1013~6-d787]:main():gmm-acc-mllt.cc:108) Average like for this file is -54.1704 over 39 frames.
LOG (gmm-acc-mllt[5.5.1013~6-d787]:main():gmm-acc-mllt.cc:108) Average like for this file is -57.336 over 38 frames.
LOG (gmm-acc-mllt[5.5.1013~6-d787]:main():gmm-acc-mllt.cc:108) Average like for this file is -55.8926 over 42 frames.
LOG (gmm-acc-mllt[5.5.1013~6-d787]:main():gmm-acc-mllt.cc:108) Average like for this file is -57.0885 over 38 frames.
LOG (gmm-acc-mllt[5.5.1013~6-d787]:main():gmm-acc-mllt.cc:114) Avg like per frame so far is -58.55
LOG (gmm-acc-mllt[5.5.1013~6-d787]:main():gmm-acc-mllt.cc:108) Average like for this file is -55.297 over 44 frames.
LOG (gmm-acc-mllt[5.5.1013~6-d787]:main():gmm-acc-mllt.cc:108) Average like for this file is -57.4542 over 47 frames.
LOG (gmm-acc-mllt[5.5.1013~6-d787]:main():gmm-acc-mllt.cc:108) Average like for this file is -57.7633 over 41 frames.
LOG (gmm-acc-mllt[5.5.1013~6-d787]:main():gmm-acc-mllt.cc:108) Average like for this file is -59.2993 over 46 frames.
LOG (gmm-acc-mllt[5.5.1013~6-d787]:main():gmm-acc-mllt.cc:108) Average like for this file is -57.4118 over 48 frames.
LOG (gmm-acc-mllt[5.5.1013~6-d787]:main():gmm-acc-mllt.cc:108) Average like for this file is -58.5406 over 49 frames.
LOG (gmm-acc-mllt[5.5.1013~6-d787]:main():gmm-acc-mllt.cc:108) Average like for this file is -57.3085 over 41 frames.
LOG (gmm-acc-mllt[5.5.1013~6-d787]:main():gmm-acc-mllt.cc:108) Average like for this file is -57.9757 over 44 frames.
LOG (gmm-acc-mllt[5.5.1013~6-d787]:main():gmm-acc-mllt.cc:108) Average like for this file is -55.9187 over 41 frames.
LOG (gmm-acc-mllt[5.5.1013~6-d787]:main():gmm-acc-mllt.cc:108) Average like for this file is -60.861 over 38 frames.
LOG (gmm-acc-mllt[5.5.1013~6-d787]:main():gmm-acc-mllt.cc:114) Avg like per frame so far is -58.5271
LOG (gmm-acc-mllt[5.5.1013~6-d787]:main():gmm-acc-mllt.cc:108) Average like for this file is -55.7021 over 46 frames.
LOG (gmm-acc-mllt[5.5.1013~6-d787]:main():gmm-acc-mllt.cc:108) Average like for this file is -60.6212 over 43 frames.
LOG (gmm-acc-mllt[5.5.1013~6-d787]:main():gmm-acc-mllt.cc:108) Average like for this file is -58.2467 over 44 frames.
LOG (gmm-acc-mllt[5.5.1013~6-d787]:main():gmm-acc-mllt.cc:108) Average like for this file is -59.434 over 43 frames.
LOG (gmm-acc-mllt[5.5.1013~6-d787]:main():gmm-acc-mllt.cc:108) Average like for this file is -58.5699 over 41 frames.
LOG (gmm-acc-mllt[5.5.1013~6-d787]:main():gmm-acc-mllt.cc:108) Average like for this file is -58.286 over 48 frames.
LOG (gmm-acc-mllt[5.5.1013~6-d787]:main():gmm-acc-mllt.cc:108) Average like for this file is -58.7621 over 46 frames.
LOG (gmm-acc-mllt[5.5.1013~6-d787]:main():gmm-acc-mllt.cc:108) Average like for this file is -57.0283 over 39 frames.
LOG (weight-silence-post[5.5.1013~6-d787]:main():weight-silence-post.cc:95) Done 420 posteriors.
LOG (gmm-acc-mllt[5.5.1013~6-d787]:main():gmm-acc-mllt.cc:108) Average like for this file is -57.0139 over 45 frames.
LOG (gmm-acc-mllt[5.5.1013~6-d787]:main():gmm-acc-mllt.cc:108) Average like for this file is -59.4941 over 46 frames.
LOG (gmm-acc-mllt[5.5.1013~6-d787]:main():gmm-acc-mllt.cc:114) Avg like per frame so far is -58.5209
LOG (gmm-acc-mllt[5.5.1013~6-d787]:main():gmm-acc-mllt.cc:108) Average like for this file is -58.0664 over 50 frames.
LOG (gmm-acc-mllt[5.5.1013~6-d787]:main():gmm-acc-mllt.cc:108) Average like for this file is -60.4856 over 42 frames.
LOG (gmm-acc-mllt[5.5.1013~6-d787]:main():gmm-acc-mllt.cc:108) Average like for this file is -60.1518 over 46 frames.
LOG (gmm-acc-mllt[5.5.1013~6-d787]:main():gmm-acc-mllt.cc:108) Average like for this file is -57.171 over 49 frames.
LOG (gmm-acc-mllt[5.5.1013~6-d787]:main():gmm-acc-mllt.cc:108) Average like for this file is -55.9237 over 47 frames.
LOG (gmm-acc-mllt[5.5.1013~6-d787]:main():gmm-acc-mllt.cc:108) Average like for this file is -58.8863 over 45 frames.
LOG (gmm-acc-mllt[5.5.1013~6-d787]:main():gmm-acc-mllt.cc:108) Average like for this file is -59.7868 over 42 frames.
LOG (gmm-acc-mllt[5.5.1013~6-d787]:main():gmm-acc-mllt.cc:108) Average like for this file is -62.188 over 40 frames.
LOG (gmm-acc-mllt[5.5.1013~6-d787]:main():gmm-acc-mllt.cc:108) Average like for this file is -60.5366 over 333 frames.
LOG (gmm-acc-mllt[5.5.1013~6-d787]:main():gmm-acc-mllt.cc:108) Average like for this file is -59.6022 over 42 frames.
LOG (gmm-acc-mllt[5.5.1013~6-d787]:main():gmm-acc-mllt.cc:114) Avg like per frame so far is -58.5754
LOG (gmm-acc-mllt[5.5.1013~6-d787]:main():gmm-acc-mllt.cc:108) Average like for this file is -57.3889 over 32 frames.
LOG (gmm-acc-mllt[5.5.1013~6-d787]:main():gmm-acc-mllt.cc:108) Average like for this file is -58.7082 over 42 frames.
LOG (gmm-acc-mllt[5.5.1013~6-d787]:main():gmm-acc-mllt.cc:108) Average like for this file is -55.408 over 40 frames.
LOG (gmm-acc-mllt[5.5.1013~6-d787]:main():gmm-acc-mllt.cc:108) Average like for this file is -61.6433 over 30 frames.
LOG (gmm-acc-mllt[5.5.1013~6-d787]:main():gmm-acc-mllt.cc:108) Average like for this file is -59.7865 over 39 frames.
LOG (gmm-acc-mllt[5.5.1013~6-d787]:main():gmm-acc-mllt.cc:108) Average like for this file is -59.1198 over 50 frames.
LOG (gmm-acc-mllt[5.5.1013~6-d787]:main():gmm-acc-mllt.cc:108) Average like for this file is -58.719 over 52 frames.
LOG (gmm-acc-mllt[5.5.1013~6-d787]:main():gmm-acc-mllt.cc:108) Average like for this file is -58.977 over 45 frames.
LOG (gmm-acc-mllt[5.5.1013~6-d787]:main():gmm-acc-mllt.cc:108) Average like for this file is -59.0286 over 44 frames.
LOG (gmm-acc-mllt[5.5.1013~6-d787]:main():gmm-acc-mllt.cc:108) Average like for this file is -59.8228 over 43 frames.
LOG (gmm-acc-mllt[5.5.1013~6-d787]:main():gmm-acc-mllt.cc:114) Avg like per frame so far is -58.5818
LOG (gmm-acc-mllt[5.5.1013~6-d787]:main():gmm-acc-mllt.cc:108) Average like for this file is -57.3601 over 45 frames.
LOG (gmm-acc-mllt[5.5.1013~6-d787]:main():gmm-acc-mllt.cc:108) Average like for this file is -56.0988 over 38 frames.
LOG (gmm-acc-mllt[5.5.1013~6-d787]:main():gmm-acc-mllt.cc:108) Average like for this file is -59.6363 over 92 frames.
LOG (gmm-acc-mllt[5.5.1013~6-d787]:main():gmm-acc-mllt.cc:108) Average like for this file is -56.7571 over 48 frames.
LOG (gmm-acc-mllt[5.5.1013~6-d787]:main():gmm-acc-mllt.cc:108) Average like for this file is -57.6531 over 50 frames.
LOG (gmm-acc-mllt[5.5.1013~6-d787]:main():gmm-acc-mllt.cc:108) Average like for this file is -58.2038 over 45 frames.
LOG (gmm-acc-mllt[5.5.1013~6-d787]:main():gmm-acc-mllt.cc:108) Average like for this file is -58.7442 over 28 frames.
LOG (gmm-acc-mllt[5.5.1013~6-d787]:main():gmm-acc-mllt.cc:108) Average like for this file is -55.8271 over 32 frames.
LOG (gmm-acc-mllt[5.5.1013~6-d787]:main():gmm-acc-mllt.cc:108) Average like for this file is -59.5703 over 42 frames.
LOG (gmm-acc-mllt[5.5.1013~6-d787]:main():gmm-acc-mllt.cc:108) Average like for this file is -56.0062 over 35 frames.
LOG (gmm-acc-mllt[5.5.1013~6-d787]:main():gmm-acc-mllt.cc:114) Avg like per frame so far is -58.5621
LOG (gmm-acc-mllt[5.5.1013~6-d787]:main():gmm-acc-mllt.cc:108) Average like for this file is -57.2645 over 69 frames.
LOG (gmm-acc-mllt[5.5.1013~6-d787]:main():gmm-acc-mllt.cc:108) Average like for this file is -57.1648 over 44 frames.
LOG (gmm-acc-mllt[5.5.1013~6-d787]:main():gmm-acc-mllt.cc:108) Average like for this file is -55.1753 over 59 frames.
LOG (gmm-acc-mllt[5.5.1013~6-d787]:main():gmm-acc-mllt.cc:108) Average like for this file is -58.3739 over 60 frames.
LOG (gmm-acc-mllt[5.5.1013~6-d787]:main():gmm-acc-mllt.cc:108) Average like for this file is -56.7516 over 59 frames.
LOG (gmm-acc-mllt[5.5.1013~6-d787]:main():gmm-acc-mllt.cc:108) Average like for this file is -59.4025 over 49 frames.
LOG (gmm-acc-mllt[5.5.1013~6-d787]:main():gmm-acc-mllt.cc:108) Average like for this file is -60.3898 over 35 frames.
LOG (gmm-acc-mllt[5.5.1013~6-d787]:main():gmm-acc-mllt.cc:108) Average like for this file is -62.349 over 47 frames.
LOG (gmm-acc-mllt[5.5.1013~6-d787]:main():gmm-acc-mllt.cc:108) Average like for this file is -62.4016 over 40 frames.
LOG (gmm-acc-mllt[5.5.1013~6-d787]:main():gmm-acc-mllt.cc:108) Average like for this file is -62.0931 over 36 frames.
LOG (gmm-acc-mllt[5.5.1013~6-d787]:main():gmm-acc-mllt.cc:114) Avg like per frame so far is -58.5675
LOG (gmm-acc-mllt[5.5.1013~6-d787]:main():gmm-acc-mllt.cc:108) Average like for this file is -54.363 over 44 frames.
LOG (gmm-acc-mllt[5.5.1013~6-d787]:main():gmm-acc-mllt.cc:108) Average like for this file is -54.7081 over 38 frames.
LOG (gmm-acc-mllt[5.5.1013~6-d787]:main():gmm-acc-mllt.cc:108) Average like for this file is -55.7784 over 32 frames.
LOG (gmm-acc-mllt[5.5.1013~6-d787]:main():gmm-acc-mllt.cc:108) Average like for this file is -58.5897 over 36 frames.
LOG (gmm-acc-mllt[5.5.1013~6-d787]:main():gmm-acc-mllt.cc:108) Average like for this file is -56.3643 over 32 frames.
LOG (gmm-acc-mllt[5.5.1013~6-d787]:main():gmm-acc-mllt.cc:108) Average like for this file is -56.8524 over 48 frames.
LOG (gmm-acc-mllt[5.5.1013~6-d787]:main():gmm-acc-mllt.cc:108) Average like for this file is -59.8174 over 38 frames.
LOG (gmm-acc-mllt[5.5.1013~6-d787]:main():gmm-acc-mllt.cc:108) Average like for this file is -55.132 over 43 frames.
LOG (gmm-acc-mllt[5.5.1013~6-d787]:main():gmm-acc-mllt.cc:108) Average like for this file is -53.4779 over 46 frames.
LOG (gmm-acc-mllt[5.5.1013~6-d787]:main():gmm-acc-mllt.cc:108) Average like for this file is -53.9189 over 44 frames.
LOG (gmm-acc-mllt[5.5.1013~6-d787]:main():gmm-acc-mllt.cc:114) Avg like per frame so far is -58.5055
LOG (gmm-acc-mllt[5.5.1013~6-d787]:main():gmm-acc-mllt.cc:108) Average like for this file is -55.3038 over 48 frames.
LOG (gmm-acc-mllt[5.5.1013~6-d787]:main():gmm-acc-mllt.cc:108) Average like for this file is -56.0495 over 53 frames.
LOG (gmm-acc-mllt[5.5.1013~6-d787]:main():gmm-acc-mllt.cc:108) Average like for this file is -56.1633 over 49 frames.
LOG (gmm-acc-mllt[5.5.1013~6-d787]:main():gmm-acc-mllt.cc:108) Average like for this file is -57.9968 over 44 frames.
LOG (gmm-acc-mllt[5.5.1013~6-d787]:main():gmm-acc-mllt.cc:108) Average like for this file is -59.4842 over 53 frames.
LOG (gmm-acc-mllt[5.5.1013~6-d787]:main():gmm-acc-mllt.cc:108) Average like for this file is -57.7621 over 36 frames.
LOG (gmm-acc-mllt[5.5.1013~6-d787]:main():gmm-acc-mllt.cc:108) Average like for this file is -58.9118 over 40 frames.
LOG (gmm-acc-mllt[5.5.1013~6-d787]:main():gmm-acc-mllt.cc:108) Average like for this file is -59.1831 over 47 frames.
LOG (gmm-acc-mllt[5.5.1013~6-d787]:main():gmm-acc-mllt.cc:108) Average like for this file is -61.4807 over 38 frames.
LOG (gmm-acc-mllt[5.5.1013~6-d787]:main():gmm-acc-mllt.cc:108) Average like for this file is -56.4939 over 42 frames.
LOG (gmm-acc-mllt[5.5.1013~6-d787]:main():gmm-acc-mllt.cc:114) Avg like per frame so far is -58.4881
LOG (gmm-acc-mllt[5.5.1013~6-d787]:main():gmm-acc-mllt.cc:108) Average like for this file is -56.2838 over 47 frames.
LOG (gmm-acc-mllt[5.5.1013~6-d787]:main():gmm-acc-mllt.cc:108) Average like for this file is -56.5595 over 52 frames.
LOG (gmm-acc-mllt[5.5.1013~6-d787]:main():gmm-acc-mllt.cc:108) Average like for this file is -55.9064 over 52 frames.
LOG (gmm-acc-mllt[5.5.1013~6-d787]:main():gmm-acc-mllt.cc:108) Average like for this file is -59.2072 over 45 frames.
LOG (gmm-acc-mllt[5.5.1013~6-d787]:main():gmm-acc-mllt.cc:108) Average like for this file is -62.2104 over 41 frames.
LOG (gmm-acc-mllt[5.5.1013~6-d787]:main():gmm-acc-mllt.cc:108) Average like for this file is -57.1604 over 44 frames.
LOG (gmm-acc-mllt[5.5.1013~6-d787]:main():gmm-acc-mllt.cc:108) Average like for this file is -60.0749 over 51 frames.
LOG (gmm-acc-mllt[5.5.1013~6-d787]:main():gmm-acc-mllt.cc:108) Average like for this file is -58.396 over 41 frames.
LOG (gmm-acc-mllt[5.5.1013~6-d787]:main():gmm-acc-mllt.cc:108) Average like for this file is -55.7182 over 44 frames.
LOG (gmm-acc-mllt[5.5.1013~6-d787]:main():gmm-acc-mllt.cc:108) Average like for this file is -56.0517 over 53 frames.
LOG (gmm-acc-mllt[5.5.1013~6-d787]:main():gmm-acc-mllt.cc:114) Avg like per frame so far is -58.4677
LOG (gmm-acc-mllt[5.5.1013~6-d787]:main():gmm-acc-mllt.cc:108) Average like for this file is -55.8676 over 53 frames.
LOG (gmm-acc-mllt[5.5.1013~6-d787]:main():gmm-acc-mllt.cc:108) Average like for this file is -56.1602 over 55 frames.
LOG (gmm-acc-mllt[5.5.1013~6-d787]:main():gmm-acc-mllt.cc:108) Average like for this file is -57.541 over 48 frames.
LOG (gmm-acc-mllt[5.5.1013~6-d787]:main():gmm-acc-mllt.cc:108) Average like for this file is -58.1157 over 49 frames.
LOG (gmm-acc-mllt[5.5.1013~6-d787]:main():gmm-acc-mllt.cc:108) Average like for this file is -57.7436 over 60 frames.
LOG (gmm-acc-mllt[5.5.1013~6-d787]:main():gmm-acc-mllt.cc:108) Average like for this file is -60.2097 over 51 frames.
LOG (gmm-acc-mllt[5.5.1013~6-d787]:main():gmm-acc-mllt.cc:108) Average like for this file is -61.2008 over 51 frames.
LOG (gmm-acc-mllt[5.5.1013~6-d787]:main():gmm-acc-mllt.cc:108) Average like for this file is -57.126 over 50 frames.
LOG (apply-cmvn[5.5.1013~6-d787]:main():apply-cmvn.cc:162) Applied cepstral mean normalization to 420 utterances, errors on 0
LOG (gmm-acc-mllt[5.5.1013~6-d787]:main():gmm-acc-mllt.cc:108) Average like for this file is -60.095 over 47 frames.
LOG (gmm-acc-mllt[5.5.1013~6-d787]:main():gmm-acc-mllt.cc:108) Average like for this file is -58.7536 over 52 frames.
LOG (gmm-acc-mllt[5.5.1013~6-d787]:main():gmm-acc-mllt.cc:114) Avg like per frame so far is -58.4616
LOG (gmm-acc-mllt[5.5.1013~6-d787]:main():gmm-acc-mllt.cc:108) Average like for this file is -58.1473 over 36 frames.
LOG (gmm-acc-mllt[5.5.1013~6-d787]:main():gmm-acc-mllt.cc:108) Average like for this file is -55.7865 over 44 frames.
LOG (gmm-acc-mllt[5.5.1013~6-d787]:main():gmm-acc-mllt.cc:108) Average like for this file is -57.6076 over 35 frames.
LOG (gmm-acc-mllt[5.5.1013~6-d787]:main():gmm-acc-mllt.cc:108) Average like for this file is -56.041 over 42 frames.
LOG (gmm-acc-mllt[5.5.1013~6-d787]:main():gmm-acc-mllt.cc:108) Average like for this file is -56.089 over 42 frames.
LOG (gmm-acc-mllt[5.5.1013~6-d787]:main():gmm-acc-mllt.cc:108) Average like for this file is -58.4626 over 57 frames.
LOG (gmm-acc-mllt[5.5.1013~6-d787]:main():gmm-acc-mllt.cc:108) Average like for this file is -63.1355 over 49 frames.
LOG (gmm-acc-mllt[5.5.1013~6-d787]:main():gmm-acc-mllt.cc:108) Average like for this file is -58.1597 over 44 frames.
LOG (transform-feats[5.5.1013~6-d787]:main():transform-feats.cc:158) Overall average [pseudo-]logdet is -17.4158 over 26233 frames.
LOG (transform-feats[5.5.1013~6-d787]:main():transform-feats.cc:161) Applied transform to 420 utterances; 0 had errors.
LOG (gmm-acc-mllt[5.5.1013~6-d787]:main():gmm-acc-mllt.cc:108) Average like for this file is -56.7577 over 57 frames.
LOG (gmm-acc-mllt[5.5.1013~6-d787]:main():gmm-acc-mllt.cc:108) Average like for this file is -62.5237 over 39 frames.
LOG (gmm-acc-mllt[5.5.1013~6-d787]:main():gmm-acc-mllt.cc:114) Avg like per frame so far is -58.4574
LOG (gmm-acc-mllt[5.5.1013~6-d787]:main():gmm-acc-mllt.cc:119) Done 420 files, 0 with no posteriors, 0 with other errors.
LOG (gmm-acc-mllt[5.5.1013~6-d787]:main():gmm-acc-mllt.cc:123) Overall avg like per frame (Gaussian only) = -58.4574 over 19802 frames.
LOG (gmm-acc-mllt[5.5.1013~6-d787]:main():gmm-acc-mllt.cc:127) Written accs.
# Accounting: time=1 threads=1
# Ended (code 0) at Fri Apr 22 16:26:57 CDT 2022, elapsed time 1 seconds
