# ali-to-post "ark:gunzip -c exp/tri3a/ali.1.gz|" ark:- | weight-silence-post 0.0 1:2:3:4:5:6:7:8:9:10 exp/tri3a/2.mdl ark:- ark:- | gmm-acc-mllt --rand-prune=4.0 exp/tri3a/2.mdl "ark,s,cs:apply-cmvn  --utt2spk=ark:data/train/split1/1/utt2spk scp:data/train/split1/1/cmvn.scp scp:data/train/split1/1/feats.scp ark:- | splice-feats  ark:- ark:- | transform-feats exp/tri3a/0.mat ark:- ark:- |" ark,s,o,cs:- exp/tri3a/2.1.macc 
# Started at Fri Apr 22 18:09:12 CDT 2022
#
ali-to-post 'ark:gunzip -c exp/tri3a/ali.1.gz|' ark:- 
weight-silence-post 0.0 1:2:3:4:5:6:7:8:9:10 exp/tri3a/2.mdl ark:- ark:- 
gmm-acc-mllt --rand-prune=4.0 exp/tri3a/2.mdl 'ark,s,cs:apply-cmvn  --utt2spk=ark:data/train/split1/1/utt2spk scp:data/train/split1/1/cmvn.scp scp:data/train/split1/1/feats.scp ark:- | splice-feats  ark:- ark:- | transform-feats exp/tri3a/0.mat ark:- ark:- |' ark,s,o,cs:- exp/tri3a/2.1.macc 
apply-cmvn --utt2spk=ark:data/train/split1/1/utt2spk scp:data/train/split1/1/cmvn.scp scp:data/train/split1/1/feats.scp ark:- 
splice-feats ark:- ark:- 
transform-feats exp/tri3a/0.mat ark:- ark:- 
LOG (gmm-acc-mllt[5.5.1013~6-d787]:main():gmm-acc-mllt.cc:108) Average like for this file is -57.0486 over 50 frames.
LOG (gmm-acc-mllt[5.5.1013~6-d787]:main():gmm-acc-mllt.cc:108) Average like for this file is -57.971 over 48 frames.
LOG (gmm-acc-mllt[5.5.1013~6-d787]:main():gmm-acc-mllt.cc:108) Average like for this file is -57.9893 over 47 frames.
LOG (gmm-acc-mllt[5.5.1013~6-d787]:main():gmm-acc-mllt.cc:108) Average like for this file is -55.3242 over 40 frames.
LOG (gmm-acc-mllt[5.5.1013~6-d787]:main():gmm-acc-mllt.cc:108) Average like for this file is -59.9823 over 53 frames.
LOG (gmm-acc-mllt[5.5.1013~6-d787]:main():gmm-acc-mllt.cc:108) Average like for this file is -55.8585 over 51 frames.
LOG (gmm-acc-mllt[5.5.1013~6-d787]:main():gmm-acc-mllt.cc:108) Average like for this file is -56.9661 over 52 frames.
LOG (gmm-acc-mllt[5.5.1013~6-d787]:main():gmm-acc-mllt.cc:108) Average like for this file is -56.8552 over 54 frames.
LOG (gmm-acc-mllt[5.5.1013~6-d787]:main():gmm-acc-mllt.cc:108) Average like for this file is -63.8153 over 35 frames.
LOG (gmm-acc-mllt[5.5.1013~6-d787]:main():gmm-acc-mllt.cc:108) Average like for this file is -53.6114 over 50 frames.
LOG (gmm-acc-mllt[5.5.1013~6-d787]:main():gmm-acc-mllt.cc:114) Avg like per frame so far is -57.3914
LOG (gmm-acc-mllt[5.5.1013~6-d787]:main():gmm-acc-mllt.cc:108) Average like for this file is -56.2505 over 47 frames.
LOG (gmm-acc-mllt[5.5.1013~6-d787]:main():gmm-acc-mllt.cc:108) Average like for this file is -56.3557 over 47 frames.
LOG (gmm-acc-mllt[5.5.1013~6-d787]:main():gmm-acc-mllt.cc:108) Average like for this file is -52.391 over 42 frames.
LOG (gmm-acc-mllt[5.5.1013~6-d787]:main():gmm-acc-mllt.cc:108) Average like for this file is -55.4576 over 37 frames.
LOG (gmm-acc-mllt[5.5.1013~6-d787]:main():gmm-acc-mllt.cc:108) Average like for this file is -54.2472 over 53 frames.
LOG (gmm-acc-mllt[5.5.1013~6-d787]:main():gmm-acc-mllt.cc:108) Average like for this file is -56.7736 over 36 frames.
LOG (gmm-acc-mllt[5.5.1013~6-d787]:main():gmm-acc-mllt.cc:108) Average like for this file is -56.0979 over 33 frames.
LOG (gmm-acc-mllt[5.5.1013~6-d787]:main():gmm-acc-mllt.cc:108) Average like for this file is -59.7934 over 31 frames.
LOG (gmm-acc-mllt[5.5.1013~6-d787]:main():gmm-acc-mllt.cc:108) Average like for this file is -54.3374 over 48 frames.
LOG (gmm-acc-mllt[5.5.1013~6-d787]:main():gmm-acc-mllt.cc:108) Average like for this file is -57.6298 over 41 frames.
LOG (gmm-acc-mllt[5.5.1013~6-d787]:main():gmm-acc-mllt.cc:114) Avg like per frame so far is -56.6341
LOG (gmm-acc-mllt[5.5.1013~6-d787]:main():gmm-acc-mllt.cc:108) Average like for this file is -57.2577 over 58 frames.
LOG (gmm-acc-mllt[5.5.1013~6-d787]:main():gmm-acc-mllt.cc:108) Average like for this file is -56.9373 over 48 frames.
LOG (gmm-acc-mllt[5.5.1013~6-d787]:main():gmm-acc-mllt.cc:108) Average like for this file is -57.1903 over 61 frames.
LOG (gmm-acc-mllt[5.5.1013~6-d787]:main():gmm-acc-mllt.cc:108) Average like for this file is -55.4594 over 60 frames.
LOG (gmm-acc-mllt[5.5.1013~6-d787]:main():gmm-acc-mllt.cc:108) Average like for this file is -54.5246 over 68 frames.
LOG (gmm-acc-mllt[5.5.1013~6-d787]:main():gmm-acc-mllt.cc:108) Average like for this file is -57.81 over 49 frames.
LOG (gmm-acc-mllt[5.5.1013~6-d787]:main():gmm-acc-mllt.cc:108) Average like for this file is -55.5909 over 58 frames.
LOG (gmm-acc-mllt[5.5.1013~6-d787]:main():gmm-acc-mllt.cc:108) Average like for this file is -63.4496 over 56 frames.
LOG (gmm-acc-mllt[5.5.1013~6-d787]:main():gmm-acc-mllt.cc:108) Average like for this file is -61.4574 over 56 frames.
LOG (gmm-acc-mllt[5.5.1013~6-d787]:main():gmm-acc-mllt.cc:108) Average like for this file is -57.5984 over 58 frames.
LOG (gmm-acc-mllt[5.5.1013~6-d787]:main():gmm-acc-mllt.cc:114) Avg like per frame so far is -57.0264
LOG (gmm-acc-mllt[5.5.1013~6-d787]:main():gmm-acc-mllt.cc:108) Average like for this file is -62.0826 over 44 frames.
LOG (gmm-acc-mllt[5.5.1013~6-d787]:main():gmm-acc-mllt.cc:108) Average like for this file is -60.282 over 59 frames.
LOG (gmm-acc-mllt[5.5.1013~6-d787]:main():gmm-acc-mllt.cc:108) Average like for this file is -56.0381 over 52 frames.
LOG (gmm-acc-mllt[5.5.1013~6-d787]:main():gmm-acc-mllt.cc:108) Average like for this file is -60.1928 over 44 frames.
LOG (gmm-acc-mllt[5.5.1013~6-d787]:main():gmm-acc-mllt.cc:108) Average like for this file is -56.1481 over 58 frames.
LOG (gmm-acc-mllt[5.5.1013~6-d787]:main():gmm-acc-mllt.cc:108) Average like for this file is -57.449 over 46 frames.
LOG (gmm-acc-mllt[5.5.1013~6-d787]:main():gmm-acc-mllt.cc:108) Average like for this file is -76.2451 over 31 frames.
LOG (gmm-acc-mllt[5.5.1013~6-d787]:main():gmm-acc-mllt.cc:108) Average like for this file is -58.5606 over 47 frames.
LOG (gmm-acc-mllt[5.5.1013~6-d787]:main():gmm-acc-mllt.cc:108) Average like for this file is -59.0337 over 45 frames.
LOG (gmm-acc-mllt[5.5.1013~6-d787]:main():gmm-acc-mllt.cc:108) Average like for this file is -59.8559 over 40 frames.
LOG (gmm-acc-mllt[5.5.1013~6-d787]:main():gmm-acc-mllt.cc:114) Avg like per frame so far is -57.7209
LOG (gmm-acc-mllt[5.5.1013~6-d787]:main():gmm-acc-mllt.cc:108) Average like for this file is -55.3241 over 41 frames.
LOG (gmm-acc-mllt[5.5.1013~6-d787]:main():gmm-acc-mllt.cc:108) Average like for this file is -58.5114 over 30 frames.
LOG (gmm-acc-mllt[5.5.1013~6-d787]:main():gmm-acc-mllt.cc:108) Average like for this file is -52.4115 over 56 frames.
LOG (gmm-acc-mllt[5.5.1013~6-d787]:main():gmm-acc-mllt.cc:108) Average like for this file is -54.2828 over 54 frames.
LOG (gmm-acc-mllt[5.5.1013~6-d787]:main():gmm-acc-mllt.cc:108) Average like for this file is -54.5286 over 37 frames.
LOG (gmm-acc-mllt[5.5.1013~6-d787]:main():gmm-acc-mllt.cc:108) Average like for this file is -53.7361 over 50 frames.
LOG (gmm-acc-mllt[5.5.1013~6-d787]:main():gmm-acc-mllt.cc:108) Average like for this file is -59.0007 over 43 frames.
LOG (gmm-acc-mllt[5.5.1013~6-d787]:main():gmm-acc-mllt.cc:108) Average like for this file is -55.9841 over 32 frames.
LOG (gmm-acc-mllt[5.5.1013~6-d787]:main():gmm-acc-mllt.cc:108) Average like for this file is -52.4417 over 52 frames.
LOG (gmm-acc-mllt[5.5.1013~6-d787]:main():gmm-acc-mllt.cc:108) Average like for this file is -56.9526 over 37 frames.
LOG (gmm-acc-mllt[5.5.1013~6-d787]:main():gmm-acc-mllt.cc:114) Avg like per frame so far is -57.2226
LOG (gmm-acc-mllt[5.5.1013~6-d787]:main():gmm-acc-mllt.cc:108) Average like for this file is -56.1078 over 36 frames.
LOG (gmm-acc-mllt[5.5.1013~6-d787]:main():gmm-acc-mllt.cc:108) Average like for this file is -57.6953 over 32 frames.
LOG (gmm-acc-mllt[5.5.1013~6-d787]:main():gmm-acc-mllt.cc:108) Average like for this file is -53.2812 over 45 frames.
LOG (gmm-acc-mllt[5.5.1013~6-d787]:main():gmm-acc-mllt.cc:108) Average like for this file is -54.2271 over 39 frames.
LOG (gmm-acc-mllt[5.5.1013~6-d787]:main():gmm-acc-mllt.cc:108) Average like for this file is -49.9186 over 64 frames.
LOG (gmm-acc-mllt[5.5.1013~6-d787]:main():gmm-acc-mllt.cc:108) Average like for this file is -52.0361 over 45 frames.
LOG (gmm-acc-mllt[5.5.1013~6-d787]:main():gmm-acc-mllt.cc:108) Average like for this file is -54.7372 over 30 frames.
LOG (gmm-acc-mllt[5.5.1013~6-d787]:main():gmm-acc-mllt.cc:108) Average like for this file is -55.8778 over 37 frames.
LOG (gmm-acc-mllt[5.5.1013~6-d787]:main():gmm-acc-mllt.cc:108) Average like for this file is -51.0805 over 41 frames.
LOG (gmm-acc-mllt[5.5.1013~6-d787]:main():gmm-acc-mllt.cc:108) Average like for this file is -52.2178 over 46 frames.
LOG (gmm-acc-mllt[5.5.1013~6-d787]:main():gmm-acc-mllt.cc:114) Avg like per frame so far is -56.6376
LOG (gmm-acc-mllt[5.5.1013~6-d787]:main():gmm-acc-mllt.cc:108) Average like for this file is -55.8084 over 44 frames.
LOG (gmm-acc-mllt[5.5.1013~6-d787]:main():gmm-acc-mllt.cc:108) Average like for this file is -58.1626 over 47 frames.
LOG (gmm-acc-mllt[5.5.1013~6-d787]:main():gmm-acc-mllt.cc:108) Average like for this file is -54.7218 over 57 frames.
LOG (gmm-acc-mllt[5.5.1013~6-d787]:main():gmm-acc-mllt.cc:108) Average like for this file is -51.4768 over 56 frames.
LOG (gmm-acc-mllt[5.5.1013~6-d787]:main():gmm-acc-mllt.cc:108) Average like for this file is -58.0525 over 57 frames.
LOG (gmm-acc-mllt[5.5.1013~6-d787]:main():gmm-acc-mllt.cc:108) Average like for this file is -57.8296 over 54 frames.
LOG (gmm-acc-mllt[5.5.1013~6-d787]:main():gmm-acc-mllt.cc:108) Average like for this file is -61.4935 over 54 frames.
LOG (gmm-acc-mllt[5.5.1013~6-d787]:main():gmm-acc-mllt.cc:108) Average like for this file is -55.2525 over 48 frames.
LOG (gmm-acc-mllt[5.5.1013~6-d787]:main():gmm-acc-mllt.cc:108) Average like for this file is -59.8298 over 44 frames.
LOG (gmm-acc-mllt[5.5.1013~6-d787]:main():gmm-acc-mllt.cc:108) Average like for this file is -53.879 over 61 frames.
LOG (gmm-acc-mllt[5.5.1013~6-d787]:main():gmm-acc-mllt.cc:114) Avg like per frame so far is -56.6224
LOG (gmm-acc-mllt[5.5.1013~6-d787]:main():gmm-acc-mllt.cc:108) Average like for this file is -57.8668 over 45 frames.
LOG (gmm-acc-mllt[5.5.1013~6-d787]:main():gmm-acc-mllt.cc:108) Average like for this file is -58.634 over 42 frames.
LOG (gmm-acc-mllt[5.5.1013~6-d787]:main():gmm-acc-mllt.cc:108) Average like for this file is -58.1339 over 37 frames.
LOG (gmm-acc-mllt[5.5.1013~6-d787]:main():gmm-acc-mllt.cc:108) Average like for this file is -60.756 over 37 frames.
LOG (gmm-acc-mllt[5.5.1013~6-d787]:main():gmm-acc-mllt.cc:108) Average like for this file is -57.3918 over 39 frames.
LOG (gmm-acc-mllt[5.5.1013~6-d787]:main():gmm-acc-mllt.cc:108) Average like for this file is -60.06 over 48 frames.
LOG (gmm-acc-mllt[5.5.1013~6-d787]:main():gmm-acc-mllt.cc:108) Average like for this file is -58.8607 over 49 frames.
LOG (gmm-acc-mllt[5.5.1013~6-d787]:main():gmm-acc-mllt.cc:108) Average like for this file is -57.4041 over 49 frames.
LOG (gmm-acc-mllt[5.5.1013~6-d787]:main():gmm-acc-mllt.cc:108) Average like for this file is -61.4071 over 45 frames.
LOG (gmm-acc-mllt[5.5.1013~6-d787]:main():gmm-acc-mllt.cc:108) Average like for this file is -58.0942 over 51 frames.
LOG (gmm-acc-mllt[5.5.1013~6-d787]:main():gmm-acc-mllt.cc:114) Avg like per frame so far is -56.8849
LOG (gmm-acc-mllt[5.5.1013~6-d787]:main():gmm-acc-mllt.cc:108) Average like for this file is -57.4062 over 47 frames.
LOG (gmm-acc-mllt[5.5.1013~6-d787]:main():gmm-acc-mllt.cc:108) Average like for this file is -59.2182 over 44 frames.
LOG (gmm-acc-mllt[5.5.1013~6-d787]:main():gmm-acc-mllt.cc:108) Average like for this file is -54.9218 over 53 frames.
LOG (gmm-acc-mllt[5.5.1013~6-d787]:main():gmm-acc-mllt.cc:108) Average like for this file is -66.5666 over 24 frames.
LOG (gmm-acc-mllt[5.5.1013~6-d787]:main():gmm-acc-mllt.cc:108) Average like for this file is -55.7428 over 48 frames.
LOG (gmm-acc-mllt[5.5.1013~6-d787]:main():gmm-acc-mllt.cc:108) Average like for this file is -55.4365 over 55 frames.
LOG (gmm-acc-mllt[5.5.1013~6-d787]:main():gmm-acc-mllt.cc:108) Average like for this file is -65.5686 over 49 frames.
LOG (gmm-acc-mllt[5.5.1013~6-d787]:main():gmm-acc-mllt.cc:108) Average like for this file is -58.2807 over 71 frames.
LOG (gmm-acc-mllt[5.5.1013~6-d787]:main():gmm-acc-mllt.cc:108) Average like for this file is -53.9602 over 50 frames.
LOG (gmm-acc-mllt[5.5.1013~6-d787]:main():gmm-acc-mllt.cc:108) Average like for this file is -56.6037 over 56 frames.
LOG (gmm-acc-mllt[5.5.1013~6-d787]:main():gmm-acc-mllt.cc:114) Avg like per frame so far is -56.9989
LOG (gmm-acc-mllt[5.5.1013~6-d787]:main():gmm-acc-mllt.cc:108) Average like for this file is -58.2233 over 52 frames.
LOG (gmm-acc-mllt[5.5.1013~6-d787]:main():gmm-acc-mllt.cc:108) Average like for this file is -66.9829 over 51 frames.
LOG (gmm-acc-mllt[5.5.1013~6-d787]:main():gmm-acc-mllt.cc:108) Average like for this file is -62.9866 over 35 frames.
LOG (gmm-acc-mllt[5.5.1013~6-d787]:main():gmm-acc-mllt.cc:108) Average like for this file is -57.1197 over 35 frames.
LOG (gmm-acc-mllt[5.5.1013~6-d787]:main():gmm-acc-mllt.cc:108) Average like for this file is -56.5398 over 52 frames.
LOG (gmm-acc-mllt[5.5.1013~6-d787]:main():gmm-acc-mllt.cc:108) Average like for this file is -56.4219 over 40 frames.
LOG (gmm-acc-mllt[5.5.1013~6-d787]:main():gmm-acc-mllt.cc:108) Average like for this file is -55.9351 over 50 frames.
LOG (gmm-acc-mllt[5.5.1013~6-d787]:main():gmm-acc-mllt.cc:108) Average like for this file is -57.9793 over 41 frames.
LOG (gmm-acc-mllt[5.5.1013~6-d787]:main():gmm-acc-mllt.cc:108) Average like for this file is -56.026 over 52 frames.
LOG (gmm-acc-mllt[5.5.1013~6-d787]:main():gmm-acc-mllt.cc:108) Average like for this file is -64.5689 over 35 frames.
LOG (gmm-acc-mllt[5.5.1013~6-d787]:main():gmm-acc-mllt.cc:114) Avg like per frame so far is -57.1998
LOG (gmm-acc-mllt[5.5.1013~6-d787]:main():gmm-acc-mllt.cc:108) Average like for this file is -56.2159 over 60 frames.
LOG (gmm-acc-mllt[5.5.1013~6-d787]:main():gmm-acc-mllt.cc:108) Average like for this file is -56.0578 over 64 frames.
LOG (gmm-acc-mllt[5.5.1013~6-d787]:main():gmm-acc-mllt.cc:108) Average like for this file is -58.8807 over 58 frames.
LOG (gmm-acc-mllt[5.5.1013~6-d787]:main():gmm-acc-mllt.cc:108) Average like for this file is -69.1354 over 45 frames.
LOG (gmm-acc-mllt[5.5.1013~6-d787]:main():gmm-acc-mllt.cc:108) Average like for this file is -59.0825 over 45 frames.
LOG (gmm-acc-mllt[5.5.1013~6-d787]:main():gmm-acc-mllt.cc:108) Average like for this file is -59.7305 over 59 frames.
LOG (gmm-acc-mllt[5.5.1013~6-d787]:main():gmm-acc-mllt.cc:108) Average like for this file is -58.8415 over 57 frames.
LOG (gmm-acc-mllt[5.5.1013~6-d787]:main():gmm-acc-mllt.cc:108) Average like for this file is -57.3262 over 60 frames.
LOG (gmm-acc-mllt[5.5.1013~6-d787]:main():gmm-acc-mllt.cc:108) Average like for this file is -58.5245 over 53 frames.
LOG (gmm-acc-mllt[5.5.1013~6-d787]:main():gmm-acc-mllt.cc:108) Average like for this file is -58.1912 over 61 frames.
LOG (gmm-acc-mllt[5.5.1013~6-d787]:main():gmm-acc-mllt.cc:114) Avg like per frame so far is -57.3844
LOG (gmm-acc-mllt[5.5.1013~6-d787]:main():gmm-acc-mllt.cc:108) Average like for this file is -57.0133 over 56 frames.
LOG (gmm-acc-mllt[5.5.1013~6-d787]:main():gmm-acc-mllt.cc:108) Average like for this file is -57.5584 over 47 frames.
LOG (gmm-acc-mllt[5.5.1013~6-d787]:main():gmm-acc-mllt.cc:108) Average like for this file is -58.1501 over 43 frames.
LOG (gmm-acc-mllt[5.5.1013~6-d787]:main():gmm-acc-mllt.cc:108) Average like for this file is -59.2295 over 49 frames.
LOG (gmm-acc-mllt[5.5.1013~6-d787]:main():gmm-acc-mllt.cc:108) Average like for this file is -62.6267 over 45 frames.
LOG (gmm-acc-mllt[5.5.1013~6-d787]:main():gmm-acc-mllt.cc:108) Average like for this file is -58.9701 over 45 frames.
LOG (gmm-acc-mllt[5.5.1013~6-d787]:main():gmm-acc-mllt.cc:108) Average like for this file is -57.7562 over 54 frames.
LOG (gmm-acc-mllt[5.5.1013~6-d787]:main():gmm-acc-mllt.cc:108) Average like for this file is -60.5347 over 47 frames.
LOG (gmm-acc-mllt[5.5.1013~6-d787]:main():gmm-acc-mllt.cc:108) Average like for this file is -58.5381 over 35 frames.
LOG (gmm-acc-mllt[5.5.1013~6-d787]:main():gmm-acc-mllt.cc:108) Average like for this file is -61.0241 over 51 frames.
LOG (gmm-acc-mllt[5.5.1013~6-d787]:main():gmm-acc-mllt.cc:114) Avg like per frame so far is -57.5264
LOG (gmm-acc-mllt[5.5.1013~6-d787]:main():gmm-acc-mllt.cc:108) Average like for this file is -59.089 over 48 frames.
LOG (gmm-acc-mllt[5.5.1013~6-d787]:main():gmm-acc-mllt.cc:108) Average like for this file is -56.63 over 39 frames.
LOG (gmm-acc-mllt[5.5.1013~6-d787]:main():gmm-acc-mllt.cc:108) Average like for this file is -62.7597 over 30 frames.
LOG (gmm-acc-mllt[5.5.1013~6-d787]:main():gmm-acc-mllt.cc:108) Average like for this file is -59.1687 over 36 frames.
LOG (gmm-acc-mllt[5.5.1013~6-d787]:main():gmm-acc-mllt.cc:108) Average like for this file is -58.4132 over 44 frames.
LOG (gmm-acc-mllt[5.5.1013~6-d787]:main():gmm-acc-mllt.cc:108) Average like for this file is -60.5841 over 33 frames.
LOG (gmm-acc-mllt[5.5.1013~6-d787]:main():gmm-acc-mllt.cc:108) Average like for this file is -57.6378 over 33 frames.
LOG (gmm-acc-mllt[5.5.1013~6-d787]:main():gmm-acc-mllt.cc:108) Average like for this file is -58.2433 over 36 frames.
LOG (gmm-acc-mllt[5.5.1013~6-d787]:main():gmm-acc-mllt.cc:108) Average like for this file is -57.2376 over 36 frames.
LOG (gmm-acc-mllt[5.5.1013~6-d787]:main():gmm-acc-mllt.cc:108) Average like for this file is -65.0263 over 30 frames.
LOG (gmm-acc-mllt[5.5.1013~6-d787]:main():gmm-acc-mllt.cc:114) Avg like per frame so far is -57.6317
LOG (gmm-acc-mllt[5.5.1013~6-d787]:main():gmm-acc-mllt.cc:108) Average like for this file is -56.471 over 57 frames.
LOG (gmm-acc-mllt[5.5.1013~6-d787]:main():gmm-acc-mllt.cc:108) Average like for this file is -68.3577 over 66 frames.
LOG (gmm-acc-mllt[5.5.1013~6-d787]:main():gmm-acc-mllt.cc:108) Average like for this file is -63.0551 over 46 frames.
LOG (gmm-acc-mllt[5.5.1013~6-d787]:main():gmm-acc-mllt.cc:108) Average like for this file is -57.1101 over 52 frames.
LOG (gmm-acc-mllt[5.5.1013~6-d787]:main():gmm-acc-mllt.cc:108) Average like for this file is -62.4211 over 53 frames.
LOG (gmm-acc-mllt[5.5.1013~6-d787]:main():gmm-acc-mllt.cc:108) Average like for this file is -57.2016 over 41 frames.
LOG (gmm-acc-mllt[5.5.1013~6-d787]:main():gmm-acc-mllt.cc:108) Average like for this file is -57.5539 over 53 frames.
LOG (gmm-acc-mllt[5.5.1013~6-d787]:main():gmm-acc-mllt.cc:108) Average like for this file is -59.8438 over 49 frames.
LOG (gmm-acc-mllt[5.5.1013~6-d787]:main():gmm-acc-mllt.cc:108) Average like for this file is -60.7998 over 54 frames.
LOG (gmm-acc-mllt[5.5.1013~6-d787]:main():gmm-acc-mllt.cc:108) Average like for this file is -61.1179 over 55 frames.
LOG (gmm-acc-mllt[5.5.1013~6-d787]:main():gmm-acc-mllt.cc:114) Avg like per frame so far is -57.8688
LOG (gmm-acc-mllt[5.5.1013~6-d787]:main():gmm-acc-mllt.cc:108) Average like for this file is -55.433 over 58 frames.
LOG (gmm-acc-mllt[5.5.1013~6-d787]:main():gmm-acc-mllt.cc:108) Average like for this file is -66.1989 over 53 frames.
LOG (gmm-acc-mllt[5.5.1013~6-d787]:main():gmm-acc-mllt.cc:108) Average like for this file is -59.9256 over 56 frames.
LOG (gmm-acc-mllt[5.5.1013~6-d787]:main():gmm-acc-mllt.cc:108) Average like for this file is -67.4428 over 43 frames.
LOG (gmm-acc-mllt[5.5.1013~6-d787]:main():gmm-acc-mllt.cc:108) Average like for this file is -58.9257 over 59 frames.
LOG (gmm-acc-mllt[5.5.1013~6-d787]:main():gmm-acc-mllt.cc:108) Average like for this file is -56.2114 over 48 frames.
LOG (gmm-acc-mllt[5.5.1013~6-d787]:main():gmm-acc-mllt.cc:108) Average like for this file is -62.6358 over 43 frames.
LOG (gmm-acc-mllt[5.5.1013~6-d787]:main():gmm-acc-mllt.cc:108) Average like for this file is -59.5235 over 49 frames.
LOG (gmm-acc-mllt[5.5.1013~6-d787]:main():gmm-acc-mllt.cc:108) Average like for this file is -86.9945 over 57 frames.
LOG (gmm-acc-mllt[5.5.1013~6-d787]:main():gmm-acc-mllt.cc:108) Average like for this file is -54.5296 over 59 frames.
LOG (gmm-acc-mllt[5.5.1013~6-d787]:main():gmm-acc-mllt.cc:114) Avg like per frame so far is -58.2276
LOG (gmm-acc-mllt[5.5.1013~6-d787]:main():gmm-acc-mllt.cc:108) Average like for this file is -56.6216 over 41 frames.
LOG (gmm-acc-mllt[5.5.1013~6-d787]:main():gmm-acc-mllt.cc:108) Average like for this file is -54.4587 over 39 frames.
LOG (gmm-acc-mllt[5.5.1013~6-d787]:main():gmm-acc-mllt.cc:108) Average like for this file is -53.7411 over 47 frames.
LOG (gmm-acc-mllt[5.5.1013~6-d787]:main():gmm-acc-mllt.cc:108) Average like for this file is -56.661 over 50 frames.
LOG (gmm-acc-mllt[5.5.1013~6-d787]:main():gmm-acc-mllt.cc:108) Average like for this file is -58.7797 over 32 frames.
LOG (gmm-acc-mllt[5.5.1013~6-d787]:main():gmm-acc-mllt.cc:108) Average like for this file is -55.4916 over 40 frames.
LOG (gmm-acc-mllt[5.5.1013~6-d787]:main():gmm-acc-mllt.cc:108) Average like for this file is -57.3258 over 45 frames.
LOG (gmm-acc-mllt[5.5.1013~6-d787]:main():gmm-acc-mllt.cc:108) Average like for this file is -62.7888 over 44 frames.
LOG (gmm-acc-mllt[5.5.1013~6-d787]:main():gmm-acc-mllt.cc:108) Average like for this file is -64.1495 over 49 frames.
LOG (gmm-acc-mllt[5.5.1013~6-d787]:main():gmm-acc-mllt.cc:108) Average like for this file is -57.7476 over 56 frames.
LOG (gmm-acc-mllt[5.5.1013~6-d787]:main():gmm-acc-mllt.cc:114) Avg like per frame so far is -58.2051
LOG (gmm-acc-mllt[5.5.1013~6-d787]:main():gmm-acc-mllt.cc:108) Average like for this file is -57.4401 over 56 frames.
LOG (gmm-acc-mllt[5.5.1013~6-d787]:main():gmm-acc-mllt.cc:108) Average like for this file is -71.0188 over 60 frames.
LOG (gmm-acc-mllt[5.5.1013~6-d787]:main():gmm-acc-mllt.cc:108) Average like for this file is -58.9584 over 60 frames.
LOG (gmm-acc-mllt[5.5.1013~6-d787]:main():gmm-acc-mllt.cc:108) Average like for this file is -58.5957 over 58 frames.
LOG (gmm-acc-mllt[5.5.1013~6-d787]:main():gmm-acc-mllt.cc:108) Average like for this file is -58.3111 over 53 frames.
LOG (gmm-acc-mllt[5.5.1013~6-d787]:main():gmm-acc-mllt.cc:108) Average like for this file is -59.0883 over 51 frames.
LOG (gmm-acc-mllt[5.5.1013~6-d787]:main():gmm-acc-mllt.cc:108) Average like for this file is -57.8909 over 66 frames.
LOG (gmm-acc-mllt[5.5.1013~6-d787]:main():gmm-acc-mllt.cc:108) Average like for this file is -61.6341 over 51 frames.
LOG (gmm-acc-mllt[5.5.1013~6-d787]:main():gmm-acc-mllt.cc:108) Average like for this file is -60.4622 over 52 frames.
LOG (gmm-acc-mllt[5.5.1013~6-d787]:main():gmm-acc-mllt.cc:108) Average like for this file is -62.5232 over 65 frames.
LOG (gmm-acc-mllt[5.5.1013~6-d787]:main():gmm-acc-mllt.cc:114) Avg like per frame so far is -58.3765
LOG (gmm-acc-mllt[5.5.1013~6-d787]:main():gmm-acc-mllt.cc:108) Average like for this file is -62.0026 over 43 frames.
LOG (gmm-acc-mllt[5.5.1013~6-d787]:main():gmm-acc-mllt.cc:108) Average like for this file is -63.1282 over 52 frames.
LOG (gmm-acc-mllt[5.5.1013~6-d787]:main():gmm-acc-mllt.cc:108) Average like for this file is -58.4852 over 46 frames.
LOG (gmm-acc-mllt[5.5.1013~6-d787]:main():gmm-acc-mllt.cc:108) Average like for this file is -61.4862 over 50 frames.
LOG (gmm-acc-mllt[5.5.1013~6-d787]:main():gmm-acc-mllt.cc:108) Average like for this file is -61.7294 over 52 frames.
LOG (gmm-acc-mllt[5.5.1013~6-d787]:main():gmm-acc-mllt.cc:108) Average like for this file is -62.5063 over 40 frames.
LOG (gmm-acc-mllt[5.5.1013~6-d787]:main():gmm-acc-mllt.cc:108) Average like for this file is -58.5923 over 48 frames.
LOG (gmm-acc-mllt[5.5.1013~6-d787]:main():gmm-acc-mllt.cc:108) Average like for this file is -61.3802 over 54 frames.
LOG (gmm-acc-mllt[5.5.1013~6-d787]:main():gmm-acc-mllt.cc:108) Average like for this file is -60.1326 over 42 frames.
LOG (gmm-acc-mllt[5.5.1013~6-d787]:main():gmm-acc-mllt.cc:108) Average like for this file is -64.9695 over 66 frames.
LOG (gmm-acc-mllt[5.5.1013~6-d787]:main():gmm-acc-mllt.cc:114) Avg like per frame so far is -58.5598
LOG (gmm-acc-mllt[5.5.1013~6-d787]:main():gmm-acc-mllt.cc:108) Average like for this file is -55.1793 over 51 frames.
LOG (gmm-acc-mllt[5.5.1013~6-d787]:main():gmm-acc-mllt.cc:108) Average like for this file is -58.2276 over 36 frames.
LOG (gmm-acc-mllt[5.5.1013~6-d787]:main():gmm-acc-mllt.cc:108) Average like for this file is -52.9375 over 42 frames.
LOG (gmm-acc-mllt[5.5.1013~6-d787]:main():gmm-acc-mllt.cc:108) Average like for this file is -54.1507 over 50 frames.
LOG (gmm-acc-mllt[5.5.1013~6-d787]:main():gmm-acc-mllt.cc:108) Average like for this file is -53.8455 over 62 frames.
LOG (gmm-acc-mllt[5.5.1013~6-d787]:main():gmm-acc-mllt.cc:108) Average like for this file is -57.7763 over 33 frames.
LOG (gmm-acc-mllt[5.5.1013~6-d787]:main():gmm-acc-mllt.cc:108) Average like for this file is -56.7533 over 53 frames.
LOG (gmm-acc-mllt[5.5.1013~6-d787]:main():gmm-acc-mllt.cc:108) Average like for this file is -56.1507 over 51 frames.
LOG (gmm-acc-mllt[5.5.1013~6-d787]:main():gmm-acc-mllt.cc:108) Average like for this file is -58.9779 over 41 frames.
LOG (gmm-acc-mllt[5.5.1013~6-d787]:main():gmm-acc-mllt.cc:108) Average like for this file is -56.5658 over 49 frames.
LOG (gmm-acc-mllt[5.5.1013~6-d787]:main():gmm-acc-mllt.cc:114) Avg like per frame so far is -58.4217
LOG (gmm-acc-mllt[5.5.1013~6-d787]:main():gmm-acc-mllt.cc:108) Average like for this file is -50.5327 over 57 frames.
LOG (gmm-acc-mllt[5.5.1013~6-d787]:main():gmm-acc-mllt.cc:108) Average like for this file is -54.7198 over 44 frames.
LOG (gmm-acc-mllt[5.5.1013~6-d787]:main():gmm-acc-mllt.cc:108) Average like for this file is -54.2181 over 50 frames.
LOG (gmm-acc-mllt[5.5.1013~6-d787]:main():gmm-acc-mllt.cc:108) Average like for this file is -53.4928 over 42 frames.
LOG (gmm-acc-mllt[5.5.1013~6-d787]:main():gmm-acc-mllt.cc:108) Average like for this file is -52.5156 over 30 frames.
LOG (gmm-acc-mllt[5.5.1013~6-d787]:main():gmm-acc-mllt.cc:108) Average like for this file is -56.4843 over 36 frames.
LOG (gmm-acc-mllt[5.5.1013~6-d787]:main():gmm-acc-mllt.cc:108) Average like for this file is -55.6161 over 38 frames.
LOG (gmm-acc-mllt[5.5.1013~6-d787]:main():gmm-acc-mllt.cc:108) Average like for this file is -59.1258 over 38 frames.
LOG (gmm-acc-mllt[5.5.1013~6-d787]:main():gmm-acc-mllt.cc:108) Average like for this file is -55.7019 over 43 frames.
LOG (gmm-acc-mllt[5.5.1013~6-d787]:main():gmm-acc-mllt.cc:108) Average like for this file is -58.4928 over 65 frames.
LOG (gmm-acc-mllt[5.5.1013~6-d787]:main():gmm-acc-mllt.cc:114) Avg like per frame so far is -58.2679
LOG (gmm-acc-mllt[5.5.1013~6-d787]:main():gmm-acc-mllt.cc:108) Average like for this file is -57.1018 over 55 frames.
LOG (gmm-acc-mllt[5.5.1013~6-d787]:main():gmm-acc-mllt.cc:108) Average like for this file is -54.3234 over 62 frames.
LOG (gmm-acc-mllt[5.5.1013~6-d787]:main():gmm-acc-mllt.cc:108) Average like for this file is -66.8078 over 55 frames.
LOG (gmm-acc-mllt[5.5.1013~6-d787]:main():gmm-acc-mllt.cc:108) Average like for this file is -56.4977 over 53 frames.
LOG (gmm-acc-mllt[5.5.1013~6-d787]:main():gmm-acc-mllt.cc:108) Average like for this file is -59.7795 over 44 frames.
LOG (gmm-acc-mllt[5.5.1013~6-d787]:main():gmm-acc-mllt.cc:108) Average like for this file is -56.9934 over 55 frames.
LOG (gmm-acc-mllt[5.5.1013~6-d787]:main():gmm-acc-mllt.cc:108) Average like for this file is -62.9003 over 57 frames.
LOG (gmm-acc-mllt[5.5.1013~6-d787]:main():gmm-acc-mllt.cc:108) Average like for this file is -58.681 over 53 frames.
LOG (gmm-acc-mllt[5.5.1013~6-d787]:main():gmm-acc-mllt.cc:108) Average like for this file is -57.25 over 38 frames.
LOG (gmm-acc-mllt[5.5.1013~6-d787]:main():gmm-acc-mllt.cc:108) Average like for this file is -58.226 over 51 frames.
LOG (gmm-acc-mllt[5.5.1013~6-d787]:main():gmm-acc-mllt.cc:114) Avg like per frame so far is -58.2986
LOG (gmm-acc-mllt[5.5.1013~6-d787]:main():gmm-acc-mllt.cc:108) Average like for this file is -64.2593 over 45 frames.
LOG (gmm-acc-mllt[5.5.1013~6-d787]:main():gmm-acc-mllt.cc:108) Average like for this file is -57.3079 over 50 frames.
LOG (gmm-acc-mllt[5.5.1013~6-d787]:main():gmm-acc-mllt.cc:108) Average like for this file is -68.2257 over 39 frames.
LOG (gmm-acc-mllt[5.5.1013~6-d787]:main():gmm-acc-mllt.cc:108) Average like for this file is -58.1371 over 57 frames.
LOG (gmm-acc-mllt[5.5.1013~6-d787]:main():gmm-acc-mllt.cc:108) Average like for this file is -58.5201 over 39 frames.
LOG (gmm-acc-mllt[5.5.1013~6-d787]:main():gmm-acc-mllt.cc:108) Average like for this file is -57.2189 over 49 frames.
LOG (gmm-acc-mllt[5.5.1013~6-d787]:main():gmm-acc-mllt.cc:108) Average like for this file is -65.214 over 52 frames.
LOG (gmm-acc-mllt[5.5.1013~6-d787]:main():gmm-acc-mllt.cc:108) Average like for this file is -61.939 over 50 frames.
LOG (gmm-acc-mllt[5.5.1013~6-d787]:main():gmm-acc-mllt.cc:108) Average like for this file is -61.5926 over 36 frames.
LOG (gmm-acc-mllt[5.5.1013~6-d787]:main():gmm-acc-mllt.cc:108) Average like for this file is -62.8549 over 46 frames.
LOG (gmm-acc-mllt[5.5.1013~6-d787]:main():gmm-acc-mllt.cc:114) Avg like per frame so far is -58.4335
LOG (gmm-acc-mllt[5.5.1013~6-d787]:main():gmm-acc-mllt.cc:108) Average like for this file is -54.4333 over 52 frames.
LOG (gmm-acc-mllt[5.5.1013~6-d787]:main():gmm-acc-mllt.cc:108) Average like for this file is -57.2168 over 49 frames.
LOG (gmm-acc-mllt[5.5.1013~6-d787]:main():gmm-acc-mllt.cc:108) Average like for this file is -56.8545 over 51 frames.
LOG (gmm-acc-mllt[5.5.1013~6-d787]:main():gmm-acc-mllt.cc:108) Average like for this file is -57.9582 over 62 frames.
LOG (gmm-acc-mllt[5.5.1013~6-d787]:main():gmm-acc-mllt.cc:108) Average like for this file is -55.6128 over 55 frames.
LOG (gmm-acc-mllt[5.5.1013~6-d787]:main():gmm-acc-mllt.cc:108) Average like for this file is -62.3911 over 54 frames.
LOG (gmm-acc-mllt[5.5.1013~6-d787]:main():gmm-acc-mllt.cc:108) Average like for this file is -57.3864 over 49 frames.
LOG (gmm-acc-mllt[5.5.1013~6-d787]:main():gmm-acc-mllt.cc:108) Average like for this file is -60.4862 over 34 frames.
LOG (gmm-acc-mllt[5.5.1013~6-d787]:main():gmm-acc-mllt.cc:108) Average like for this file is -56.6698 over 56 frames.
LOG (gmm-acc-mllt[5.5.1013~6-d787]:main():gmm-acc-mllt.cc:108) Average like for this file is -54.2052 over 63 frames.
LOG (gmm-acc-mllt[5.5.1013~6-d787]:main():gmm-acc-mllt.cc:114) Avg like per frame so far is -58.3733
LOG (gmm-acc-mllt[5.5.1013~6-d787]:main():gmm-acc-mllt.cc:108) Average like for this file is -58.4451 over 43 frames.
LOG (gmm-acc-mllt[5.5.1013~6-d787]:main():gmm-acc-mllt.cc:108) Average like for this file is -60.3382 over 40 frames.
LOG (gmm-acc-mllt[5.5.1013~6-d787]:main():gmm-acc-mllt.cc:108) Average like for this file is -56.8316 over 52 frames.
LOG (gmm-acc-mllt[5.5.1013~6-d787]:main():gmm-acc-mllt.cc:108) Average like for this file is -69.3749 over 49 frames.
LOG (gmm-acc-mllt[5.5.1013~6-d787]:main():gmm-acc-mllt.cc:108) Average like for this file is -56.7715 over 52 frames.
LOG (gmm-acc-mllt[5.5.1013~6-d787]:main():gmm-acc-mllt.cc:108) Average like for this file is -56.4711 over 40 frames.
LOG (gmm-acc-mllt[5.5.1013~6-d787]:main():gmm-acc-mllt.cc:108) Average like for this file is -56.5458 over 44 frames.
LOG (gmm-acc-mllt[5.5.1013~6-d787]:main():gmm-acc-mllt.cc:108) Average like for this file is -57.3177 over 36 frames.
LOG (gmm-acc-mllt[5.5.1013~6-d787]:main():gmm-acc-mllt.cc:108) Average like for this file is -58.8071 over 41 frames.
LOG (gmm-acc-mllt[5.5.1013~6-d787]:main():gmm-acc-mllt.cc:108) Average like for this file is -57.9047 over 37 frames.
LOG (gmm-acc-mllt[5.5.1013~6-d787]:main():gmm-acc-mllt.cc:114) Avg like per frame so far is -58.3962
LOG (gmm-acc-mllt[5.5.1013~6-d787]:main():gmm-acc-mllt.cc:108) Average like for this file is -58.9792 over 55 frames.
LOG (gmm-acc-mllt[5.5.1013~6-d787]:main():gmm-acc-mllt.cc:108) Average like for this file is -56.8809 over 58 frames.
LOG (gmm-acc-mllt[5.5.1013~6-d787]:main():gmm-acc-mllt.cc:108) Average like for this file is -56.2432 over 63 frames.
LOG (gmm-acc-mllt[5.5.1013~6-d787]:main():gmm-acc-mllt.cc:108) Average like for this file is -60.9034 over 61 frames.
LOG (gmm-acc-mllt[5.5.1013~6-d787]:main():gmm-acc-mllt.cc:108) Average like for this file is -58.7412 over 63 frames.
LOG (gmm-acc-mllt[5.5.1013~6-d787]:main():gmm-acc-mllt.cc:108) Average like for this file is -54.4689 over 66 frames.
LOG (gmm-acc-mllt[5.5.1013~6-d787]:main():gmm-acc-mllt.cc:108) Average like for this file is -66.9124 over 37 frames.
LOG (gmm-acc-mllt[5.5.1013~6-d787]:main():gmm-acc-mllt.cc:108) Average like for this file is -53.7657 over 61 frames.
LOG (gmm-acc-mllt[5.5.1013~6-d787]:main():gmm-acc-mllt.cc:108) Average like for this file is -62.2294 over 45 frames.
LOG (gmm-acc-mllt[5.5.1013~6-d787]:main():gmm-acc-mllt.cc:108) Average like for this file is -59.9737 over 61 frames.
LOG (gmm-acc-mllt[5.5.1013~6-d787]:main():gmm-acc-mllt.cc:114) Avg like per frame so far is -58.3983
LOG (gmm-acc-mllt[5.5.1013~6-d787]:main():gmm-acc-mllt.cc:108) Average like for this file is -61.9604 over 42 frames.
LOG (gmm-acc-mllt[5.5.1013~6-d787]:main():gmm-acc-mllt.cc:108) Average like for this file is -56.6512 over 61 frames.
LOG (gmm-acc-mllt[5.5.1013~6-d787]:main():gmm-acc-mllt.cc:108) Average like for this file is -64.2355 over 51 frames.
LOG (gmm-acc-mllt[5.5.1013~6-d787]:main():gmm-acc-mllt.cc:108) Average like for this file is -60.7382 over 50 frames.
LOG (gmm-acc-mllt[5.5.1013~6-d787]:main():gmm-acc-mllt.cc:108) Average like for this file is -60.4941 over 49 frames.
LOG (gmm-acc-mllt[5.5.1013~6-d787]:main():gmm-acc-mllt.cc:108) Average like for this file is -60.3789 over 46 frames.
LOG (gmm-acc-mllt[5.5.1013~6-d787]:main():gmm-acc-mllt.cc:108) Average like for this file is -60.3235 over 42 frames.
LOG (gmm-acc-mllt[5.5.1013~6-d787]:main():gmm-acc-mllt.cc:108) Average like for this file is -60.6355 over 58 frames.
LOG (gmm-acc-mllt[5.5.1013~6-d787]:main():gmm-acc-mllt.cc:108) Average like for this file is -58.0861 over 45 frames.
LOG (gmm-acc-mllt[5.5.1013~6-d787]:main():gmm-acc-mllt.cc:108) Average like for this file is -61.3299 over 50 frames.
LOG (gmm-acc-mllt[5.5.1013~6-d787]:main():gmm-acc-mllt.cc:114) Avg like per frame so far is -58.4775
LOG (gmm-acc-mllt[5.5.1013~6-d787]:main():gmm-acc-mllt.cc:108) Average like for this file is -60.0734 over 33 frames.
LOG (gmm-acc-mllt[5.5.1013~6-d787]:main():gmm-acc-mllt.cc:108) Average like for this file is -58.0824 over 42 frames.
LOG (gmm-acc-mllt[5.5.1013~6-d787]:main():gmm-acc-mllt.cc:108) Average like for this file is -58.9606 over 48 frames.
LOG (gmm-acc-mllt[5.5.1013~6-d787]:main():gmm-acc-mllt.cc:108) Average like for this file is -59.2181 over 38 frames.
LOG (gmm-acc-mllt[5.5.1013~6-d787]:main():gmm-acc-mllt.cc:108) Average like for this file is -59.384 over 43 frames.
LOG (gmm-acc-mllt[5.5.1013~6-d787]:main():gmm-acc-mllt.cc:108) Average like for this file is -55.8721 over 54 frames.
LOG (gmm-acc-mllt[5.5.1013~6-d787]:main():gmm-acc-mllt.cc:108) Average like for this file is -58.6248 over 36 frames.
LOG (gmm-acc-mllt[5.5.1013~6-d787]:main():gmm-acc-mllt.cc:108) Average like for this file is -55.8677 over 42 frames.
LOG (gmm-acc-mllt[5.5.1013~6-d787]:main():gmm-acc-mllt.cc:108) Average like for this file is -64.4512 over 39 frames.
LOG (gmm-acc-mllt[5.5.1013~6-d787]:main():gmm-acc-mllt.cc:108) Average like for this file is -59.2808 over 34 frames.
LOG (gmm-acc-mllt[5.5.1013~6-d787]:main():gmm-acc-mllt.cc:114) Avg like per frame so far is -58.4884
LOG (gmm-acc-mllt[5.5.1013~6-d787]:main():gmm-acc-mllt.cc:108) Average like for this file is -57.0176 over 57 frames.
LOG (gmm-acc-mllt[5.5.1013~6-d787]:main():gmm-acc-mllt.cc:108) Average like for this file is -62.8718 over 60 frames.
LOG (gmm-acc-mllt[5.5.1013~6-d787]:main():gmm-acc-mllt.cc:108) Average like for this file is -67.8217 over 49 frames.
LOG (gmm-acc-mllt[5.5.1013~6-d787]:main():gmm-acc-mllt.cc:108) Average like for this file is -57.273 over 65 frames.
LOG (gmm-acc-mllt[5.5.1013~6-d787]:main():gmm-acc-mllt.cc:108) Average like for this file is -60.4626 over 57 frames.
LOG (gmm-acc-mllt[5.5.1013~6-d787]:main():gmm-acc-mllt.cc:108) Average like for this file is -60.5728 over 54 frames.
LOG (gmm-acc-mllt[5.5.1013~6-d787]:main():gmm-acc-mllt.cc:108) Average like for this file is -57.4484 over 56 frames.
LOG (gmm-acc-mllt[5.5.1013~6-d787]:main():gmm-acc-mllt.cc:108) Average like for this file is -57.4345 over 57 frames.
LOG (gmm-acc-mllt[5.5.1013~6-d787]:main():gmm-acc-mllt.cc:108) Average like for this file is -56.28 over 55 frames.
LOG (gmm-acc-mllt[5.5.1013~6-d787]:main():gmm-acc-mllt.cc:108) Average like for this file is -59.9547 over 53 frames.
LOG (gmm-acc-mllt[5.5.1013~6-d787]:main():gmm-acc-mllt.cc:114) Avg like per frame so far is -58.5343
LOG (gmm-acc-mllt[5.5.1013~6-d787]:main():gmm-acc-mllt.cc:108) Average like for this file is -57.2936 over 48 frames.
LOG (gmm-acc-mllt[5.5.1013~6-d787]:main():gmm-acc-mllt.cc:108) Average like for this file is -57.6686 over 48 frames.
LOG (gmm-acc-mllt[5.5.1013~6-d787]:main():gmm-acc-mllt.cc:108) Average like for this file is -55.0537 over 39 frames.
LOG (gmm-acc-mllt[5.5.1013~6-d787]:main():gmm-acc-mllt.cc:108) Average like for this file is -57.8273 over 39 frames.
LOG (gmm-acc-mllt[5.5.1013~6-d787]:main():gmm-acc-mllt.cc:108) Average like for this file is -60.8059 over 39 frames.
LOG (gmm-acc-mllt[5.5.1013~6-d787]:main():gmm-acc-mllt.cc:108) Average like for this file is -57.1346 over 39 frames.
LOG (gmm-acc-mllt[5.5.1013~6-d787]:main():gmm-acc-mllt.cc:108) Average like for this file is -60.0215 over 43 frames.
LOG (gmm-acc-mllt[5.5.1013~6-d787]:main():gmm-acc-mllt.cc:108) Average like for this file is -55.9721 over 35 frames.
LOG (gmm-acc-mllt[5.5.1013~6-d787]:main():gmm-acc-mllt.cc:108) Average like for this file is -59.0031 over 43 frames.
LOG (gmm-acc-mllt[5.5.1013~6-d787]:main():gmm-acc-mllt.cc:108) Average like for this file is -57.5313 over 43 frames.
LOG (gmm-acc-mllt[5.5.1013~6-d787]:main():gmm-acc-mllt.cc:114) Avg like per frame so far is -58.5143
LOG (gmm-acc-mllt[5.5.1013~6-d787]:main():gmm-acc-mllt.cc:108) Average like for this file is -54.2264 over 29 frames.
LOG (gmm-acc-mllt[5.5.1013~6-d787]:main():gmm-acc-mllt.cc:108) Average like for this file is -61.5061 over 41 frames.
LOG (gmm-acc-mllt[5.5.1013~6-d787]:main():gmm-acc-mllt.cc:108) Average like for this file is -58.4959 over 41 frames.
LOG (gmm-acc-mllt[5.5.1013~6-d787]:main():gmm-acc-mllt.cc:108) Average like for this file is -57.6701 over 44 frames.
LOG (gmm-acc-mllt[5.5.1013~6-d787]:main():gmm-acc-mllt.cc:108) Average like for this file is -52.4841 over 40 frames.
LOG (gmm-acc-mllt[5.5.1013~6-d787]:main():gmm-acc-mllt.cc:108) Average like for this file is -58.007 over 33 frames.
LOG (gmm-acc-mllt[5.5.1013~6-d787]:main():gmm-acc-mllt.cc:108) Average like for this file is -55.9688 over 39 frames.
LOG (gmm-acc-mllt[5.5.1013~6-d787]:main():gmm-acc-mllt.cc:108) Average like for this file is -56.0366 over 42 frames.
LOG (gmm-acc-mllt[5.5.1013~6-d787]:main():gmm-acc-mllt.cc:108) Average like for this file is -56.0693 over 37 frames.
LOG (gmm-acc-mllt[5.5.1013~6-d787]:main():gmm-acc-mllt.cc:108) Average like for this file is -56.7754 over 36 frames.
LOG (gmm-acc-mllt[5.5.1013~6-d787]:main():gmm-acc-mllt.cc:114) Avg like per frame so far is -58.4687
LOG (gmm-acc-mllt[5.5.1013~6-d787]:main():gmm-acc-mllt.cc:108) Average like for this file is -60.7216 over 44 frames.
LOG (gmm-acc-mllt[5.5.1013~6-d787]:main():gmm-acc-mllt.cc:108) Average like for this file is -54.6362 over 42 frames.
LOG (gmm-acc-mllt[5.5.1013~6-d787]:main():gmm-acc-mllt.cc:108) Average like for this file is -59.0275 over 50 frames.
LOG (gmm-acc-mllt[5.5.1013~6-d787]:main():gmm-acc-mllt.cc:108) Average like for this file is -58.5917 over 51 frames.
LOG (gmm-acc-mllt[5.5.1013~6-d787]:main():gmm-acc-mllt.cc:108) Average like for this file is -54.9473 over 56 frames.
LOG (gmm-acc-mllt[5.5.1013~6-d787]:main():gmm-acc-mllt.cc:108) Average like for this file is -58.2865 over 45 frames.
LOG (gmm-acc-mllt[5.5.1013~6-d787]:main():gmm-acc-mllt.cc:108) Average like for this file is -59.1645 over 49 frames.
LOG (gmm-acc-mllt[5.5.1013~6-d787]:main():gmm-acc-mllt.cc:108) Average like for this file is -60.0649 over 48 frames.
LOG (gmm-acc-mllt[5.5.1013~6-d787]:main():gmm-acc-mllt.cc:108) Average like for this file is -56.3943 over 48 frames.
LOG (gmm-acc-mllt[5.5.1013~6-d787]:main():gmm-acc-mllt.cc:108) Average like for this file is -59.4788 over 46 frames.
LOG (gmm-acc-mllt[5.5.1013~6-d787]:main():gmm-acc-mllt.cc:114) Avg like per frame so far is -58.4568
LOG (gmm-acc-mllt[5.5.1013~6-d787]:main():gmm-acc-mllt.cc:108) Average like for this file is -60.2107 over 51 frames.
LOG (gmm-acc-mllt[5.5.1013~6-d787]:main():gmm-acc-mllt.cc:108) Average like for this file is -57.87 over 44 frames.
LOG (gmm-acc-mllt[5.5.1013~6-d787]:main():gmm-acc-mllt.cc:108) Average like for this file is -58.0215 over 50 frames.
LOG (gmm-acc-mllt[5.5.1013~6-d787]:main():gmm-acc-mllt.cc:108) Average like for this file is -60.4664 over 29 frames.
LOG (gmm-acc-mllt[5.5.1013~6-d787]:main():gmm-acc-mllt.cc:108) Average like for this file is -56.4682 over 51 frames.
LOG (gmm-acc-mllt[5.5.1013~6-d787]:main():gmm-acc-mllt.cc:108) Average like for this file is -59.9637 over 44 frames.
LOG (gmm-acc-mllt[5.5.1013~6-d787]:main():gmm-acc-mllt.cc:108) Average like for this file is -56.8988 over 45 frames.
LOG (gmm-acc-mllt[5.5.1013~6-d787]:main():gmm-acc-mllt.cc:108) Average like for this file is -58.2204 over 40 frames.
LOG (gmm-acc-mllt[5.5.1013~6-d787]:main():gmm-acc-mllt.cc:108) Average like for this file is -58.1633 over 42 frames.
LOG (gmm-acc-mllt[5.5.1013~6-d787]:main():gmm-acc-mllt.cc:108) Average like for this file is -58.4783 over 48 frames.
LOG (gmm-acc-mllt[5.5.1013~6-d787]:main():gmm-acc-mllt.cc:114) Avg like per frame so far is -58.4551
LOG (gmm-acc-mllt[5.5.1013~6-d787]:main():gmm-acc-mllt.cc:108) Average like for this file is -55.5358 over 39 frames.
LOG (gmm-acc-mllt[5.5.1013~6-d787]:main():gmm-acc-mllt.cc:108) Average like for this file is -55.2925 over 42 frames.
LOG (gmm-acc-mllt[5.5.1013~6-d787]:main():gmm-acc-mllt.cc:108) Average like for this file is -54.3133 over 45 frames.
LOG (gmm-acc-mllt[5.5.1013~6-d787]:main():gmm-acc-mllt.cc:108) Average like for this file is -55.1174 over 43 frames.
LOG (gmm-acc-mllt[5.5.1013~6-d787]:main():gmm-acc-mllt.cc:108) Average like for this file is -60.2246 over 46 frames.
LOG (gmm-acc-mllt[5.5.1013~6-d787]:main():gmm-acc-mllt.cc:108) Average like for this file is -56.2817 over 38 frames.
LOG (gmm-acc-mllt[5.5.1013~6-d787]:main():gmm-acc-mllt.cc:108) Average like for this file is -56.181 over 45 frames.
LOG (gmm-acc-mllt[5.5.1013~6-d787]:main():gmm-acc-mllt.cc:108) Average like for this file is -57.4677 over 45 frames.
LOG (ali-to-post[5.5.1013~6-d787]:main():ali-to-post.cc:73) Converted 560 alignments.
LOG (gmm-acc-mllt[5.5.1013~6-d787]:main():gmm-acc-mllt.cc:108) Average like for this file is -52.9335 over 44 frames.
LOG (gmm-acc-mllt[5.5.1013~6-d787]:main():gmm-acc-mllt.cc:108) Average like for this file is -55.362 over 39 frames.
LOG (gmm-acc-mllt[5.5.1013~6-d787]:main():gmm-acc-mllt.cc:114) Avg like per frame so far is -58.3857
LOG (gmm-acc-mllt[5.5.1013~6-d787]:main():gmm-acc-mllt.cc:108) Average like for this file is -55.6678 over 33 frames.
LOG (gmm-acc-mllt[5.5.1013~6-d787]:main():gmm-acc-mllt.cc:108) Average like for this file is -52.8756 over 37 frames.
LOG (gmm-acc-mllt[5.5.1013~6-d787]:main():gmm-acc-mllt.cc:108) Average like for this file is -55.2422 over 38 frames.
LOG (gmm-acc-mllt[5.5.1013~6-d787]:main():gmm-acc-mllt.cc:108) Average like for this file is -54.6921 over 42 frames.
LOG (gmm-acc-mllt[5.5.1013~6-d787]:main():gmm-acc-mllt.cc:108) Average like for this file is -55.0064 over 37 frames.
LOG (gmm-acc-mllt[5.5.1013~6-d787]:main():gmm-acc-mllt.cc:108) Average like for this file is -55.9503 over 34 frames.
LOG (gmm-acc-mllt[5.5.1013~6-d787]:main():gmm-acc-mllt.cc:108) Average like for this file is -56.0309 over 41 frames.
LOG (gmm-acc-mllt[5.5.1013~6-d787]:main():gmm-acc-mllt.cc:108) Average like for this file is -56.3827 over 34 frames.
LOG (gmm-acc-mllt[5.5.1013~6-d787]:main():gmm-acc-mllt.cc:108) Average like for this file is -54.107 over 33 frames.
LOG (gmm-acc-mllt[5.5.1013~6-d787]:main():gmm-acc-mllt.cc:108) Average like for this file is -56.7448 over 38 frames.
LOG (gmm-acc-mllt[5.5.1013~6-d787]:main():gmm-acc-mllt.cc:114) Avg like per frame so far is -58.3144
LOG (gmm-acc-mllt[5.5.1013~6-d787]:main():gmm-acc-mllt.cc:108) Average like for this file is -53.3026 over 46 frames.
LOG (gmm-acc-mllt[5.5.1013~6-d787]:main():gmm-acc-mllt.cc:108) Average like for this file is -59.5839 over 47 frames.
LOG (gmm-acc-mllt[5.5.1013~6-d787]:main():gmm-acc-mllt.cc:108) Average like for this file is -57.2145 over 43 frames.
LOG (gmm-acc-mllt[5.5.1013~6-d787]:main():gmm-acc-mllt.cc:108) Average like for this file is -58.6395 over 48 frames.
LOG (gmm-acc-mllt[5.5.1013~6-d787]:main():gmm-acc-mllt.cc:108) Average like for this file is -57.4465 over 51 frames.
LOG (gmm-acc-mllt[5.5.1013~6-d787]:main():gmm-acc-mllt.cc:108) Average like for this file is -54.5248 over 41 frames.
LOG (gmm-acc-mllt[5.5.1013~6-d787]:main():gmm-acc-mllt.cc:108) Average like for this file is -58.0756 over 44 frames.
LOG (gmm-acc-mllt[5.5.1013~6-d787]:main():gmm-acc-mllt.cc:108) Average like for this file is -55.9542 over 44 frames.
LOG (gmm-acc-mllt[5.5.1013~6-d787]:main():gmm-acc-mllt.cc:108) Average like for this file is -59.2036 over 43 frames.
LOG (gmm-acc-mllt[5.5.1013~6-d787]:main():gmm-acc-mllt.cc:108) Average like for this file is -59.8076 over 43 frames.
LOG (gmm-acc-mllt[5.5.1013~6-d787]:main():gmm-acc-mllt.cc:114) Avg like per frame so far is -58.2893
LOG (gmm-acc-mllt[5.5.1013~6-d787]:main():gmm-acc-mllt.cc:108) Average like for this file is -57.5657 over 45 frames.
LOG (gmm-acc-mllt[5.5.1013~6-d787]:main():gmm-acc-mllt.cc:108) Average like for this file is -56.2566 over 42 frames.
LOG (gmm-acc-mllt[5.5.1013~6-d787]:main():gmm-acc-mllt.cc:108) Average like for this file is -59.1384 over 42 frames.
LOG (gmm-acc-mllt[5.5.1013~6-d787]:main():gmm-acc-mllt.cc:108) Average like for this file is -57.1956 over 40 frames.
LOG (gmm-acc-mllt[5.5.1013~6-d787]:main():gmm-acc-mllt.cc:108) Average like for this file is -58.3832 over 39 frames.
LOG (gmm-acc-mllt[5.5.1013~6-d787]:main():gmm-acc-mllt.cc:108) Average like for this file is -58.731 over 44 frames.
LOG (gmm-acc-mllt[5.5.1013~6-d787]:main():gmm-acc-mllt.cc:108) Average like for this file is -56.6524 over 45 frames.
LOG (gmm-acc-mllt[5.5.1013~6-d787]:main():gmm-acc-mllt.cc:108) Average like for this file is -59.6395 over 42 frames.
LOG (gmm-acc-mllt[5.5.1013~6-d787]:main():gmm-acc-mllt.cc:108) Average like for this file is -60.1041 over 36 frames.
LOG (gmm-acc-mllt[5.5.1013~6-d787]:main():gmm-acc-mllt.cc:108) Average like for this file is -58.7383 over 43 frames.
LOG (gmm-acc-mllt[5.5.1013~6-d787]:main():gmm-acc-mllt.cc:114) Avg like per frame so far is -58.2872
LOG (gmm-acc-mllt[5.5.1013~6-d787]:main():gmm-acc-mllt.cc:108) Average like for this file is -53.1933 over 46 frames.
LOG (gmm-acc-mllt[5.5.1013~6-d787]:main():gmm-acc-mllt.cc:108) Average like for this file is -59.0262 over 43 frames.
LOG (gmm-acc-mllt[5.5.1013~6-d787]:main():gmm-acc-mllt.cc:108) Average like for this file is -57.5099 over 44 frames.
LOG (gmm-acc-mllt[5.5.1013~6-d787]:main():gmm-acc-mllt.cc:108) Average like for this file is -60.2237 over 42 frames.
LOG (gmm-acc-mllt[5.5.1013~6-d787]:main():gmm-acc-mllt.cc:108) Average like for this file is -57.9371 over 41 frames.
LOG (gmm-acc-mllt[5.5.1013~6-d787]:main():gmm-acc-mllt.cc:108) Average like for this file is -57.6031 over 41 frames.
LOG (gmm-acc-mllt[5.5.1013~6-d787]:main():gmm-acc-mllt.cc:108) Average like for this file is -55.8681 over 43 frames.
LOG (gmm-acc-mllt[5.5.1013~6-d787]:main():gmm-acc-mllt.cc:108) Average like for this file is -53.7568 over 46 frames.
LOG (gmm-acc-mllt[5.5.1013~6-d787]:main():gmm-acc-mllt.cc:108) Average like for this file is -93.6506 over 15 frames.
LOG (gmm-acc-mllt[5.5.1013~6-d787]:main():gmm-acc-mllt.cc:108) Average like for this file is -58.7212 over 44 frames.
LOG (gmm-acc-mllt[5.5.1013~6-d787]:main():gmm-acc-mllt.cc:114) Avg like per frame so far is -58.2895
LOG (gmm-acc-mllt[5.5.1013~6-d787]:main():gmm-acc-mllt.cc:108) Average like for this file is -58.4398 over 48 frames.
LOG (gmm-acc-mllt[5.5.1013~6-d787]:main():gmm-acc-mllt.cc:108) Average like for this file is -57.8697 over 43 frames.
LOG (gmm-acc-mllt[5.5.1013~6-d787]:main():gmm-acc-mllt.cc:108) Average like for this file is -55.2368 over 39 frames.
LOG (gmm-acc-mllt[5.5.1013~6-d787]:main():gmm-acc-mllt.cc:108) Average like for this file is -56.6713 over 45 frames.
LOG (gmm-acc-mllt[5.5.1013~6-d787]:main():gmm-acc-mllt.cc:108) Average like for this file is -55.7426 over 45 frames.
LOG (gmm-acc-mllt[5.5.1013~6-d787]:main():gmm-acc-mllt.cc:108) Average like for this file is -56.6876 over 43 frames.
LOG (gmm-acc-mllt[5.5.1013~6-d787]:main():gmm-acc-mllt.cc:108) Average like for this file is -56.0557 over 34 frames.
LOG (gmm-acc-mllt[5.5.1013~6-d787]:main():gmm-acc-mllt.cc:108) Average like for this file is -56.338 over 38 frames.
LOG (gmm-acc-mllt[5.5.1013~6-d787]:main():gmm-acc-mllt.cc:108) Average like for this file is -59.2572 over 35 frames.
LOG (gmm-acc-mllt[5.5.1013~6-d787]:main():gmm-acc-mllt.cc:108) Average like for this file is -55.6222 over 45 frames.
LOG (gmm-acc-mllt[5.5.1013~6-d787]:main():gmm-acc-mllt.cc:114) Avg like per frame so far is -58.2544
LOG (gmm-acc-mllt[5.5.1013~6-d787]:main():gmm-acc-mllt.cc:108) Average like for this file is -59.4798 over 46 frames.
LOG (gmm-acc-mllt[5.5.1013~6-d787]:main():gmm-acc-mllt.cc:108) Average like for this file is -59.6499 over 42 frames.
LOG (gmm-acc-mllt[5.5.1013~6-d787]:main():gmm-acc-mllt.cc:108) Average like for this file is -59.7945 over 46 frames.
LOG (gmm-acc-mllt[5.5.1013~6-d787]:main():gmm-acc-mllt.cc:108) Average like for this file is -56.0007 over 49 frames.
LOG (gmm-acc-mllt[5.5.1013~6-d787]:main():gmm-acc-mllt.cc:108) Average like for this file is -55.0322 over 48 frames.
LOG (gmm-acc-mllt[5.5.1013~6-d787]:main():gmm-acc-mllt.cc:108) Average like for this file is -56.8364 over 48 frames.
LOG (gmm-acc-mllt[5.5.1013~6-d787]:main():gmm-acc-mllt.cc:108) Average like for this file is -60.3557 over 39 frames.
LOG (gmm-acc-mllt[5.5.1013~6-d787]:main():gmm-acc-mllt.cc:108) Average like for this file is -57.5211 over 50 frames.
LOG (gmm-acc-mllt[5.5.1013~6-d787]:main():gmm-acc-mllt.cc:108) Average like for this file is -59.2459 over 46 frames.
LOG (gmm-acc-mllt[5.5.1013~6-d787]:main():gmm-acc-mllt.cc:108) Average like for this file is -57.8315 over 53 frames.
LOG (gmm-acc-mllt[5.5.1013~6-d787]:main():gmm-acc-mllt.cc:114) Avg like per frame so far is -58.2501
LOG (gmm-acc-mllt[5.5.1013~6-d787]:main():gmm-acc-mllt.cc:108) Average like for this file is -55.2926 over 45 frames.
LOG (gmm-acc-mllt[5.5.1013~6-d787]:main():gmm-acc-mllt.cc:108) Average like for this file is -58.5184 over 43 frames.
LOG (gmm-acc-mllt[5.5.1013~6-d787]:main():gmm-acc-mllt.cc:108) Average like for this file is -60.3022 over 40 frames.
LOG (gmm-acc-mllt[5.5.1013~6-d787]:main():gmm-acc-mllt.cc:108) Average like for this file is -62.9585 over 335 frames.
LOG (gmm-acc-mllt[5.5.1013~6-d787]:main():gmm-acc-mllt.cc:108) Average like for this file is -58.5973 over 43 frames.
LOG (gmm-acc-mllt[5.5.1013~6-d787]:main():gmm-acc-mllt.cc:108) Average like for this file is -57.5436 over 43 frames.
LOG (gmm-acc-mllt[5.5.1013~6-d787]:main():gmm-acc-mllt.cc:108) Average like for this file is -58.8827 over 51 frames.
LOG (gmm-acc-mllt[5.5.1013~6-d787]:main():gmm-acc-mllt.cc:108) Average like for this file is -58.3569 over 45 frames.
LOG (gmm-acc-mllt[5.5.1013~6-d787]:main():gmm-acc-mllt.cc:108) Average like for this file is -57.3767 over 37 frames.
LOG (gmm-acc-mllt[5.5.1013~6-d787]:main():gmm-acc-mllt.cc:108) Average like for this file is -57.2373 over 43 frames.
LOG (gmm-acc-mllt[5.5.1013~6-d787]:main():gmm-acc-mllt.cc:114) Avg like per frame so far is -58.3285
LOG (gmm-acc-mllt[5.5.1013~6-d787]:main():gmm-acc-mllt.cc:108) Average like for this file is -57.3429 over 32 frames.
LOG (gmm-acc-mllt[5.5.1013~6-d787]:main():gmm-acc-mllt.cc:108) Average like for this file is -57.8329 over 42 frames.
LOG (gmm-acc-mllt[5.5.1013~6-d787]:main():gmm-acc-mllt.cc:108) Average like for this file is -55.7637 over 40 frames.
LOG (gmm-acc-mllt[5.5.1013~6-d787]:main():gmm-acc-mllt.cc:108) Average like for this file is -60.1429 over 31 frames.
LOG (gmm-acc-mllt[5.5.1013~6-d787]:main():gmm-acc-mllt.cc:108) Average like for this file is -59.7653 over 39 frames.
LOG (gmm-acc-mllt[5.5.1013~6-d787]:main():gmm-acc-mllt.cc:108) Average like for this file is -58.3137 over 31 frames.
LOG (gmm-acc-mllt[5.5.1013~6-d787]:main():gmm-acc-mllt.cc:108) Average like for this file is -58.0615 over 39 frames.
LOG (gmm-acc-mllt[5.5.1013~6-d787]:main():gmm-acc-mllt.cc:108) Average like for this file is -58.6207 over 40 frames.
LOG (gmm-acc-mllt[5.5.1013~6-d787]:main():gmm-acc-mllt.cc:108) Average like for this file is -58.1164 over 43 frames.
LOG (gmm-acc-mllt[5.5.1013~6-d787]:main():gmm-acc-mllt.cc:108) Average like for this file is -55.857 over 38 frames.
LOG (gmm-acc-mllt[5.5.1013~6-d787]:main():gmm-acc-mllt.cc:114) Avg like per frame so far is -58.321
LOG (gmm-acc-mllt[5.5.1013~6-d787]:main():gmm-acc-mllt.cc:108) Average like for this file is -58.989 over 50 frames.
LOG (gmm-acc-mllt[5.5.1013~6-d787]:main():gmm-acc-mllt.cc:108) Average like for this file is -58.2716 over 52 frames.
LOG (weight-silence-post[5.5.1013~6-d787]:main():weight-silence-post.cc:95) Done 560 posteriors.
LOG (gmm-acc-mllt[5.5.1013~6-d787]:main():gmm-acc-mllt.cc:108) Average like for this file is -58.5196 over 45 frames.
LOG (gmm-acc-mllt[5.5.1013~6-d787]:main():gmm-acc-mllt.cc:108) Average like for this file is -60.2323 over 45 frames.
LOG (gmm-acc-mllt[5.5.1013~6-d787]:main():gmm-acc-mllt.cc:108) Average like for this file is -59.705 over 43 frames.
LOG (gmm-acc-mllt[5.5.1013~6-d787]:main():gmm-acc-mllt.cc:108) Average like for this file is -61.3644 over 38 frames.
LOG (gmm-acc-mllt[5.5.1013~6-d787]:main():gmm-acc-mllt.cc:108) Average like for this file is -58.3633 over 51 frames.
LOG (gmm-acc-mllt[5.5.1013~6-d787]:main():gmm-acc-mllt.cc:108) Average like for this file is -59.0177 over 50 frames.
LOG (gmm-acc-mllt[5.5.1013~6-d787]:main():gmm-acc-mllt.cc:108) Average like for this file is -62.6095 over 43 frames.
LOG (gmm-acc-mllt[5.5.1013~6-d787]:main():gmm-acc-mllt.cc:108) Average like for this file is -60.5262 over 51 frames.
LOG (gmm-acc-mllt[5.5.1013~6-d787]:main():gmm-acc-mllt.cc:114) Avg like per frame so far is -58.3531
LOG (gmm-acc-mllt[5.5.1013~6-d787]:main():gmm-acc-mllt.cc:108) Average like for this file is -59.1139 over 35 frames.
LOG (gmm-acc-mllt[5.5.1013~6-d787]:main():gmm-acc-mllt.cc:108) Average like for this file is -55.7544 over 36 frames.
LOG (gmm-acc-mllt[5.5.1013~6-d787]:main():gmm-acc-mllt.cc:108) Average like for this file is -59.9828 over 87 frames.
LOG (gmm-acc-mllt[5.5.1013~6-d787]:main():gmm-acc-mllt.cc:108) Average like for this file is -56.5255 over 50 frames.
LOG (gmm-acc-mllt[5.5.1013~6-d787]:main():gmm-acc-mllt.cc:108) Average like for this file is -54.518 over 60 frames.
LOG (gmm-acc-mllt[5.5.1013~6-d787]:main():gmm-acc-mllt.cc:108) Average like for this file is -56.6065 over 46 frames.
LOG (gmm-acc-mllt[5.5.1013~6-d787]:main():gmm-acc-mllt.cc:108) Average like for this file is -57.5893 over 31 frames.
LOG (gmm-acc-mllt[5.5.1013~6-d787]:main():gmm-acc-mllt.cc:108) Average like for this file is -55.746 over 32 frames.
LOG (gmm-acc-mllt[5.5.1013~6-d787]:main():gmm-acc-mllt.cc:108) Average like for this file is -60.625 over 43 frames.
LOG (gmm-acc-mllt[5.5.1013~6-d787]:main():gmm-acc-mllt.cc:108) Average like for this file is -54.6315 over 35 frames.
LOG (gmm-acc-mllt[5.5.1013~6-d787]:main():gmm-acc-mllt.cc:114) Avg like per frame so far is -58.33
LOG (gmm-acc-mllt[5.5.1013~6-d787]:main():gmm-acc-mllt.cc:108) Average like for this file is -56.7626 over 64 frames.
LOG (gmm-acc-mllt[5.5.1013~6-d787]:main():gmm-acc-mllt.cc:108) Average like for this file is -55.612 over 45 frames.
LOG (gmm-acc-mllt[5.5.1013~6-d787]:main():gmm-acc-mllt.cc:108) Average like for this file is -53.1389 over 56 frames.
LOG (gmm-acc-mllt[5.5.1013~6-d787]:main():gmm-acc-mllt.cc:108) Average like for this file is -59.2397 over 52 frames.
LOG (gmm-acc-mllt[5.5.1013~6-d787]:main():gmm-acc-mllt.cc:108) Average like for this file is -54.3722 over 60 frames.
LOG (gmm-acc-mllt[5.5.1013~6-d787]:main():gmm-acc-mllt.cc:108) Average like for this file is -57.2677 over 45 frames.
LOG (gmm-acc-mllt[5.5.1013~6-d787]:main():gmm-acc-mllt.cc:108) Average like for this file is -58.3178 over 35 frames.
LOG (gmm-acc-mllt[5.5.1013~6-d787]:main():gmm-acc-mllt.cc:108) Average like for this file is -61.411 over 47 frames.
LOG (gmm-acc-mllt[5.5.1013~6-d787]:main():gmm-acc-mllt.cc:108) Average like for this file is -61.6637 over 40 frames.
LOG (gmm-acc-mllt[5.5.1013~6-d787]:main():gmm-acc-mllt.cc:108) Average like for this file is -60.3688 over 36 frames.
LOG (gmm-acc-mllt[5.5.1013~6-d787]:main():gmm-acc-mllt.cc:114) Avg like per frame so far is -58.3107
LOG (gmm-acc-mllt[5.5.1013~6-d787]:main():gmm-acc-mllt.cc:108) Average like for this file is -54.9947 over 44 frames.
LOG (gmm-acc-mllt[5.5.1013~6-d787]:main():gmm-acc-mllt.cc:108) Average like for this file is -53.3557 over 38 frames.
LOG (gmm-acc-mllt[5.5.1013~6-d787]:main():gmm-acc-mllt.cc:108) Average like for this file is -54.3301 over 32 frames.
LOG (gmm-acc-mllt[5.5.1013~6-d787]:main():gmm-acc-mllt.cc:108) Average like for this file is -57.7103 over 37 frames.
LOG (gmm-acc-mllt[5.5.1013~6-d787]:main():gmm-acc-mllt.cc:108) Average like for this file is -54.9785 over 33 frames.
LOG (gmm-acc-mllt[5.5.1013~6-d787]:main():gmm-acc-mllt.cc:108) Average like for this file is -55.5589 over 43 frames.
LOG (gmm-acc-mllt[5.5.1013~6-d787]:main():gmm-acc-mllt.cc:108) Average like for this file is -56.188 over 36 frames.
LOG (gmm-acc-mllt[5.5.1013~6-d787]:main():gmm-acc-mllt.cc:108) Average like for this file is -54.2569 over 48 frames.
LOG (gmm-acc-mllt[5.5.1013~6-d787]:main():gmm-acc-mllt.cc:108) Average like for this file is -52.1962 over 46 frames.
LOG (gmm-acc-mllt[5.5.1013~6-d787]:main():gmm-acc-mllt.cc:108) Average like for this file is -51.5945 over 39 frames.
LOG (gmm-acc-mllt[5.5.1013~6-d787]:main():gmm-acc-mllt.cc:114) Avg like per frame so far is -58.2383
LOG (gmm-acc-mllt[5.5.1013~6-d787]:main():gmm-acc-mllt.cc:108) Average like for this file is -54.0346 over 49 frames.
LOG (gmm-acc-mllt[5.5.1013~6-d787]:main():gmm-acc-mllt.cc:108) Average like for this file is -56.4299 over 54 frames.
LOG (gmm-acc-mllt[5.5.1013~6-d787]:main():gmm-acc-mllt.cc:108) Average like for this file is -55.078 over 50 frames.
LOG (gmm-acc-mllt[5.5.1013~6-d787]:main():gmm-acc-mllt.cc:108) Average like for this file is -57.2353 over 46 frames.
LOG (gmm-acc-mllt[5.5.1013~6-d787]:main():gmm-acc-mllt.cc:108) Average like for this file is -58.0913 over 55 frames.
LOG (gmm-acc-mllt[5.5.1013~6-d787]:main():gmm-acc-mllt.cc:108) Average like for this file is -57.3117 over 37 frames.
LOG (gmm-acc-mllt[5.5.1013~6-d787]:main():gmm-acc-mllt.cc:108) Average like for this file is -58.1735 over 39 frames.
LOG (gmm-acc-mllt[5.5.1013~6-d787]:main():gmm-acc-mllt.cc:108) Average like for this file is -57.9922 over 45 frames.
LOG (gmm-acc-mllt[5.5.1013~6-d787]:main():gmm-acc-mllt.cc:108) Average like for this file is -61.4841 over 40 frames.
LOG (gmm-acc-mllt[5.5.1013~6-d787]:main():gmm-acc-mllt.cc:108) Average like for this file is -56.9344 over 42 frames.
LOG (gmm-acc-mllt[5.5.1013~6-d787]:main():gmm-acc-mllt.cc:114) Avg like per frame so far is -58.2157
LOG (gmm-acc-mllt[5.5.1013~6-d787]:main():gmm-acc-mllt.cc:108) Average like for this file is -55.2447 over 46 frames.
LOG (gmm-acc-mllt[5.5.1013~6-d787]:main():gmm-acc-mllt.cc:108) Average like for this file is -56.4744 over 52 frames.
LOG (gmm-acc-mllt[5.5.1013~6-d787]:main():gmm-acc-mllt.cc:108) Average like for this file is -54.7832 over 52 frames.
LOG (gmm-acc-mllt[5.5.1013~6-d787]:main():gmm-acc-mllt.cc:108) Average like for this file is -58.3994 over 44 frames.
LOG (gmm-acc-mllt[5.5.1013~6-d787]:main():gmm-acc-mllt.cc:108) Average like for this file is -60.8566 over 38 frames.
LOG (gmm-acc-mllt[5.5.1013~6-d787]:main():gmm-acc-mllt.cc:108) Average like for this file is -55.7534 over 45 frames.
LOG (gmm-acc-mllt[5.5.1013~6-d787]:main():gmm-acc-mllt.cc:108) Average like for this file is -60.9848 over 51 frames.
LOG (gmm-acc-mllt[5.5.1013~6-d787]:main():gmm-acc-mllt.cc:108) Average like for this file is -55.8192 over 40 frames.
LOG (gmm-acc-mllt[5.5.1013~6-d787]:main():gmm-acc-mllt.cc:108) Average like for this file is -53.8695 over 52 frames.
LOG (gmm-acc-mllt[5.5.1013~6-d787]:main():gmm-acc-mllt.cc:108) Average like for this file is -55.7926 over 53 frames.
LOG (gmm-acc-mllt[5.5.1013~6-d787]:main():gmm-acc-mllt.cc:114) Avg like per frame so far is -58.1831
LOG (gmm-acc-mllt[5.5.1013~6-d787]:main():gmm-acc-mllt.cc:108) Average like for this file is -52.947 over 52 frames.
LOG (gmm-acc-mllt[5.5.1013~6-d787]:main():gmm-acc-mllt.cc:108) Average like for this file is -55.2324 over 55 frames.
LOG (gmm-acc-mllt[5.5.1013~6-d787]:main():gmm-acc-mllt.cc:108) Average like for this file is -57.1101 over 48 frames.
LOG (gmm-acc-mllt[5.5.1013~6-d787]:main():gmm-acc-mllt.cc:108) Average like for this file is -56.6946 over 49 frames.
LOG (gmm-acc-mllt[5.5.1013~6-d787]:main():gmm-acc-mllt.cc:108) Average like for this file is -56.4269 over 60 frames.
LOG (gmm-acc-mllt[5.5.1013~6-d787]:main():gmm-acc-mllt.cc:108) Average like for this file is -59.6517 over 48 frames.
LOG (gmm-acc-mllt[5.5.1013~6-d787]:main():gmm-acc-mllt.cc:108) Average like for this file is -62.0433 over 51 frames.
LOG (gmm-acc-mllt[5.5.1013~6-d787]:main():gmm-acc-mllt.cc:108) Average like for this file is -57.3971 over 50 frames.
LOG (gmm-acc-mllt[5.5.1013~6-d787]:main():gmm-acc-mllt.cc:108) Average like for this file is -59.0644 over 51 frames.
LOG (gmm-acc-mllt[5.5.1013~6-d787]:main():gmm-acc-mllt.cc:108) Average like for this file is -58.5141 over 52 frames.
LOG (gmm-acc-mllt[5.5.1013~6-d787]:main():gmm-acc-mllt.cc:114) Avg like per frame so far is -58.1665
LOG (gmm-acc-mllt[5.5.1013~6-d787]:main():gmm-acc-mllt.cc:108) Average like for this file is -57.3599 over 35 frames.
LOG (gmm-acc-mllt[5.5.1013~6-d787]:main():gmm-acc-mllt.cc:108) Average like for this file is -53.856 over 44 frames.
LOG (gmm-acc-mllt[5.5.1013~6-d787]:main():gmm-acc-mllt.cc:108) Average like for this file is -55.9169 over 30 frames.
LOG (gmm-acc-mllt[5.5.1013~6-d787]:main():gmm-acc-mllt.cc:108) Average like for this file is -54.1527 over 40 frames.
LOG (gmm-acc-mllt[5.5.1013~6-d787]:main():gmm-acc-mllt.cc:108) Average like for this file is -56.885 over 43 frames.
LOG (gmm-acc-mllt[5.5.1013~6-d787]:main():gmm-acc-mllt.cc:108) Average like for this file is -58.2939 over 57 frames.
LOG (gmm-acc-mllt[5.5.1013~6-d787]:main():gmm-acc-mllt.cc:108) Average like for this file is -62.4188 over 49 frames.
LOG (gmm-acc-mllt[5.5.1013~6-d787]:main():gmm-acc-mllt.cc:108) Average like for this file is -57.1328 over 44 frames.
LOG (gmm-acc-mllt[5.5.1013~6-d787]:main():gmm-acc-mllt.cc:108) Average like for this file is -55.8357 over 58 frames.
LOG (gmm-acc-mllt[5.5.1013~6-d787]:main():gmm-acc-mllt.cc:108) Average like for this file is -61.6554 over 40 frames.
LOG (gmm-acc-mllt[5.5.1013~6-d787]:main():gmm-acc-mllt.cc:114) Avg like per frame so far is -58.1523
LOG (gmm-acc-mllt[5.5.1013~6-d787]:main():gmm-acc-mllt.cc:108) Average like for this file is -53.0612 over 52 frames.
LOG (gmm-acc-mllt[5.5.1013~6-d787]:main():gmm-acc-mllt.cc:108) Average like for this file is -55.5916 over 43 frames.
LOG (gmm-acc-mllt[5.5.1013~6-d787]:main():gmm-acc-mllt.cc:108) Average like for this file is -52.2198 over 50 frames.
LOG (gmm-acc-mllt[5.5.1013~6-d787]:main():gmm-acc-mllt.cc:108) Average like for this file is -54.4702 over 45 frames.
LOG (gmm-acc-mllt[5.5.1013~6-d787]:main():gmm-acc-mllt.cc:108) Average like for this file is -55.5692 over 55 frames.
LOG (gmm-acc-mllt[5.5.1013~6-d787]:main():gmm-acc-mllt.cc:108) Average like for this file is -52.3408 over 51 frames.
LOG (gmm-acc-mllt[5.5.1013~6-d787]:main():gmm-acc-mllt.cc:108) Average like for this file is -55.009 over 36 frames.
LOG (gmm-acc-mllt[5.5.1013~6-d787]:main():gmm-acc-mllt.cc:108) Average like for this file is -54.7307 over 47 frames.
LOG (gmm-acc-mllt[5.5.1013~6-d787]:main():gmm-acc-mllt.cc:108) Average like for this file is -53.0806 over 49 frames.
LOG (gmm-acc-mllt[5.5.1013~6-d787]:main():gmm-acc-mllt.cc:108) Average like for this file is -57.1501 over 32 frames.
LOG (gmm-acc-mllt[5.5.1013~6-d787]:main():gmm-acc-mllt.cc:114) Avg like per frame so far is -58.0743
LOG (gmm-acc-mllt[5.5.1013~6-d787]:main():gmm-acc-mllt.cc:108) Average like for this file is -56.2219 over 51 frames.
LOG (gmm-acc-mllt[5.5.1013~6-d787]:main():gmm-acc-mllt.cc:108) Average like for this file is -56.9198 over 58 frames.
LOG (gmm-acc-mllt[5.5.1013~6-d787]:main():gmm-acc-mllt.cc:108) Average like for this file is -53.0555 over 55 frames.
LOG (gmm-acc-mllt[5.5.1013~6-d787]:main():gmm-acc-mllt.cc:108) Average like for this file is -56.1301 over 57 frames.
LOG (gmm-acc-mllt[5.5.1013~6-d787]:main():gmm-acc-mllt.cc:108) Average like for this file is -54.0256 over 55 frames.
LOG (gmm-acc-mllt[5.5.1013~6-d787]:main():gmm-acc-mllt.cc:108) Average like for this file is -57.9436 over 59 frames.
LOG (gmm-acc-mllt[5.5.1013~6-d787]:main():gmm-acc-mllt.cc:108) Average like for this file is -57.0301 over 36 frames.
LOG (gmm-acc-mllt[5.5.1013~6-d787]:main():gmm-acc-mllt.cc:108) Average like for this file is -55.4446 over 45 frames.
LOG (gmm-acc-mllt[5.5.1013~6-d787]:main():gmm-acc-mllt.cc:108) Average like for this file is -57.3916 over 42 frames.
LOG (gmm-acc-mllt[5.5.1013~6-d787]:main():gmm-acc-mllt.cc:108) Average like for this file is -55.7704 over 47 frames.
LOG (gmm-acc-mllt[5.5.1013~6-d787]:main():gmm-acc-mllt.cc:114) Avg like per frame so far is -58.0295
LOG (gmm-acc-mllt[5.5.1013~6-d787]:main():gmm-acc-mllt.cc:108) Average like for this file is -53.3004 over 32 frames.
LOG (gmm-acc-mllt[5.5.1013~6-d787]:main():gmm-acc-mllt.cc:108) Average like for this file is -51.8978 over 55 frames.
LOG (gmm-acc-mllt[5.5.1013~6-d787]:main():gmm-acc-mllt.cc:108) Average like for this file is -52.839 over 37 frames.
LOG (gmm-acc-mllt[5.5.1013~6-d787]:main():gmm-acc-mllt.cc:108) Average like for this file is -53.0718 over 45 frames.
LOG (gmm-acc-mllt[5.5.1013~6-d787]:main():gmm-acc-mllt.cc:108) Average like for this file is -51.719 over 50 frames.
LOG (gmm-acc-mllt[5.5.1013~6-d787]:main():gmm-acc-mllt.cc:108) Average like for this file is -55.5244 over 46 frames.
LOG (gmm-acc-mllt[5.5.1013~6-d787]:main():gmm-acc-mllt.cc:108) Average like for this file is -55.4178 over 44 frames.
LOG (gmm-acc-mllt[5.5.1013~6-d787]:main():gmm-acc-mllt.cc:108) Average like for this file is -53.24 over 45 frames.
LOG (gmm-acc-mllt[5.5.1013~6-d787]:main():gmm-acc-mllt.cc:108) Average like for this file is -55.3293 over 47 frames.
LOG (gmm-acc-mllt[5.5.1013~6-d787]:main():gmm-acc-mllt.cc:108) Average like for this file is -53.5689 over 43 frames.
LOG (gmm-acc-mllt[5.5.1013~6-d787]:main():gmm-acc-mllt.cc:114) Avg like per frame so far is -57.9482
LOG (gmm-acc-mllt[5.5.1013~6-d787]:main():gmm-acc-mllt.cc:108) Average like for this file is -52.712 over 54 frames.
LOG (gmm-acc-mllt[5.5.1013~6-d787]:main():gmm-acc-mllt.cc:108) Average like for this file is -52.8645 over 55 frames.
LOG (gmm-acc-mllt[5.5.1013~6-d787]:main():gmm-acc-mllt.cc:108) Average like for this file is -54.2919 over 56 frames.
LOG (gmm-acc-mllt[5.5.1013~6-d787]:main():gmm-acc-mllt.cc:108) Average like for this file is -51.53 over 53 frames.
LOG (gmm-acc-mllt[5.5.1013~6-d787]:main():gmm-acc-mllt.cc:108) Average like for this file is -57.2187 over 56 frames.
LOG (gmm-acc-mllt[5.5.1013~6-d787]:main():gmm-acc-mllt.cc:108) Average like for this file is -58.7602 over 41 frames.
LOG (gmm-acc-mllt[5.5.1013~6-d787]:main():gmm-acc-mllt.cc:108) Average like for this file is -55.3511 over 47 frames.
LOG (gmm-acc-mllt[5.5.1013~6-d787]:main():gmm-acc-mllt.cc:108) Average like for this file is -54.6589 over 46 frames.
LOG (gmm-acc-mllt[5.5.1013~6-d787]:main():gmm-acc-mllt.cc:108) Average like for this file is -57.2383 over 55 frames.
LOG (gmm-acc-mllt[5.5.1013~6-d787]:main():gmm-acc-mllt.cc:108) Average like for this file is -56.1259 over 44 frames.
LOG (gmm-acc-mllt[5.5.1013~6-d787]:main():gmm-acc-mllt.cc:114) Avg like per frame so far is -57.8877
LOG (gmm-acc-mllt[5.5.1013~6-d787]:main():gmm-acc-mllt.cc:108) Average like for this file is -54.7987 over 46 frames.
LOG (gmm-acc-mllt[5.5.1013~6-d787]:main():gmm-acc-mllt.cc:108) Average like for this file is -54.147 over 40 frames.
LOG (gmm-acc-mllt[5.5.1013~6-d787]:main():gmm-acc-mllt.cc:108) Average like for this file is -52.9939 over 48 frames.
LOG (gmm-acc-mllt[5.5.1013~6-d787]:main():gmm-acc-mllt.cc:108) Average like for this file is -66.4038 over 53 frames.
LOG (gmm-acc-mllt[5.5.1013~6-d787]:main():gmm-acc-mllt.cc:108) Average like for this file is -56.0711 over 44 frames.
LOG (gmm-acc-mllt[5.5.1013~6-d787]:main():gmm-acc-mllt.cc:108) Average like for this file is -57.7732 over 43 frames.
LOG (gmm-acc-mllt[5.5.1013~6-d787]:main():gmm-acc-mllt.cc:108) Average like for this file is -55.1199 over 45 frames.
LOG (gmm-acc-mllt[5.5.1013~6-d787]:main():gmm-acc-mllt.cc:108) Average like for this file is -56.075 over 52 frames.
LOG (gmm-acc-mllt[5.5.1013~6-d787]:main():gmm-acc-mllt.cc:108) Average like for this file is -57.6273 over 52 frames.
LOG (gmm-acc-mllt[5.5.1013~6-d787]:main():gmm-acc-mllt.cc:108) Average like for this file is -57.9478 over 36 frames.
LOG (gmm-acc-mllt[5.5.1013~6-d787]:main():gmm-acc-mllt.cc:114) Avg like per frame so far is -57.8723
LOG (gmm-acc-mllt[5.5.1013~6-d787]:main():gmm-acc-mllt.cc:108) Average like for this file is -54.8259 over 59 frames.
LOG (gmm-acc-mllt[5.5.1013~6-d787]:main():gmm-acc-mllt.cc:108) Average like for this file is -52.2508 over 54 frames.
LOG (gmm-acc-mllt[5.5.1013~6-d787]:main():gmm-acc-mllt.cc:108) Average like for this file is -51.6501 over 56 frames.
LOG (gmm-acc-mllt[5.5.1013~6-d787]:main():gmm-acc-mllt.cc:108) Average like for this file is -55.0341 over 49 frames.
LOG (gmm-acc-mllt[5.5.1013~6-d787]:main():gmm-acc-mllt.cc:108) Average like for this file is -56.9563 over 63 frames.
LOG (gmm-acc-mllt[5.5.1013~6-d787]:main():gmm-acc-mllt.cc:108) Average like for this file is -55.2521 over 44 frames.
LOG (gmm-acc-mllt[5.5.1013~6-d787]:main():gmm-acc-mllt.cc:108) Average like for this file is -56.971 over 39 frames.
LOG (apply-cmvn[5.5.1013~6-d787]:main():apply-cmvn.cc:162) Applied cepstral mean normalization to 560 utterances, errors on 0
LOG (gmm-acc-mllt[5.5.1013~6-d787]:main():gmm-acc-mllt.cc:108) Average like for this file is -56.2286 over 45 frames.
LOG (gmm-acc-mllt[5.5.1013~6-d787]:main():gmm-acc-mllt.cc:108) Average like for this file is -57.5801 over 48 frames.
LOG (gmm-acc-mllt[5.5.1013~6-d787]:main():gmm-acc-mllt.cc:108) Average like for this file is -58.4788 over 39 frames.
LOG (gmm-acc-mllt[5.5.1013~6-d787]:main():gmm-acc-mllt.cc:114) Avg like per frame so far is -57.8242
LOG (gmm-acc-mllt[5.5.1013~6-d787]:main():gmm-acc-mllt.cc:108) Average like for this file is -52.9787 over 34 frames.
LOG (gmm-acc-mllt[5.5.1013~6-d787]:main():gmm-acc-mllt.cc:108) Average like for this file is -57.0749 over 26 frames.
LOG (gmm-acc-mllt[5.5.1013~6-d787]:main():gmm-acc-mllt.cc:108) Average like for this file is -56.3832 over 36 frames.
LOG (gmm-acc-mllt[5.5.1013~6-d787]:main():gmm-acc-mllt.cc:108) Average like for this file is -56.1479 over 34 frames.
LOG (gmm-acc-mllt[5.5.1013~6-d787]:main():gmm-acc-mllt.cc:108) Average like for this file is -56.3721 over 27 frames.
LOG (gmm-acc-mllt[5.5.1013~6-d787]:main():gmm-acc-mllt.cc:108) Average like for this file is -56.5246 over 38 frames.
LOG (gmm-acc-mllt[5.5.1013~6-d787]:main():gmm-acc-mllt.cc:108) Average like for this file is -57.7648 over 48 frames.
LOG (gmm-acc-mllt[5.5.1013~6-d787]:main():gmm-acc-mllt.cc:108) Average like for this file is -61.1291 over 50 frames.
LOG (transform-feats[5.5.1013~6-d787]:main():transform-feats.cc:158) Overall average [pseudo-]logdet is -18.8201 over 34473 frames.
LOG (transform-feats[5.5.1013~6-d787]:main():transform-feats.cc:161) Applied transform to 560 utterances; 0 had errors.
LOG (gmm-acc-mllt[5.5.1013~6-d787]:main():gmm-acc-mllt.cc:108) Average like for this file is -59.9579 over 42 frames.
LOG (gmm-acc-mllt[5.5.1013~6-d787]:main():gmm-acc-mllt.cc:108) Average like for this file is -56.5597 over 48 frames.
LOG (gmm-acc-mllt[5.5.1013~6-d787]:main():gmm-acc-mllt.cc:114) Avg like per frame so far is -57.817
LOG (gmm-acc-mllt[5.5.1013~6-d787]:main():gmm-acc-mllt.cc:119) Done 560 files, 0 with no posteriors, 0 with other errors.
LOG (gmm-acc-mllt[5.5.1013~6-d787]:main():gmm-acc-mllt.cc:123) Overall avg like per frame (Gaussian only) = -57.817 over 26242 frames.
LOG (gmm-acc-mllt[5.5.1013~6-d787]:main():gmm-acc-mllt.cc:127) Written accs.
# Accounting: time=1 threads=1
# Ended (code 0) at Fri Apr 22 18:09:13 CDT 2022, elapsed time 1 seconds
