# gmm-est --write-occs=exp/tri3a/4.occs --mix-up=4820 --power=0.25 exp/tri3a/3.mdl "gmm-sum-accs - exp/tri3a/3.*.acc |" exp/tri3a/4.mdl 
# Started at Mon Apr 25 20:45:36 CDT 2022
#
gmm-est --write-occs=exp/tri3a/4.occs --mix-up=4820 --power=0.25 exp/tri3a/3.mdl 'gmm-sum-accs - exp/tri3a/3.*.acc |' exp/tri3a/4.mdl 
gmm-sum-accs - exp/tri3a/3.1.acc 
LOG (gmm-sum-accs[5.5.1017~3-12a20]:main():gmm-sum-accs.cc:63) Summed 1 stats, total count 47895, avg like/frame -56.5872
LOG (gmm-sum-accs[5.5.1017~3-12a20]:main():gmm-sum-accs.cc:66) Total count of stats is 47895
LOG (gmm-sum-accs[5.5.1017~3-12a20]:main():gmm-sum-accs.cc:67) Written stats to -
LOG (gmm-est[5.5.1017~3-12a20]:MleUpdate():transition-model.cc:528) TransitionModel::Update, objf change is 0 per frame over 47895 frames. 
LOG (gmm-est[5.5.1017~3-12a20]:MleUpdate():transition-model.cc:531) 11 probabilities floored, 386 out of 512 transition-states skipped due to insuffient data (it is normal to have some skipped.)
LOG (gmm-est[5.5.1017~3-12a20]:main():gmm-est.cc:102) Transition model update: Overall 0 log-like improvement per frame over 47895 frames.
WARNING (gmm-est[5.5.1017~3-12a20]:MleDiagGmmUpdate():mle-diag-gmm.cc:365) Gaussian has too little data but not removing it because it is the last Gaussian: i = 0, occ = 0, weight = 1
LOG (gmm-est[5.5.1017~3-12a20]:MleAmDiagGmmUpdate():mle-am-diag-gmm.cc:225) 0 variance elements floored in 0 Gaussians, out of 2332
LOG (gmm-est[5.5.1017~3-12a20]:MleAmDiagGmmUpdate():mle-am-diag-gmm.cc:229) Removed 0 Gaussians due to counts < --min-gaussian-occupancy=10 and --remove-low-count-gaussians=true
LOG (gmm-est[5.5.1017~3-12a20]:main():gmm-est.cc:113) GMM update: Overall 0.118906 objective function improvement per frame over 47895 frames
LOG (gmm-est[5.5.1017~3-12a20]:main():gmm-est.cc:116) GMM update: Overall avg like per frame = -56.5872 over 47895 frames.
WARNING (gmm-est[5.5.1017~3-12a20]:GetSplitTargets():model-common.cc:134) Could not split up to 4820 due to min-count = 20 (or no counts at all)

LOG (gmm-est[5.5.1017~3-12a20]:SplitByCount():am-diag-gmm.cc:116) Split 112 states with target = 4820, power = 0.25, perturb_factor = 0.01 and min_count = 20, split #Gauss from 2332 to 2332
LOG (gmm-est[5.5.1017~3-12a20]:main():gmm-est.cc:146) Written model to exp/tri3a/4.mdl
# Accounting: time=0 threads=1
# Ended (code 0) at Mon Apr 25 20:45:36 CDT 2022, elapsed time 0 seconds
