# gmm-est --write-occs=exp/tri3a/9.occs --mix-up=8120 --power=0.25 exp/tri3a/8.mdl "gmm-sum-accs - exp/tri3a/8.*.acc |" exp/tri3a/9.mdl 
# Started at Sat Apr 23 11:03:16 CDT 2022
#
gmm-est --write-occs=exp/tri3a/9.occs --mix-up=8120 --power=0.25 exp/tri3a/8.mdl 'gmm-sum-accs - exp/tri3a/8.*.acc |' exp/tri3a/9.mdl 
gmm-sum-accs - exp/tri3a/8.1.acc 
LOG (gmm-sum-accs[5.5.1013~6-d787]:main():gmm-sum-accs.cc:63) Summed 1 stats, total count 42908, avg like/frame -54.3199
LOG (gmm-sum-accs[5.5.1013~6-d787]:main():gmm-sum-accs.cc:66) Total count of stats is 42908
LOG (gmm-sum-accs[5.5.1013~6-d787]:main():gmm-sum-accs.cc:67) Written stats to -
LOG (gmm-est[5.5.1013~6-d787]:MleUpdate():transition-model.cc:528) TransitionModel::Update, objf change is 0 per frame over 42908 frames. 
LOG (gmm-est[5.5.1013~6-d787]:MleUpdate():transition-model.cc:531) 15 probabilities floored, 419 out of 550 transition-states skipped due to insuffient data (it is normal to have some skipped.)
LOG (gmm-est[5.5.1013~6-d787]:main():gmm-est.cc:102) Transition model update: Overall 0 log-like improvement per frame over 42908 frames.
WARNING (gmm-est[5.5.1013~6-d787]:MleDiagGmmUpdate():mle-diag-gmm.cc:359) Too little data - removing Gaussian (weight 0.001872, occupation count 9.828398, vector size 40)
WARNING (gmm-est[5.5.1013~6-d787]:MleDiagGmmUpdate():mle-diag-gmm.cc:359) Too little data - removing Gaussian (weight 0.001848, occupation count 9.703048, vector size 40)
WARNING (gmm-est[5.5.1013~6-d787]:MleDiagGmmUpdate():mle-diag-gmm.cc:359) Too little data - removing Gaussian (weight 0.001841, occupation count 9.665568, vector size 40)
WARNING (gmm-est[5.5.1013~6-d787]:MleDiagGmmUpdate():mle-diag-gmm.cc:359) Too little data - removing Gaussian (weight 0.001862, occupation count 9.775746, vector size 40)
WARNING (gmm-est[5.5.1013~6-d787]:MleDiagGmmUpdate():mle-diag-gmm.cc:359) Too little data - removing Gaussian (weight 0.001812, occupation count 9.514748, vector size 40)
WARNING (gmm-est[5.5.1013~6-d787]:MleDiagGmmUpdate():mle-diag-gmm.cc:359) Too little data - removing Gaussian (weight 0.001617, occupation count 8.490694, vector size 40)
WARNING (gmm-est[5.5.1013~6-d787]:MleDiagGmmUpdate():mle-diag-gmm.cc:359) Too little data - removing Gaussian (weight 0.001871, occupation count 9.825279, vector size 40)
WARNING (gmm-est[5.5.1013~6-d787]:MleDiagGmmUpdate():mle-diag-gmm.cc:359) Too little data - removing Gaussian (weight 0.001888, occupation count 9.911547, vector size 40)
WARNING (gmm-est[5.5.1013~6-d787]:MleDiagGmmUpdate():mle-diag-gmm.cc:359) Too little data - removing Gaussian (weight 0.001658, occupation count 8.704429, vector size 40)
WARNING (gmm-est[5.5.1013~6-d787]:MleDiagGmmUpdate():mle-diag-gmm.cc:359) Too little data - removing Gaussian (weight 0.001748, occupation count 9.178156, vector size 40)
WARNING (gmm-est[5.5.1013~6-d787]:MleDiagGmmUpdate():mle-diag-gmm.cc:359) Too little data - removing Gaussian (weight 0.001707, occupation count 8.961240, vector size 40)
WARNING (gmm-est[5.5.1013~6-d787]:MleDiagGmmUpdate():mle-diag-gmm.cc:359) Too little data - removing Gaussian (weight 0.001747, occupation count 9.170815, vector size 40)
WARNING (gmm-est[5.5.1013~6-d787]:MleDiagGmmUpdate():mle-diag-gmm.cc:359) Too little data - removing Gaussian (weight 0.001788, occupation count 9.384416, vector size 40)
WARNING (gmm-est[5.5.1013~6-d787]:MleDiagGmmUpdate():mle-diag-gmm.cc:359) Too little data - removing Gaussian (weight 0.001671, occupation count 8.771963, vector size 40)
WARNING (gmm-est[5.5.1013~6-d787]:MleDiagGmmUpdate():mle-diag-gmm.cc:359) Too little data - removing Gaussian (weight 0.001761, occupation count 9.244790, vector size 40)
WARNING (gmm-est[5.5.1013~6-d787]:MleDiagGmmUpdate():mle-diag-gmm.cc:359) Too little data - removing Gaussian (weight 0.001654, occupation count 8.685538, vector size 40)
WARNING (gmm-est[5.5.1013~6-d787]:MleDiagGmmUpdate():mle-diag-gmm.cc:365) Gaussian has too little data but not removing it because it is the last Gaussian: i = 0, occ = 0, weight = 1
WARNING (gmm-est[5.5.1013~6-d787]:MleDiagGmmUpdate():mle-diag-gmm.cc:359) Too little data - removing Gaussian (weight 0.027004, occupation count 9.370399, vector size 40)
WARNING (gmm-est[5.5.1013~6-d787]:MleDiagGmmUpdate():mle-diag-gmm.cc:359) Too little data - removing Gaussian (weight 0.015471, occupation count 8.972987, vector size 40)
WARNING (gmm-est[5.5.1013~6-d787]:MleDiagGmmUpdate():mle-diag-gmm.cc:359) Too little data - removing Gaussian (weight 0.017224, occupation count 9.989888, vector size 40)
WARNING (gmm-est[5.5.1013~6-d787]:MleDiagGmmUpdate():mle-diag-gmm.cc:359) Too little data - removing Gaussian (weight 0.014271, occupation count 9.889982, vector size 40)
WARNING (gmm-est[5.5.1013~6-d787]:MleDiagGmmUpdate():mle-diag-gmm.cc:359) Too little data - removing Gaussian (weight 0.020284, occupation count 9.472779, vector size 40)
WARNING (gmm-est[5.5.1013~6-d787]:MleDiagGmmUpdate():mle-diag-gmm.cc:359) Too little data - removing Gaussian (weight 0.016362, occupation count 9.997411, vector size 40)
WARNING (gmm-est[5.5.1013~6-d787]:MleDiagGmmUpdate():mle-diag-gmm.cc:359) Too little data - removing Gaussian (weight 0.013814, occupation count 8.108743, vector size 40)
WARNING (gmm-est[5.5.1013~6-d787]:MleDiagGmmUpdate():mle-diag-gmm.cc:359) Too little data - removing Gaussian (weight 0.022775, occupation count 9.679248, vector size 40)
WARNING (gmm-est[5.5.1013~6-d787]:MleDiagGmmUpdate():mle-diag-gmm.cc:359) Too little data - removing Gaussian (weight 0.034228, occupation count 6.434832, vector size 40)
WARNING (gmm-est[5.5.1013~6-d787]:MleDiagGmmUpdate():mle-diag-gmm.cc:359) Too little data - removing Gaussian (weight 0.013612, occupation count 8.207910, vector size 40)
WARNING (gmm-est[5.5.1013~6-d787]:MleDiagGmmUpdate():mle-diag-gmm.cc:359) Too little data - removing Gaussian (weight 0.004941, occupation count 9.441663, vector size 40)
WARNING (gmm-est[5.5.1013~6-d787]:MleDiagGmmUpdate():mle-diag-gmm.cc:359) Too little data - removing Gaussian (weight 0.005037, occupation count 9.626401, vector size 40)
WARNING (gmm-est[5.5.1013~6-d787]:MleDiagGmmUpdate():mle-diag-gmm.cc:359) Too little data - removing Gaussian (weight 0.005375, occupation count 9.503260, vector size 40)
WARNING (gmm-est[5.5.1013~6-d787]:MleDiagGmmUpdate():mle-diag-gmm.cc:359) Too little data - removing Gaussian (weight 0.005396, occupation count 9.539477, vector size 40)
WARNING (gmm-est[5.5.1013~6-d787]:MleDiagGmmUpdate():mle-diag-gmm.cc:359) Too little data - removing Gaussian (weight 0.005596, occupation count 9.893644, vector size 40)
WARNING (gmm-est[5.5.1013~6-d787]:MleDiagGmmUpdate():mle-diag-gmm.cc:359) Too little data - removing Gaussian (weight 0.005384, occupation count 9.518283, vector size 40)
WARNING (gmm-est[5.5.1013~6-d787]:MleDiagGmmUpdate():mle-diag-gmm.cc:359) Too little data - removing Gaussian (weight 0.005586, occupation count 9.876593, vector size 40)
WARNING (gmm-est[5.5.1013~6-d787]:MleDiagGmmUpdate():mle-diag-gmm.cc:359) Too little data - removing Gaussian (weight 0.028102, occupation count 9.610833, vector size 40)
WARNING (gmm-est[5.5.1013~6-d787]:MleDiagGmmUpdate():mle-diag-gmm.cc:359) Too little data - removing Gaussian (weight 0.009094, occupation count 9.567128, vector size 40)
WARNING (gmm-est[5.5.1013~6-d787]:MleDiagGmmUpdate():mle-diag-gmm.cc:359) Too little data - removing Gaussian (weight 0.007962, occupation count 8.376182, vector size 40)
WARNING (gmm-est[5.5.1013~6-d787]:MleDiagGmmUpdate():mle-diag-gmm.cc:359) Too little data - removing Gaussian (weight 0.015639, occupation count 9.712037, vector size 40)
WARNING (gmm-est[5.5.1013~6-d787]:MleDiagGmmUpdate():mle-diag-gmm.cc:359) Too little data - removing Gaussian (weight 0.012745, occupation count 7.914486, vector size 40)
WARNING (gmm-est[5.5.1013~6-d787]:MleDiagGmmUpdate():mle-diag-gmm.cc:359) Too little data - removing Gaussian (weight 0.021509, occupation count 9.937317, vector size 40)
LOG (gmm-est[5.5.1013~6-d787]:MleAmDiagGmmUpdate():mle-am-diag-gmm.cc:225) 0 variance elements floored in 0 Gaussians, out of 2049
LOG (gmm-est[5.5.1013~6-d787]:MleAmDiagGmmUpdate():mle-am-diag-gmm.cc:229) Removed 39 Gaussians due to counts < --min-gaussian-occupancy=10 and --remove-low-count-gaussians=true
LOG (gmm-est[5.5.1013~6-d787]:main():gmm-est.cc:113) GMM update: Overall 0.311955 objective function improvement per frame over 42908 frames
LOG (gmm-est[5.5.1013~6-d787]:main():gmm-est.cc:116) GMM update: Overall avg like per frame = -54.3199 over 42908 frames.
WARNING (gmm-est[5.5.1013~6-d787]:GetSplitTargets():model-common.cc:134) Could not split up to 8120 due to min-count = 20 (or no counts at all)

LOG (gmm-est[5.5.1013~6-d787]:SplitByCount():am-diag-gmm.cc:116) Split 112 states with target = 8120, power = 0.25, perturb_factor = 0.01 and min_count = 20, split #Gauss from 2049 to 2088
LOG (gmm-est[5.5.1013~6-d787]:main():gmm-est.cc:146) Written model to exp/tri3a/9.mdl
# Accounting: time=0 threads=1
# Ended (code 0) at Sat Apr 23 11:03:16 CDT 2022, elapsed time 0 seconds
