# gmm-est --write-occs=exp/tri3a/12.occs --mix-up=10100 --power=0.25 exp/tri3a/11.mdl "gmm-sum-accs - exp/tri3a/11.*.acc |" exp/tri3a/12.mdl 
# Started at Sat Apr 23 11:03:21 CDT 2022
#
gmm-est --write-occs=exp/tri3a/12.occs --mix-up=10100 --power=0.25 exp/tri3a/11.mdl 'gmm-sum-accs - exp/tri3a/11.*.acc |' exp/tri3a/12.mdl 
gmm-sum-accs - exp/tri3a/11.1.acc 
LOG (gmm-sum-accs[5.5.1013~6-d787]:main():gmm-sum-accs.cc:63) Summed 1 stats, total count 42908, avg like/frame -53.0502
LOG (gmm-sum-accs[5.5.1013~6-d787]:main():gmm-sum-accs.cc:66) Total count of stats is 42908
LOG (gmm-sum-accs[5.5.1013~6-d787]:main():gmm-sum-accs.cc:67) Written stats to -
LOG (gmm-est[5.5.1013~6-d787]:MleUpdate():transition-model.cc:528) TransitionModel::Update, objf change is 0 per frame over 42908 frames. 
LOG (gmm-est[5.5.1013~6-d787]:MleUpdate():transition-model.cc:531) 23 probabilities floored, 420 out of 550 transition-states skipped due to insuffient data (it is normal to have some skipped.)
LOG (gmm-est[5.5.1013~6-d787]:main():gmm-est.cc:102) Transition model update: Overall 0 log-like improvement per frame over 42908 frames.
WARNING (gmm-est[5.5.1013~6-d787]:MleDiagGmmUpdate():mle-diag-gmm.cc:359) Too little data - removing Gaussian (weight 0.001734, occupation count 8.941126, vector size 40)
WARNING (gmm-est[5.5.1013~6-d787]:MleDiagGmmUpdate():mle-diag-gmm.cc:359) Too little data - removing Gaussian (weight 0.001749, occupation count 9.018149, vector size 40)
WARNING (gmm-est[5.5.1013~6-d787]:MleDiagGmmUpdate():mle-diag-gmm.cc:359) Too little data - removing Gaussian (weight 0.001726, occupation count 8.896148, vector size 40)
WARNING (gmm-est[5.5.1013~6-d787]:MleDiagGmmUpdate():mle-diag-gmm.cc:359) Too little data - removing Gaussian (weight 0.001791, occupation count 9.233856, vector size 40)
WARNING (gmm-est[5.5.1013~6-d787]:MleDiagGmmUpdate():mle-diag-gmm.cc:365) Gaussian has too little data but not removing it because it is the last Gaussian: i = 0, occ = 0, weight = 1
WARNING (gmm-est[5.5.1013~6-d787]:MleDiagGmmUpdate():mle-diag-gmm.cc:359) Too little data - removing Gaussian (weight 0.035474, occupation count 9.968304, vector size 40)
WARNING (gmm-est[5.5.1013~6-d787]:MleDiagGmmUpdate():mle-diag-gmm.cc:359) Too little data - removing Gaussian (weight 0.026906, occupation count 9.820794, vector size 40)
WARNING (gmm-est[5.5.1013~6-d787]:MleDiagGmmUpdate():mle-diag-gmm.cc:359) Too little data - removing Gaussian (weight 0.033772, occupation count 9.996648, vector size 40)
WARNING (gmm-est[5.5.1013~6-d787]:MleDiagGmmUpdate():mle-diag-gmm.cc:359) Too little data - removing Gaussian (weight 0.005298, occupation count 9.896684, vector size 40)
WARNING (gmm-est[5.5.1013~6-d787]:MleDiagGmmUpdate():mle-diag-gmm.cc:359) Too little data - removing Gaussian (weight 0.005037, occupation count 9.409994, vector size 40)
WARNING (gmm-est[5.5.1013~6-d787]:MleDiagGmmUpdate():mle-diag-gmm.cc:359) Too little data - removing Gaussian (weight 0.005395, occupation count 9.468230, vector size 40)
WARNING (gmm-est[5.5.1013~6-d787]:MleDiagGmmUpdate():mle-diag-gmm.cc:359) Too little data - removing Gaussian (weight 0.029134, occupation count 9.992914, vector size 40)
WARNING (gmm-est[5.5.1013~6-d787]:MleDiagGmmUpdate():mle-diag-gmm.cc:359) Too little data - removing Gaussian (weight 0.009280, occupation count 9.864794, vector size 40)
LOG (gmm-est[5.5.1013~6-d787]:MleAmDiagGmmUpdate():mle-am-diag-gmm.cc:225) 0 variance elements floored in 0 Gaussians, out of 2083
LOG (gmm-est[5.5.1013~6-d787]:MleAmDiagGmmUpdate():mle-am-diag-gmm.cc:229) Removed 12 Gaussians due to counts < --min-gaussian-occupancy=10 and --remove-low-count-gaussians=true
LOG (gmm-est[5.5.1013~6-d787]:main():gmm-est.cc:113) GMM update: Overall 0.142623 objective function improvement per frame over 42908 frames
LOG (gmm-est[5.5.1013~6-d787]:main():gmm-est.cc:116) GMM update: Overall avg like per frame = -53.0502 over 42908 frames.
WARNING (gmm-est[5.5.1013~6-d787]:GetSplitTargets():model-common.cc:134) Could not split up to 10100 due to min-count = 20 (or no counts at all)

LOG (gmm-est[5.5.1013~6-d787]:SplitByCount():am-diag-gmm.cc:116) Split 112 states with target = 10100, power = 0.25, perturb_factor = 0.01 and min_count = 20, split #Gauss from 2083 to 2093
LOG (gmm-est[5.5.1013~6-d787]:main():gmm-est.cc:146) Written model to exp/tri3a/12.mdl
# Accounting: time=0 threads=1
# Ended (code 0) at Sat Apr 23 11:03:21 CDT 2022, elapsed time 0 seconds
